[ 2016-11-15T10:46:56+08:00 ] ::1 /yoga/index.php/Home/Index/
INFO: [ app_init ] --START--
INFO: Run Behavior\BuildLiteBehavior [ RunTime:0.000000s ]
INFO: [ app_init ] --END-- [ RunTime:0.001000s ]
INFO: [ app_begin ] --START--
INFO: Run Behavior\ReadHtmlCacheBehavior [ RunTime:0.001000s ]
INFO: [ app_begin ] --END-- [ RunTime:0.001000s ]
INFO: [ view_parse ] --START--
INFO: [ template_filter ] --START--
INFO: Run Behavior\ContentReplaceBehavior [ RunTime:0.000000s ]
INFO: [ template_filter ] --END-- [ RunTime:0.000000s ]
NOTIC: [8] Undefined index: username E:\www\yoga\Application\Runtime\Cache\Home\2a94b8bda04ff446dcedd42276fc99ee.php 第 56 行.
INFO: Run Behavior\ParseTemplateBehavior [ RunTime:0.121007s ]
INFO: [ view_parse ] --END-- [ RunTime:0.121007s ]
INFO: [ view_filter ] --START--
INFO: Run Behavior\WriteHtmlCacheBehavior [ RunTime:0.009000s ]
INFO: Run Behavior\TokenBuildBehavior [ RunTime:0.001000s ]
INFO: [ view_filter ] --END-- [ RunTime:0.010000s ]
INFO: [ app_end ] --START--
INFO: Run Behavior\ShowPageTraceBehavior [ RunTime:0.049003s ]
INFO: [ app_end ] --END-- [ RunTime:0.049003s ]

[ 2016-11-15T10:46:57+08:00 ] ::1 /yoga/Home/Index/alldata?page_num=1
INFO: [ app_init ] --START--
INFO: Run Behavior\BuildLiteBehavior [ RunTime:0.000000s ]
INFO: [ app_init ] --END-- [ RunTime:0.001000s ]
INFO: [ app_begin ] --START--
INFO: Run Behavior\ReadHtmlCacheBehavior [ RunTime:0.000000s ]
INFO: [ app_begin ] --END-- [ RunTime:0.000000s ]

[ 2016-11-15T10:47:02+08:00 ] ::1 /yoga/Home/class/classload.html
INFO: [ app_init ] --START--
INFO: Run Behavior\BuildLiteBehavior [ RunTime:0.000000s ]
INFO: [ app_init ] --END-- [ RunTime:0.000000s ]
INFO: [ app_begin ] --START--
INFO: Run Behavior\ReadHtmlCacheBehavior [ RunTime:0.000000s ]
INFO: [ app_begin ] --END-- [ RunTime:0.000000s ]
NOTIC: [8] Undefined variable: where E:\www\yoga\Application\Home\Controller\ClassController.class.php 第 261 行.
NOTIC: [8] Undefined variable: str E:\www\yoga\Application\Home\Controller\ClassController.class.php 第 261 行.
NOTIC: [8] Undefined variable: where E:\www\yoga\Application\Home\Controller\ClassController.class.php 第 265 行.
NOTIC: [8] Undefined variable: str E:\www\yoga\Application\Home\Controller\ClassController.class.php 第 265 行.
NOTIC: [8] Undefined variable: timestring E:\www\yoga\Application\Home\Controller\ClassController.class.php 第 305 行.
NOTIC: [8] Undefined variable: adstr E:\www\yoga\Application\Home\Controller\ClassController.class.php 第 306 行.
NOTIC: [8] Undefined variable: typestr E:\www\yoga\Application\Home\Controller\ClassController.class.php 第 307 行.
INFO: [ view_parse ] --START--
INFO: [ template_filter ] --START--
INFO: Run Behavior\ContentReplaceBehavior [ RunTime:0.001000s ]
INFO: [ template_filter ] --END-- [ RunTime:0.001000s ]
NOTIC: [8] Undefined index: username E:\www\yoga\Application\Runtime\Cache\Home\9f94319386bf402f93cc7b8eae85af97.php 第 43 行.
NOTIC: [8] Undefined index: place E:\www\yoga\Application\Runtime\Cache\Home\9f94319386bf402f93cc7b8eae85af97.php 第 462 行.
NOTIC: [8] Undefined index: time E:\www\yoga\Application\Runtime\Cache\Home\9f94319386bf402f93cc7b8eae85af97.php 第 463 行.
NOTIC: [8] Undefined index: type E:\www\yoga\Application\Runtime\Cache\Home\9f94319386bf402f93cc7b8eae85af97.php 第 464 行.
INFO: Run Behavior\ParseTemplateBehavior [ RunTime:0.052003s ]
INFO: [ view_parse ] --END-- [ RunTime:0.052003s ]
INFO: [ view_filter ] --START--
INFO: Run Behavior\WriteHtmlCacheBehavior [ RunTime:0.001000s ]
INFO: Run Behavior\TokenBuildBehavior [ RunTime:0.000000s ]
INFO: [ view_filter ] --END-- [ RunTime:0.001000s ]
INFO: [ app_end ] --START--
INFO: Run Behavior\ShowPageTraceBehavior [ RunTime:0.001000s ]
INFO: [ app_end ] --END-- [ RunTime:0.001000s ]

[ 2016-11-15T10:47:07+08:00 ] ::1 /yoga/Home/Class/class_content/id/7
INFO: [ app_init ] --START--
INFO: Run Behavior\BuildLiteBehavior [ RunTime:0.000000s ]
INFO: [ app_init ] --END-- [ RunTime:0.000000s ]
INFO: [ app_begin ] --START--
INFO: Run Behavior\ReadHtmlCacheBehavior [ RunTime:0.000000s ]
INFO: [ app_begin ] --END-- [ RunTime:0.000000s ]
NOTIC: [8] Undefined index: mc_starttime E:\www\yoga\Application\Home\Controller\ClassController.class.php 第 58 行.
NOTIC: [8] Undefined index: mc_stoptime E:\www\yoga\Application\Home\Controller\ClassController.class.php 第 59 行.
NOTIC: [8] Undefined index: mc_closingtime E:\www\yoga\Application\Home\Controller\ClassController.class.php 第 60 行.
NOTIC: [8] Undefined index: mc_type E:\www\yoga\Application\Home\Controller\ClassController.class.php 第 84 行.
INFO: [ view_parse ] --START--
INFO: [ template_filter ] --START--
INFO: Run Behavior\ContentReplaceBehavior [ RunTime:0.000000s ]
INFO: [ template_filter ] --END-- [ RunTime:0.000000s ]
NOTIC: [8] Undefined index: mc_title E:\www\yoga\Application\Runtime\Cache\Home\123c7d7fb275ad2911254e456f9adcfb.php 第 11 行.
NOTIC: [8] Undefined index: username E:\www\yoga\Application\Runtime\Cache\Home\123c7d7fb275ad2911254e456f9adcfb.php 第 44 行.
NOTIC: [8] Undefined index: mc_title E:\www\yoga\Application\Runtime\Cache\Home\123c7d7fb275ad2911254e456f9adcfb.php 第 94 行.
NOTIC: [8] Undefined index: mc_readnum E:\www\yoga\Application\Runtime\Cache\Home\123c7d7fb275ad2911254e456f9adcfb.php 第 98 行.
NOTIC: [8] Undefined index: mc_agreenum E:\www\yoga\Application\Runtime\Cache\Home\123c7d7fb275ad2911254e456f9adcfb.php 第 99 行.
NOTIC: [8] Undefined index: mc_savenum E:\www\yoga\Application\Runtime\Cache\Home\123c7d7fb275ad2911254e456f9adcfb.php 第 100 行.
NOTIC: [8] Undefined index: mc_photo E:\www\yoga\Application\Runtime\Cache\Home\123c7d7fb275ad2911254e456f9adcfb.php 第 106 行.
NOTIC: [8] Undefined index: mc_title E:\www\yoga\Application\Runtime\Cache\Home\123c7d7fb275ad2911254e456f9adcfb.php 第 106 行.
NOTIC: [8] Undefined index: mc_valid E:\www\yoga\Application\Runtime\Cache\Home\123c7d7fb275ad2911254e456f9adcfb.php 第 112 行.
NOTIC: [8] Undefined index: mc_valid E:\www\yoga\Application\Runtime\Cache\Home\123c7d7fb275ad2911254e456f9adcfb.php 第 112 行.
NOTIC: [8] Undefined index: mc_adress E:\www\yoga\Application\Runtime\Cache\Home\123c7d7fb275ad2911254e456f9adcfb.php 第 113 行.
NOTIC: [8] Undefined index: mc_teacher E:\www\yoga\Application\Runtime\Cache\Home\123c7d7fb275ad2911254e456f9adcfb.php 第 114 行.
NOTIC: [8] Undefined index: mc_worker E:\www\yoga\Application\Runtime\Cache\Home\123c7d7fb275ad2911254e456f9adcfb.php 第 114 行.
NOTIC: [8] Undefined index: mc_num E:\www\yoga\Application\Runtime\Cache\Home\123c7d7fb275ad2911254e456f9adcfb.php 第 115 行.
NOTIC: [8] Undefined index: mc_maxnum E:\www\yoga\Application\Runtime\Cache\Home\123c7d7fb275ad2911254e456f9adcfb.php 第 115 行.
NOTIC: [8] Undefined index: mc_say E:\www\yoga\Application\Runtime\Cache\Home\123c7d7fb275ad2911254e456f9adcfb.php 第 120 行.
NOTIC: [8] Undefined index: news_content_body E:\www\yoga\Application\Runtime\Cache\Home\123c7d7fb275ad2911254e456f9adcfb.php 第 128 行.
NOTIC: [8] Undefined index: mc_id E:\www\yoga\Application\Runtime\Cache\Home\123c7d7fb275ad2911254e456f9adcfb.php 第 245 行.
NOTIC: [8] Undefined index: mc_id E:\www\yoga\Application\Runtime\Cache\Home\123c7d7fb275ad2911254e456f9adcfb.php 第 282 行.
NOTIC: [8] Undefined index: mc_id E:\www\yoga\Application\Runtime\Cache\Home\123c7d7fb275ad2911254e456f9adcfb.php 第 324 行.
INFO: Run Behavior\ParseTemplateBehavior [ RunTime:0.026002s ]
INFO: [ view_parse ] --END-- [ RunTime:0.026002s ]
INFO: [ view_filter ] --START--
INFO: Run Behavior\WriteHtmlCacheBehavior [ RunTime:0.001000s ]
INFO: Run Behavior\TokenBuildBehavior [ RunTime:0.000000s ]
INFO: [ view_filter ] --END-- [ RunTime:0.001000s ]
INFO: [ app_end ] --START--
INFO: Run Behavior\ShowPageTraceBehavior [ RunTime:0.001000s ]
INFO: [ app_end ] --END-- [ RunTime:0.001000s ]

[ 2016-11-15T10:47:14+08:00 ] ::1 /yoga/Home/Class/class_content/id/17
INFO: [ app_init ] --START--
INFO: Run Behavior\BuildLiteBehavior [ RunTime:0.000000s ]
INFO: [ app_init ] --END-- [ RunTime:0.000000s ]
INFO: [ app_begin ] --START--
INFO: Run Behavior\ReadHtmlCacheBehavior [ RunTime:0.001000s ]
INFO: [ app_begin ] --END-- [ RunTime:0.001000s ]
NOTIC: [8] Undefined index: mc_starttime E:\www\yoga\Application\Home\Controller\ClassController.class.php 第 58 行.
NOTIC: [8] Undefined index: mc_stoptime E:\www\yoga\Application\Home\Controller\ClassController.class.php 第 59 行.
NOTIC: [8] Undefined index: mc_closingtime E:\www\yoga\Application\Home\Controller\ClassController.class.php 第 60 行.
NOTIC: [8] Undefined index: mc_type E:\www\yoga\Application\Home\Controller\ClassController.class.php 第 84 行.
INFO: [ view_parse ] --START--
INFO: [ template_filter ] --START--
INFO: Run Behavior\ContentReplaceBehavior [ RunTime:0.000000s ]
INFO: [ template_filter ] --END-- [ RunTime:0.000000s ]
NOTIC: [8] Undefined index: mc_title E:\www\yoga\Application\Runtime\Cache\Home\123c7d7fb275ad2911254e456f9adcfb.php 第 11 行.
NOTIC: [8] Undefined index: username E:\www\yoga\Application\Runtime\Cache\Home\123c7d7fb275ad2911254e456f9adcfb.php 第 44 行.
NOTIC: [8] Undefined index: mc_title E:\www\yoga\Application\Runtime\Cache\Home\123c7d7fb275ad2911254e456f9adcfb.php 第 94 行.
NOTIC: [8] Undefined index: mc_readnum E:\www\yoga\Application\Runtime\Cache\Home\123c7d7fb275ad2911254e456f9adcfb.php 第 98 行.
NOTIC: [8] Undefined index: mc_agreenum E:\www\yoga\Application\Runtime\Cache\Home\123c7d7fb275ad2911254e456f9adcfb.php 第 99 行.
NOTIC: [8] Undefined index: mc_savenum E:\www\yoga\Application\Runtime\Cache\Home\123c7d7fb275ad2911254e456f9adcfb.php 第 100 行.
NOTIC: [8] Undefined index: mc_photo E:\www\yoga\Application\Runtime\Cache\Home\123c7d7fb275ad2911254e456f9adcfb.php 第 106 行.
NOTIC: [8] Undefined index: mc_title E:\www\yoga\Application\Runtime\Cache\Home\123c7d7fb275ad2911254e456f9adcfb.php 第 106 行.
NOTIC: [8] Undefined index: mc_valid E:\www\yoga\Application\Runtime\Cache\Home\123c7d7fb275ad2911254e456f9adcfb.php 第 112 行.
NOTIC: [8] Undefined index: mc_valid E:\www\yoga\Application\Runtime\Cache\Home\123c7d7fb275ad2911254e456f9adcfb.php 第 112 行.
NOTIC: [8] Undefined index: mc_adress E:\www\yoga\Application\Runtime\Cache\Home\123c7d7fb275ad2911254e456f9adcfb.php 第 113 行.
NOTIC: [8] Undefined index: mc_teacher E:\www\yoga\Application\Runtime\Cache\Home\123c7d7fb275ad2911254e456f9adcfb.php 第 114 行.
NOTIC: [8] Undefined index: mc_worker E:\www\yoga\Application\Runtime\Cache\Home\123c7d7fb275ad2911254e456f9adcfb.php 第 114 行.
NOTIC: [8] Undefined index: mc_num E:\www\yoga\Application\Runtime\Cache\Home\123c7d7fb275ad2911254e456f9adcfb.php 第 115 行.
NOTIC: [8] Undefined index: mc_maxnum E:\www\yoga\Application\Runtime\Cache\Home\123c7d7fb275ad2911254e456f9adcfb.php 第 115 行.
NOTIC: [8] Undefined index: mc_say E:\www\yoga\Application\Runtime\Cache\Home\123c7d7fb275ad2911254e456f9adcfb.php 第 120 行.
NOTIC: [8] Undefined index: news_content_body E:\www\yoga\Application\Runtime\Cache\Home\123c7d7fb275ad2911254e456f9adcfb.php 第 128 行.
NOTIC: [8] Undefined index: mc_id E:\www\yoga\Application\Runtime\Cache\Home\123c7d7fb275ad2911254e456f9adcfb.php 第 245 行.
NOTIC: [8] Undefined index: mc_id E:\www\yoga\Application\Runtime\Cache\Home\123c7d7fb275ad2911254e456f9adcfb.php 第 282 行.
NOTIC: [8] Undefined index: mc_id E:\www\yoga\Application\Runtime\Cache\Home\123c7d7fb275ad2911254e456f9adcfb.php 第 324 行.
INFO: Run Behavior\ParseTemplateBehavior [ RunTime:0.011001s ]
INFO: [ view_parse ] --END-- [ RunTime:0.011001s ]
INFO: [ view_filter ] --START--
INFO: Run Behavior\WriteHtmlCacheBehavior [ RunTime:0.000000s ]
INFO: Run Behavior\TokenBuildBehavior [ RunTime:0.001000s ]
INFO: [ view_filter ] --END-- [ RunTime:0.001000s ]
INFO: [ app_end ] --START--
INFO: Run Behavior\ShowPageTraceBehavior [ RunTime:0.000000s ]
INFO: [ app_end ] --END-- [ RunTime:0.000000s ]

[ 2016-11-15T10:47:30+08:00 ] ::1 /yoga/Home/Class/class_content/id/7
INFO: [ app_init ] --START--
INFO: Run Behavior\BuildLiteBehavior [ RunTime:0.000000s ]
INFO: [ app_init ] --END-- [ RunTime:0.000000s ]
INFO: [ app_begin ] --START--
INFO: Run Behavior\ReadHtmlCacheBehavior [ RunTime:0.000000s ]
INFO: [ app_begin ] --END-- [ RunTime:0.000000s ]
NOTIC: [8] Undefined index: mc_starttime E:\www\yoga\Application\Home\Controller\ClassController.class.php 第 58 行.
NOTIC: [8] Undefined index: mc_stoptime E:\www\yoga\Application\Home\Controller\ClassController.class.php 第 59 行.
NOTIC: [8] Undefined index: mc_closingtime E:\www\yoga\Application\Home\Controller\ClassController.class.php 第 60 行.
NOTIC: [8] Undefined index: mc_type E:\www\yoga\Application\Home\Controller\ClassController.class.php 第 84 行.
INFO: [ view_parse ] --START--
INFO: [ template_filter ] --START--
INFO: Run Behavior\ContentReplaceBehavior [ RunTime:0.000000s ]
INFO: [ template_filter ] --END-- [ RunTime:0.000000s ]
NOTIC: [8] Undefined index: mc_title E:\www\yoga\Application\Runtime\Cache\Home\123c7d7fb275ad2911254e456f9adcfb.php 第 11 行.
NOTIC: [8] Undefined index: username E:\www\yoga\Application\Runtime\Cache\Home\123c7d7fb275ad2911254e456f9adcfb.php 第 44 行.
NOTIC: [8] Undefined index: mc_title E:\www\yoga\Application\Runtime\Cache\Home\123c7d7fb275ad2911254e456f9adcfb.php 第 94 行.
NOTIC: [8] Undefined index: mc_readnum E:\www\yoga\Application\Runtime\Cache\Home\123c7d7fb275ad2911254e456f9adcfb.php 第 98 行.
NOTIC: [8] Undefined index: mc_agreenum E:\www\yoga\Application\Runtime\Cache\Home\123c7d7fb275ad2911254e456f9adcfb.php 第 99 行.
NOTIC: [8] Undefined index: mc_savenum E:\www\yoga\Application\Runtime\Cache\Home\123c7d7fb275ad2911254e456f9adcfb.php 第 100 行.
NOTIC: [8] Undefined index: mc_photo E:\www\yoga\Application\Runtime\Cache\Home\123c7d7fb275ad2911254e456f9adcfb.php 第 106 行.
NOTIC: [8] Undefined index: mc_title E:\www\yoga\Application\Runtime\Cache\Home\123c7d7fb275ad2911254e456f9adcfb.php 第 106 行.
NOTIC: [8] Undefined index: mc_valid E:\www\yoga\Application\Runtime\Cache\Home\123c7d7fb275ad2911254e456f9adcfb.php 第 112 行.
NOTIC: [8] Undefined index: mc_valid E:\www\yoga\Application\Runtime\Cache\Home\123c7d7fb275ad2911254e456f9adcfb.php 第 112 行.
NOTIC: [8] Undefined index: mc_adress E:\www\yoga\Application\Runtime\Cache\Home\123c7d7fb275ad2911254e456f9adcfb.php 第 113 行.
NOTIC: [8] Undefined index: mc_teacher E:\www\yoga\Application\Runtime\Cache\Home\123c7d7fb275ad2911254e456f9adcfb.php 第 114 行.
NOTIC: [8] Undefined index: mc_worker E:\www\yoga\Application\Runtime\Cache\Home\123c7d7fb275ad2911254e456f9adcfb.php 第 114 行.
NOTIC: [8] Undefined index: mc_num E:\www\yoga\Application\Runtime\Cache\Home\123c7d7fb275ad2911254e456f9adcfb.php 第 115 行.
NOTIC: [8] Undefined index: mc_maxnum E:\www\yoga\Application\Runtime\Cache\Home\123c7d7fb275ad2911254e456f9adcfb.php 第 115 行.
NOTIC: [8] Undefined index: mc_say E:\www\yoga\Application\Runtime\Cache\Home\123c7d7fb275ad2911254e456f9adcfb.php 第 120 行.
NOTIC: [8] Undefined index: news_content_body E:\www\yoga\Application\Runtime\Cache\Home\123c7d7fb275ad2911254e456f9adcfb.php 第 128 行.
NOTIC: [8] Undefined index: mc_id E:\www\yoga\Application\Runtime\Cache\Home\123c7d7fb275ad2911254e456f9adcfb.php 第 245 行.
NOTIC: [8] Undefined index: mc_id E:\www\yoga\Application\Runtime\Cache\Home\123c7d7fb275ad2911254e456f9adcfb.php 第 282 行.
NOTIC: [8] Undefined index: mc_id E:\www\yoga\Application\Runtime\Cache\Home\123c7d7fb275ad2911254e456f9adcfb.php 第 324 行.
INFO: Run Behavior\ParseTemplateBehavior [ RunTime:0.011001s ]
INFO: [ view_parse ] --END-- [ RunTime:0.011001s ]
INFO: [ view_filter ] --START--
INFO: Run Behavior\WriteHtmlCacheBehavior [ RunTime:0.000000s ]
INFO: Run Behavior\TokenBuildBehavior [ RunTime:0.001000s ]
INFO: [ view_filter ] --END-- [ RunTime:0.001000s ]
INFO: [ app_end ] --START--
INFO: Run Behavior\ShowPageTraceBehavior [ RunTime:0.000000s ]
INFO: [ app_end ] --END-- [ RunTime:0.000000s ]

[ 2016-11-15T10:48:06+08:00 ] ::1 /yoga/Home/Class/class_content/id/7
INFO: [ app_init ] --START--
INFO: Run Behavior\BuildLiteBehavior [ RunTime:0.000000s ]
INFO: [ app_init ] --END-- [ RunTime:0.001000s ]
INFO: [ app_begin ] --START--
INFO: Run Behavior\ReadHtmlCacheBehavior [ RunTime:0.000000s ]
INFO: [ app_begin ] --END-- [ RunTime:0.000000s ]
NOTIC: [8] Undefined index: mc_starttime E:\www\yoga\Application\Home\Controller\ClassController.class.php 第 58 行.
NOTIC: [8] Undefined index: mc_stoptime E:\www\yoga\Application\Home\Controller\ClassController.class.php 第 59 行.
NOTIC: [8] Undefined index: mc_closingtime E:\www\yoga\Application\Home\Controller\ClassController.class.php 第 60 行.
NOTIC: [8] Undefined index: mc_type E:\www\yoga\Application\Home\Controller\ClassController.class.php 第 84 行.
INFO: [ view_parse ] --START--
INFO: [ template_filter ] --START--
INFO: Run Behavior\ContentReplaceBehavior [ RunTime:0.000000s ]
INFO: [ template_filter ] --END-- [ RunTime:0.000000s ]
NOTIC: [8] Undefined index: mc_title E:\www\yoga\Application\Runtime\Cache\Home\123c7d7fb275ad2911254e456f9adcfb.php 第 11 行.
NOTIC: [8] Undefined index: username E:\www\yoga\Application\Runtime\Cache\Home\123c7d7fb275ad2911254e456f9adcfb.php 第 44 行.
NOTIC: [8] Undefined index: mc_title E:\www\yoga\Application\Runtime\Cache\Home\123c7d7fb275ad2911254e456f9adcfb.php 第 94 行.
NOTIC: [8] Undefined index: mc_readnum E:\www\yoga\Application\Runtime\Cache\Home\123c7d7fb275ad2911254e456f9adcfb.php 第 98 行.
NOTIC: [8] Undefined index: mc_agreenum E:\www\yoga\Application\Runtime\Cache\Home\123c7d7fb275ad2911254e456f9adcfb.php 第 99 行.
NOTIC: [8] Undefined index: mc_savenum E:\www\yoga\Application\Runtime\Cache\Home\123c7d7fb275ad2911254e456f9adcfb.php 第 100 行.
NOTIC: [8] Undefined index: mc_photo E:\www\yoga\Application\Runtime\Cache\Home\123c7d7fb275ad2911254e456f9adcfb.php 第 106 行.
NOTIC: [8] Undefined index: mc_title E:\www\yoga\Application\Runtime\Cache\Home\123c7d7fb275ad2911254e456f9adcfb.php 第 106 行.
NOTIC: [8] Undefined index: mc_valid E:\www\yoga\Application\Runtime\Cache\Home\123c7d7fb275ad2911254e456f9adcfb.php 第 112 行.
NOTIC: [8] Undefined index: mc_valid E:\www\yoga\Application\Runtime\Cache\Home\123c7d7fb275ad2911254e456f9adcfb.php 第 112 行.
NOTIC: [8] Undefined index: mc_adress E:\www\yoga\Application\Runtime\Cache\Home\123c7d7fb275ad2911254e456f9adcfb.php 第 113 行.
NOTIC: [8] Undefined index: mc_teacher E:\www\yoga\Application\Runtime\Cache\Home\123c7d7fb275ad2911254e456f9adcfb.php 第 114 行.
NOTIC: [8] Undefined index: mc_worker E:\www\yoga\Application\Runtime\Cache\Home\123c7d7fb275ad2911254e456f9adcfb.php 第 114 行.
NOTIC: [8] Undefined index: mc_num E:\www\yoga\Application\Runtime\Cache\Home\123c7d7fb275ad2911254e456f9adcfb.php 第 115 行.
NOTIC: [8] Undefined index: mc_maxnum E:\www\yoga\Application\Runtime\Cache\Home\123c7d7fb275ad2911254e456f9adcfb.php 第 115 行.
NOTIC: [8] Undefined index: mc_say E:\www\yoga\Application\Runtime\Cache\Home\123c7d7fb275ad2911254e456f9adcfb.php 第 120 行.
NOTIC: [8] Undefined index: news_content_body E:\www\yoga\Application\Runtime\Cache\Home\123c7d7fb275ad2911254e456f9adcfb.php 第 128 行.
NOTIC: [8] Undefined index: mc_id E:\www\yoga\Application\Runtime\Cache\Home\123c7d7fb275ad2911254e456f9adcfb.php 第 245 行.
NOTIC: [8] Undefined index: mc_id E:\www\yoga\Application\Runtime\Cache\Home\123c7d7fb275ad2911254e456f9adcfb.php 第 282 行.
NOTIC: [8] Undefined index: mc_id E:\www\yoga\Application\Runtime\Cache\Home\123c7d7fb275ad2911254e456f9adcfb.php 第 324 行.
INFO: Run Behavior\ParseTemplateBehavior [ RunTime:0.010001s ]
INFO: [ view_parse ] --END-- [ RunTime:0.010001s ]
INFO: [ view_filter ] --START--
INFO: Run Behavior\WriteHtmlCacheBehavior [ RunTime:0.001000s ]
INFO: Run Behavior\TokenBuildBehavior [ RunTime:0.000000s ]
INFO: [ view_filter ] --END-- [ RunTime:0.001000s ]
INFO: [ app_end ] --START--
INFO: Run Behavior\ShowPageTraceBehavior [ RunTime:0.001000s ]
INFO: [ app_end ] --END-- [ RunTime:0.001000s ]

[ 2016-11-15T10:48:57+08:00 ] ::1 /yoga/Home/Class/class_content/id/7
INFO: [ app_init ] --START--
INFO: Run Behavior\BuildLiteBehavior [ RunTime:0.000000s ]
INFO: [ app_init ] --END-- [ RunTime:0.000000s ]
INFO: [ app_begin ] --START--
INFO: Run Behavior\ReadHtmlCacheBehavior [ RunTime:0.000000s ]
INFO: [ app_begin ] --END-- [ RunTime:0.000000s ]
NOTIC: [8] Undefined index: mc_starttime E:\www\yoga\Application\Home\Controller\ClassController.class.php 第 58 行.
NOTIC: [8] Undefined index: mc_stoptime E:\www\yoga\Application\Home\Controller\ClassController.class.php 第 59 行.
NOTIC: [8] Undefined index: mc_closingtime E:\www\yoga\Application\Home\Controller\ClassController.class.php 第 60 行.
NOTIC: [8] Undefined index: mc_type E:\www\yoga\Application\Home\Controller\ClassController.class.php 第 84 行.
INFO: [ view_parse ] --START--
INFO: [ template_filter ] --START--
INFO: Run Behavior\ContentReplaceBehavior [ RunTime:0.000000s ]
INFO: [ template_filter ] --END-- [ RunTime:0.000000s ]
NOTIC: [8] Undefined index: mc_title E:\www\yoga\Application\Runtime\Cache\Home\123c7d7fb275ad2911254e456f9adcfb.php 第 11 行.
NOTIC: [8] Undefined index: username E:\www\yoga\Application\Runtime\Cache\Home\123c7d7fb275ad2911254e456f9adcfb.php 第 44 行.
NOTIC: [8] Undefined index: mc_title E:\www\yoga\Application\Runtime\Cache\Home\123c7d7fb275ad2911254e456f9adcfb.php 第 94 行.
NOTIC: [8] Undefined index: mc_readnum E:\www\yoga\Application\Runtime\Cache\Home\123c7d7fb275ad2911254e456f9adcfb.php 第 98 行.
NOTIC: [8] Undefined index: mc_agreenum E:\www\yoga\Application\Runtime\Cache\Home\123c7d7fb275ad2911254e456f9adcfb.php 第 99 行.
NOTIC: [8] Undefined index: mc_savenum E:\www\yoga\Application\Runtime\Cache\Home\123c7d7fb275ad2911254e456f9adcfb.php 第 100 行.
NOTIC: [8] Undefined index: mc_photo E:\www\yoga\Application\Runtime\Cache\Home\123c7d7fb275ad2911254e456f9adcfb.php 第 106 行.
NOTIC: [8] Undefined index: mc_title E:\www\yoga\Application\Runtime\Cache\Home\123c7d7fb275ad2911254e456f9adcfb.php 第 106 行.
NOTIC: [8] Undefined index: mc_valid E:\www\yoga\Application\Runtime\Cache\Home\123c7d7fb275ad2911254e456f9adcfb.php 第 112 行.
NOTIC: [8] Undefined index: mc_valid E:\www\yoga\Application\Runtime\Cache\Home\123c7d7fb275ad2911254e456f9adcfb.php 第 112 行.
NOTIC: [8] Undefined index: mc_adress E:\www\yoga\Application\Runtime\Cache\Home\123c7d7fb275ad2911254e456f9adcfb.php 第 113 行.
NOTIC: [8] Undefined index: mc_teacher E:\www\yoga\Application\Runtime\Cache\Home\123c7d7fb275ad2911254e456f9adcfb.php 第 114 行.
NOTIC: [8] Undefined index: mc_worker E:\www\yoga\Application\Runtime\Cache\Home\123c7d7fb275ad2911254e456f9adcfb.php 第 114 行.
NOTIC: [8] Undefined index: mc_num E:\www\yoga\Application\Runtime\Cache\Home\123c7d7fb275ad2911254e456f9adcfb.php 第 115 行.
NOTIC: [8] Undefined index: mc_maxnum E:\www\yoga\Application\Runtime\Cache\Home\123c7d7fb275ad2911254e456f9adcfb.php 第 115 行.
NOTIC: [8] Undefined index: mc_say E:\www\yoga\Application\Runtime\Cache\Home\123c7d7fb275ad2911254e456f9adcfb.php 第 120 行.
NOTIC: [8] Undefined index: news_content_body E:\www\yoga\Application\Runtime\Cache\Home\123c7d7fb275ad2911254e456f9adcfb.php 第 128 行.
NOTIC: [8] Undefined index: mc_id E:\www\yoga\Application\Runtime\Cache\Home\123c7d7fb275ad2911254e456f9adcfb.php 第 245 行.
NOTIC: [8] Undefined index: mc_id E:\www\yoga\Application\Runtime\Cache\Home\123c7d7fb275ad2911254e456f9adcfb.php 第 282 行.
NOTIC: [8] Undefined index: mc_id E:\www\yoga\Application\Runtime\Cache\Home\123c7d7fb275ad2911254e456f9adcfb.php 第 324 行.
INFO: Run Behavior\ParseTemplateBehavior [ RunTime:0.011001s ]
INFO: [ view_parse ] --END-- [ RunTime:0.011001s ]
INFO: [ view_filter ] --START--
INFO: Run Behavior\WriteHtmlCacheBehavior [ RunTime:0.001000s ]
INFO: Run Behavior\TokenBuildBehavior [ RunTime:0.000000s ]
INFO: [ view_filter ] --END-- [ RunTime:0.001000s ]
INFO: [ app_end ] --START--
INFO: Run Behavior\ShowPageTraceBehavior [ RunTime:0.001000s ]
INFO: [ app_end ] --END-- [ RunTime:0.001000s ]

[ 2016-11-15T10:49:26+08:00 ] ::1 /yoga/Home/Class/class_content/id/7
INFO: [ app_init ] --START--
INFO: Run Behavior\BuildLiteBehavior [ RunTime:0.000000s ]
INFO: [ app_init ] --END-- [ RunTime:0.000000s ]
INFO: [ app_begin ] --START--
INFO: Run Behavior\ReadHtmlCacheBehavior [ RunTime:0.001000s ]
INFO: [ app_begin ] --END-- [ RunTime:0.001000s ]
NOTIC: [8] Undefined index: mc_starttime E:\www\yoga\Application\Home\Controller\ClassController.class.php 第 58 行.
NOTIC: [8] Undefined index: mc_stoptime E:\www\yoga\Application\Home\Controller\ClassController.class.php 第 59 行.
NOTIC: [8] Undefined index: mc_closingtime E:\www\yoga\Application\Home\Controller\ClassController.class.php 第 60 行.
NOTIC: [8] Undefined index: mc_type E:\www\yoga\Application\Home\Controller\ClassController.class.php 第 84 行.
INFO: [ view_parse ] --START--
INFO: [ template_filter ] --START--
INFO: Run Behavior\ContentReplaceBehavior [ RunTime:0.000000s ]
INFO: [ template_filter ] --END-- [ RunTime:0.000000s ]
NOTIC: [8] Undefined index: mc_title E:\www\yoga\Application\Runtime\Cache\Home\123c7d7fb275ad2911254e456f9adcfb.php 第 11 行.
NOTIC: [8] Undefined index: username E:\www\yoga\Application\Runtime\Cache\Home\123c7d7fb275ad2911254e456f9adcfb.php 第 44 行.
NOTIC: [8] Undefined index: mc_title E:\www\yoga\Application\Runtime\Cache\Home\123c7d7fb275ad2911254e456f9adcfb.php 第 94 行.
NOTIC: [8] Undefined index: mc_readnum E:\www\yoga\Application\Runtime\Cache\Home\123c7d7fb275ad2911254e456f9adcfb.php 第 98 行.
NOTIC: [8] Undefined index: mc_agreenum E:\www\yoga\Application\Runtime\Cache\Home\123c7d7fb275ad2911254e456f9adcfb.php 第 99 行.
NOTIC: [8] Undefined index: mc_savenum E:\www\yoga\Application\Runtime\Cache\Home\123c7d7fb275ad2911254e456f9adcfb.php 第 100 行.
NOTIC: [8] Undefined index: mc_photo E:\www\yoga\Application\Runtime\Cache\Home\123c7d7fb275ad2911254e456f9adcfb.php 第 106 行.
NOTIC: [8] Undefined index: mc_title E:\www\yoga\Application\Runtime\Cache\Home\123c7d7fb275ad2911254e456f9adcfb.php 第 106 行.
NOTIC: [8] Undefined index: mc_valid E:\www\yoga\Application\Runtime\Cache\Home\123c7d7fb275ad2911254e456f9adcfb.php 第 112 行.
NOTIC: [8] Undefined index: mc_valid E:\www\yoga\Application\Runtime\Cache\Home\123c7d7fb275ad2911254e456f9adcfb.php 第 112 行.
NOTIC: [8] Undefined index: mc_adress E:\www\yoga\Application\Runtime\Cache\Home\123c7d7fb275ad2911254e456f9adcfb.php 第 113 行.
NOTIC: [8] Undefined index: mc_teacher E:\www\yoga\Application\Runtime\Cache\Home\123c7d7fb275ad2911254e456f9adcfb.php 第 114 行.
NOTIC: [8] Undefined index: mc_worker E:\www\yoga\Application\Runtime\Cache\Home\123c7d7fb275ad2911254e456f9adcfb.php 第 114 行.
NOTIC: [8] Undefined index: mc_num E:\www\yoga\Application\Runtime\Cache\Home\123c7d7fb275ad2911254e456f9adcfb.php 第 115 行.
NOTIC: [8] Undefined index: mc_maxnum E:\www\yoga\Application\Runtime\Cache\Home\123c7d7fb275ad2911254e456f9adcfb.php 第 115 行.
NOTIC: [8] Undefined index: mc_say E:\www\yoga\Application\Runtime\Cache\Home\123c7d7fb275ad2911254e456f9adcfb.php 第 120 行.
NOTIC: [8] Undefined index: news_content_body E:\www\yoga\Application\Runtime\Cache\Home\123c7d7fb275ad2911254e456f9adcfb.php 第 128 行.
NOTIC: [8] Undefined index: mc_id E:\www\yoga\Application\Runtime\Cache\Home\123c7d7fb275ad2911254e456f9adcfb.php 第 245 行.
NOTIC: [8] Undefined index: mc_id E:\www\yoga\Application\Runtime\Cache\Home\123c7d7fb275ad2911254e456f9adcfb.php 第 282 行.
NOTIC: [8] Undefined index: mc_id E:\www\yoga\Application\Runtime\Cache\Home\123c7d7fb275ad2911254e456f9adcfb.php 第 324 行.
INFO: Run Behavior\ParseTemplateBehavior [ RunTime:0.011001s ]
INFO: [ view_parse ] --END-- [ RunTime:0.011001s ]
INFO: [ view_filter ] --START--
INFO: Run Behavior\WriteHtmlCacheBehavior [ RunTime:0.000000s ]
INFO: Run Behavior\TokenBuildBehavior [ RunTime:0.001000s ]
INFO: [ view_filter ] --END-- [ RunTime:0.001000s ]
INFO: [ app_end ] --START--
INFO: Run Behavior\ShowPageTraceBehavior [ RunTime:0.001000s ]
INFO: [ app_end ] --END-- [ RunTime:0.001000s ]

[ 2016-11-15T10:50:01+08:00 ] ::1 /yoga/Home/Class/class_content/id/7
INFO: [ app_init ] --START--
INFO: Run Behavior\BuildLiteBehavior [ RunTime:0.000000s ]
INFO: [ app_init ] --END-- [ RunTime:0.001000s ]
INFO: [ app_begin ] --START--
INFO: Run Behavior\ReadHtmlCacheBehavior [ RunTime:0.000000s ]
INFO: [ app_begin ] --END-- [ RunTime:0.000000s ]
NOTIC: [8] Undefined index: mc_starttime E:\www\yoga\Application\Home\Controller\ClassController.class.php 第 58 行.
NOTIC: [8] Undefined index: mc_stoptime E:\www\yoga\Application\Home\Controller\ClassController.class.php 第 59 行.
NOTIC: [8] Undefined index: mc_closingtime E:\www\yoga\Application\Home\Controller\ClassController.class.php 第 60 行.
NOTIC: [8] Undefined index: mc_type E:\www\yoga\Application\Home\Controller\ClassController.class.php 第 84 行.
INFO: [ view_parse ] --START--
INFO: [ template_filter ] --START--
INFO: Run Behavior\ContentReplaceBehavior [ RunTime:0.000000s ]
INFO: [ template_filter ] --END-- [ RunTime:0.000000s ]
NOTIC: [8] Undefined index: mc_title E:\www\yoga\Application\Runtime\Cache\Home\123c7d7fb275ad2911254e456f9adcfb.php 第 11 行.
NOTIC: [8] Undefined index: username E:\www\yoga\Application\Runtime\Cache\Home\123c7d7fb275ad2911254e456f9adcfb.php 第 44 行.
NOTIC: [8] Undefined index: mc_title E:\www\yoga\Application\Runtime\Cache\Home\123c7d7fb275ad2911254e456f9adcfb.php 第 94 行.
NOTIC: [8] Undefined index: mc_readnum E:\www\yoga\Application\Runtime\Cache\Home\123c7d7fb275ad2911254e456f9adcfb.php 第 98 行.
NOTIC: [8] Undefined index: mc_agreenum E:\www\yoga\Application\Runtime\Cache\Home\123c7d7fb275ad2911254e456f9adcfb.php 第 99 行.
NOTIC: [8] Undefined index: mc_savenum E:\www\yoga\Application\Runtime\Cache\Home\123c7d7fb275ad2911254e456f9adcfb.php 第 100 行.
NOTIC: [8] Undefined index: mc_photo E:\www\yoga\Application\Runtime\Cache\Home\123c7d7fb275ad2911254e456f9adcfb.php 第 106 行.
NOTIC: [8] Undefined index: mc_title E:\www\yoga\Application\Runtime\Cache\Home\123c7d7fb275ad2911254e456f9adcfb.php 第 106 行.
NOTIC: [8] Undefined index: mc_valid E:\www\yoga\Application\Runtime\Cache\Home\123c7d7fb275ad2911254e456f9adcfb.php 第 112 行.
NOTIC: [8] Undefined index: mc_valid E:\www\yoga\Application\Runtime\Cache\Home\123c7d7fb275ad2911254e456f9adcfb.php 第 112 行.
NOTIC: [8] Undefined index: mc_adress E:\www\yoga\Application\Runtime\Cache\Home\123c7d7fb275ad2911254e456f9adcfb.php 第 113 行.
NOTIC: [8] Undefined index: mc_teacher E:\www\yoga\Application\Runtime\Cache\Home\123c7d7fb275ad2911254e456f9adcfb.php 第 114 行.
NOTIC: [8] Undefined index: mc_worker E:\www\yoga\Application\Runtime\Cache\Home\123c7d7fb275ad2911254e456f9adcfb.php 第 114 行.
NOTIC: [8] Undefined index: mc_num E:\www\yoga\Application\Runtime\Cache\Home\123c7d7fb275ad2911254e456f9adcfb.php 第 115 行.
NOTIC: [8] Undefined index: mc_maxnum E:\www\yoga\Application\Runtime\Cache\Home\123c7d7fb275ad2911254e456f9adcfb.php 第 115 行.
NOTIC: [8] Undefined index: mc_say E:\www\yoga\Application\Runtime\Cache\Home\123c7d7fb275ad2911254e456f9adcfb.php 第 120 行.
NOTIC: [8] Undefined index: news_content_body E:\www\yoga\Application\Runtime\Cache\Home\123c7d7fb275ad2911254e456f9adcfb.php 第 128 行.
NOTIC: [8] Undefined index: mc_id E:\www\yoga\Application\Runtime\Cache\Home\123c7d7fb275ad2911254e456f9adcfb.php 第 245 行.
NOTIC: [8] Undefined index: mc_id E:\www\yoga\Application\Runtime\Cache\Home\123c7d7fb275ad2911254e456f9adcfb.php 第 282 行.
NOTIC: [8] Undefined index: mc_id E:\www\yoga\Application\Runtime\Cache\Home\123c7d7fb275ad2911254e456f9adcfb.php 第 324 行.
INFO: Run Behavior\ParseTemplateBehavior [ RunTime:0.010001s ]
INFO: [ view_parse ] --END-- [ RunTime:0.010001s ]
INFO: [ view_filter ] --START--
INFO: Run Behavior\WriteHtmlCacheBehavior [ RunTime:0.001000s ]
INFO: Run Behavior\TokenBuildBehavior [ RunTime:0.000000s ]
INFO: [ view_filter ] --END-- [ RunTime:0.001000s ]
INFO: [ app_end ] --START--
INFO: Run Behavior\ShowPageTraceBehavior [ RunTime:0.001000s ]
INFO: [ app_end ] --END-- [ RunTime:0.001000s ]

[ 2016-11-15T10:50:20+08:00 ] ::1 /yoga/Home/Class/class_content/id/7
INFO: [ app_init ] --START--
INFO: Run Behavior\BuildLiteBehavior [ RunTime:0.000000s ]
INFO: [ app_init ] --END-- [ RunTime:0.000000s ]
INFO: [ app_begin ] --START--
INFO: Run Behavior\ReadHtmlCacheBehavior [ RunTime:0.001000s ]
INFO: [ app_begin ] --END-- [ RunTime:0.001000s ]
NOTIC: [8] Undefined index: mc_starttime E:\www\yoga\Application\Home\Controller\ClassController.class.php 第 58 行.
NOTIC: [8] Undefined index: mc_stoptime E:\www\yoga\Application\Home\Controller\ClassController.class.php 第 59 行.
NOTIC: [8] Undefined index: mc_closingtime E:\www\yoga\Application\Home\Controller\ClassController.class.php 第 60 行.
NOTIC: [8] Undefined index: mc_type E:\www\yoga\Application\Home\Controller\ClassController.class.php 第 84 行.
INFO: [ view_parse ] --START--
INFO: [ template_filter ] --START--
INFO: Run Behavior\ContentReplaceBehavior [ RunTime:0.000000s ]
INFO: [ template_filter ] --END-- [ RunTime:0.000000s ]
NOTIC: [8] Undefined index: mc_title E:\www\yoga\Application\Runtime\Cache\Home\123c7d7fb275ad2911254e456f9adcfb.php 第 11 行.
NOTIC: [8] Undefined index: username E:\www\yoga\Application\Runtime\Cache\Home\123c7d7fb275ad2911254e456f9adcfb.php 第 44 行.
NOTIC: [8] Undefined index: mc_title E:\www\yoga\Application\Runtime\Cache\Home\123c7d7fb275ad2911254e456f9adcfb.php 第 94 行.
NOTIC: [8] Undefined index: mc_readnum E:\www\yoga\Application\Runtime\Cache\Home\123c7d7fb275ad2911254e456f9adcfb.php 第 98 行.
NOTIC: [8] Undefined index: mc_agreenum E:\www\yoga\Application\Runtime\Cache\Home\123c7d7fb275ad2911254e456f9adcfb.php 第 99 行.
NOTIC: [8] Undefined index: mc_savenum E:\www\yoga\Application\Runtime\Cache\Home\123c7d7fb275ad2911254e456f9adcfb.php 第 100 行.
NOTIC: [8] Undefined index: mc_photo E:\www\yoga\Application\Runtime\Cache\Home\123c7d7fb275ad2911254e456f9adcfb.php 第 106 行.
NOTIC: [8] Undefined index: mc_title E:\www\yoga\Application\Runtime\Cache\Home\123c7d7fb275ad2911254e456f9adcfb.php 第 106 行.
NOTIC: [8] Undefined index: mc_valid E:\www\yoga\Application\Runtime\Cache\Home\123c7d7fb275ad2911254e456f9adcfb.php 第 112 行.
NOTIC: [8] Undefined index: mc_valid E:\www\yoga\Application\Runtime\Cache\Home\123c7d7fb275ad2911254e456f9adcfb.php 第 112 行.
NOTIC: [8] Undefined index: mc_adress E:\www\yoga\Application\Runtime\Cache\Home\123c7d7fb275ad2911254e456f9adcfb.php 第 113 行.
NOTIC: [8] Undefined index: mc_teacher E:\www\yoga\Application\Runtime\Cache\Home\123c7d7fb275ad2911254e456f9adcfb.php 第 114 行.
NOTIC: [8] Undefined index: mc_worker E:\www\yoga\Application\Runtime\Cache\Home\123c7d7fb275ad2911254e456f9adcfb.php 第 114 行.
NOTIC: [8] Undefined index: mc_num E:\www\yoga\Application\Runtime\Cache\Home\123c7d7fb275ad2911254e456f9adcfb.php 第 115 行.
NOTIC: [8] Undefined index: mc_maxnum E:\www\yoga\Application\Runtime\Cache\Home\123c7d7fb275ad2911254e456f9adcfb.php 第 115 行.
NOTIC: [8] Undefined index: mc_say E:\www\yoga\Application\Runtime\Cache\Home\123c7d7fb275ad2911254e456f9adcfb.php 第 120 行.
NOTIC: [8] Undefined index: news_content_body E:\www\yoga\Application\Runtime\Cache\Home\123c7d7fb275ad2911254e456f9adcfb.php 第 128 行.
NOTIC: [8] Undefined index: mc_id E:\www\yoga\Application\Runtime\Cache\Home\123c7d7fb275ad2911254e456f9adcfb.php 第 245 行.
NOTIC: [8] Undefined index: mc_id E:\www\yoga\Application\Runtime\Cache\Home\123c7d7fb275ad2911254e456f9adcfb.php 第 282 行.
NOTIC: [8] Undefined index: mc_id E:\www\yoga\Application\Runtime\Cache\Home\123c7d7fb275ad2911254e456f9adcfb.php 第 324 行.
INFO: Run Behavior\ParseTemplateBehavior [ RunTime:0.011000s ]
INFO: [ view_parse ] --END-- [ RunTime:0.011000s ]
INFO: [ view_filter ] --START--
INFO: Run Behavior\WriteHtmlCacheBehavior [ RunTime:0.001000s ]
INFO: Run Behavior\TokenBuildBehavior [ RunTime:0.000000s ]
INFO: [ view_filter ] --END-- [ RunTime:0.001000s ]
INFO: [ app_end ] --START--
INFO: Run Behavior\ShowPageTraceBehavior [ RunTime:0.001000s ]
INFO: [ app_end ] --END-- [ RunTime:0.001000s ]

[ 2016-11-15T10:51:40+08:00 ] ::1 /yoga/Home/class/classload.html
INFO: [ app_init ] --START--
INFO: Run Behavior\BuildLiteBehavior [ RunTime:0.000000s ]
INFO: [ app_init ] --END-- [ RunTime:0.001000s ]
INFO: [ app_begin ] --START--
INFO: Run Behavior\ReadHtmlCacheBehavior [ RunTime:0.000000s ]
INFO: [ app_begin ] --END-- [ RunTime:0.000000s ]
NOTIC: [8] Undefined variable: where E:\www\yoga\Application\Home\Controller\ClassController.class.php 第 261 行.
NOTIC: [8] Undefined variable: str E:\www\yoga\Application\Home\Controller\ClassController.class.php 第 261 行.
NOTIC: [8] Undefined variable: where E:\www\yoga\Application\Home\Controller\ClassController.class.php 第 265 行.
NOTIC: [8] Undefined variable: str E:\www\yoga\Application\Home\Controller\ClassController.class.php 第 265 行.
NOTIC: [8] Undefined variable: timestring E:\www\yoga\Application\Home\Controller\ClassController.class.php 第 305 行.
NOTIC: [8] Undefined variable: adstr E:\www\yoga\Application\Home\Controller\ClassController.class.php 第 306 行.
NOTIC: [8] Undefined variable: typestr E:\www\yoga\Application\Home\Controller\ClassController.class.php 第 307 行.
INFO: [ view_parse ] --START--
INFO: [ template_filter ] --START--
INFO: Run Behavior\ContentReplaceBehavior [ RunTime:0.000000s ]
INFO: [ template_filter ] --END-- [ RunTime:0.000000s ]
NOTIC: [8] Undefined index: username E:\www\yoga\Application\Runtime\Cache\Home\9f94319386bf402f93cc7b8eae85af97.php 第 43 行.
NOTIC: [8] Undefined index: place E:\www\yoga\Application\Runtime\Cache\Home\9f94319386bf402f93cc7b8eae85af97.php 第 462 行.
NOTIC: [8] Undefined index: time E:\www\yoga\Application\Runtime\Cache\Home\9f94319386bf402f93cc7b8eae85af97.php 第 463 行.
NOTIC: [8] Undefined index: type E:\www\yoga\Application\Runtime\Cache\Home\9f94319386bf402f93cc7b8eae85af97.php 第 464 行.
INFO: Run Behavior\ParseTemplateBehavior [ RunTime:0.020001s ]
INFO: [ view_parse ] --END-- [ RunTime:0.020001s ]
INFO: [ view_filter ] --START--
INFO: Run Behavior\WriteHtmlCacheBehavior [ RunTime:0.001001s ]
INFO: Run Behavior\TokenBuildBehavior [ RunTime:0.000000s ]
INFO: [ view_filter ] --END-- [ RunTime:0.001001s ]
INFO: [ app_end ] --START--
INFO: Run Behavior\ShowPageTraceBehavior [ RunTime:0.001000s ]
INFO: [ app_end ] --END-- [ RunTime:0.001000s ]

[ 2016-11-15T10:51:50+08:00 ] ::1 /yoga/Home/Class/class_content/id/19
INFO: [ app_init ] --START--
INFO: Run Behavior\BuildLiteBehavior [ RunTime:0.001000s ]
INFO: [ app_init ] --END-- [ RunTime:0.001000s ]
INFO: [ app_begin ] --START--
INFO: Run Behavior\ReadHtmlCacheBehavior [ RunTime:0.000000s ]
INFO: [ app_begin ] --END-- [ RunTime:0.000000s ]
INFO: [ view_parse ] --START--
INFO: [ template_filter ] --START--
INFO: Run Behavior\ContentReplaceBehavior [ RunTime:0.000000s ]
INFO: [ template_filter ] --END-- [ RunTime:0.000000s ]
NOTIC: [8] Undefined index: username E:\www\yoga\Application\Runtime\Cache\Home\123c7d7fb275ad2911254e456f9adcfb.php 第 44 行.
INFO: Run Behavior\ParseTemplateBehavior [ RunTime:0.011000s ]
INFO: [ view_parse ] --END-- [ RunTime:0.011000s ]
INFO: [ view_filter ] --START--
INFO: Run Behavior\WriteHtmlCacheBehavior [ RunTime:0.000000s ]
INFO: Run Behavior\TokenBuildBehavior [ RunTime:0.001000s ]
INFO: [ view_filter ] --END-- [ RunTime:0.001000s ]
INFO: [ app_end ] --START--
INFO: Run Behavior\ShowPageTraceBehavior [ RunTime:0.001000s ]
INFO: [ app_end ] --END-- [ RunTime:0.001000s ]

[ 2016-11-15T10:54:19+08:00 ] ::1 /yoga/Home/Class/class_content/id/19
INFO: [ app_init ] --START--
INFO: Run Behavior\BuildLiteBehavior [ RunTime:0.000000s ]
INFO: [ app_init ] --END-- [ RunTime:0.001000s ]
INFO: [ app_begin ] --START--
INFO: Run Behavior\ReadHtmlCacheBehavior [ RunTime:0.001000s ]
INFO: [ app_begin ] --END-- [ RunTime:0.001000s ]
INFO: [ view_parse ] --START--
INFO: [ template_filter ] --START--
INFO: Run Behavior\ContentReplaceBehavior [ RunTime:0.000000s ]
INFO: [ template_filter ] --END-- [ RunTime:0.000000s ]
NOTIC: [8] Undefined index: username E:\www\yoga\Application\Runtime\Cache\Home\123c7d7fb275ad2911254e456f9adcfb.php 第 44 行.
INFO: Run Behavior\ParseTemplateBehavior [ RunTime:0.011001s ]
INFO: [ view_parse ] --END-- [ RunTime:0.011001s ]
INFO: [ view_filter ] --START--
INFO: Run Behavior\WriteHtmlCacheBehavior [ RunTime:0.001000s ]
INFO: Run Behavior\TokenBuildBehavior [ RunTime:0.000000s ]
INFO: [ view_filter ] --END-- [ RunTime:0.001000s ]
INFO: [ app_end ] --START--
INFO: Run Behavior\ShowPageTraceBehavior [ RunTime:0.000000s ]
INFO: [ app_end ] --END-- [ RunTime:0.000000s ]

[ 2016-11-15T10:54:41+08:00 ] ::1 /yoga/Home/Class/class_content/id/19
INFO: [ app_init ] --START--
INFO: Run Behavior\BuildLiteBehavior [ RunTime:0.000000s ]
INFO: [ app_init ] --END-- [ RunTime:0.000000s ]
INFO: [ app_begin ] --START--
INFO: Run Behavior\ReadHtmlCacheBehavior [ RunTime:0.001000s ]
INFO: [ app_begin ] --END-- [ RunTime:0.001000s ]
INFO: [ view_parse ] --START--
INFO: [ template_filter ] --START--
INFO: Run Behavior\ContentReplaceBehavior [ RunTime:0.001000s ]
INFO: [ template_filter ] --END-- [ RunTime:0.001000s ]
NOTIC: [8] Undefined index: username E:\www\yoga\Application\Runtime\Cache\Home\123c7d7fb275ad2911254e456f9adcfb.php 第 44 行.
INFO: Run Behavior\ParseTemplateBehavior [ RunTime:0.010000s ]
INFO: [ view_parse ] --END-- [ RunTime:0.010000s ]
INFO: [ view_filter ] --START--
INFO: Run Behavior\WriteHtmlCacheBehavior [ RunTime:0.001000s ]
INFO: Run Behavior\TokenBuildBehavior [ RunTime:0.000000s ]
INFO: [ view_filter ] --END-- [ RunTime:0.001000s ]
INFO: [ app_end ] --START--
INFO: Run Behavior\ShowPageTraceBehavior [ RunTime:0.001000s ]
INFO: [ app_end ] --END-- [ RunTime:0.001000s ]

[ 2016-11-15T10:54:54+08:00 ] ::1 /yoga/Home/Class/class_content/id/19
INFO: [ app_init ] --START--
INFO: Run Behavior\BuildLiteBehavior [ RunTime:0.000000s ]
INFO: [ app_init ] --END-- [ RunTime:0.001000s ]
INFO: [ app_begin ] --START--
INFO: Run Behavior\ReadHtmlCacheBehavior [ RunTime:0.000000s ]
INFO: [ app_begin ] --END-- [ RunTime:0.000000s ]
INFO: [ view_parse ] --START--
INFO: [ template_filter ] --START--
INFO: Run Behavior\ContentReplaceBehavior [ RunTime:0.000000s ]
INFO: [ template_filter ] --END-- [ RunTime:0.000000s ]
NOTIC: [8] Undefined index: username E:\www\yoga\Application\Runtime\Cache\Home\123c7d7fb275ad2911254e456f9adcfb.php 第 44 行.
INFO: Run Behavior\ParseTemplateBehavior [ RunTime:0.010001s ]
INFO: [ view_parse ] --END-- [ RunTime:0.010001s ]
INFO: [ view_filter ] --START--
INFO: Run Behavior\WriteHtmlCacheBehavior [ RunTime:0.001000s ]
INFO: Run Behavior\TokenBuildBehavior [ RunTime:0.000000s ]
INFO: [ view_filter ] --END-- [ RunTime:0.001000s ]
INFO: [ app_end ] --START--
INFO: Run Behavior\ShowPageTraceBehavior [ RunTime:0.001000s ]
INFO: [ app_end ] --END-- [ RunTime:0.001000s ]

[ 2016-11-15T10:56:57+08:00 ] ::1 /yoga/Home/Class/class_content/id/19
INFO: [ app_init ] --START--
INFO: Run Behavior\BuildLiteBehavior [ RunTime:0.000000s ]
INFO: [ app_init ] --END-- [ RunTime:0.000000s ]
INFO: [ app_begin ] --START--
INFO: Run Behavior\ReadHtmlCacheBehavior [ RunTime:0.000000s ]
INFO: [ app_begin ] --END-- [ RunTime:0.000000s ]
INFO: [ view_parse ] --START--
INFO: [ template_filter ] --START--
INFO: Run Behavior\ContentReplaceBehavior [ RunTime:0.000000s ]
INFO: [ template_filter ] --END-- [ RunTime:0.000000s ]
NOTIC: [8] Undefined index: username E:\www\yoga\Application\Runtime\Cache\Home\123c7d7fb275ad2911254e456f9adcfb.php 第 44 行.
INFO: Run Behavior\ParseTemplateBehavior [ RunTime:0.011000s ]
INFO: [ view_parse ] --END-- [ RunTime:0.011000s ]
INFO: [ view_filter ] --START--
INFO: Run Behavior\WriteHtmlCacheBehavior [ RunTime:0.000000s ]
INFO: Run Behavior\TokenBuildBehavior [ RunTime:0.001001s ]
INFO: [ view_filter ] --END-- [ RunTime:0.001001s ]
INFO: [ app_end ] --START--
INFO: Run Behavior\ShowPageTraceBehavior [ RunTime:0.000000s ]
INFO: [ app_end ] --END-- [ RunTime:0.000000s ]

[ 2016-11-15T11:21:09+08:00 ] ::1 /yoga/Home/Class/class_content/id/19
INFO: [ app_init ] --START--
INFO: Run Behavior\BuildLiteBehavior [ RunTime:0.000000s ]
INFO: [ app_init ] --END-- [ RunTime:0.000000s ]
INFO: [ app_begin ] --START--
INFO: Run Behavior\ReadHtmlCacheBehavior [ RunTime:0.001000s ]
INFO: [ app_begin ] --END-- [ RunTime:0.001000s ]
INFO: [ view_parse ] --START--
INFO: [ template_filter ] --START--
INFO: Run Behavior\ContentReplaceBehavior [ RunTime:0.000000s ]
INFO: [ template_filter ] --END-- [ RunTime:0.000000s ]
NOTIC: [8] Undefined index: username E:\www\yoga\Application\Runtime\Cache\Home\123c7d7fb275ad2911254e456f9adcfb.php 第 44 行.
INFO: Run Behavior\ParseTemplateBehavior [ RunTime:0.011000s ]
INFO: [ view_parse ] --END-- [ RunTime:0.011000s ]
INFO: [ view_filter ] --START--
INFO: Run Behavior\WriteHtmlCacheBehavior [ RunTime:0.001000s ]
INFO: Run Behavior\TokenBuildBehavior [ RunTime:0.000000s ]
INFO: [ view_filter ] --END-- [ RunTime:0.001000s ]
INFO: [ app_end ] --START--
INFO: Run Behavior\ShowPageTraceBehavior [ RunTime:0.000000s ]
INFO: [ app_end ] --END-- [ RunTime:0.001001s ]

[ 2016-11-15T16:39:45+08:00 ] ::1 /yoga/index.php/Home/Index/
INFO: [ app_init ] --START--
INFO: Run Behavior\BuildLiteBehavior [ RunTime:0.000000s ]
INFO: [ app_init ] --END-- [ RunTime:0.001000s ]
INFO: [ app_begin ] --START--
INFO: Run Behavior\ReadHtmlCacheBehavior [ RunTime:0.001000s ]
INFO: [ app_begin ] --END-- [ RunTime:0.001000s ]
INFO: [ view_parse ] --START--
INFO: [ template_filter ] --START--
INFO: Run Behavior\ContentReplaceBehavior [ RunTime:0.001000s ]
INFO: [ template_filter ] --END-- [ RunTime:0.001000s ]
NOTIC: [8] Undefined index: username E:\www\yoga\Application\Runtime\Cache\Home\2a94b8bda04ff446dcedd42276fc99ee.php 第 56 行.
INFO: Run Behavior\ParseTemplateBehavior [ RunTime:0.095005s ]
INFO: [ view_parse ] --END-- [ RunTime:0.095005s ]
INFO: [ view_filter ] --START--
INFO: Run Behavior\WriteHtmlCacheBehavior [ RunTime:0.000000s ]
INFO: Run Behavior\TokenBuildBehavior [ RunTime:0.000000s ]
INFO: [ view_filter ] --END-- [ RunTime:0.001000s ]
INFO: [ app_end ] --START--
INFO: Run Behavior\ShowPageTraceBehavior [ RunTime:0.001000s ]
INFO: [ app_end ] --END-- [ RunTime:0.001000s ]

[ 2016-11-15T16:39:48+08:00 ] ::1 /yoga/Home/Index/alldata?page_num=1
INFO: [ app_init ] --START--
INFO: Run Behavior\BuildLiteBehavior [ RunTime:0.000000s ]
INFO: [ app_init ] --END-- [ RunTime:0.000000s ]
INFO: [ app_begin ] --START--
INFO: Run Behavior\ReadHtmlCacheBehavior [ RunTime:0.001000s ]
INFO: [ app_begin ] --END-- [ RunTime:0.001000s ]

[ 2016-11-15T16:39:48+08:00 ] ::1 /yoga/Home/knows/knowsload.html
INFO: [ app_init ] --START--
INFO: Run Behavior\BuildLiteBehavior [ RunTime:0.000000s ]
INFO: [ app_init ] --END-- [ RunTime:0.000000s ]
INFO: [ app_begin ] --START--
INFO: Run Behavior\ReadHtmlCacheBehavior [ RunTime:0.001000s ]
INFO: [ app_begin ] --END-- [ RunTime:0.001000s ]
INFO: [ view_parse ] --START--
INFO: [ template_filter ] --START--
INFO: Run Behavior\ContentReplaceBehavior [ RunTime:0.000000s ]
INFO: [ template_filter ] --END-- [ RunTime:0.000000s ]
NOTIC: [8] Undefined index: username E:\www\yoga\Application\Runtime\Cache\Home\9bb4cb4393612ffdff8d523f90ee447c.php 第 59 行.
INFO: Run Behavior\ParseTemplateBehavior [ RunTime:0.018001s ]
INFO: [ view_parse ] --END-- [ RunTime:0.018001s ]
INFO: [ view_filter ] --START--
INFO: Run Behavior\WriteHtmlCacheBehavior [ RunTime:0.000000s ]
INFO: Run Behavior\TokenBuildBehavior [ RunTime:0.001000s ]
INFO: [ view_filter ] --END-- [ RunTime:0.001000s ]
INFO: [ app_end ] --START--
INFO: Run Behavior\ShowPageTraceBehavior [ RunTime:0.001000s ]
INFO: [ app_end ] --END-- [ RunTime:0.001000s ]

[ 2016-11-15T16:39:50+08:00 ] ::1 /yoga/Home/knows/knows_list.html?key=&time=year&page_num=1
INFO: [ app_init ] --START--
INFO: Run Behavior\BuildLiteBehavior [ RunTime:0.000000s ]
INFO: [ app_init ] --END-- [ RunTime:0.001000s ]
INFO: [ app_begin ] --START--
INFO: Run Behavior\ReadHtmlCacheBehavior [ RunTime:0.000000s ]
INFO: [ app_begin ] --END-- [ RunTime:0.000000s ]

[ 2016-11-15T16:39:52+08:00 ] ::1 /yoga/Home/Knows/knows_content/id/28
INFO: [ app_init ] --START--
INFO: Run Behavior\BuildLiteBehavior [ RunTime:0.000000s ]
INFO: [ app_init ] --END-- [ RunTime:0.000000s ]
INFO: [ app_begin ] --START--
INFO: Run Behavior\ReadHtmlCacheBehavior [ RunTime:0.001000s ]
INFO: [ app_begin ] --END-- [ RunTime:0.001000s ]
INFO: [ view_parse ] --START--
INFO: [ template_filter ] --START--
INFO: Run Behavior\ContentReplaceBehavior [ RunTime:0.001000s ]
INFO: [ template_filter ] --END-- [ RunTime:0.001000s ]
NOTIC: [8] Undefined index: username E:\www\yoga\Application\Runtime\Cache\Home\875b1de309291c6dd95b5fd1ae622ab2.php 第 44 行.
INFO: Run Behavior\ParseTemplateBehavior [ RunTime:0.030002s ]
INFO: [ view_parse ] --END-- [ RunTime:0.030002s ]
INFO: [ view_filter ] --START--
INFO: Run Behavior\WriteHtmlCacheBehavior [ RunTime:0.000000s ]
INFO: Run Behavior\TokenBuildBehavior [ RunTime:0.000000s ]
INFO: [ view_filter ] --END-- [ RunTime:0.000000s ]
INFO: [ app_end ] --START--
INFO: Run Behavior\ShowPageTraceBehavior [ RunTime:0.000000s ]
INFO: [ app_end ] --END-- [ RunTime:0.000000s ]

[ 2016-11-15T16:40:05+08:00 ] ::1 /yoga/Home/Knows/knows_content/id/28
INFO: [ app_init ] --START--
INFO: Run Behavior\BuildLiteBehavior [ RunTime:0.000000s ]
INFO: [ app_init ] --END-- [ RunTime:0.001000s ]
INFO: [ app_begin ] --START--
INFO: Run Behavior\ReadHtmlCacheBehavior [ RunTime:0.000000s ]
INFO: [ app_begin ] --END-- [ RunTime:0.000000s ]
INFO: [ view_parse ] --START--
INFO: [ template_filter ] --START--
INFO: Run Behavior\ContentReplaceBehavior [ RunTime:0.000000s ]
INFO: [ template_filter ] --END-- [ RunTime:0.000000s ]
NOTIC: [8] Undefined index: username E:\www\yoga\Application\Runtime\Cache\Home\875b1de309291c6dd95b5fd1ae622ab2.php 第 44 行.
INFO: Run Behavior\ParseTemplateBehavior [ RunTime:0.010001s ]
INFO: [ view_parse ] --END-- [ RunTime:0.010001s ]
INFO: [ view_filter ] --START--
INFO: Run Behavior\WriteHtmlCacheBehavior [ RunTime:0.000000s ]
INFO: Run Behavior\TokenBuildBehavior [ RunTime:0.001000s ]
INFO: [ view_filter ] --END-- [ RunTime:0.001000s ]
INFO: [ app_end ] --START--
INFO: Run Behavior\ShowPageTraceBehavior [ RunTime:0.001000s ]
INFO: [ app_end ] --END-- [ RunTime:0.001000s ]

[ 2016-11-15T16:43:07+08:00 ] ::1 /yoga/Home/Knows/knows_content/id/28
INFO: [ app_init ] --START--
INFO: Run Behavior\BuildLiteBehavior [ RunTime:0.000000s ]
INFO: [ app_init ] --END-- [ RunTime:0.001000s ]
INFO: [ app_begin ] --START--
INFO: Run Behavior\ReadHtmlCacheBehavior [ RunTime:0.001000s ]
INFO: [ app_begin ] --END-- [ RunTime:0.001000s ]
INFO: [ view_parse ] --START--
INFO: [ template_filter ] --START--
INFO: Run Behavior\ContentReplaceBehavior [ RunTime:0.000000s ]
INFO: [ template_filter ] --END-- [ RunTime:0.000000s ]
NOTIC: [8] Undefined index: username E:\www\yoga\Application\Runtime\Cache\Home\875b1de309291c6dd95b5fd1ae622ab2.php 第 44 行.
INFO: Run Behavior\ParseTemplateBehavior [ RunTime:0.010000s ]
INFO: [ view_parse ] --END-- [ RunTime:0.010000s ]
INFO: [ view_filter ] --START--
INFO: Run Behavior\WriteHtmlCacheBehavior [ RunTime:0.000000s ]
INFO: Run Behavior\TokenBuildBehavior [ RunTime:0.001000s ]
INFO: [ view_filter ] --END-- [ RunTime:0.001000s ]
INFO: [ app_end ] --START--
INFO: Run Behavior\ShowPageTraceBehavior [ RunTime:0.000000s ]
INFO: [ app_end ] --END-- [ RunTime:0.000000s ]

[ 2016-11-15T16:44:39+08:00 ] ::1 /yoga/Home/Knows/knows_content/id/28
INFO: [ app_init ] --START--
INFO: Run Behavior\BuildLiteBehavior [ RunTime:0.000000s ]
INFO: [ app_init ] --END-- [ RunTime:0.001000s ]
INFO: [ app_begin ] --START--
INFO: Run Behavior\ReadHtmlCacheBehavior [ RunTime:0.000000s ]
INFO: [ app_begin ] --END-- [ RunTime:0.000000s ]
INFO: [ view_parse ] --START--
INFO: [ template_filter ] --START--
INFO: Run Behavior\ContentReplaceBehavior [ RunTime:0.000000s ]
INFO: [ template_filter ] --END-- [ RunTime:0.000000s ]
NOTIC: [8] Undefined index: username E:\www\yoga\Application\Runtime\Cache\Home\875b1de309291c6dd95b5fd1ae622ab2.php 第 44 行.
INFO: Run Behavior\ParseTemplateBehavior [ RunTime:0.009000s ]
INFO: [ view_parse ] --END-- [ RunTime:0.009000s ]
INFO: [ view_filter ] --START--
INFO: Run Behavior\WriteHtmlCacheBehavior [ RunTime:0.001000s ]
INFO: Run Behavior\TokenBuildBehavior [ RunTime:0.000000s ]
INFO: [ view_filter ] --END-- [ RunTime:0.001000s ]
INFO: [ app_end ] --START--
INFO: Run Behavior\ShowPageTraceBehavior [ RunTime:0.001000s ]
INFO: [ app_end ] --END-- [ RunTime:0.001000s ]

[ 2016-11-15T16:47:35+08:00 ] ::1 /yoga/Home/Knows/knows_content/id/28
INFO: [ app_init ] --START--
INFO: Run Behavior\BuildLiteBehavior [ RunTime:0.000000s ]
INFO: [ app_init ] --END-- [ RunTime:0.000000s ]
INFO: [ app_begin ] --START--
INFO: Run Behavior\ReadHtmlCacheBehavior [ RunTime:0.001000s ]
INFO: [ app_begin ] --END-- [ RunTime:0.001000s ]
INFO: [ view_parse ] --START--
INFO: [ template_filter ] --START--
INFO: Run Behavior\ContentReplaceBehavior [ RunTime:0.000000s ]
INFO: [ template_filter ] --END-- [ RunTime:0.000000s ]
NOTIC: [8] Undefined index: username E:\www\yoga\Application\Runtime\Cache\Home\875b1de309291c6dd95b5fd1ae622ab2.php 第 44 行.
INFO: Run Behavior\ParseTemplateBehavior [ RunTime:0.009001s ]
INFO: [ view_parse ] --END-- [ RunTime:0.009001s ]
INFO: [ view_filter ] --START--
INFO: Run Behavior\WriteHtmlCacheBehavior [ RunTime:0.000000s ]
INFO: Run Behavior\TokenBuildBehavior [ RunTime:0.001000s ]
INFO: [ view_filter ] --END-- [ RunTime:0.001000s ]
INFO: [ app_end ] --START--
INFO: Run Behavior\ShowPageTraceBehavior [ RunTime:0.000000s ]
INFO: [ app_end ] --END-- [ RunTime:0.000000s ]

[ 2016-11-15T16:50:52+08:00 ] ::1 /yoga/Home/Knows/knows_content/id/28
INFO: [ app_init ] --START--
INFO: Run Behavior\BuildLiteBehavior [ RunTime:0.000000s ]
INFO: [ app_init ] --END-- [ RunTime:0.000000s ]
INFO: [ app_begin ] --START--
INFO: Run Behavior\ReadHtmlCacheBehavior [ RunTime:0.001000s ]
INFO: [ app_begin ] --END-- [ RunTime:0.001000s ]
INFO: [ view_parse ] --START--
INFO: [ template_filter ] --START--
INFO: Run Behavior\ContentReplaceBehavior [ RunTime:0.001000s ]
INFO: [ template_filter ] --END-- [ RunTime:0.001000s ]
NOTIC: [8] Undefined index: username E:\www\yoga\Application\Runtime\Cache\Home\875b1de309291c6dd95b5fd1ae622ab2.php 第 44 行.
INFO: Run Behavior\ParseTemplateBehavior [ RunTime:0.010000s ]
INFO: [ view_parse ] --END-- [ RunTime:0.010000s ]
INFO: [ view_filter ] --START--
INFO: Run Behavior\WriteHtmlCacheBehavior [ RunTime:0.000000s ]
INFO: Run Behavior\TokenBuildBehavior [ RunTime:0.001000s ]
INFO: [ view_filter ] --END-- [ RunTime:0.001000s ]
INFO: [ app_end ] --START--
INFO: Run Behavior\ShowPageTraceBehavior [ RunTime:0.000000s ]
INFO: [ app_end ] --END-- [ RunTime:0.000000s ]

[ 2016-11-15T16:56:17+08:00 ] ::1 /yoga/Home/Knows/knows_content/id/28
INFO: [ app_init ] --START--
INFO: Run Behavior\BuildLiteBehavior [ RunTime:0.000000s ]
INFO: [ app_init ] --END-- [ RunTime:0.000000s ]
INFO: [ app_begin ] --START--
INFO: Run Behavior\ReadHtmlCacheBehavior [ RunTime:0.000000s ]
INFO: [ app_begin ] --END-- [ RunTime:0.000000s ]
INFO: [ view_parse ] --START--
INFO: [ template_filter ] --START--
INFO: Run Behavior\ContentReplaceBehavior [ RunTime:0.000000s ]
INFO: [ template_filter ] --END-- [ RunTime:0.000000s ]
NOTIC: [8] Undefined index: username E:\www\yoga\Application\Runtime\Cache\Home\875b1de309291c6dd95b5fd1ae622ab2.php 第 44 行.
INFO: Run Behavior\ParseTemplateBehavior [ RunTime:0.009001s ]
INFO: [ view_parse ] --END-- [ RunTime:0.009001s ]
INFO: [ view_filter ] --START--
INFO: Run Behavior\WriteHtmlCacheBehavior [ RunTime:0.001000s ]
INFO: Run Behavior\TokenBuildBehavior [ RunTime:0.000000s ]
INFO: [ view_filter ] --END-- [ RunTime:0.001000s ]
INFO: [ app_end ] --START--
INFO: Run Behavior\ShowPageTraceBehavior [ RunTime:0.001000s ]
INFO: [ app_end ] --END-- [ RunTime:0.001000s ]

[ 2016-11-15T16:56:53+08:00 ] ::1 /yoga/Home/Knows/knows_content/id/28
INFO: [ app_init ] --START--
INFO: Run Behavior\BuildLiteBehavior [ RunTime:0.000000s ]
INFO: [ app_init ] --END-- [ RunTime:0.000000s ]
INFO: [ app_begin ] --START--
INFO: Run Behavior\ReadHtmlCacheBehavior [ RunTime:0.001000s ]
INFO: [ app_begin ] --END-- [ RunTime:0.001000s ]
INFO: [ view_parse ] --START--
INFO: [ template_filter ] --START--
INFO: Run Behavior\ContentReplaceBehavior [ RunTime:0.000000s ]
INFO: [ template_filter ] --END-- [ RunTime:0.000000s ]
NOTIC: [8] Undefined index: username E:\www\yoga\Application\Runtime\Cache\Home\875b1de309291c6dd95b5fd1ae622ab2.php 第 44 行.
INFO: Run Behavior\ParseTemplateBehavior [ RunTime:0.009001s ]
INFO: [ view_parse ] --END-- [ RunTime:0.010001s ]
INFO: [ view_filter ] --START--
INFO: Run Behavior\WriteHtmlCacheBehavior [ RunTime:0.001000s ]
INFO: Run Behavior\TokenBuildBehavior [ RunTime:0.000000s ]
INFO: [ view_filter ] --END-- [ RunTime:0.001000s ]
INFO: [ app_end ] --START--
INFO: Run Behavior\ShowPageTraceBehavior [ RunTime:0.001000s ]
INFO: [ app_end ] --END-- [ RunTime:0.001000s ]

[ 2016-11-15T16:58:52+08:00 ] ::1 /yoga/Home/Knows/knows_content/id/28
INFO: [ app_init ] --START--
INFO: Run Behavior\BuildLiteBehavior [ RunTime:0.000000s ]
INFO: [ app_init ] --END-- [ RunTime:0.000000s ]
INFO: [ app_begin ] --START--
INFO: Run Behavior\ReadHtmlCacheBehavior [ RunTime:0.001000s ]
INFO: [ app_begin ] --END-- [ RunTime:0.001000s ]
INFO: [ view_parse ] --START--
INFO: [ template_filter ] --START--
INFO: Run Behavior\ContentReplaceBehavior [ RunTime:0.001001s ]
INFO: [ template_filter ] --END-- [ RunTime:0.001001s ]
NOTIC: [8] Undefined index: username E:\www\yoga\Application\Runtime\Cache\Home\875b1de309291c6dd95b5fd1ae622ab2.php 第 44 行.
INFO: Run Behavior\ParseTemplateBehavior [ RunTime:0.010001s ]
INFO: [ view_parse ] --END-- [ RunTime:0.010001s ]
INFO: [ view_filter ] --START--
INFO: Run Behavior\WriteHtmlCacheBehavior [ RunTime:0.000000s ]
INFO: Run Behavior\TokenBuildBehavior [ RunTime:0.001000s ]
INFO: [ view_filter ] --END-- [ RunTime:0.001000s ]
INFO: [ app_end ] --START--
INFO: Run Behavior\ShowPageTraceBehavior [ RunTime:0.001000s ]
INFO: [ app_end ] --END-- [ RunTime:0.001000s ]

[ 2016-11-15T16:59:18+08:00 ] ::1 /yoga/Home/Knows/knows_content/id/28
INFO: [ app_init ] --START--
INFO: Run Behavior\BuildLiteBehavior [ RunTime:0.000000s ]
INFO: [ app_init ] --END-- [ RunTime:0.000000s ]
INFO: [ app_begin ] --START--
INFO: Run Behavior\ReadHtmlCacheBehavior [ RunTime:0.001000s ]
INFO: [ app_begin ] --END-- [ RunTime:0.001000s ]
INFO: [ view_parse ] --START--
INFO: [ template_filter ] --START--
INFO: Run Behavior\ContentReplaceBehavior [ RunTime:0.000000s ]
INFO: [ template_filter ] --END-- [ RunTime:0.001000s ]
NOTIC: [8] Undefined index: username E:\www\yoga\Application\Runtime\Cache\Home\875b1de309291c6dd95b5fd1ae622ab2.php 第 44 行.
INFO: Run Behavior\ParseTemplateBehavior [ RunTime:0.010001s ]
INFO: [ view_parse ] --END-- [ RunTime:0.010001s ]
INFO: [ view_filter ] --START--
INFO: Run Behavior\WriteHtmlCacheBehavior [ RunTime:0.000000s ]
INFO: Run Behavior\TokenBuildBehavior [ RunTime:0.001000s ]
INFO: [ view_filter ] --END-- [ RunTime:0.001000s ]
INFO: [ app_end ] --START--
INFO: Run Behavior\ShowPageTraceBehavior [ RunTime:0.000000s ]
INFO: [ app_end ] --END-- [ RunTime:0.000000s ]

[ 2016-11-15T17:02:26+08:00 ] ::1 /yoga/Home/Knows/knows_content/id/28
INFO: [ app_init ] --START--
INFO: Run Behavior\BuildLiteBehavior [ RunTime:0.000000s ]
INFO: [ app_init ] --END-- [ RunTime:0.000000s ]
INFO: [ app_begin ] --START--
INFO: Run Behavior\ReadHtmlCacheBehavior [ RunTime:0.000000s ]
INFO: [ app_begin ] --END-- [ RunTime:0.000000s ]
INFO: [ view_parse ] --START--
INFO: [ template_filter ] --START--
INFO: Run Behavior\ContentReplaceBehavior [ RunTime:0.000000s ]
INFO: [ template_filter ] --END-- [ RunTime:0.000000s ]
NOTIC: [8] Undefined index: username E:\www\yoga\Application\Runtime\Cache\Home\875b1de309291c6dd95b5fd1ae622ab2.php 第 44 行.
INFO: Run Behavior\ParseTemplateBehavior [ RunTime:0.009000s ]
INFO: [ view_parse ] --END-- [ RunTime:0.009000s ]
INFO: [ view_filter ] --START--
INFO: Run Behavior\WriteHtmlCacheBehavior [ RunTime:0.001000s ]
INFO: Run Behavior\TokenBuildBehavior [ RunTime:0.000000s ]
INFO: [ view_filter ] --END-- [ RunTime:0.002000s ]
INFO: [ app_end ] --START--
INFO: Run Behavior\ShowPageTraceBehavior [ RunTime:0.000000s ]
INFO: [ app_end ] --END-- [ RunTime:0.000000s ]

[ 2016-11-15T17:03:10+08:00 ] ::1 /yoga/Home/Knows/knows_content/id/28
INFO: [ app_init ] --START--
INFO: Run Behavior\BuildLiteBehavior [ RunTime:0.000000s ]
INFO: [ app_init ] --END-- [ RunTime:0.000000s ]
INFO: [ app_begin ] --START--
INFO: Run Behavior\ReadHtmlCacheBehavior [ RunTime:0.001000s ]
INFO: [ app_begin ] --END-- [ RunTime:0.001000s ]
INFO: [ view_parse ] --START--
INFO: [ template_filter ] --START--
INFO: Run Behavior\ContentReplaceBehavior [ RunTime:0.000000s ]
INFO: [ template_filter ] --END-- [ RunTime:0.000000s ]
NOTIC: [8] Undefined index: username E:\www\yoga\Application\Runtime\Cache\Home\875b1de309291c6dd95b5fd1ae622ab2.php 第 44 行.
INFO: Run Behavior\ParseTemplateBehavior [ RunTime:0.028001s ]
INFO: [ view_parse ] --END-- [ RunTime:0.028001s ]
INFO: [ view_filter ] --START--
INFO: Run Behavior\WriteHtmlCacheBehavior [ RunTime:0.001000s ]
INFO: Run Behavior\TokenBuildBehavior [ RunTime:0.000000s ]
INFO: [ view_filter ] --END-- [ RunTime:0.001000s ]
INFO: [ app_end ] --START--
INFO: Run Behavior\ShowPageTraceBehavior [ RunTime:0.001000s ]
INFO: [ app_end ] --END-- [ RunTime:0.001000s ]

[ 2016-11-15T17:05:31+08:00 ] ::1 /yoga/Home/Knows/knows_content/id/28
INFO: [ app_init ] --START--
INFO: Run Behavior\BuildLiteBehavior [ RunTime:0.000000s ]
INFO: [ app_init ] --END-- [ RunTime:0.000000s ]
INFO: [ app_begin ] --START--
INFO: Run Behavior\ReadHtmlCacheBehavior [ RunTime:0.000000s ]
INFO: [ app_begin ] --END-- [ RunTime:0.000000s ]
INFO: [ view_parse ] --START--
INFO: [ template_filter ] --START--
INFO: Run Behavior\ContentReplaceBehavior [ RunTime:0.000000s ]
INFO: [ template_filter ] --END-- [ RunTime:0.000000s ]
NOTIC: [8] Undefined index: username E:\www\yoga\Application\Runtime\Cache\Home\875b1de309291c6dd95b5fd1ae622ab2.php 第 44 行.
INFO: Run Behavior\ParseTemplateBehavior [ RunTime:0.009000s ]
INFO: [ view_parse ] --END-- [ RunTime:0.009000s ]
INFO: [ view_filter ] --START--
INFO: Run Behavior\WriteHtmlCacheBehavior [ RunTime:0.001000s ]
INFO: Run Behavior\TokenBuildBehavior [ RunTime:0.000000s ]
INFO: [ view_filter ] --END-- [ RunTime:0.001000s ]
INFO: [ app_end ] --START--
INFO: Run Behavior\ShowPageTraceBehavior [ RunTime:0.001001s ]
INFO: [ app_end ] --END-- [ RunTime:0.001001s ]

[ 2016-11-15T17:08:12+08:00 ] ::1 /yoga/Home/Knows/knows_content/id/28
INFO: [ app_init ] --START--
INFO: Run Behavior\BuildLiteBehavior [ RunTime:0.000000s ]
INFO: [ app_init ] --END-- [ RunTime:0.001000s ]
INFO: [ app_begin ] --START--
INFO: Run Behavior\ReadHtmlCacheBehavior [ RunTime:0.000000s ]
INFO: [ app_begin ] --END-- [ RunTime:0.000000s ]
INFO: [ view_parse ] --START--
INFO: [ template_filter ] --START--
INFO: Run Behavior\ContentReplaceBehavior [ RunTime:0.000000s ]
INFO: [ template_filter ] --END-- [ RunTime:0.000000s ]
NOTIC: [8] Undefined index: username E:\www\yoga\Application\Runtime\Cache\Home\875b1de309291c6dd95b5fd1ae622ab2.php 第 44 行.
INFO: Run Behavior\ParseTemplateBehavior [ RunTime:0.009000s ]
INFO: [ view_parse ] --END-- [ RunTime:0.009000s ]
INFO: [ view_filter ] --START--
INFO: Run Behavior\WriteHtmlCacheBehavior [ RunTime:0.001000s ]
INFO: Run Behavior\TokenBuildBehavior [ RunTime:0.000000s ]
INFO: [ view_filter ] --END-- [ RunTime:0.001000s ]
INFO: [ app_end ] --START--
INFO: Run Behavior\ShowPageTraceBehavior [ RunTime:0.001000s ]
INFO: [ app_end ] --END-- [ RunTime:0.001000s ]

[ 2016-11-15T17:11:49+08:00 ] ::1 /yoga/Home/Knows/knows_content/id/28
INFO: [ app_init ] --START--
INFO: Run Behavior\BuildLiteBehavior [ RunTime:0.000000s ]
INFO: [ app_init ] --END-- [ RunTime:0.000000s ]
INFO: [ app_begin ] --START--
INFO: Run Behavior\ReadHtmlCacheBehavior [ RunTime:0.001000s ]
INFO: [ app_begin ] --END-- [ RunTime:0.001000s ]
INFO: [ view_parse ] --START--
INFO: [ template_filter ] --START--
INFO: Run Behavior\ContentReplaceBehavior [ RunTime:0.000000s ]
INFO: [ template_filter ] --END-- [ RunTime:0.000000s ]
NOTIC: [8] Undefined index: username E:\www\yoga\Application\Runtime\Cache\Home\875b1de309291c6dd95b5fd1ae622ab2.php 第 44 行.
INFO: Run Behavior\ParseTemplateBehavior [ RunTime:0.009000s ]
INFO: [ view_parse ] --END-- [ RunTime:0.009000s ]
INFO: [ view_filter ] --START--
INFO: Run Behavior\WriteHtmlCacheBehavior [ RunTime:0.001001s ]
INFO: Run Behavior\TokenBuildBehavior [ RunTime:0.000000s ]
INFO: [ view_filter ] --END-- [ RunTime:0.001001s ]
INFO: [ app_end ] --START--
INFO: Run Behavior\ShowPageTraceBehavior [ RunTime:0.000000s ]
INFO: [ app_end ] --END-- [ RunTime:0.000000s ]

[ 2016-11-15T17:12:07+08:00 ] ::1 /yoga/Home/Knows/knows_content/id/28
INFO: [ app_init ] --START--
INFO: Run Behavior\BuildLiteBehavior [ RunTime:0.000000s ]
INFO: [ app_init ] --END-- [ RunTime:0.001000s ]
INFO: [ app_begin ] --START--
INFO: Run Behavior\ReadHtmlCacheBehavior [ RunTime:0.000000s ]
INFO: [ app_begin ] --END-- [ RunTime:0.000000s ]
INFO: [ view_parse ] --START--
INFO: [ template_filter ] --START--
INFO: Run Behavior\ContentReplaceBehavior [ RunTime:0.000000s ]
INFO: [ template_filter ] --END-- [ RunTime:0.000000s ]
NOTIC: [8] Undefined index: username E:\www\yoga\Application\Runtime\Cache\Home\875b1de309291c6dd95b5fd1ae622ab2.php 第 44 行.
INFO: Run Behavior\ParseTemplateBehavior [ RunTime:0.010000s ]
INFO: [ view_parse ] --END-- [ RunTime:0.010000s ]
INFO: [ view_filter ] --START--
INFO: Run Behavior\WriteHtmlCacheBehavior [ RunTime:0.000000s ]
INFO: Run Behavior\TokenBuildBehavior [ RunTime:0.001001s ]
INFO: [ view_filter ] --END-- [ RunTime:0.001001s ]
INFO: [ app_end ] --START--
INFO: Run Behavior\ShowPageTraceBehavior [ RunTime:0.001000s ]
INFO: [ app_end ] --END-- [ RunTime:0.001000s ]

[ 2016-11-15T17:12:25+08:00 ] ::1 /yoga/Home/Knows/knows_content/id/28
INFO: [ app_init ] --START--
INFO: Run Behavior\BuildLiteBehavior [ RunTime:0.000000s ]
INFO: [ app_init ] --END-- [ RunTime:0.001000s ]
INFO: [ app_begin ] --START--
INFO: Run Behavior\ReadHtmlCacheBehavior [ RunTime:0.001000s ]
INFO: [ app_begin ] --END-- [ RunTime:0.001000s ]
INFO: [ view_parse ] --START--
INFO: [ template_filter ] --START--
INFO: Run Behavior\ContentReplaceBehavior [ RunTime:0.000000s ]
INFO: [ template_filter ] --END-- [ RunTime:0.000000s ]
NOTIC: [8] Undefined index: username E:\www\yoga\Application\Runtime\Cache\Home\875b1de309291c6dd95b5fd1ae622ab2.php 第 44 行.
INFO: Run Behavior\ParseTemplateBehavior [ RunTime:0.010000s ]
INFO: [ view_parse ] --END-- [ RunTime:0.010000s ]
INFO: [ view_filter ] --START--
INFO: Run Behavior\WriteHtmlCacheBehavior [ RunTime:0.000000s ]
INFO: Run Behavior\TokenBuildBehavior [ RunTime:0.001000s ]
INFO: [ view_filter ] --END-- [ RunTime:0.001000s ]
INFO: [ app_end ] --START--
INFO: Run Behavior\ShowPageTraceBehavior [ RunTime:0.000000s ]
INFO: [ app_end ] --END-- [ RunTime:0.001000s ]

[ 2016-11-15T17:12:38+08:00 ] ::1 /yoga/Home/Knows/knows_content/id/28
INFO: [ app_init ] --START--
INFO: Run Behavior\BuildLiteBehavior [ RunTime:0.000000s ]
INFO: [ app_init ] --END-- [ RunTime:0.000000s ]
INFO: [ app_begin ] --START--
INFO: Run Behavior\ReadHtmlCacheBehavior [ RunTime:0.000000s ]
INFO: [ app_begin ] --END-- [ RunTime:0.000000s ]
INFO: [ view_parse ] --START--
INFO: [ template_filter ] --START--
INFO: Run Behavior\ContentReplaceBehavior [ RunTime:0.000000s ]
INFO: [ template_filter ] --END-- [ RunTime:0.000000s ]
NOTIC: [8] Undefined index: username E:\www\yoga\Application\Runtime\Cache\Home\875b1de309291c6dd95b5fd1ae622ab2.php 第 44 行.
INFO: Run Behavior\ParseTemplateBehavior [ RunTime:0.010001s ]
INFO: [ view_parse ] --END-- [ RunTime:0.010001s ]
INFO: [ view_filter ] --START--
INFO: Run Behavior\WriteHtmlCacheBehavior [ RunTime:0.001000s ]
INFO: Run Behavior\TokenBuildBehavior [ RunTime:0.000000s ]
INFO: [ view_filter ] --END-- [ RunTime:0.001000s ]
INFO: [ app_end ] --START--
INFO: Run Behavior\ShowPageTraceBehavior [ RunTime:0.001000s ]
INFO: [ app_end ] --END-- [ RunTime:0.001000s ]

[ 2016-11-15T17:12:50+08:00 ] ::1 /yoga/Home/Knows/knows_content/id/28
INFO: [ app_init ] --START--
INFO: Run Behavior\BuildLiteBehavior [ RunTime:0.000000s ]
INFO: [ app_init ] --END-- [ RunTime:0.000000s ]
INFO: [ app_begin ] --START--
INFO: Run Behavior\ReadHtmlCacheBehavior [ RunTime:0.001000s ]
INFO: [ app_begin ] --END-- [ RunTime:0.001000s ]
INFO: [ view_parse ] --START--
INFO: [ template_filter ] --START--
INFO: Run Behavior\ContentReplaceBehavior [ RunTime:0.000000s ]
INFO: [ template_filter ] --END-- [ RunTime:0.000000s ]
NOTIC: [8] Undefined index: username E:\www\yoga\Application\Runtime\Cache\Home\875b1de309291c6dd95b5fd1ae622ab2.php 第 44 行.
INFO: Run Behavior\ParseTemplateBehavior [ RunTime:0.010000s ]
INFO: [ view_parse ] --END-- [ RunTime:0.010000s ]
INFO: [ view_filter ] --START--
INFO: Run Behavior\WriteHtmlCacheBehavior [ RunTime:0.000000s ]
INFO: Run Behavior\TokenBuildBehavior [ RunTime:0.000000s ]
INFO: [ view_filter ] --END-- [ RunTime:0.001000s ]
INFO: [ app_end ] --START--
INFO: Run Behavior\ShowPageTraceBehavior [ RunTime:0.000000s ]
INFO: [ app_end ] --END-- [ RunTime:0.000000s ]

[ 2016-11-15T17:13:30+08:00 ] ::1 /yoga/Home/Knows/knows_content/id/28
INFO: [ app_init ] --START--
INFO: Run Behavior\BuildLiteBehavior [ RunTime:0.000000s ]
INFO: [ app_init ] --END-- [ RunTime:0.000000s ]
INFO: [ app_begin ] --START--
INFO: Run Behavior\ReadHtmlCacheBehavior [ RunTime:0.001001s ]
INFO: [ app_begin ] --END-- [ RunTime:0.001001s ]
INFO: [ view_parse ] --START--
INFO: [ template_filter ] --START--
INFO: Run Behavior\ContentReplaceBehavior [ RunTime:0.000000s ]
INFO: [ template_filter ] --END-- [ RunTime:0.000000s ]
NOTIC: [8] Undefined index: username E:\www\yoga\Application\Runtime\Cache\Home\875b1de309291c6dd95b5fd1ae622ab2.php 第 44 行.
INFO: Run Behavior\ParseTemplateBehavior [ RunTime:0.009000s ]
INFO: [ view_parse ] --END-- [ RunTime:0.009000s ]
INFO: [ view_filter ] --START--
INFO: Run Behavior\WriteHtmlCacheBehavior [ RunTime:0.001000s ]
INFO: Run Behavior\TokenBuildBehavior [ RunTime:0.000000s ]
INFO: [ view_filter ] --END-- [ RunTime:0.001000s ]
INFO: [ app_end ] --START--
INFO: Run Behavior\ShowPageTraceBehavior [ RunTime:0.001000s ]
INFO: [ app_end ] --END-- [ RunTime:0.001000s ]

[ 2016-11-15T17:13:45+08:00 ] ::1 /yoga/Home/Knows/knows_content/id/28
INFO: [ app_init ] --START--
INFO: Run Behavior\BuildLiteBehavior [ RunTime:0.000000s ]
INFO: [ app_init ] --END-- [ RunTime:0.000000s ]
INFO: [ app_begin ] --START--
INFO: Run Behavior\ReadHtmlCacheBehavior [ RunTime:0.001000s ]
INFO: [ app_begin ] --END-- [ RunTime:0.001000s ]
INFO: [ view_parse ] --START--
INFO: [ template_filter ] --START--
INFO: Run Behavior\ContentReplaceBehavior [ RunTime:0.000000s ]
INFO: [ template_filter ] --END-- [ RunTime:0.001000s ]
NOTIC: [8] Undefined index: username E:\www\yoga\Application\Runtime\Cache\Home\875b1de309291c6dd95b5fd1ae622ab2.php 第 44 行.
INFO: Run Behavior\ParseTemplateBehavior [ RunTime:0.010000s ]
INFO: [ view_parse ] --END-- [ RunTime:0.010000s ]
INFO: [ view_filter ] --START--
INFO: Run Behavior\WriteHtmlCacheBehavior [ RunTime:0.000000s ]
INFO: Run Behavior\TokenBuildBehavior [ RunTime:0.001000s ]
INFO: [ view_filter ] --END-- [ RunTime:0.001000s ]
INFO: [ app_end ] --START--
INFO: Run Behavior\ShowPageTraceBehavior [ RunTime:0.000000s ]
INFO: [ app_end ] --END-- [ RunTime:0.000000s ]

[ 2016-11-15T17:13:53+08:00 ] ::1 /yoga/Home/Knows/knows_content/id/28
INFO: [ app_init ] --START--
INFO: Run Behavior\BuildLiteBehavior [ RunTime:0.000000s ]
INFO: [ app_init ] --END-- [ RunTime:0.000000s ]
INFO: [ app_begin ] --START--
INFO: Run Behavior\ReadHtmlCacheBehavior [ RunTime:0.001000s ]
INFO: [ app_begin ] --END-- [ RunTime:0.001000s ]
INFO: [ view_parse ] --START--
INFO: [ template_filter ] --START--
INFO: Run Behavior\ContentReplaceBehavior [ RunTime:0.000000s ]
INFO: [ template_filter ] --END-- [ RunTime:0.000000s ]
NOTIC: [8] Undefined index: username E:\www\yoga\Application\Runtime\Cache\Home\875b1de309291c6dd95b5fd1ae622ab2.php 第 44 行.
INFO: Run Behavior\ParseTemplateBehavior [ RunTime:0.010001s ]
INFO: [ view_parse ] --END-- [ RunTime:0.010001s ]
INFO: [ view_filter ] --START--
INFO: Run Behavior\WriteHtmlCacheBehavior [ RunTime:0.000000s ]
INFO: Run Behavior\TokenBuildBehavior [ RunTime:0.001000s ]
INFO: [ view_filter ] --END-- [ RunTime:0.001000s ]
INFO: [ app_end ] --START--
INFO: Run Behavior\ShowPageTraceBehavior [ RunTime:0.000000s ]
INFO: [ app_end ] --END-- [ RunTime:0.000000s ]

[ 2016-11-15T17:14:05+08:00 ] ::1 /yoga/Home/Knows/knows_content/id/28
INFO: [ app_init ] --START--
INFO: Run Behavior\BuildLiteBehavior [ RunTime:0.000000s ]
INFO: [ app_init ] --END-- [ RunTime:0.000000s ]
INFO: [ app_begin ] --START--
INFO: Run Behavior\ReadHtmlCacheBehavior [ RunTime:0.001000s ]
INFO: [ app_begin ] --END-- [ RunTime:0.001000s ]
INFO: [ view_parse ] --START--
INFO: [ template_filter ] --START--
INFO: Run Behavior\ContentReplaceBehavior [ RunTime:0.000000s ]
INFO: [ template_filter ] --END-- [ RunTime:0.000000s ]
NOTIC: [8] Undefined index: username E:\www\yoga\Application\Runtime\Cache\Home\875b1de309291c6dd95b5fd1ae622ab2.php 第 44 行.
INFO: Run Behavior\ParseTemplateBehavior [ RunTime:0.010001s ]
INFO: [ view_parse ] --END-- [ RunTime:0.010001s ]
INFO: [ view_filter ] --START--
INFO: Run Behavior\WriteHtmlCacheBehavior [ RunTime:0.000000s ]
INFO: Run Behavior\TokenBuildBehavior [ RunTime:0.000000s ]
INFO: [ view_filter ] --END-- [ RunTime:0.000000s ]
INFO: [ app_end ] --START--
INFO: Run Behavior\ShowPageTraceBehavior [ RunTime:0.000000s ]
INFO: [ app_end ] --END-- [ RunTime:0.000000s ]

[ 2016-11-15T17:14:23+08:00 ] ::1 /yoga/Home/Knows/knows_content/id/28
INFO: [ app_init ] --START--
INFO: Run Behavior\BuildLiteBehavior [ RunTime:0.000000s ]
INFO: [ app_init ] --END-- [ RunTime:0.000000s ]
INFO: [ app_begin ] --START--
INFO: Run Behavior\ReadHtmlCacheBehavior [ RunTime:0.000000s ]
INFO: [ app_begin ] --END-- [ RunTime:0.000000s ]
INFO: [ view_parse ] --START--
INFO: [ template_filter ] --START--
INFO: Run Behavior\ContentReplaceBehavior [ RunTime:0.000000s ]
INFO: [ template_filter ] --END-- [ RunTime:0.000000s ]
NOTIC: [8] Undefined index: username E:\www\yoga\Application\Runtime\Cache\Home\875b1de309291c6dd95b5fd1ae622ab2.php 第 44 行.
INFO: Run Behavior\ParseTemplateBehavior [ RunTime:0.009000s ]
INFO: [ view_parse ] --END-- [ RunTime:0.009000s ]
INFO: [ view_filter ] --START--
INFO: Run Behavior\WriteHtmlCacheBehavior [ RunTime:0.000000s ]
INFO: Run Behavior\TokenBuildBehavior [ RunTime:0.000000s ]
INFO: [ view_filter ] --END-- [ RunTime:0.000000s ]
INFO: [ app_end ] --START--
INFO: Run Behavior\ShowPageTraceBehavior [ RunTime:0.000000s ]
INFO: [ app_end ] --END-- [ RunTime:0.000000s ]

[ 2016-11-15T17:16:01+08:00 ] ::1 /yoga/Home/Knows/knows_content/id/28
INFO: [ app_init ] --START--
INFO: Run Behavior\BuildLiteBehavior [ RunTime:0.000000s ]
INFO: [ app_init ] --END-- [ RunTime:0.001000s ]
INFO: [ app_begin ] --START--
INFO: Run Behavior\ReadHtmlCacheBehavior [ RunTime:0.000000s ]
INFO: [ app_begin ] --END-- [ RunTime:0.000000s ]
INFO: [ view_parse ] --START--
INFO: [ template_filter ] --START--
INFO: Run Behavior\ContentReplaceBehavior [ RunTime:0.000000s ]
INFO: [ template_filter ] --END-- [ RunTime:0.000000s ]
NOTIC: [8] Undefined index: username E:\www\yoga\Application\Runtime\Cache\Home\875b1de309291c6dd95b5fd1ae622ab2.php 第 44 行.
INFO: Run Behavior\ParseTemplateBehavior [ RunTime:0.010001s ]
INFO: [ view_parse ] --END-- [ RunTime:0.010001s ]
INFO: [ view_filter ] --START--
INFO: Run Behavior\WriteHtmlCacheBehavior [ RunTime:0.000000s ]
INFO: Run Behavior\TokenBuildBehavior [ RunTime:0.001000s ]
INFO: [ view_filter ] --END-- [ RunTime:0.001000s ]
INFO: [ app_end ] --START--
INFO: Run Behavior\ShowPageTraceBehavior [ RunTime:0.001000s ]
INFO: [ app_end ] --END-- [ RunTime:0.001000s ]

[ 2016-11-15T17:17:12+08:00 ] ::1 /yoga/Home/Knows/knows_content/id/28
INFO: [ app_init ] --START--
INFO: Run Behavior\BuildLiteBehavior [ RunTime:0.000000s ]
INFO: [ app_init ] --END-- [ RunTime:0.001000s ]
INFO: [ app_begin ] --START--
INFO: Run Behavior\ReadHtmlCacheBehavior [ RunTime:0.001000s ]
INFO: [ app_begin ] --END-- [ RunTime:0.001000s ]
INFO: [ view_parse ] --START--
INFO: [ template_filter ] --START--
INFO: Run Behavior\ContentReplaceBehavior [ RunTime:0.000000s ]
INFO: [ template_filter ] --END-- [ RunTime:0.000000s ]
NOTIC: [8] Undefined index: username E:\www\yoga\Application\Runtime\Cache\Home\875b1de309291c6dd95b5fd1ae622ab2.php 第 44 行.
INFO: Run Behavior\ParseTemplateBehavior [ RunTime:0.010000s ]
INFO: [ view_parse ] --END-- [ RunTime:0.010000s ]
INFO: [ view_filter ] --START--
INFO: Run Behavior\WriteHtmlCacheBehavior [ RunTime:0.000000s ]
INFO: Run Behavior\TokenBuildBehavior [ RunTime:0.001000s ]
INFO: [ view_filter ] --END-- [ RunTime:0.001000s ]
INFO: [ app_end ] --START--
INFO: Run Behavior\ShowPageTraceBehavior [ RunTime:0.001001s ]
INFO: [ app_end ] --END-- [ RunTime:0.001001s ]

