[ 2016-09-26T11:24:31+08:00 ] ::1 /yoga/Public/yoga/js/manifest.df3eb60a5109386ee904.js.map
INFO: [ app_init ] --START--
INFO: Run Behavior\BuildLiteBehavior [ RunTime:0.000000s ]
INFO: [ app_init ] --END-- [ RunTime:0.000000s ]
ERR: 无法加载模块:Public

[ 2016-09-26T11:24:35+08:00 ] ::1 /yoga/Public/yoga/js/manifest.df3eb60a5109386ee904.js.map
INFO: [ app_init ] --START--
INFO: Run Behavior\BuildLiteBehavior [ RunTime:0.000000s ]
INFO: [ app_init ] --END-- [ RunTime:0.000000s ]
ERR: 无法加载模块:Public

[ 2016-09-26T11:26:26+08:00 ] ::1 /yoga/Public/yoga/js/app.073bafe6680028f8b022.js.map
INFO: [ app_init ] --START--
INFO: Run Behavior\BuildLiteBehavior [ RunTime:0.000000s ]
INFO: [ app_init ] --END-- [ RunTime:0.001000s ]
ERR: 无法加载模块:Public

[ 2016-09-26T11:26:26+08:00 ] ::1 /yoga/Public/yoga/js/manifest.df3eb60a5109386ee904.js.map
INFO: [ app_init ] --START--
INFO: Run Behavior\BuildLiteBehavior [ RunTime:0.000000s ]
INFO: [ app_init ] --END-- [ RunTime:0.001000s ]
ERR: 无法加载模块:Public

[ 2016-09-26T11:26:36+08:00 ] ::1 /yoga/Public/yoga/js/manifest.df3eb60a5109386ee904.js.map
INFO: [ app_init ] --START--
INFO: Run Behavior\BuildLiteBehavior [ RunTime:0.000000s ]
INFO: [ app_init ] --END-- [ RunTime:0.001000s ]
ERR: 无法加载模块:Public

[ 2016-09-26T11:26:36+08:00 ] ::1 /yoga/Public/yoga/js/app.073bafe6680028f8b022.js.map
INFO: [ app_init ] --START--
INFO: Run Behavior\BuildLiteBehavior [ RunTime:0.000000s ]
INFO: [ app_init ] --END-- [ RunTime:0.001000s ]
ERR: 无法加载模块:Public

[ 2016-09-26T11:26:43+08:00 ] ::1 /yoga/Public/yoga/js/manifest.df3eb60a5109386ee904.js.map
INFO: [ app_init ] --START--
INFO: Run Behavior\BuildLiteBehavior [ RunTime:0.000000s ]
INFO: [ app_init ] --END-- [ RunTime:0.001000s ]
ERR: 无法加载模块:Public

[ 2016-09-26T11:26:43+08:00 ] ::1 /yoga/Public/yoga/js/app.073bafe6680028f8b022.js.map
INFO: [ app_init ] --START--
INFO: Run Behavior\BuildLiteBehavior [ RunTime:0.000000s ]
INFO: [ app_init ] --END-- [ RunTime:0.000000s ]
ERR: 无法加载模块:Public

[ 2016-09-26T15:23:27+08:00 ] ::1 /yoga/Public/yoga/js/manifest.df3eb60a5109386ee904.js.map
INFO: [ app_init ] --START--
INFO: Run Behavior\BuildLiteBehavior [ RunTime:0.000000s ]
INFO: [ app_init ] --END-- [ RunTime:0.000000s ]
ERR: 无法加载模块:Public

[ 2016-09-26T15:28:23+08:00 ] ::1 /yoga/Public/yoga/js/manifest.df3eb60a5109386ee904.js.map
INFO: [ app_init ] --START--
INFO: Run Behavior\BuildLiteBehavior [ RunTime:0.000000s ]
INFO: [ app_init ] --END-- [ RunTime:0.000000s ]
ERR: 无法加载模块:Public

[ 2016-09-26T15:28:23+08:00 ] ::1 /yoga/Public/yoga/js/app.073bafe6680028f8b022.js.map
INFO: [ app_init ] --START--
INFO: Run Behavior\BuildLiteBehavior [ RunTime:0.000000s ]
INFO: [ app_init ] --END-- [ RunTime:0.000000s ]
ERR: 无法加载模块:Public

[ 2016-09-26T15:28:35+08:00 ] ::1 /yoga/Public/yoga/js/manifest.df3eb60a5109386ee904.js.map
INFO: [ app_init ] --START--
INFO: Run Behavior\BuildLiteBehavior [ RunTime:0.000000s ]
INFO: [ app_init ] --END-- [ RunTime:0.001000s ]
ERR: 无法加载模块:Public

[ 2016-09-26T15:28:35+08:00 ] ::1 /yoga/Public/yoga/js/app.073bafe6680028f8b022.js.map
INFO: [ app_init ] --START--
INFO: Run Behavior\BuildLiteBehavior [ RunTime:0.000000s ]
INFO: [ app_init ] --END-- [ RunTime:0.000000s ]
ERR: 无法加载模块:Public

[ 2016-09-26T15:30:19+08:00 ] ::1 /yoga/Public/yoga/js/manifest.df3eb60a5109386ee904.js.map
INFO: [ app_init ] --START--
INFO: Run Behavior\BuildLiteBehavior [ RunTime:0.000000s ]
INFO: [ app_init ] --END-- [ RunTime:0.001000s ]
ERR: 无法加载模块:Public

[ 2016-09-26T15:30:19+08:00 ] ::1 /yoga/Public/yoga/js/app.073bafe6680028f8b022.js.map
INFO: [ app_init ] --START--
INFO: Run Behavior\BuildLiteBehavior [ RunTime:0.000000s ]
INFO: [ app_init ] --END-- [ RunTime:0.000000s ]
ERR: 无法加载模块:Public

[ 2016-09-26T15:35:30+08:00 ] ::1 /yoga/Public/yoga/js/app.073bafe6680028f8b022.js.map
INFO: [ app_init ] --START--
INFO: Run Behavior\BuildLiteBehavior [ RunTime:0.000000s ]
INFO: [ app_init ] --END-- [ RunTime:0.000000s ]
ERR: 无法加载模块:Public

[ 2016-09-26T15:35:30+08:00 ] ::1 /yoga/Public/yoga/js/manifest.df3eb60a5109386ee904.js.map
INFO: [ app_init ] --START--
INFO: Run Behavior\BuildLiteBehavior [ RunTime:0.000000s ]
INFO: [ app_init ] --END-- [ RunTime:0.001001s ]
ERR: 无法加载模块:Public

[ 2016-09-26T15:36:01+08:00 ] ::1 /yoga/Public/yoga/js/manifest.df3eb60a5109386ee904.js.map
INFO: [ app_init ] --START--
INFO: Run Behavior\BuildLiteBehavior [ RunTime:0.000000s ]
INFO: [ app_init ] --END-- [ RunTime:0.000000s ]
ERR: 无法加载模块:Public

[ 2016-09-26T15:38:02+08:00 ] ::1 /yoga/Public/yoga/js/manifest.df3eb60a5109386ee904.js.map
INFO: [ app_init ] --START--
INFO: Run Behavior\BuildLiteBehavior [ RunTime:0.000000s ]
INFO: [ app_init ] --END-- [ RunTime:0.001000s ]
ERR: 无法加载模块:Public

[ 2016-09-26T15:52:36+08:00 ] ::1 /yoga/Public/yoga/js/manifest.df3eb60a5109386ee904.js.map
INFO: [ app_init ] --START--
INFO: Run Behavior\BuildLiteBehavior [ RunTime:0.000000s ]
INFO: [ app_init ] --END-- [ RunTime:0.001000s ]
ERR: 无法加载模块:Public

[ 2016-09-26T15:52:46+08:00 ] ::1 /yoga/Public/yoga/js/manifest.df3eb60a5109386ee904.js.map
INFO: [ app_init ] --START--
INFO: Run Behavior\BuildLiteBehavior [ RunTime:0.000000s ]
INFO: [ app_init ] --END-- [ RunTime:0.001001s ]
ERR: 无法加载模块:Public

[ 2016-09-26T15:52:59+08:00 ] ::1 /yoga/Public/yoga/js/manifest.df3eb60a5109386ee904.js.map
INFO: [ app_init ] --START--
INFO: Run Behavior\BuildLiteBehavior [ RunTime:0.000000s ]
INFO: [ app_init ] --END-- [ RunTime:0.000000s ]
ERR: 无法加载模块:Public

[ 2016-09-26T16:00:14+08:00 ] ::1 /yoga/Public/yoga/js/manifest.df3eb60a5109386ee904.js.map
INFO: [ app_init ] --START--
INFO: Run Behavior\BuildLiteBehavior [ RunTime:0.000000s ]
INFO: [ app_init ] --END-- [ RunTime:0.000000s ]
ERR: 无法加载模块:Public

[ 2016-09-26T16:00:45+08:00 ] ::1 /yoga/Public/yoga/js/manifest.df3eb60a5109386ee904.js.map
INFO: [ app_init ] --START--
INFO: Run Behavior\BuildLiteBehavior [ RunTime:0.000000s ]
INFO: [ app_init ] --END-- [ RunTime:0.000000s ]
ERR: 无法加载模块:Public

[ 2016-09-26T16:00:50+08:00 ] ::1 /yoga/Public/yoga/js/manifest.df3eb60a5109386ee904.js.map
INFO: [ app_init ] --START--
INFO: Run Behavior\BuildLiteBehavior [ RunTime:0.000000s ]
INFO: [ app_init ] --END-- [ RunTime:0.001000s ]
ERR: 无法加载模块:Public

[ 2016-09-26T16:01:41+08:00 ] ::1 /yoga/Public/yoga/js/manifest.df3eb60a5109386ee904.js.map
INFO: [ app_init ] --START--
INFO: Run Behavior\BuildLiteBehavior [ RunTime:0.000000s ]
INFO: [ app_init ] --END-- [ RunTime:0.000000s ]
ERR: 无法加载模块:Public

[ 2016-09-26T16:01:47+08:00 ] ::1 /yoga/Public/yoga/js/manifest.df3eb60a5109386ee904.js.map
INFO: [ app_init ] --START--
INFO: Run Behavior\BuildLiteBehavior [ RunTime:0.000000s ]
INFO: [ app_init ] --END-- [ RunTime:0.000000s ]
ERR: 无法加载模块:Public

[ 2016-09-26T16:02:57+08:00 ] ::1 /yoga/Public/yoga/js/manifest.df3eb60a5109386ee904.js.map
INFO: [ app_init ] --START--
INFO: Run Behavior\BuildLiteBehavior [ RunTime:0.000000s ]
INFO: [ app_init ] --END-- [ RunTime:0.001001s ]
ERR: 无法加载模块:Public

[ 2016-09-26T16:03:28+08:00 ] ::1 /yoga/Public/yoga/js/manifest.df3eb60a5109386ee904.js.map
INFO: [ app_init ] --START--
INFO: Run Behavior\BuildLiteBehavior [ RunTime:0.000000s ]
INFO: [ app_init ] --END-- [ RunTime:0.001000s ]
ERR: 无法加载模块:Public

[ 2016-09-26T16:03:50+08:00 ] ::1 /yoga/Public/yoga/js/manifest.df3eb60a5109386ee904.js.map
INFO: [ app_init ] --START--
INFO: Run Behavior\BuildLiteBehavior [ RunTime:0.000000s ]
INFO: [ app_init ] --END-- [ RunTime:0.000000s ]
ERR: 无法加载模块:Public

[ 2016-09-26T16:07:18+08:00 ] ::1 /yoga/Public/yoga/js/manifest.df3eb60a5109386ee904.js.map
INFO: [ app_init ] --START--
INFO: Run Behavior\BuildLiteBehavior [ RunTime:0.000000s ]
INFO: [ app_init ] --END-- [ RunTime:0.001000s ]
ERR: 无法加载模块:Public

[ 2016-09-26T16:15:42+08:00 ] ::1 /yoga/Public/yoga/js/manifest.df3eb60a5109386ee904.js.map
INFO: [ app_init ] --START--
INFO: Run Behavior\BuildLiteBehavior [ RunTime:0.000000s ]
INFO: [ app_init ] --END-- [ RunTime:0.000000s ]
ERR: 无法加载模块:Public

[ 2016-09-26T16:17:37+08:00 ] ::1 /yoga/Public/yoga/js/manifest.df3eb60a5109386ee904.js.map
INFO: [ app_init ] --START--
INFO: Run Behavior\BuildLiteBehavior [ RunTime:0.000000s ]
INFO: [ app_init ] --END-- [ RunTime:0.000000s ]
ERR: 无法加载模块:Public

[ 2016-09-26T16:17:47+08:00 ] ::1 /yoga/Public/yoga/js/manifest.df3eb60a5109386ee904.js.map
INFO: [ app_init ] --START--
INFO: Run Behavior\BuildLiteBehavior [ RunTime:0.000000s ]
INFO: [ app_init ] --END-- [ RunTime:0.001000s ]
ERR: 无法加载模块:Public

[ 2016-09-26T16:19:06+08:00 ] ::1 /yoga/Public/yoga/js/manifest.df3eb60a5109386ee904.js.map
INFO: [ app_init ] --START--
INFO: Run Behavior\BuildLiteBehavior [ RunTime:0.000000s ]
INFO: [ app_init ] --END-- [ RunTime:0.000000s ]
ERR: 无法加载模块:Public

[ 2016-09-26T16:20:42+08:00 ] ::1 /yoga/Public/yoga/js/manifest.df3eb60a5109386ee904.js.map
INFO: [ app_init ] --START--
INFO: Run Behavior\BuildLiteBehavior [ RunTime:0.000000s ]
INFO: [ app_init ] --END-- [ RunTime:0.001000s ]
ERR: 无法加载模块:Public

[ 2016-09-26T16:22:32+08:00 ] ::1 /yoga/Public/yoga/js/manifest.df3eb60a5109386ee904.js.map
INFO: [ app_init ] --START--
INFO: Run Behavior\BuildLiteBehavior [ RunTime:0.000000s ]
INFO: [ app_init ] --END-- [ RunTime:0.000000s ]
ERR: 无法加载模块:Public

[ 2016-09-26T16:24:38+08:00 ] ::1 /yoga/Public/yoga/js/manifest.df3eb60a5109386ee904.js.map
INFO: [ app_init ] --START--
INFO: Run Behavior\BuildLiteBehavior [ RunTime:0.000000s ]
INFO: [ app_init ] --END-- [ RunTime:0.001001s ]
ERR: 无法加载模块:Public

[ 2016-09-26T16:24:47+08:00 ] ::1 /yoga/Public/yoga/js/manifest.df3eb60a5109386ee904.js.map
INFO: [ app_init ] --START--
INFO: Run Behavior\BuildLiteBehavior [ RunTime:0.000000s ]
INFO: [ app_init ] --END-- [ RunTime:0.001001s ]
ERR: 无法加载模块:Public

[ 2016-09-26T16:29:13+08:00 ] ::1 /yoga/Public/yoga/js/manifest.df3eb60a5109386ee904.js.map
INFO: [ app_init ] --START--
INFO: Run Behavior\BuildLiteBehavior [ RunTime:0.000000s ]
INFO: [ app_init ] --END-- [ RunTime:0.001000s ]
ERR: 无法加载模块:Public

[ 2016-09-26T16:32:47+08:00 ] ::1 /yoga/Public/yoga/js/manifest.df3eb60a5109386ee904.js.map
INFO: [ app_init ] --START--
INFO: Run Behavior\BuildLiteBehavior [ RunTime:0.000000s ]
INFO: [ app_init ] --END-- [ RunTime:0.000000s ]
ERR: 无法加载模块:Public

[ 2016-09-26T16:39:34+08:00 ] ::1 /yoga/Public/yoga/js/manifest.df3eb60a5109386ee904.js.map
INFO: [ app_init ] --START--
INFO: Run Behavior\BuildLiteBehavior [ RunTime:0.000000s ]
INFO: [ app_init ] --END-- [ RunTime:0.001000s ]
ERR: 无法加载模块:Public

[ 2016-09-26T16:48:14+08:00 ] ::1 /yoga/Public/yoga/js/manifest.df3eb60a5109386ee904.js.map
INFO: [ app_init ] --START--
INFO: Run Behavior\BuildLiteBehavior [ RunTime:0.000000s ]
INFO: [ app_init ] --END-- [ RunTime:0.000000s ]
ERR: 无法加载模块:Public

[ 2016-09-26T16:48:32+08:00 ] ::1 /yoga/Public/yoga/js/manifest.df3eb60a5109386ee904.js.map
INFO: [ app_init ] --START--
INFO: Run Behavior\BuildLiteBehavior [ RunTime:0.000000s ]
INFO: [ app_init ] --END-- [ RunTime:0.000000s ]
ERR: 无法加载模块:Public

[ 2016-09-26T16:52:18+08:00 ] ::1 /yoga/Public/yoga/js/manifest.df3eb60a5109386ee904.js.map
INFO: [ app_init ] --START--
INFO: Run Behavior\BuildLiteBehavior [ RunTime:0.000000s ]
INFO: [ app_init ] --END-- [ RunTime:0.001000s ]
ERR: 无法加载模块:Public

[ 2016-09-26T16:57:58+08:00 ] ::1 /yoga/Public/yoga/js/manifest.df3eb60a5109386ee904.js.map
INFO: [ app_init ] --START--
INFO: Run Behavior\BuildLiteBehavior [ RunTime:0.000000s ]
INFO: [ app_init ] --END-- [ RunTime:0.000000s ]
ERR: 无法加载模块:Public

[ 2016-09-26T16:58:19+08:00 ] ::1 /yoga/Public/yoga/js/manifest.df3eb60a5109386ee904.js.map
INFO: [ app_init ] --START--
INFO: Run Behavior\BuildLiteBehavior [ RunTime:0.000000s ]
INFO: [ app_init ] --END-- [ RunTime:0.000000s ]
ERR: 无法加载模块:Public

[ 2016-09-26T16:59:19+08:00 ] ::1 /yoga/Public/yoga/js/manifest.df3eb60a5109386ee904.js.map
INFO: [ app_init ] --START--
INFO: Run Behavior\BuildLiteBehavior [ RunTime:0.000000s ]
INFO: [ app_init ] --END-- [ RunTime:0.001000s ]
ERR: 无法加载模块:Public

[ 2016-09-26T16:59:27+08:00 ] ::1 /yoga/Public/yoga/js/manifest.df3eb60a5109386ee904.js.map
INFO: [ app_init ] --START--
INFO: Run Behavior\BuildLiteBehavior [ RunTime:0.000000s ]
INFO: [ app_init ] --END-- [ RunTime:0.001000s ]
ERR: 无法加载模块:Public

[ 2016-09-26T16:59:56+08:00 ] ::1 /yoga/Public/yoga/js/manifest.df3eb60a5109386ee904.js.map
INFO: [ app_init ] --START--
INFO: Run Behavior\BuildLiteBehavior [ RunTime:0.000000s ]
INFO: [ app_init ] --END-- [ RunTime:0.001000s ]
ERR: 无法加载模块:Public

[ 2016-09-26T17:00:18+08:00 ] ::1 /yoga/Public/yoga/js/manifest.df3eb60a5109386ee904.js.map
INFO: [ app_init ] --START--
INFO: Run Behavior\BuildLiteBehavior [ RunTime:0.000000s ]
INFO: [ app_init ] --END-- [ RunTime:0.000000s ]
ERR: 无法加载模块:Public

[ 2016-09-26T17:00:43+08:00 ] ::1 /yoga/Public/yoga/js/manifest.df3eb60a5109386ee904.js.map
INFO: [ app_init ] --START--
INFO: Run Behavior\BuildLiteBehavior [ RunTime:0.000000s ]
INFO: [ app_init ] --END-- [ RunTime:0.000000s ]
ERR: 无法加载模块:Public

[ 2016-09-26T17:04:26+08:00 ] ::1 /yoga/Public/yoga/js/manifest.df3eb60a5109386ee904.js.map
INFO: [ app_init ] --START--
INFO: Run Behavior\BuildLiteBehavior [ RunTime:0.000000s ]
INFO: [ app_init ] --END-- [ RunTime:0.001000s ]
ERR: 无法加载模块:Public

[ 2016-09-26T17:06:20+08:00 ] ::1 /yoga/Public/yoga/js/manifest.df3eb60a5109386ee904.js.map
INFO: [ app_init ] --START--
INFO: Run Behavior\BuildLiteBehavior [ RunTime:0.000000s ]
INFO: [ app_init ] --END-- [ RunTime:0.000000s ]
ERR: 无法加载模块:Public

[ 2016-09-26T17:08:55+08:00 ] ::1 /yoga/Public/yoga/js/manifest.df3eb60a5109386ee904.js.map
INFO: [ app_init ] --START--
INFO: Run Behavior\BuildLiteBehavior [ RunTime:0.000000s ]
INFO: [ app_init ] --END-- [ RunTime:0.001001s ]
ERR: 无法加载模块:Public

[ 2016-09-26T18:02:03+08:00 ] ::1 /yoga/Public/yoga/js/manifest.df3eb60a5109386ee904.js.map
INFO: [ app_init ] --START--
INFO: Run Behavior\BuildLiteBehavior [ RunTime:0.000000s ]
INFO: [ app_init ] --END-- [ RunTime:0.000000s ]
ERR: 无法加载模块:Public

[ 2016-09-26T18:02:12+08:00 ] ::1 /yoga/Public/yoga/js/manifest.df3eb60a5109386ee904.js.map
INFO: [ app_init ] --START--
INFO: Run Behavior\BuildLiteBehavior [ RunTime:0.000000s ]
INFO: [ app_init ] --END-- [ RunTime:0.001000s ]
ERR: 无法加载模块:Public

[ 2016-09-26T18:04:43+08:00 ] ::1 /yoga/Public/yoga/js/manifest.df3eb60a5109386ee904.js.map
INFO: [ app_init ] --START--
INFO: Run Behavior\BuildLiteBehavior [ RunTime:0.000000s ]
INFO: [ app_init ] --END-- [ RunTime:0.001000s ]
ERR: 无法加载模块:Public

[ 2016-09-26T18:04:49+08:00 ] ::1 /yoga/Public/yoga/js/manifest.df3eb60a5109386ee904.js.map
INFO: [ app_init ] --START--
INFO: Run Behavior\BuildLiteBehavior [ RunTime:0.000000s ]
INFO: [ app_init ] --END-- [ RunTime:0.001000s ]
ERR: 无法加载模块:Public

[ 2016-09-26T18:05:35+08:00 ] ::1 /yoga/Public/yoga/js/manifest.df3eb60a5109386ee904.js.map
INFO: [ app_init ] --START--
INFO: Run Behavior\BuildLiteBehavior [ RunTime:0.000000s ]
INFO: [ app_init ] --END-- [ RunTime:0.001000s ]
ERR: 无法加载模块:Public

[ 2016-09-26T18:06:23+08:00 ] ::1 /yoga/Public/yoga/js/manifest.df3eb60a5109386ee904.js.map
INFO: [ app_init ] --START--
INFO: Run Behavior\BuildLiteBehavior [ RunTime:0.000000s ]
INFO: [ app_init ] --END-- [ RunTime:0.002000s ]
ERR: 无法加载模块:Public

[ 2016-09-26T18:06:46+08:00 ] ::1 /yoga/Public/yoga/js/manifest.df3eb60a5109386ee904.js.map
INFO: [ app_init ] --START--
INFO: Run Behavior\BuildLiteBehavior [ RunTime:0.001000s ]
INFO: [ app_init ] --END-- [ RunTime:0.001000s ]
ERR: 无法加载模块:Public

[ 2016-09-26T18:08:14+08:00 ] ::1 /yoga/Public/yoga/js/manifest.df3eb60a5109386ee904.js.map
INFO: [ app_init ] --START--
INFO: Run Behavior\BuildLiteBehavior [ RunTime:0.000000s ]
INFO: [ app_init ] --END-- [ RunTime:0.000000s ]
ERR: 无法加载模块:Public

[ 2016-09-26T18:08:19+08:00 ] ::1 /yoga/Public/yoga/js/manifest.df3eb60a5109386ee904.js.map
INFO: [ app_init ] --START--
INFO: Run Behavior\BuildLiteBehavior [ RunTime:0.000000s ]
INFO: [ app_init ] --END-- [ RunTime:0.001000s ]
ERR: 无法加载模块:Public

[ 2016-09-26T18:08:29+08:00 ] ::1 /yoga/Public/yoga/js/manifest.df3eb60a5109386ee904.js.map
INFO: [ app_init ] --START--
INFO: Run Behavior\BuildLiteBehavior [ RunTime:0.001000s ]
INFO: [ app_init ] --END-- [ RunTime:0.001000s ]
ERR: 无法加载模块:Public

[ 2016-09-26T18:08:48+08:00 ] ::1 /yoga/Public/yoga/js/manifest.df3eb60a5109386ee904.js.map
INFO: [ app_init ] --START--
INFO: Run Behavior\BuildLiteBehavior [ RunTime:0.000000s ]
INFO: [ app_init ] --END-- [ RunTime:0.001000s ]
ERR: 无法加载模块:Public

[ 2016-09-26T18:08:55+08:00 ] ::1 /yoga/Public/yoga/js/manifest.df3eb60a5109386ee904.js.map
INFO: [ app_init ] --START--
INFO: Run Behavior\BuildLiteBehavior [ RunTime:0.000000s ]
INFO: [ app_init ] --END-- [ RunTime:0.000000s ]
ERR: 无法加载模块:Public

[ 2016-09-26T18:10:44+08:00 ] ::1 /yoga/Public/yoga/js/manifest.df3eb60a5109386ee904.js.map
INFO: [ app_init ] --START--
INFO: Run Behavior\BuildLiteBehavior [ RunTime:0.000000s ]
INFO: [ app_init ] --END-- [ RunTime:0.000000s ]
ERR: 无法加载模块:Public

[ 2016-09-26T18:11:33+08:00 ] ::1 /yoga/Public/yoga/js/manifest.df3eb60a5109386ee904.js.map
INFO: [ app_init ] --START--
INFO: Run Behavior\BuildLiteBehavior [ RunTime:0.000000s ]
INFO: [ app_init ] --END-- [ RunTime:0.001000s ]
ERR: 无法加载模块:Public

[ 2016-09-26T18:11:41+08:00 ] ::1 /yoga/Public/yoga/js/manifest.df3eb60a5109386ee904.js.map
INFO: [ app_init ] --START--
INFO: Run Behavior\BuildLiteBehavior [ RunTime:0.000000s ]
INFO: [ app_init ] --END-- [ RunTime:0.001000s ]
ERR: 无法加载模块:Public

[ 2016-09-26T18:11:55+08:00 ] ::1 /yoga/Public/yoga/js/manifest.df3eb60a5109386ee904.js.map
INFO: [ app_init ] --START--
INFO: Run Behavior\BuildLiteBehavior [ RunTime:0.000000s ]
INFO: [ app_init ] --END-- [ RunTime:0.001000s ]
ERR: 无法加载模块:Public

[ 2016-09-26T18:12:10+08:00 ] ::1 /yoga/Public/yoga/js/manifest.df3eb60a5109386ee904.js.map
INFO: [ app_init ] --START--
INFO: Run Behavior\BuildLiteBehavior [ RunTime:0.000000s ]
INFO: [ app_init ] --END-- [ RunTime:0.001000s ]
ERR: 无法加载模块:Public

[ 2016-09-26T18:13:18+08:00 ] ::1 /yoga/Public/yoga/js/manifest.df3eb60a5109386ee904.js.map
INFO: [ app_init ] --START--
INFO: Run Behavior\BuildLiteBehavior [ RunTime:0.000000s ]
INFO: [ app_init ] --END-- [ RunTime:0.001000s ]
ERR: 无法加载模块:Public

[ 2016-09-26T18:13:30+08:00 ] ::1 /yoga/Public/yoga/js/manifest.df3eb60a5109386ee904.js.map
INFO: [ app_init ] --START--
INFO: Run Behavior\BuildLiteBehavior [ RunTime:0.000000s ]
INFO: [ app_init ] --END-- [ RunTime:0.000000s ]
ERR: 无法加载模块:Public

[ 2016-09-26T18:14:01+08:00 ] ::1 /yoga/Public/yoga/js/manifest.df3eb60a5109386ee904.js.map
INFO: [ app_init ] --START--
INFO: Run Behavior\BuildLiteBehavior [ RunTime:0.000000s ]
INFO: [ app_init ] --END-- [ RunTime:0.000000s ]
ERR: 无法加载模块:Public

