[ 2016-08-31T18:09:59+08:00 ] ::1 /yoga/index.php/yoga/index.php/Home/Index/Index.html.html
INFO: [ app_init ] --START--
INFO: Run Behavior\BuildLiteBehavior [ RunTime:0.000000s ]
INFO: [ app_init ] --END-- [ RunTime:0.001000s ]
ERR: 无法加载模块:Yoga

[ 2016-08-31T18:11:20+08:00 ] ::1 /yoga/index.php/yoga/index.php/Home/Index/Index.html.html
INFO: [ app_init ] --START--
INFO: Run Behavior\BuildLiteBehavior [ RunTime:0.000000s ]
INFO: [ app_init ] --END-- [ RunTime:0.000000s ]
ERR: 无法加载模块:Yoga

[ 2016-08-31T18:11:22+08:00 ] ::1 /yoga/index.php/yoga/index.php/Home/Index/Index.html.html
INFO: [ app_init ] --START--
INFO: Run Behavior\BuildLiteBehavior [ RunTime:0.000000s ]
INFO: [ app_init ] --END-- [ RunTime:0.000000s ]
ERR: 无法加载模块:Yoga

[ 2016-08-31T18:13:09+08:00 ] ::1 /yoga/index.php/yoga/index.php/Home/Index/Index.html.html
INFO: [ app_init ] --START--
INFO: Run Behavior\BuildLiteBehavior [ RunTime:0.000000s ]
INFO: [ app_init ] --END-- [ RunTime:0.000000s ]
ERR: 无法加载模块:Yoga

