[ 2016-09-25T14:49:53+08:00 ] ::1 /yoga/Public/yoga/js/app.073bafe6680028f8b022.js.map
INFO: [ app_init ] --START--
INFO: Run Behavior\BuildLiteBehavior [ RunTime:0.000000s ]
INFO: [ app_init ] --END-- [ RunTime:0.001000s ]
ERR: 无法加载模块:Public

[ 2016-09-25T14:49:53+08:00 ] ::1 /yoga/Public/yoga/js/manifest.df3eb60a5109386ee904.js.map
INFO: [ app_init ] --START--
INFO: Run Behavior\BuildLiteBehavior [ RunTime:0.000000s ]
INFO: [ app_init ] --END-- [ RunTime:0.001000s ]
ERR: 无法加载模块:Public

[ 2016-09-25T14:57:21+08:00 ] ::1 /yoga/Public/yoga/js/manifest.df3eb60a5109386ee904.js.map
INFO: [ app_init ] --START--
INFO: Run Behavior\BuildLiteBehavior [ RunTime:0.000000s ]
INFO: [ app_init ] --END-- [ RunTime:0.001000s ]
ERR: 无法加载模块:Public

[ 2016-09-25T14:57:21+08:00 ] ::1 /yoga/Public/yoga/js/app.073bafe6680028f8b022.js.map
INFO: [ app_init ] --START--
INFO: Run Behavior\BuildLiteBehavior [ RunTime:0.000000s ]
INFO: [ app_init ] --END-- [ RunTime:0.001000s ]
ERR: 无法加载模块:Public

[ 2016-09-25T15:47:41+08:00 ] ::1 /yoga/Public/yoga/js/manifest.df3eb60a5109386ee904.js.map
INFO: [ app_init ] --START--
INFO: Run Behavior\BuildLiteBehavior [ RunTime:0.000000s ]
INFO: [ app_init ] --END-- [ RunTime:0.002000s ]
ERR: 无法加载模块:Public

[ 2016-09-25T15:47:41+08:00 ] ::1 /yoga/Public/yoga/js/app.073bafe6680028f8b022.js.map
INFO: [ app_init ] --START--
INFO: Run Behavior\BuildLiteBehavior [ RunTime:0.000000s ]
INFO: [ app_init ] --END-- [ RunTime:0.001000s ]
ERR: 无法加载模块:Public

[ 2016-09-25T15:48:05+08:00 ] ::1 /yoga/Public/yoga/js/manifest.df3eb60a5109386ee904.js.map
INFO: [ app_init ] --START--
INFO: Run Behavior\BuildLiteBehavior [ RunTime:0.000000s ]
INFO: [ app_init ] --END-- [ RunTime:0.001000s ]
ERR: 无法加载模块:Public

[ 2016-09-25T15:48:05+08:00 ] ::1 /yoga/Public/yoga/js/app.073bafe6680028f8b022.js.map
INFO: [ app_init ] --START--
INFO: Run Behavior\BuildLiteBehavior [ RunTime:0.000000s ]
INFO: [ app_init ] --END-- [ RunTime:0.000000s ]
ERR: 无法加载模块:Public

[ 2016-09-25T15:48:07+08:00 ] ::1 /yoga/Public/yoga/js/manifest.df3eb60a5109386ee904.js.map
INFO: [ app_init ] --START--
INFO: Run Behavior\BuildLiteBehavior [ RunTime:0.000000s ]
INFO: [ app_init ] --END-- [ RunTime:0.001000s ]
ERR: 无法加载模块:Public

[ 2016-09-25T15:48:07+08:00 ] ::1 /yoga/Public/yoga/js/app.073bafe6680028f8b022.js.map
INFO: [ app_init ] --START--
INFO: Run Behavior\BuildLiteBehavior [ RunTime:0.000000s ]
INFO: [ app_init ] --END-- [ RunTime:0.001000s ]
ERR: 无法加载模块:Public

[ 2016-09-25T15:48:39+08:00 ] ::1 /yoga/Public/yoga/js/manifest.df3eb60a5109386ee904.js.map
INFO: [ app_init ] --START--
INFO: Run Behavior\BuildLiteBehavior [ RunTime:0.000000s ]
INFO: [ app_init ] --END-- [ RunTime:0.002000s ]
ERR: 无法加载模块:Public

[ 2016-09-25T15:48:39+08:00 ] ::1 /yoga/Public/yoga/js/app.073bafe6680028f8b022.js.map
INFO: [ app_init ] --START--
INFO: Run Behavior\BuildLiteBehavior [ RunTime:0.000000s ]
INFO: [ app_init ] --END-- [ RunTime:0.000000s ]
ERR: 无法加载模块:Public

[ 2016-09-25T15:50:49+08:00 ] ::1 /yoga/Public/yoga/js/manifest.df3eb60a5109386ee904.js.map
INFO: [ app_init ] --START--
INFO: Run Behavior\BuildLiteBehavior [ RunTime:0.000000s ]
INFO: [ app_init ] --END-- [ RunTime:0.001000s ]
ERR: 无法加载模块:Public

[ 2016-09-25T15:50:49+08:00 ] ::1 /yoga/Public/yoga/js/app.073bafe6680028f8b022.js.map
INFO: [ app_init ] --START--
INFO: Run Behavior\BuildLiteBehavior [ RunTime:0.000000s ]
INFO: [ app_init ] --END-- [ RunTime:0.001000s ]
ERR: 无法加载模块:Public

[ 2016-09-25T15:53:39+08:00 ] ::1 /yoga/Public/yoga/js/manifest.df3eb60a5109386ee904.js.map
INFO: [ app_init ] --START--
INFO: Run Behavior\BuildLiteBehavior [ RunTime:0.000000s ]
INFO: [ app_init ] --END-- [ RunTime:0.002000s ]
ERR: 无法加载模块:Public

[ 2016-09-25T15:53:39+08:00 ] ::1 /yoga/Public/yoga/js/app.073bafe6680028f8b022.js.map
INFO: [ app_init ] --START--
INFO: Run Behavior\BuildLiteBehavior [ RunTime:0.000000s ]
INFO: [ app_init ] --END-- [ RunTime:0.001000s ]
ERR: 无法加载模块:Public

[ 2016-09-25T15:54:54+08:00 ] ::1 /yoga/Public/yoga/js/manifest.df3eb60a5109386ee904.js.map
INFO: [ app_init ] --START--
INFO: Run Behavior\BuildLiteBehavior [ RunTime:0.000000s ]
INFO: [ app_init ] --END-- [ RunTime:0.000000s ]
ERR: 无法加载模块:Public

[ 2016-09-25T15:54:54+08:00 ] ::1 /yoga/Public/yoga/js/app.073bafe6680028f8b022.js.map
INFO: [ app_init ] --START--
INFO: Run Behavior\BuildLiteBehavior [ RunTime:0.000000s ]
INFO: [ app_init ] --END-- [ RunTime:0.001000s ]
ERR: 无法加载模块:Public

[ 2016-09-25T15:55:15+08:00 ] ::1 /yoga/Public/yoga/js/manifest.df3eb60a5109386ee904.js.map
INFO: [ app_init ] --START--
INFO: Run Behavior\BuildLiteBehavior [ RunTime:0.000000s ]
INFO: [ app_init ] --END-- [ RunTime:0.001000s ]
ERR: 无法加载模块:Public

[ 2016-09-25T15:55:15+08:00 ] ::1 /yoga/Public/yoga/js/app.073bafe6680028f8b022.js.map
INFO: [ app_init ] --START--
INFO: Run Behavior\BuildLiteBehavior [ RunTime:0.000000s ]
INFO: [ app_init ] --END-- [ RunTime:0.000000s ]
ERR: 无法加载模块:Public

[ 2016-09-25T16:10:56+08:00 ] ::1 /yoga/Public/yoga/js/app.073bafe6680028f8b022.js.map
INFO: [ app_init ] --START--
INFO: Run Behavior\BuildLiteBehavior [ RunTime:0.000000s ]
INFO: [ app_init ] --END-- [ RunTime:0.001000s ]
ERR: 无法加载模块:Public

[ 2016-09-25T16:10:56+08:00 ] ::1 /yoga/Public/yoga/js/manifest.df3eb60a5109386ee904.js.map
INFO: [ app_init ] --START--
INFO: Run Behavior\BuildLiteBehavior [ RunTime:0.000000s ]
INFO: [ app_init ] --END-- [ RunTime:0.002000s ]
ERR: 无法加载模块:Public

[ 2016-09-25T16:11:06+08:00 ] ::1 /yoga/Public/yoga/js/manifest.df3eb60a5109386ee904.js.map
INFO: [ app_init ] --START--
INFO: Run Behavior\BuildLiteBehavior [ RunTime:0.000000s ]
INFO: [ app_init ] --END-- [ RunTime:0.000000s ]
ERR: 无法加载模块:Public

[ 2016-09-25T16:11:06+08:00 ] ::1 /yoga/Public/yoga/js/app.073bafe6680028f8b022.js.map
INFO: [ app_init ] --START--
INFO: Run Behavior\BuildLiteBehavior [ RunTime:0.000000s ]
INFO: [ app_init ] --END-- [ RunTime:0.001000s ]
ERR: 无法加载模块:Public

[ 2016-09-25T16:11:23+08:00 ] ::1 /yoga/Public/yoga/js/app.073bafe6680028f8b022.js.map
INFO: [ app_init ] --START--
INFO: Run Behavior\BuildLiteBehavior [ RunTime:0.000000s ]
INFO: [ app_init ] --END-- [ RunTime:0.001000s ]
ERR: 无法加载模块:Public

[ 2016-09-25T16:11:23+08:00 ] ::1 /yoga/Public/yoga/js/manifest.df3eb60a5109386ee904.js.map
INFO: [ app_init ] --START--
INFO: Run Behavior\BuildLiteBehavior [ RunTime:0.000000s ]
INFO: [ app_init ] --END-- [ RunTime:0.014001s ]
ERR: 无法加载模块:Public

[ 2016-09-25T16:11:31+08:00 ] ::1 /yoga/Public/yoga/js/app.073bafe6680028f8b022.js.map
INFO: [ app_init ] --START--
INFO: Run Behavior\BuildLiteBehavior [ RunTime:0.000000s ]
INFO: [ app_init ] --END-- [ RunTime:0.000000s ]
ERR: 无法加载模块:Public

[ 2016-09-25T16:11:31+08:00 ] ::1 /yoga/Public/yoga/js/manifest.df3eb60a5109386ee904.js.map
INFO: [ app_init ] --START--
INFO: Run Behavior\BuildLiteBehavior [ RunTime:0.000000s ]
INFO: [ app_init ] --END-- [ RunTime:0.001000s ]
ERR: 无法加载模块:Public

[ 2016-09-25T16:13:28+08:00 ] ::1 /yoga/Public/yoga/js/manifest.df3eb60a5109386ee904.js.map
INFO: [ app_init ] --START--
INFO: Run Behavior\BuildLiteBehavior [ RunTime:0.000000s ]
INFO: [ app_init ] --END-- [ RunTime:0.000000s ]
ERR: 无法加载模块:Public

[ 2016-09-25T16:13:28+08:00 ] ::1 /yoga/Public/yoga/js/app.073bafe6680028f8b022.js.map
INFO: [ app_init ] --START--
INFO: Run Behavior\BuildLiteBehavior [ RunTime:0.000000s ]
INFO: [ app_init ] --END-- [ RunTime:0.001001s ]
ERR: 无法加载模块:Public

[ 2016-09-25T16:13:30+08:00 ] ::1 /yoga/Public/yoga/js/app.073bafe6680028f8b022.js.map
INFO: [ app_init ] --START--
INFO: Run Behavior\BuildLiteBehavior [ RunTime:0.000000s ]
INFO: [ app_init ] --END-- [ RunTime:0.000000s ]
ERR: 无法加载模块:Public

[ 2016-09-25T16:13:30+08:00 ] ::1 /yoga/Public/yoga/js/manifest.df3eb60a5109386ee904.js.map
INFO: [ app_init ] --START--
INFO: Run Behavior\BuildLiteBehavior [ RunTime:0.000000s ]
INFO: [ app_init ] --END-- [ RunTime:0.001000s ]
ERR: 无法加载模块:Public

[ 2016-09-25T16:14:20+08:00 ] ::1 /yoga/Public/yoga/js/manifest.df3eb60a5109386ee904.js.map
INFO: [ app_init ] --START--
INFO: Run Behavior\BuildLiteBehavior [ RunTime:0.000000s ]
INFO: [ app_init ] --END-- [ RunTime:0.001000s ]
ERR: 无法加载模块:Public

[ 2016-09-25T16:14:20+08:00 ] ::1 /yoga/Public/yoga/js/app.073bafe6680028f8b022.js.map
INFO: [ app_init ] --START--
INFO: Run Behavior\BuildLiteBehavior [ RunTime:0.000000s ]
INFO: [ app_init ] --END-- [ RunTime:0.001000s ]
ERR: 无法加载模块:Public

[ 2016-09-25T16:14:37+08:00 ] ::1 /yoga/Public/yoga/js/manifest.df3eb60a5109386ee904.js.map
INFO: [ app_init ] --START--
INFO: Run Behavior\BuildLiteBehavior [ RunTime:0.000000s ]
INFO: [ app_init ] --END-- [ RunTime:0.001000s ]
ERR: 无法加载模块:Public

[ 2016-09-25T16:14:37+08:00 ] ::1 /yoga/Public/yoga/js/app.073bafe6680028f8b022.js.map
INFO: [ app_init ] --START--
INFO: Run Behavior\BuildLiteBehavior [ RunTime:0.000000s ]
INFO: [ app_init ] --END-- [ RunTime:0.001000s ]
ERR: 无法加载模块:Public

[ 2016-09-25T16:14:48+08:00 ] ::1 /yoga/Public/yoga/js/manifest.df3eb60a5109386ee904.js.map
INFO: [ app_init ] --START--
INFO: Run Behavior\BuildLiteBehavior [ RunTime:0.000000s ]
INFO: [ app_init ] --END-- [ RunTime:0.001000s ]
ERR: 无法加载模块:Public

[ 2016-09-25T16:14:48+08:00 ] ::1 /yoga/Public/yoga/js/app.073bafe6680028f8b022.js.map
INFO: [ app_init ] --START--
INFO: Run Behavior\BuildLiteBehavior [ RunTime:0.000000s ]
INFO: [ app_init ] --END-- [ RunTime:0.001000s ]
ERR: 无法加载模块:Public

[ 2016-09-25T16:18:18+08:00 ] ::1 /yoga/Public/yoga/js/manifest.df3eb60a5109386ee904.js.map
INFO: [ app_init ] --START--
INFO: Run Behavior\BuildLiteBehavior [ RunTime:0.000000s ]
INFO: [ app_init ] --END-- [ RunTime:0.000000s ]
ERR: 无法加载模块:Public

[ 2016-09-25T16:18:18+08:00 ] ::1 /yoga/Public/yoga/js/app.073bafe6680028f8b022.js.map
INFO: [ app_init ] --START--
INFO: Run Behavior\BuildLiteBehavior [ RunTime:0.000000s ]
INFO: [ app_init ] --END-- [ RunTime:0.002000s ]
ERR: 无法加载模块:Public

[ 2016-09-25T16:18:26+08:00 ] ::1 /yoga/Public/yoga/js/manifest.df3eb60a5109386ee904.js.map
INFO: [ app_init ] --START--
INFO: Run Behavior\BuildLiteBehavior [ RunTime:0.000000s ]
INFO: [ app_init ] --END-- [ RunTime:0.002000s ]
ERR: 无法加载模块:Public

[ 2016-09-25T16:18:26+08:00 ] ::1 /yoga/Public/yoga/js/app.073bafe6680028f8b022.js.map
INFO: [ app_init ] --START--
INFO: Run Behavior\BuildLiteBehavior [ RunTime:0.000000s ]
INFO: [ app_init ] --END-- [ RunTime:0.001000s ]
ERR: 无法加载模块:Public

[ 2016-09-25T16:18:57+08:00 ] ::1 /yoga/Public/yoga/js/manifest.df3eb60a5109386ee904.js.map
INFO: [ app_init ] --START--
INFO: Run Behavior\BuildLiteBehavior [ RunTime:0.000000s ]
INFO: [ app_init ] --END-- [ RunTime:0.001000s ]
ERR: 无法加载模块:Public

[ 2016-09-25T16:18:57+08:00 ] ::1 /yoga/Public/yoga/js/app.073bafe6680028f8b022.js.map
INFO: [ app_init ] --START--
INFO: Run Behavior\BuildLiteBehavior [ RunTime:0.000000s ]
INFO: [ app_init ] --END-- [ RunTime:0.001000s ]
ERR: 无法加载模块:Public

[ 2016-09-25T16:20:37+08:00 ] ::1 /yoga/Public/yoga/js/manifest.df3eb60a5109386ee904.js.map
INFO: [ app_init ] --START--
INFO: Run Behavior\BuildLiteBehavior [ RunTime:0.000000s ]
INFO: [ app_init ] --END-- [ RunTime:0.001000s ]
ERR: 无法加载模块:Public

[ 2016-09-25T16:20:37+08:00 ] ::1 /yoga/Public/yoga/js/app.073bafe6680028f8b022.js.map
INFO: [ app_init ] --START--
INFO: Run Behavior\BuildLiteBehavior [ RunTime:0.000000s ]
INFO: [ app_init ] --END-- [ RunTime:0.001000s ]
ERR: 无法加载模块:Public

[ 2016-09-25T16:25:29+08:00 ] ::1 /yoga/Public/yoga/js/manifest.df3eb60a5109386ee904.js.map
INFO: [ app_init ] --START--
INFO: Run Behavior\BuildLiteBehavior [ RunTime:0.000000s ]
INFO: [ app_init ] --END-- [ RunTime:0.000000s ]
ERR: 无法加载模块:Public

[ 2016-09-25T16:25:29+08:00 ] ::1 /yoga/Public/yoga/js/app.073bafe6680028f8b022.js.map
INFO: [ app_init ] --START--
INFO: Run Behavior\BuildLiteBehavior [ RunTime:0.000000s ]
INFO: [ app_init ] --END-- [ RunTime:0.000000s ]
ERR: 无法加载模块:Public

[ 2016-09-25T16:33:41+08:00 ] ::1 /yoga/Public/yoga/js/manifest.df3eb60a5109386ee904.js.map
INFO: [ app_init ] --START--
INFO: Run Behavior\BuildLiteBehavior [ RunTime:0.000000s ]
INFO: [ app_init ] --END-- [ RunTime:0.001000s ]
ERR: 无法加载模块:Public

[ 2016-09-25T16:33:42+08:00 ] ::1 /yoga/Public/yoga/js/app.073bafe6680028f8b022.js.map
INFO: [ app_init ] --START--
INFO: Run Behavior\BuildLiteBehavior [ RunTime:0.000000s ]
INFO: [ app_init ] --END-- [ RunTime:0.001000s ]
ERR: 无法加载模块:Public

[ 2016-09-25T16:33:56+08:00 ] ::1 /yoga/Public/yoga/js/manifest.df3eb60a5109386ee904.js.map
INFO: [ app_init ] --START--
INFO: Run Behavior\BuildLiteBehavior [ RunTime:0.000000s ]
INFO: [ app_init ] --END-- [ RunTime:0.001000s ]
ERR: 无法加载模块:Public

[ 2016-09-25T16:33:56+08:00 ] ::1 /yoga/Public/yoga/js/app.073bafe6680028f8b022.js.map
INFO: [ app_init ] --START--
INFO: Run Behavior\BuildLiteBehavior [ RunTime:0.000000s ]
INFO: [ app_init ] --END-- [ RunTime:0.002000s ]
ERR: 无法加载模块:Public

[ 2016-09-25T16:34:13+08:00 ] ::1 /yoga/Public/yoga/js/manifest.df3eb60a5109386ee904.js.map
INFO: [ app_init ] --START--
INFO: Run Behavior\BuildLiteBehavior [ RunTime:0.000000s ]
INFO: [ app_init ] --END-- [ RunTime:0.001000s ]
ERR: 无法加载模块:Public

[ 2016-09-25T16:34:13+08:00 ] ::1 /yoga/Public/yoga/js/app.073bafe6680028f8b022.js.map
INFO: [ app_init ] --START--
INFO: Run Behavior\BuildLiteBehavior [ RunTime:0.000000s ]
INFO: [ app_init ] --END-- [ RunTime:0.000000s ]
ERR: 无法加载模块:Public

[ 2016-09-25T16:35:42+08:00 ] ::1 /yoga/Public/yoga/js/manifest.df3eb60a5109386ee904.js.map
INFO: [ app_init ] --START--
INFO: Run Behavior\BuildLiteBehavior [ RunTime:0.000000s ]
INFO: [ app_init ] --END-- [ RunTime:0.001001s ]
ERR: 无法加载模块:Public

[ 2016-09-25T16:35:42+08:00 ] ::1 /yoga/Public/yoga/js/app.073bafe6680028f8b022.js.map
INFO: [ app_init ] --START--
INFO: Run Behavior\BuildLiteBehavior [ RunTime:0.000000s ]
INFO: [ app_init ] --END-- [ RunTime:0.001001s ]
ERR: 无法加载模块:Public

[ 2016-09-25T16:36:50+08:00 ] ::1 /yoga/Public/yoga/js/manifest.df3eb60a5109386ee904.js.map
INFO: [ app_init ] --START--
INFO: Run Behavior\BuildLiteBehavior [ RunTime:0.000000s ]
INFO: [ app_init ] --END-- [ RunTime:0.001000s ]
ERR: 无法加载模块:Public

[ 2016-09-25T16:36:50+08:00 ] ::1 /yoga/Public/yoga/js/app.073bafe6680028f8b022.js.map
INFO: [ app_init ] --START--
INFO: Run Behavior\BuildLiteBehavior [ RunTime:0.000000s ]
INFO: [ app_init ] --END-- [ RunTime:0.000000s ]
ERR: 无法加载模块:Public

[ 2016-09-25T16:41:11+08:00 ] ::1 /yoga/Public/yoga/js/manifest.df3eb60a5109386ee904.js.map
INFO: [ app_init ] --START--
INFO: Run Behavior\BuildLiteBehavior [ RunTime:0.000000s ]
INFO: [ app_init ] --END-- [ RunTime:0.001000s ]
ERR: 无法加载模块:Public

[ 2016-09-25T16:41:11+08:00 ] ::1 /yoga/Public/yoga/js/app.073bafe6680028f8b022.js.map
INFO: [ app_init ] --START--
INFO: Run Behavior\BuildLiteBehavior [ RunTime:0.000000s ]
INFO: [ app_init ] --END-- [ RunTime:0.001000s ]
ERR: 无法加载模块:Public

[ 2016-09-25T16:49:09+08:00 ] ::1 /yoga/Public/yoga/js/manifest.df3eb60a5109386ee904.js.map
INFO: [ app_init ] --START--
INFO: Run Behavior\BuildLiteBehavior [ RunTime:0.000000s ]
INFO: [ app_init ] --END-- [ RunTime:0.000000s ]
ERR: 无法加载模块:Public

[ 2016-09-25T16:49:09+08:00 ] ::1 /yoga/Public/yoga/js/app.073bafe6680028f8b022.js.map
INFO: [ app_init ] --START--
INFO: Run Behavior\BuildLiteBehavior [ RunTime:0.000000s ]
INFO: [ app_init ] --END-- [ RunTime:0.001000s ]
ERR: 无法加载模块:Public

[ 2016-09-25T16:50:53+08:00 ] ::1 /yoga/Public/yoga/js/manifest.df3eb60a5109386ee904.js.map
INFO: [ app_init ] --START--
INFO: Run Behavior\BuildLiteBehavior [ RunTime:0.000000s ]
INFO: [ app_init ] --END-- [ RunTime:0.001000s ]
ERR: 无法加载模块:Public

[ 2016-09-25T16:50:53+08:00 ] ::1 /yoga/Public/yoga/js/app.073bafe6680028f8b022.js.map
INFO: [ app_init ] --START--
INFO: Run Behavior\BuildLiteBehavior [ RunTime:0.000000s ]
INFO: [ app_init ] --END-- [ RunTime:0.001000s ]
ERR: 无法加载模块:Public

[ 2016-09-25T16:53:02+08:00 ] ::1 /yoga/Public/yoga/js/manifest.df3eb60a5109386ee904.js.map
INFO: [ app_init ] --START--
INFO: Run Behavior\BuildLiteBehavior [ RunTime:0.000000s ]
INFO: [ app_init ] --END-- [ RunTime:0.001000s ]
ERR: 无法加载模块:Public

[ 2016-09-25T16:53:02+08:00 ] ::1 /yoga/Public/yoga/js/app.073bafe6680028f8b022.js.map
INFO: [ app_init ] --START--
INFO: Run Behavior\BuildLiteBehavior [ RunTime:0.000000s ]
INFO: [ app_init ] --END-- [ RunTime:0.001000s ]
ERR: 无法加载模块:Public

[ 2016-09-25T16:53:52+08:00 ] ::1 /yoga/Public/yoga/js/manifest.df3eb60a5109386ee904.js.map
INFO: [ app_init ] --START--
INFO: Run Behavior\BuildLiteBehavior [ RunTime:0.000000s ]
INFO: [ app_init ] --END-- [ RunTime:0.000000s ]
ERR: 无法加载模块:Public

[ 2016-09-25T16:53:52+08:00 ] ::1 /yoga/Public/yoga/js/app.073bafe6680028f8b022.js.map
INFO: [ app_init ] --START--
INFO: Run Behavior\BuildLiteBehavior [ RunTime:0.000000s ]
INFO: [ app_init ] --END-- [ RunTime:0.001000s ]
ERR: 无法加载模块:Public

[ 2016-09-25T16:54:42+08:00 ] ::1 /yoga/Public/yoga/js/manifest.df3eb60a5109386ee904.js.map
INFO: [ app_init ] --START--
INFO: Run Behavior\BuildLiteBehavior [ RunTime:0.000000s ]
INFO: [ app_init ] --END-- [ RunTime:0.001000s ]
ERR: 无法加载模块:Public

[ 2016-09-25T16:54:42+08:00 ] ::1 /yoga/Public/yoga/js/app.073bafe6680028f8b022.js.map
INFO: [ app_init ] --START--
INFO: Run Behavior\BuildLiteBehavior [ RunTime:0.000000s ]
INFO: [ app_init ] --END-- [ RunTime:0.001000s ]
ERR: 无法加载模块:Public

[ 2016-09-25T16:55:49+08:00 ] ::1 /yoga/Public/yoga/js/manifest.df3eb60a5109386ee904.js.map
INFO: [ app_init ] --START--
INFO: Run Behavior\BuildLiteBehavior [ RunTime:0.000000s ]
INFO: [ app_init ] --END-- [ RunTime:0.002000s ]
ERR: 无法加载模块:Public

[ 2016-09-25T16:55:49+08:00 ] ::1 /yoga/Public/yoga/js/app.073bafe6680028f8b022.js.map
INFO: [ app_init ] --START--
INFO: Run Behavior\BuildLiteBehavior [ RunTime:0.000000s ]
INFO: [ app_init ] --END-- [ RunTime:0.001000s ]
ERR: 无法加载模块:Public

[ 2016-09-25T16:57:17+08:00 ] ::1 /yoga/Public/yoga/js/manifest.df3eb60a5109386ee904.js.map
INFO: [ app_init ] --START--
INFO: Run Behavior\BuildLiteBehavior [ RunTime:0.000000s ]
INFO: [ app_init ] --END-- [ RunTime:0.001000s ]
ERR: 无法加载模块:Public

[ 2016-09-25T16:57:17+08:00 ] ::1 /yoga/Public/yoga/js/app.073bafe6680028f8b022.js.map
INFO: [ app_init ] --START--
INFO: Run Behavior\BuildLiteBehavior [ RunTime:0.000000s ]
INFO: [ app_init ] --END-- [ RunTime:0.000000s ]
ERR: 无法加载模块:Public

[ 2016-09-25T16:57:38+08:00 ] ::1 /yoga/Public/yoga/js/manifest.df3eb60a5109386ee904.js.map
INFO: [ app_init ] --START--
INFO: Run Behavior\BuildLiteBehavior [ RunTime:0.000000s ]
INFO: [ app_init ] --END-- [ RunTime:0.001000s ]
ERR: 无法加载模块:Public

[ 2016-09-25T16:57:38+08:00 ] ::1 /yoga/Public/yoga/js/app.073bafe6680028f8b022.js.map
INFO: [ app_init ] --START--
INFO: Run Behavior\BuildLiteBehavior [ RunTime:0.000000s ]
INFO: [ app_init ] --END-- [ RunTime:0.000000s ]
ERR: 无法加载模块:Public

[ 2016-09-25T17:06:42+08:00 ] ::1 /yoga/Public/yoga/js/manifest.df3eb60a5109386ee904.js.map
INFO: [ app_init ] --START--
INFO: Run Behavior\BuildLiteBehavior [ RunTime:0.000000s ]
INFO: [ app_init ] --END-- [ RunTime:0.001000s ]
ERR: 无法加载模块:Public

[ 2016-09-25T17:06:42+08:00 ] ::1 /yoga/Public/yoga/js/app.073bafe6680028f8b022.js.map
INFO: [ app_init ] --START--
INFO: Run Behavior\BuildLiteBehavior [ RunTime:0.000000s ]
INFO: [ app_init ] --END-- [ RunTime:0.001000s ]
ERR: 无法加载模块:Public

[ 2016-09-25T17:06:53+08:00 ] ::1 /yoga/Public/yoga/js/manifest.df3eb60a5109386ee904.js.map
INFO: [ app_init ] --START--
INFO: Run Behavior\BuildLiteBehavior [ RunTime:0.000000s ]
INFO: [ app_init ] --END-- [ RunTime:0.000000s ]
ERR: 无法加载模块:Public

[ 2016-09-25T17:06:53+08:00 ] ::1 /yoga/Public/yoga/js/app.073bafe6680028f8b022.js.map
INFO: [ app_init ] --START--
INFO: Run Behavior\BuildLiteBehavior [ RunTime:0.000000s ]
INFO: [ app_init ] --END-- [ RunTime:0.000000s ]
ERR: 无法加载模块:Public

[ 2016-09-25T17:06:59+08:00 ] ::1 /yoga/Public/yoga/js/manifest.df3eb60a5109386ee904.js.map
INFO: [ app_init ] --START--
INFO: Run Behavior\BuildLiteBehavior [ RunTime:0.000000s ]
INFO: [ app_init ] --END-- [ RunTime:0.000000s ]
ERR: 无法加载模块:Public

[ 2016-09-25T17:07:00+08:00 ] ::1 /yoga/Public/yoga/js/app.073bafe6680028f8b022.js.map
INFO: [ app_init ] --START--
INFO: Run Behavior\BuildLiteBehavior [ RunTime:0.000000s ]
INFO: [ app_init ] --END-- [ RunTime:0.001000s ]
ERR: 无法加载模块:Public

[ 2016-09-25T17:07:14+08:00 ] ::1 /yoga/Public/yoga/js/manifest.df3eb60a5109386ee904.js.map
INFO: [ app_init ] --START--
INFO: Run Behavior\BuildLiteBehavior [ RunTime:0.000000s ]
INFO: [ app_init ] --END-- [ RunTime:0.001000s ]
ERR: 无法加载模块:Public

[ 2016-09-25T17:07:14+08:00 ] ::1 /yoga/Public/yoga/js/app.073bafe6680028f8b022.js.map
INFO: [ app_init ] --START--
INFO: Run Behavior\BuildLiteBehavior [ RunTime:0.000000s ]
INFO: [ app_init ] --END-- [ RunTime:0.001000s ]
ERR: 无法加载模块:Public

[ 2016-09-25T17:07:19+08:00 ] ::1 /yoga/Public/yoga/js/manifest.df3eb60a5109386ee904.js.map
INFO: [ app_init ] --START--
INFO: Run Behavior\BuildLiteBehavior [ RunTime:0.000000s ]
INFO: [ app_init ] --END-- [ RunTime:0.000000s ]
ERR: 无法加载模块:Public

[ 2016-09-25T17:07:19+08:00 ] ::1 /yoga/Public/yoga/js/app.073bafe6680028f8b022.js.map
INFO: [ app_init ] --START--
INFO: Run Behavior\BuildLiteBehavior [ RunTime:0.000000s ]
INFO: [ app_init ] --END-- [ RunTime:0.000000s ]
ERR: 无法加载模块:Public

[ 2016-09-25T17:11:31+08:00 ] ::1 /yoga/Public/yoga/js/manifest.df3eb60a5109386ee904.js.map
INFO: [ app_init ] --START--
INFO: Run Behavior\BuildLiteBehavior [ RunTime:0.000000s ]
INFO: [ app_init ] --END-- [ RunTime:0.001000s ]
ERR: 无法加载模块:Public

[ 2016-09-25T17:11:31+08:00 ] ::1 /yoga/Public/yoga/js/app.073bafe6680028f8b022.js.map
INFO: [ app_init ] --START--
INFO: Run Behavior\BuildLiteBehavior [ RunTime:0.001000s ]
INFO: [ app_init ] --END-- [ RunTime:0.001000s ]
ERR: 无法加载模块:Public

[ 2016-09-25T17:16:07+08:00 ] ::1 /yoga/Public/yoga/js/manifest.df3eb60a5109386ee904.js.map
INFO: [ app_init ] --START--
INFO: Run Behavior\BuildLiteBehavior [ RunTime:0.000000s ]
INFO: [ app_init ] --END-- [ RunTime:0.001000s ]
ERR: 无法加载模块:Public

[ 2016-09-25T17:16:08+08:00 ] ::1 /yoga/Public/yoga/js/app.073bafe6680028f8b022.js.map
INFO: [ app_init ] --START--
INFO: Run Behavior\BuildLiteBehavior [ RunTime:0.000000s ]
INFO: [ app_init ] --END-- [ RunTime:0.000000s ]
ERR: 无法加载模块:Public

[ 2016-09-25T17:16:25+08:00 ] ::1 /yoga/Public/yoga/js/manifest.df3eb60a5109386ee904.js.map
INFO: [ app_init ] --START--
INFO: Run Behavior\BuildLiteBehavior [ RunTime:0.000000s ]
INFO: [ app_init ] --END-- [ RunTime:0.001000s ]
ERR: 无法加载模块:Public

[ 2016-09-25T17:16:25+08:00 ] ::1 /yoga/Public/yoga/js/app.073bafe6680028f8b022.js.map
INFO: [ app_init ] --START--
INFO: Run Behavior\BuildLiteBehavior [ RunTime:0.000000s ]
INFO: [ app_init ] --END-- [ RunTime:0.001000s ]
ERR: 无法加载模块:Public

[ 2016-09-25T17:21:04+08:00 ] ::1 /yoga/Public/yoga/js/manifest.df3eb60a5109386ee904.js.map
INFO: [ app_init ] --START--
INFO: Run Behavior\BuildLiteBehavior [ RunTime:0.000000s ]
INFO: [ app_init ] --END-- [ RunTime:0.000000s ]
ERR: 无法加载模块:Public

[ 2016-09-25T17:21:04+08:00 ] ::1 /yoga/Public/yoga/js/app.073bafe6680028f8b022.js.map
INFO: [ app_init ] --START--
INFO: Run Behavior\BuildLiteBehavior [ RunTime:0.000000s ]
INFO: [ app_init ] --END-- [ RunTime:0.001000s ]
ERR: 无法加载模块:Public

[ 2016-09-25T17:22:19+08:00 ] ::1 /yoga/Public/yoga/js/manifest.df3eb60a5109386ee904.js.map
INFO: [ app_init ] --START--
INFO: Run Behavior\BuildLiteBehavior [ RunTime:0.000000s ]
INFO: [ app_init ] --END-- [ RunTime:0.001000s ]
ERR: 无法加载模块:Public

[ 2016-09-25T17:22:19+08:00 ] ::1 /yoga/Public/yoga/js/app.073bafe6680028f8b022.js.map
INFO: [ app_init ] --START--
INFO: Run Behavior\BuildLiteBehavior [ RunTime:0.000000s ]
INFO: [ app_init ] --END-- [ RunTime:0.001000s ]
ERR: 无法加载模块:Public

[ 2016-09-25T17:23:21+08:00 ] ::1 /yoga/Public/yoga/js/manifest.df3eb60a5109386ee904.js.map
INFO: [ app_init ] --START--
INFO: Run Behavior\BuildLiteBehavior [ RunTime:0.000000s ]
INFO: [ app_init ] --END-- [ RunTime:0.001000s ]
ERR: 无法加载模块:Public

[ 2016-09-25T17:23:21+08:00 ] ::1 /yoga/Public/yoga/js/app.073bafe6680028f8b022.js.map
INFO: [ app_init ] --START--
INFO: Run Behavior\BuildLiteBehavior [ RunTime:0.000000s ]
INFO: [ app_init ] --END-- [ RunTime:0.001000s ]
ERR: 无法加载模块:Public

[ 2016-09-25T17:24:53+08:00 ] ::1 /yoga/Public/yoga/js/manifest.df3eb60a5109386ee904.js.map
INFO: [ app_init ] --START--
INFO: Run Behavior\BuildLiteBehavior [ RunTime:0.000000s ]
INFO: [ app_init ] --END-- [ RunTime:0.001000s ]
ERR: 无法加载模块:Public

[ 2016-09-25T17:24:54+08:00 ] ::1 /yoga/Public/yoga/js/app.073bafe6680028f8b022.js.map
INFO: [ app_init ] --START--
INFO: Run Behavior\BuildLiteBehavior [ RunTime:0.000000s ]
INFO: [ app_init ] --END-- [ RunTime:0.001000s ]
ERR: 无法加载模块:Public

[ 2016-09-25T17:25:33+08:00 ] ::1 /yoga/Public/yoga/js/manifest.df3eb60a5109386ee904.js.map
INFO: [ app_init ] --START--
INFO: Run Behavior\BuildLiteBehavior [ RunTime:0.000000s ]
INFO: [ app_init ] --END-- [ RunTime:0.001000s ]
ERR: 无法加载模块:Public

[ 2016-09-25T17:25:33+08:00 ] ::1 /yoga/Public/yoga/js/app.073bafe6680028f8b022.js.map
INFO: [ app_init ] --START--
INFO: Run Behavior\BuildLiteBehavior [ RunTime:0.000000s ]
INFO: [ app_init ] --END-- [ RunTime:0.000000s ]
ERR: 无法加载模块:Public

[ 2016-09-25T17:27:31+08:00 ] ::1 /yoga/Public/yoga/js/manifest.df3eb60a5109386ee904.js.map
INFO: [ app_init ] --START--
INFO: Run Behavior\BuildLiteBehavior [ RunTime:0.000000s ]
INFO: [ app_init ] --END-- [ RunTime:0.001000s ]
ERR: 无法加载模块:Public

[ 2016-09-25T17:27:31+08:00 ] ::1 /yoga/Public/yoga/js/app.073bafe6680028f8b022.js.map
INFO: [ app_init ] --START--
INFO: Run Behavior\BuildLiteBehavior [ RunTime:0.000000s ]
INFO: [ app_init ] --END-- [ RunTime:0.001000s ]
ERR: 无法加载模块:Public

[ 2016-09-25T17:28:30+08:00 ] ::1 /yoga/Public/yoga/js/manifest.df3eb60a5109386ee904.js.map
INFO: [ app_init ] --START--
INFO: Run Behavior\BuildLiteBehavior [ RunTime:0.000000s ]
INFO: [ app_init ] --END-- [ RunTime:0.000000s ]
ERR: 无法加载模块:Public

[ 2016-09-25T17:28:30+08:00 ] ::1 /yoga/Public/yoga/js/app.073bafe6680028f8b022.js.map
INFO: [ app_init ] --START--
INFO: Run Behavior\BuildLiteBehavior [ RunTime:0.000000s ]
INFO: [ app_init ] --END-- [ RunTime:0.001000s ]
ERR: 无法加载模块:Public

[ 2016-09-25T17:28:55+08:00 ] ::1 /yoga/Public/yoga/js/manifest.df3eb60a5109386ee904.js.map
INFO: [ app_init ] --START--
INFO: Run Behavior\BuildLiteBehavior [ RunTime:0.000000s ]
INFO: [ app_init ] --END-- [ RunTime:0.001001s ]
ERR: 无法加载模块:Public

[ 2016-09-25T17:28:55+08:00 ] ::1 /yoga/Public/yoga/js/app.073bafe6680028f8b022.js.map
INFO: [ app_init ] --START--
INFO: Run Behavior\BuildLiteBehavior [ RunTime:0.000000s ]
INFO: [ app_init ] --END-- [ RunTime:0.001000s ]
ERR: 无法加载模块:Public

[ 2016-09-25T17:33:10+08:00 ] ::1 /yoga/Public/yoga/js/manifest.df3eb60a5109386ee904.js.map
INFO: [ app_init ] --START--
INFO: Run Behavior\BuildLiteBehavior [ RunTime:0.000000s ]
INFO: [ app_init ] --END-- [ RunTime:0.001000s ]
ERR: 无法加载模块:Public

[ 2016-09-25T17:33:10+08:00 ] ::1 /yoga/Public/yoga/js/app.073bafe6680028f8b022.js.map
INFO: [ app_init ] --START--
INFO: Run Behavior\BuildLiteBehavior [ RunTime:0.000000s ]
INFO: [ app_init ] --END-- [ RunTime:0.000000s ]
ERR: 无法加载模块:Public

