[ 2016-09-07T19:28:12+08:00 ] ::1 /yoga/index.php/Admin/Login/login
INFO: [ app_init ] --START--
INFO: Run Behavior\BuildLiteBehavior [ RunTime:0.000000s ]
INFO: [ app_init ] --END-- [ RunTime:0.001000s ]
INFO: [ app_begin ] --START--
INFO: Run Behavior\ReadHtmlCacheBehavior [ RunTime:0.000000s ]
INFO: [ app_begin ] --END-- [ RunTime:0.001000s ]
INFO: [ view_parse ] --START--
INFO: [ template_filter ] --START--
INFO: Run Behavior\ContentReplaceBehavior [ RunTime:0.000000s ]
INFO: [ template_filter ] --END-- [ RunTime:0.000000s ]
INFO: Run Behavior\ParseTemplateBehavior [ RunTime:0.025001s ]
INFO: [ view_parse ] --END-- [ RunTime:0.025001s ]
INFO: [ view_filter ] --START--
INFO: Run Behavior\WriteHtmlCacheBehavior [ RunTime:0.001000s ]
INFO: Run Behavior\TokenBuildBehavior [ RunTime:0.001000s ]
INFO: [ view_filter ] --END-- [ RunTime:0.002000s ]
INFO: [ app_end ] --START--
INFO: Run Behavior\ShowPageTraceBehavior [ RunTime:0.001000s ]
INFO: [ app_end ] --END-- [ RunTime:0.001000s ]

[ 2016-09-07T19:28:20+08:00 ] ::1 /yoga/index.php/Admin/Login/runlogin.html
INFO: [ app_init ] --START--
INFO: Run Behavior\BuildLiteBehavior [ RunTime:0.000000s ]
INFO: [ app_init ] --END-- [ RunTime:0.000000s ]
INFO: [ app_begin ] --START--
INFO: Run Behavior\ReadHtmlCacheBehavior [ RunTime:0.001000s ]
INFO: [ app_begin ] --END-- [ RunTime:0.001000s ]

[ 2016-09-07T19:28:22+08:00 ] ::1 /yoga/index.php/Admin/Index/index.html
INFO: [ app_init ] --START--
INFO: Run Behavior\BuildLiteBehavior [ RunTime:0.000000s ]
INFO: [ app_init ] --END-- [ RunTime:0.000000s ]
INFO: [ app_begin ] --START--
INFO: Run Behavior\ReadHtmlCacheBehavior [ RunTime:0.001000s ]
INFO: [ app_begin ] --END-- [ RunTime:0.001000s ]
NOTIC: [2] Division by zero E:\www\yoga\Application\Admin\Controller\IndexController.class.php 第 38 行.
INFO: [ view_parse ] --START--
INFO: [ template_filter ] --START--
INFO: Run Behavior\ContentReplaceBehavior [ RunTime:0.001000s ]
INFO: [ template_filter ] --END-- [ RunTime:0.001000s ]
INFO: Run Behavior\ParseTemplateBehavior [ RunTime:0.680039s ]
INFO: [ view_parse ] --END-- [ RunTime:0.680039s ]
INFO: [ view_filter ] --START--
INFO: Run Behavior\WriteHtmlCacheBehavior [ RunTime:0.000000s ]
INFO: Run Behavior\TokenBuildBehavior [ RunTime:0.001000s ]
INFO: [ view_filter ] --END-- [ RunTime:0.001000s ]
INFO: [ app_end ] --START--
INFO: Run Behavior\ShowPageTraceBehavior [ RunTime:0.001000s ]
INFO: [ app_end ] --END-- [ RunTime:0.001000s ]

[ 2016-09-07T19:28:29+08:00 ] ::1 /yoga/index.php/Admin/News/news_list/se/8.html
INFO: [ app_init ] --START--
INFO: Run Behavior\BuildLiteBehavior [ RunTime:0.000000s ]
INFO: [ app_init ] --END-- [ RunTime:0.001000s ]
INFO: [ app_begin ] --START--
INFO: Run Behavior\ReadHtmlCacheBehavior [ RunTime:0.001000s ]
INFO: [ app_begin ] --END-- [ RunTime:0.001000s ]
NOTIC: [8] Undefined offset: 1 E:\www\yoga\Application\Admin\Controller\NewsController.class.php 第 24 行.
NOTIC: [8] Undefined variable: map E:\www\yoga\Application\Admin\Controller\NewsController.class.php 第 50 行.
NOTIC: [2] Invalid argument supplied for foreach() E:\www\yoga\Application\Admin\Controller\NewsController.class.php 第 50 行.
INFO: [ view_parse ] --START--
INFO: [ template_filter ] --START--
INFO: Run Behavior\ContentReplaceBehavior [ RunTime:0.001000s ]
INFO: [ template_filter ] --END-- [ RunTime:0.001000s ]
NOTIC: [8] Use of undefined constant ad_open - assumed 'ad_open' E:\www\yoga\Application\Runtime\Cache\Admin\5dc7cb56e7e8cd7601e6f40f87c141e0.php 第 436 行.
NOTIC: [8] Use of undefined constant ad_open - assumed 'ad_open' E:\www\yoga\Application\Runtime\Cache\Admin\5dc7cb56e7e8cd7601e6f40f87c141e0.php 第 436 行.
NOTIC: [8] Use of undefined constant ad_open - assumed 'ad_open' E:\www\yoga\Application\Runtime\Cache\Admin\5dc7cb56e7e8cd7601e6f40f87c141e0.php 第 436 行.
INFO: Run Behavior\ParseTemplateBehavior [ RunTime:0.144008s ]
INFO: [ view_parse ] --END-- [ RunTime:0.144008s ]
INFO: [ view_filter ] --START--
INFO: Run Behavior\WriteHtmlCacheBehavior [ RunTime:0.000000s ]
INFO: Run Behavior\TokenBuildBehavior [ RunTime:0.001000s ]
INFO: [ view_filter ] --END-- [ RunTime:0.001000s ]
INFO: [ app_end ] --START--
INFO: Run Behavior\ShowPageTraceBehavior [ RunTime:0.000000s ]
INFO: [ app_end ] --END-- [ RunTime:0.000000s ]

[ 2016-09-07T19:28:32+08:00 ] ::1 /yoga/index.php/Admin/News/news_list_edit/ad_id/29.html
INFO: [ app_init ] --START--
INFO: Run Behavior\BuildLiteBehavior [ RunTime:0.000000s ]
INFO: [ app_init ] --END-- [ RunTime:0.001000s ]
INFO: [ app_begin ] --START--
INFO: Run Behavior\ReadHtmlCacheBehavior [ RunTime:0.001000s ]
INFO: [ app_begin ] --END-- [ RunTime:0.001000s ]
NOTIC: [8] Use of undefined constant htmlspecialchars - assumed 'htmlspecialchars' E:\www\yoga\Application\Admin\Controller\NewsController.class.php 第 524 行.
INFO: [ view_parse ] --START--
INFO: [ template_filter ] --START--
INFO: Run Behavior\ContentReplaceBehavior [ RunTime:0.000000s ]
INFO: [ template_filter ] --END-- [ RunTime:0.001000s ]
NOTIC: [8] Use of undefined constant ad_photo - assumed 'ad_photo' E:\www\yoga\Application\Runtime\Cache\Admin\6a8dd9061356aa1cf804f5edd76c5d12.php 第 357 行.
NOTIC: [8] Array to string conversion E:\www\yoga\Application\Runtime\Cache\Admin\6a8dd9061356aa1cf804f5edd76c5d12.php 第 357 行.
NOTIC: [8] Undefined variable: pic_list E:\www\yoga\Application\Runtime\Cache\Admin\6a8dd9061356aa1cf804f5edd76c5d12.php 第 710 行.
INFO: Run Behavior\ParseTemplateBehavior [ RunTime:0.161009s ]
INFO: [ view_parse ] --END-- [ RunTime:0.161009s ]
INFO: [ view_filter ] --START--
INFO: Run Behavior\WriteHtmlCacheBehavior [ RunTime:0.000000s ]
INFO: Run Behavior\TokenBuildBehavior [ RunTime:0.000000s ]
INFO: [ view_filter ] --END-- [ RunTime:0.000000s ]
INFO: [ app_end ] --START--
INFO: Run Behavior\ShowPageTraceBehavior [ RunTime:0.000000s ]
INFO: [ app_end ] --END-- [ RunTime:0.000000s ]

[ 2016-09-07T19:38:35+08:00 ] ::1 /yoga/index.php/Admin/News/news_runedit.html
INFO: [ app_init ] --START--
INFO: Run Behavior\BuildLiteBehavior [ RunTime:0.000000s ]
INFO: [ app_init ] --END-- [ RunTime:0.000000s ]
INFO: [ app_begin ] --START--
INFO: Run Behavior\ReadHtmlCacheBehavior [ RunTime:0.000000s ]
INFO: [ app_begin ] --END-- [ RunTime:0.000000s ]
NOTIC: [8] Use of undefined constant htmlspecialchars - assumed 'htmlspecialchars' E:\www\yoga\Application\Admin\Controller\NewsController.class.php 第 254 行.
NOTIC: [8] Use of undefined constant htmlspecialchars - assumed 'htmlspecialchars' E:\www\yoga\Application\Admin\Controller\NewsController.class.php 第 255 行.
NOTIC: [8] Undefined index: pic_one E:\www\yoga\Application\Admin\Controller\NewsController.class.php 第 264 行.
NOTIC: [8] Undefined index: pic_all E:\www\yoga\Application\Admin\Controller\NewsController.class.php 第 264 行.
NOTIC: [8] Undefined variable: img_url E:\www\yoga\Application\Admin\Controller\NewsController.class.php 第 318 行.

[ 2016-09-07T19:38:39+08:00 ] ::1 /yoga/index.php/Admin/News/news_list.html
INFO: [ app_init ] --START--
INFO: Run Behavior\BuildLiteBehavior [ RunTime:0.000000s ]
INFO: [ app_init ] --END-- [ RunTime:0.000000s ]
INFO: [ app_begin ] --START--
INFO: Run Behavior\ReadHtmlCacheBehavior [ RunTime:0.001000s ]
INFO: [ app_begin ] --END-- [ RunTime:0.001000s ]
NOTIC: [8] Undefined offset: 1 E:\www\yoga\Application\Admin\Controller\NewsController.class.php 第 24 行.
NOTIC: [8] Undefined variable: map E:\www\yoga\Application\Admin\Controller\NewsController.class.php 第 50 行.
NOTIC: [2] Invalid argument supplied for foreach() E:\www\yoga\Application\Admin\Controller\NewsController.class.php 第 50 行.
INFO: [ view_parse ] --START--
INFO: [ template_filter ] --START--
INFO: Run Behavior\ContentReplaceBehavior [ RunTime:0.001000s ]
INFO: [ template_filter ] --END-- [ RunTime:0.001000s ]
NOTIC: [8] Use of undefined constant ad_open - assumed 'ad_open' E:\www\yoga\Application\Runtime\Cache\Admin\5dc7cb56e7e8cd7601e6f40f87c141e0.php 第 436 行.
NOTIC: [8] Use of undefined constant ad_open - assumed 'ad_open' E:\www\yoga\Application\Runtime\Cache\Admin\5dc7cb56e7e8cd7601e6f40f87c141e0.php 第 436 行.
NOTIC: [8] Use of undefined constant ad_open - assumed 'ad_open' E:\www\yoga\Application\Runtime\Cache\Admin\5dc7cb56e7e8cd7601e6f40f87c141e0.php 第 436 行.
INFO: Run Behavior\ParseTemplateBehavior [ RunTime:0.026001s ]
INFO: [ view_parse ] --END-- [ RunTime:0.026001s ]
INFO: [ view_filter ] --START--
INFO: Run Behavior\WriteHtmlCacheBehavior [ RunTime:0.000000s ]
INFO: Run Behavior\TokenBuildBehavior [ RunTime:0.000000s ]
INFO: [ view_filter ] --END-- [ RunTime:0.001000s ]
INFO: [ app_end ] --START--
INFO: Run Behavior\ShowPageTraceBehavior [ RunTime:0.000000s ]
INFO: [ app_end ] --END-- [ RunTime:0.000000s ]

[ 2016-09-07T19:40:05+08:00 ] ::1 /yoga/index.php/Admin/News/news_list_edit/ad_id/29.html
INFO: [ app_init ] --START--
INFO: Run Behavior\BuildLiteBehavior [ RunTime:0.000000s ]
INFO: [ app_init ] --END-- [ RunTime:0.001000s ]
INFO: [ app_begin ] --START--
INFO: Run Behavior\ReadHtmlCacheBehavior [ RunTime:0.001001s ]
INFO: [ app_begin ] --END-- [ RunTime:0.001001s ]
NOTIC: [8] Use of undefined constant htmlspecialchars - assumed 'htmlspecialchars' E:\www\yoga\Application\Admin\Controller\NewsController.class.php 第 524 行.
INFO: [ view_parse ] --START--
INFO: [ template_filter ] --START--
INFO: Run Behavior\ContentReplaceBehavior [ RunTime:0.000000s ]
INFO: [ template_filter ] --END-- [ RunTime:0.000000s ]
NOTIC: [8] Use of undefined constant ad_photo - assumed 'ad_photo' E:\www\yoga\Application\Runtime\Cache\Admin\6a8dd9061356aa1cf804f5edd76c5d12.php 第 357 行.
NOTIC: [8] Array to string conversion E:\www\yoga\Application\Runtime\Cache\Admin\6a8dd9061356aa1cf804f5edd76c5d12.php 第 357 行.
NOTIC: [8] Undefined variable: pic_list E:\www\yoga\Application\Runtime\Cache\Admin\6a8dd9061356aa1cf804f5edd76c5d12.php 第 710 行.
INFO: Run Behavior\ParseTemplateBehavior [ RunTime:0.029002s ]
INFO: [ view_parse ] --END-- [ RunTime:0.029002s ]
INFO: [ view_filter ] --START--
INFO: Run Behavior\WriteHtmlCacheBehavior [ RunTime:0.001000s ]
INFO: Run Behavior\TokenBuildBehavior [ RunTime:0.000000s ]
INFO: [ view_filter ] --END-- [ RunTime:0.001000s ]
INFO: [ app_end ] --START--
INFO: Run Behavior\ShowPageTraceBehavior [ RunTime:0.000000s ]
INFO: [ app_end ] --END-- [ RunTime:0.000000s ]

[ 2016-09-07T19:43:44+08:00 ] ::1 /yoga/index.php/Admin/News/news_runedit.html
INFO: [ app_init ] --START--
INFO: Run Behavior\BuildLiteBehavior [ RunTime:0.000000s ]
INFO: [ app_init ] --END-- [ RunTime:0.000000s ]
INFO: [ app_begin ] --START--
INFO: Run Behavior\ReadHtmlCacheBehavior [ RunTime:0.002001s ]
INFO: [ app_begin ] --END-- [ RunTime:0.002001s ]
NOTIC: [8] Use of undefined constant htmlspecialchars - assumed 'htmlspecialchars' E:\www\yoga\Application\Admin\Controller\NewsController.class.php 第 254 行.
NOTIC: [8] Use of undefined constant htmlspecialchars - assumed 'htmlspecialchars' E:\www\yoga\Application\Admin\Controller\NewsController.class.php 第 255 行.
NOTIC: [8] Undefined index: pic_one E:\www\yoga\Application\Admin\Controller\NewsController.class.php 第 264 行.
NOTIC: [8] Undefined index: pic_all E:\www\yoga\Application\Admin\Controller\NewsController.class.php 第 264 行.
NOTIC: [8] Undefined variable: img_url E:\www\yoga\Application\Admin\Controller\NewsController.class.php 第 318 行.

[ 2016-09-07T19:43:47+08:00 ] ::1 /yoga/index.php/Admin/News/news_list.html
INFO: [ app_init ] --START--
INFO: Run Behavior\BuildLiteBehavior [ RunTime:0.000000s ]
INFO: [ app_init ] --END-- [ RunTime:0.001000s ]
INFO: [ app_begin ] --START--
INFO: Run Behavior\ReadHtmlCacheBehavior [ RunTime:0.001000s ]
INFO: [ app_begin ] --END-- [ RunTime:0.001000s ]
NOTIC: [8] Undefined offset: 1 E:\www\yoga\Application\Admin\Controller\NewsController.class.php 第 24 行.
NOTIC: [8] Undefined variable: map E:\www\yoga\Application\Admin\Controller\NewsController.class.php 第 50 行.
NOTIC: [2] Invalid argument supplied for foreach() E:\www\yoga\Application\Admin\Controller\NewsController.class.php 第 50 行.
INFO: [ view_parse ] --START--
INFO: [ template_filter ] --START--
INFO: Run Behavior\ContentReplaceBehavior [ RunTime:0.000000s ]
INFO: [ template_filter ] --END-- [ RunTime:0.000000s ]
NOTIC: [8] Use of undefined constant ad_open - assumed 'ad_open' E:\www\yoga\Application\Runtime\Cache\Admin\5dc7cb56e7e8cd7601e6f40f87c141e0.php 第 436 行.
NOTIC: [8] Use of undefined constant ad_open - assumed 'ad_open' E:\www\yoga\Application\Runtime\Cache\Admin\5dc7cb56e7e8cd7601e6f40f87c141e0.php 第 436 行.
NOTIC: [8] Use of undefined constant ad_open - assumed 'ad_open' E:\www\yoga\Application\Runtime\Cache\Admin\5dc7cb56e7e8cd7601e6f40f87c141e0.php 第 436 行.
INFO: Run Behavior\ParseTemplateBehavior [ RunTime:0.100005s ]
INFO: [ view_parse ] --END-- [ RunTime:0.100005s ]
INFO: [ view_filter ] --START--
INFO: Run Behavior\WriteHtmlCacheBehavior [ RunTime:0.000000s ]
INFO: Run Behavior\TokenBuildBehavior [ RunTime:0.001000s ]
INFO: [ view_filter ] --END-- [ RunTime:0.001000s ]
INFO: [ app_end ] --START--
INFO: Run Behavior\ShowPageTraceBehavior [ RunTime:0.001000s ]
INFO: [ app_end ] --END-- [ RunTime:0.002001s ]

[ 2016-09-07T19:46:41+08:00 ] ::1 /yoga/index.php/Admin/News/news_list_edit/ad_id/29.html
INFO: [ app_init ] --START--
INFO: Run Behavior\BuildLiteBehavior [ RunTime:0.000000s ]
INFO: [ app_init ] --END-- [ RunTime:0.000000s ]
INFO: [ app_begin ] --START--
INFO: Run Behavior\ReadHtmlCacheBehavior [ RunTime:0.001000s ]
INFO: [ app_begin ] --END-- [ RunTime:0.001000s ]
NOTIC: [8] Use of undefined constant htmlspecialchars - assumed 'htmlspecialchars' E:\www\yoga\Application\Admin\Controller\NewsController.class.php 第 524 行.
INFO: [ view_parse ] --START--
INFO: [ template_filter ] --START--
INFO: Run Behavior\ContentReplaceBehavior [ RunTime:0.000000s ]
INFO: [ template_filter ] --END-- [ RunTime:0.000000s ]
NOTIC: [8] Use of undefined constant ad_photo - assumed 'ad_photo' E:\www\yoga\Application\Runtime\Cache\Admin\6a8dd9061356aa1cf804f5edd76c5d12.php 第 357 行.
NOTIC: [8] Array to string conversion E:\www\yoga\Application\Runtime\Cache\Admin\6a8dd9061356aa1cf804f5edd76c5d12.php 第 357 行.
NOTIC: [8] Undefined variable: pic_list E:\www\yoga\Application\Runtime\Cache\Admin\6a8dd9061356aa1cf804f5edd76c5d12.php 第 710 行.
INFO: Run Behavior\ParseTemplateBehavior [ RunTime:0.101006s ]
INFO: [ view_parse ] --END-- [ RunTime:0.101006s ]
INFO: [ view_filter ] --START--
INFO: Run Behavior\WriteHtmlCacheBehavior [ RunTime:0.001000s ]
INFO: Run Behavior\TokenBuildBehavior [ RunTime:0.000000s ]
INFO: [ view_filter ] --END-- [ RunTime:0.001000s ]
INFO: [ app_end ] --START--
INFO: Run Behavior\ShowPageTraceBehavior [ RunTime:0.000000s ]
INFO: [ app_end ] --END-- [ RunTime:0.000000s ]

[ 2016-09-07T19:47:56+08:00 ] ::1 /yoga/index.php/Admin/News/news_runedit.html
INFO: [ app_init ] --START--
INFO: Run Behavior\BuildLiteBehavior [ RunTime:0.000000s ]
INFO: [ app_init ] --END-- [ RunTime:0.000000s ]
INFO: [ app_begin ] --START--
INFO: Run Behavior\ReadHtmlCacheBehavior [ RunTime:0.001000s ]
INFO: [ app_begin ] --END-- [ RunTime:0.001000s ]
NOTIC: [8] Use of undefined constant htmlspecialchars - assumed 'htmlspecialchars' E:\www\yoga\Application\Admin\Controller\NewsController.class.php 第 254 行.
NOTIC: [8] Use of undefined constant htmlspecialchars - assumed 'htmlspecialchars' E:\www\yoga\Application\Admin\Controller\NewsController.class.php 第 255 行.
NOTIC: [8] Undefined index: pic_one E:\www\yoga\Application\Admin\Controller\NewsController.class.php 第 264 行.
NOTIC: [8] Undefined index: pic_all E:\www\yoga\Application\Admin\Controller\NewsController.class.php 第 264 行.
NOTIC: [8] Undefined variable: img_url E:\www\yoga\Application\Admin\Controller\NewsController.class.php 第 318 行.

[ 2016-09-07T19:47:58+08:00 ] ::1 /yoga/index.php/Admin/News/news_list.html
INFO: [ app_init ] --START--
INFO: Run Behavior\BuildLiteBehavior [ RunTime:0.000000s ]
INFO: [ app_init ] --END-- [ RunTime:0.000000s ]
INFO: [ app_begin ] --START--
INFO: Run Behavior\ReadHtmlCacheBehavior [ RunTime:0.000000s ]
INFO: [ app_begin ] --END-- [ RunTime:0.000000s ]
NOTIC: [8] Undefined offset: 1 E:\www\yoga\Application\Admin\Controller\NewsController.class.php 第 24 行.
NOTIC: [8] Undefined variable: map E:\www\yoga\Application\Admin\Controller\NewsController.class.php 第 50 行.
NOTIC: [2] Invalid argument supplied for foreach() E:\www\yoga\Application\Admin\Controller\NewsController.class.php 第 50 行.
INFO: [ view_parse ] --START--
INFO: [ template_filter ] --START--
INFO: Run Behavior\ContentReplaceBehavior [ RunTime:0.000000s ]
INFO: [ template_filter ] --END-- [ RunTime:0.000000s ]
NOTIC: [8] Use of undefined constant ad_open - assumed 'ad_open' E:\www\yoga\Application\Runtime\Cache\Admin\5dc7cb56e7e8cd7601e6f40f87c141e0.php 第 436 行.
NOTIC: [8] Use of undefined constant ad_open - assumed 'ad_open' E:\www\yoga\Application\Runtime\Cache\Admin\5dc7cb56e7e8cd7601e6f40f87c141e0.php 第 436 行.
NOTIC: [8] Use of undefined constant ad_open - assumed 'ad_open' E:\www\yoga\Application\Runtime\Cache\Admin\5dc7cb56e7e8cd7601e6f40f87c141e0.php 第 436 行.
INFO: Run Behavior\ParseTemplateBehavior [ RunTime:0.036002s ]
INFO: [ view_parse ] --END-- [ RunTime:0.036002s ]
INFO: [ view_filter ] --START--
INFO: Run Behavior\WriteHtmlCacheBehavior [ RunTime:0.001001s ]
INFO: Run Behavior\TokenBuildBehavior [ RunTime:0.001000s ]
INFO: [ view_filter ] --END-- [ RunTime:0.002001s ]
INFO: [ app_end ] --START--
INFO: Run Behavior\ShowPageTraceBehavior [ RunTime:0.001000s ]
INFO: [ app_end ] --END-- [ RunTime:0.001000s ]

[ 2016-09-07T19:57:10+08:00 ] ::1 /yoga/index.php/Admin/News/news_list_edit/ad_id/29.html
INFO: [ app_init ] --START--
INFO: Run Behavior\BuildLiteBehavior [ RunTime:0.000000s ]
INFO: [ app_init ] --END-- [ RunTime:0.001000s ]
INFO: [ app_begin ] --START--
INFO: Run Behavior\ReadHtmlCacheBehavior [ RunTime:0.000000s ]
INFO: [ app_begin ] --END-- [ RunTime:0.000000s ]
NOTIC: [8] Use of undefined constant htmlspecialchars - assumed 'htmlspecialchars' E:\www\yoga\Application\Admin\Controller\NewsController.class.php 第 524 行.
INFO: [ view_parse ] --START--
INFO: [ template_filter ] --START--
INFO: Run Behavior\ContentReplaceBehavior [ RunTime:0.000000s ]
INFO: [ template_filter ] --END-- [ RunTime:0.000000s ]
NOTIC: [8] Use of undefined constant ad_photo - assumed 'ad_photo' E:\www\yoga\Application\Runtime\Cache\Admin\6a8dd9061356aa1cf804f5edd76c5d12.php 第 357 行.
NOTIC: [8] Array to string conversion E:\www\yoga\Application\Runtime\Cache\Admin\6a8dd9061356aa1cf804f5edd76c5d12.php 第 357 行.
NOTIC: [8] Undefined variable: pic_list E:\www\yoga\Application\Runtime\Cache\Admin\6a8dd9061356aa1cf804f5edd76c5d12.php 第 710 行.
INFO: Run Behavior\ParseTemplateBehavior [ RunTime:0.025001s ]
INFO: [ view_parse ] --END-- [ RunTime:0.025001s ]
INFO: [ view_filter ] --START--
INFO: Run Behavior\WriteHtmlCacheBehavior [ RunTime:0.001000s ]
INFO: Run Behavior\TokenBuildBehavior [ RunTime:0.000000s ]
INFO: [ view_filter ] --END-- [ RunTime:0.001000s ]
INFO: [ app_end ] --START--
INFO: Run Behavior\ShowPageTraceBehavior [ RunTime:0.001000s ]
INFO: [ app_end ] --END-- [ RunTime:0.001000s ]

[ 2016-09-07T19:58:22+08:00 ] ::1 /yoga/index.php/Admin/News/news_runedit.html
INFO: [ app_init ] --START--
INFO: Run Behavior\BuildLiteBehavior [ RunTime:0.000000s ]
INFO: [ app_init ] --END-- [ RunTime:0.001000s ]
INFO: [ app_begin ] --START--
INFO: Run Behavior\ReadHtmlCacheBehavior [ RunTime:0.002000s ]
INFO: [ app_begin ] --END-- [ RunTime:0.002000s ]
NOTIC: [8] Use of undefined constant htmlspecialchars - assumed 'htmlspecialchars' E:\www\yoga\Application\Admin\Controller\NewsController.class.php 第 254 行.
NOTIC: [8] Use of undefined constant htmlspecialchars - assumed 'htmlspecialchars' E:\www\yoga\Application\Admin\Controller\NewsController.class.php 第 255 行.
NOTIC: [8] Undefined index: pic_one E:\www\yoga\Application\Admin\Controller\NewsController.class.php 第 264 行.
NOTIC: [8] Undefined index: pic_all E:\www\yoga\Application\Admin\Controller\NewsController.class.php 第 264 行.
NOTIC: [8] Undefined variable: img_url E:\www\yoga\Application\Admin\Controller\NewsController.class.php 第 318 行.

[ 2016-09-07T19:58:25+08:00 ] ::1 /yoga/index.php/Admin/News/news_list.html
INFO: [ app_init ] --START--
INFO: Run Behavior\BuildLiteBehavior [ RunTime:0.000000s ]
INFO: [ app_init ] --END-- [ RunTime:0.000000s ]
INFO: [ app_begin ] --START--
INFO: Run Behavior\ReadHtmlCacheBehavior [ RunTime:0.000000s ]
INFO: [ app_begin ] --END-- [ RunTime:0.000000s ]
NOTIC: [8] Undefined offset: 1 E:\www\yoga\Application\Admin\Controller\NewsController.class.php 第 24 行.
NOTIC: [8] Undefined variable: map E:\www\yoga\Application\Admin\Controller\NewsController.class.php 第 50 行.
NOTIC: [2] Invalid argument supplied for foreach() E:\www\yoga\Application\Admin\Controller\NewsController.class.php 第 50 行.
INFO: [ view_parse ] --START--
INFO: [ template_filter ] --START--
INFO: Run Behavior\ContentReplaceBehavior [ RunTime:0.000000s ]
INFO: [ template_filter ] --END-- [ RunTime:0.000000s ]
NOTIC: [8] Use of undefined constant ad_open - assumed 'ad_open' E:\www\yoga\Application\Runtime\Cache\Admin\5dc7cb56e7e8cd7601e6f40f87c141e0.php 第 436 行.
NOTIC: [8] Use of undefined constant ad_open - assumed 'ad_open' E:\www\yoga\Application\Runtime\Cache\Admin\5dc7cb56e7e8cd7601e6f40f87c141e0.php 第 436 行.
NOTIC: [8] Use of undefined constant ad_open - assumed 'ad_open' E:\www\yoga\Application\Runtime\Cache\Admin\5dc7cb56e7e8cd7601e6f40f87c141e0.php 第 436 行.
INFO: Run Behavior\ParseTemplateBehavior [ RunTime:0.026002s ]
INFO: [ view_parse ] --END-- [ RunTime:0.026002s ]
INFO: [ view_filter ] --START--
INFO: Run Behavior\WriteHtmlCacheBehavior [ RunTime:0.001000s ]
INFO: Run Behavior\TokenBuildBehavior [ RunTime:0.000000s ]
INFO: [ view_filter ] --END-- [ RunTime:0.001000s ]
INFO: [ app_end ] --START--
INFO: Run Behavior\ShowPageTraceBehavior [ RunTime:0.001000s ]
INFO: [ app_end ] --END-- [ RunTime:0.001000s ]

[ 2016-09-07T19:59:13+08:00 ] ::1 /yoga/index.php/Admin/News/news_list_edit/ad_id/29.html
INFO: [ app_init ] --START--
INFO: Run Behavior\BuildLiteBehavior [ RunTime:0.000000s ]
INFO: [ app_init ] --END-- [ RunTime:0.000000s ]
INFO: [ app_begin ] --START--
INFO: Run Behavior\ReadHtmlCacheBehavior [ RunTime:0.000000s ]
INFO: [ app_begin ] --END-- [ RunTime:0.000000s ]
NOTIC: [8] Use of undefined constant htmlspecialchars - assumed 'htmlspecialchars' E:\www\yoga\Application\Admin\Controller\NewsController.class.php 第 524 行.
INFO: [ view_parse ] --START--
INFO: [ template_filter ] --START--
INFO: Run Behavior\ContentReplaceBehavior [ RunTime:0.000000s ]
INFO: [ template_filter ] --END-- [ RunTime:0.000000s ]
NOTIC: [8] Use of undefined constant ad_photo - assumed 'ad_photo' E:\www\yoga\Application\Runtime\Cache\Admin\6a8dd9061356aa1cf804f5edd76c5d12.php 第 357 行.
NOTIC: [8] Array to string conversion E:\www\yoga\Application\Runtime\Cache\Admin\6a8dd9061356aa1cf804f5edd76c5d12.php 第 357 行.
NOTIC: [8] Undefined variable: pic_list E:\www\yoga\Application\Runtime\Cache\Admin\6a8dd9061356aa1cf804f5edd76c5d12.php 第 710 行.
INFO: Run Behavior\ParseTemplateBehavior [ RunTime:0.026002s ]
INFO: [ view_parse ] --END-- [ RunTime:0.026002s ]
INFO: [ view_filter ] --START--
INFO: Run Behavior\WriteHtmlCacheBehavior [ RunTime:0.000000s ]
INFO: Run Behavior\TokenBuildBehavior [ RunTime:0.001000s ]
INFO: [ view_filter ] --END-- [ RunTime:0.001000s ]
INFO: [ app_end ] --START--
INFO: Run Behavior\ShowPageTraceBehavior [ RunTime:0.000000s ]
INFO: [ app_end ] --END-- [ RunTime:0.000000s ]

[ 2016-09-07T20:00:00+08:00 ] ::1 /yoga/index.php/Admin/News/news_runedit.html
INFO: [ app_init ] --START--
INFO: Run Behavior\BuildLiteBehavior [ RunTime:0.000000s ]
INFO: [ app_init ] --END-- [ RunTime:0.000000s ]
INFO: [ app_begin ] --START--
INFO: Run Behavior\ReadHtmlCacheBehavior [ RunTime:0.000000s ]
INFO: [ app_begin ] --END-- [ RunTime:0.000000s ]
NOTIC: [8] Use of undefined constant htmlspecialchars - assumed 'htmlspecialchars' E:\www\yoga\Application\Admin\Controller\NewsController.class.php 第 254 行.
NOTIC: [8] Use of undefined constant htmlspecialchars - assumed 'htmlspecialchars' E:\www\yoga\Application\Admin\Controller\NewsController.class.php 第 255 行.
NOTIC: [8] Undefined index: pic_one E:\www\yoga\Application\Admin\Controller\NewsController.class.php 第 264 行.
NOTIC: [8] Undefined index: pic_all E:\www\yoga\Application\Admin\Controller\NewsController.class.php 第 264 行.
NOTIC: [8] Undefined variable: img_url E:\www\yoga\Application\Admin\Controller\NewsController.class.php 第 318 行.

[ 2016-09-07T20:00:28+08:00 ] ::1 /yoga/index.php/Admin/News/news_list.html
INFO: [ app_init ] --START--
INFO: Run Behavior\BuildLiteBehavior [ RunTime:0.000000s ]
INFO: [ app_init ] --END-- [ RunTime:0.001000s ]
INFO: [ app_begin ] --START--
INFO: Run Behavior\ReadHtmlCacheBehavior [ RunTime:0.000000s ]
INFO: [ app_begin ] --END-- [ RunTime:0.000000s ]
NOTIC: [8] Undefined offset: 1 E:\www\yoga\Application\Admin\Controller\NewsController.class.php 第 24 行.
NOTIC: [8] Undefined variable: map E:\www\yoga\Application\Admin\Controller\NewsController.class.php 第 50 行.
NOTIC: [2] Invalid argument supplied for foreach() E:\www\yoga\Application\Admin\Controller\NewsController.class.php 第 50 行.
INFO: [ view_parse ] --START--
INFO: [ template_filter ] --START--
INFO: Run Behavior\ContentReplaceBehavior [ RunTime:0.001000s ]
INFO: [ template_filter ] --END-- [ RunTime:0.001000s ]
NOTIC: [8] Use of undefined constant ad_open - assumed 'ad_open' E:\www\yoga\Application\Runtime\Cache\Admin\5dc7cb56e7e8cd7601e6f40f87c141e0.php 第 436 行.
NOTIC: [8] Use of undefined constant ad_open - assumed 'ad_open' E:\www\yoga\Application\Runtime\Cache\Admin\5dc7cb56e7e8cd7601e6f40f87c141e0.php 第 436 行.
NOTIC: [8] Use of undefined constant ad_open - assumed 'ad_open' E:\www\yoga\Application\Runtime\Cache\Admin\5dc7cb56e7e8cd7601e6f40f87c141e0.php 第 436 行.
INFO: Run Behavior\ParseTemplateBehavior [ RunTime:0.026001s ]
INFO: [ view_parse ] --END-- [ RunTime:0.027001s ]
INFO: [ view_filter ] --START--
INFO: Run Behavior\WriteHtmlCacheBehavior [ RunTime:0.001000s ]
INFO: Run Behavior\TokenBuildBehavior [ RunTime:0.000000s ]
INFO: [ view_filter ] --END-- [ RunTime:0.001000s ]
INFO: [ app_end ] --START--
INFO: Run Behavior\ShowPageTraceBehavior [ RunTime:0.001000s ]
INFO: [ app_end ] --END-- [ RunTime:0.001000s ]

[ 2016-09-07T20:02:34+08:00 ] ::1 /yoga/index.php/Admin/News/news_list_edit/ad_id/29.html
INFO: [ app_init ] --START--
INFO: Run Behavior\BuildLiteBehavior [ RunTime:0.000000s ]
INFO: [ app_init ] --END-- [ RunTime:0.001000s ]
INFO: [ app_begin ] --START--
INFO: Run Behavior\ReadHtmlCacheBehavior [ RunTime:0.001000s ]
INFO: [ app_begin ] --END-- [ RunTime:0.001000s ]
NOTIC: [8] Use of undefined constant htmlspecialchars - assumed 'htmlspecialchars' E:\www\yoga\Application\Admin\Controller\NewsController.class.php 第 524 行.
INFO: [ view_parse ] --START--
INFO: [ template_filter ] --START--
INFO: Run Behavior\ContentReplaceBehavior [ RunTime:0.000000s ]
INFO: [ template_filter ] --END-- [ RunTime:0.000000s ]
NOTIC: [8] Use of undefined constant ad_photo - assumed 'ad_photo' E:\www\yoga\Application\Runtime\Cache\Admin\6a8dd9061356aa1cf804f5edd76c5d12.php 第 357 行.
NOTIC: [8] Array to string conversion E:\www\yoga\Application\Runtime\Cache\Admin\6a8dd9061356aa1cf804f5edd76c5d12.php 第 357 行.
NOTIC: [8] Undefined variable: pic_list E:\www\yoga\Application\Runtime\Cache\Admin\6a8dd9061356aa1cf804f5edd76c5d12.php 第 710 行.
INFO: Run Behavior\ParseTemplateBehavior [ RunTime:0.051003s ]
INFO: [ view_parse ] --END-- [ RunTime:0.051003s ]
INFO: [ view_filter ] --START--
INFO: Run Behavior\WriteHtmlCacheBehavior [ RunTime:0.001000s ]
INFO: Run Behavior\TokenBuildBehavior [ RunTime:0.000000s ]
INFO: [ view_filter ] --END-- [ RunTime:0.001000s ]
INFO: [ app_end ] --START--
INFO: Run Behavior\ShowPageTraceBehavior [ RunTime:0.000000s ]
INFO: [ app_end ] --END-- [ RunTime:0.000000s ]

