[ 2016-07-15T15:44:39+08:00 ] ::1 /slackck_0530/index.php/Admin/Index
INFO: [ app_init ] --START--
INFO: Run Behavior\BuildLiteBehavior [ RunTime:0.000000s ]
INFO: [ app_init ] --END-- [ RunTime:0.036002s ]
INFO: [ app_begin ] --START--
INFO: Run Behavior\ReadHtmlCacheBehavior [ RunTime:0.001000s ]
INFO: [ app_begin ] --END-- [ RunTime:0.001000s ]

[ 2016-07-15T15:44:40+08:00 ] ::1 /slackck_0530/index.php/Admin/Login/login.html
INFO: [ app_init ] --START--
INFO: Run Behavior\BuildLiteBehavior [ RunTime:0.000000s ]
INFO: [ app_init ] --END-- [ RunTime:0.001000s ]
INFO: [ app_begin ] --START--
INFO: Run Behavior\ReadHtmlCacheBehavior [ RunTime:0.000000s ]
INFO: [ app_begin ] --END-- [ RunTime:0.001000s ]
INFO: [ view_parse ] --START--
INFO: [ template_filter ] --START--
INFO: Run Behavior\ContentReplaceBehavior [ RunTime:0.001000s ]
INFO: [ template_filter ] --END-- [ RunTime:0.001000s ]
INFO: Run Behavior\ParseTemplateBehavior [ RunTime:0.245014s ]
INFO: [ view_parse ] --END-- [ RunTime:0.246014s ]
INFO: [ view_filter ] --START--
INFO: Run Behavior\WriteHtmlCacheBehavior [ RunTime:0.040002s ]
INFO: Run Behavior\TokenBuildBehavior [ RunTime:0.019001s ]
INFO: [ view_filter ] --END-- [ RunTime:0.059003s ]
INFO: [ app_end ] --START--
INFO: Run Behavior\ShowPageTraceBehavior [ RunTime:0.022002s ]
INFO: [ app_end ] --END-- [ RunTime:0.022002s ]

[ 2016-07-15T15:45:42+08:00 ] ::1 /slackck_0530/index.php/Admin/Login/runlogin.html
INFO: [ app_init ] --START--
INFO: Run Behavior\BuildLiteBehavior [ RunTime:0.000000s ]
INFO: [ app_init ] --END-- [ RunTime:0.001000s ]
INFO: [ app_begin ] --START--
INFO: Run Behavior\ReadHtmlCacheBehavior [ RunTime:0.001000s ]
INFO: [ app_begin ] --END-- [ RunTime:0.001000s ]

[ 2016-07-15T15:45:44+08:00 ] ::1 /slackck_0530/index.php/Admin/Index/index.html
INFO: [ app_init ] --START--
INFO: Run Behavior\BuildLiteBehavior [ RunTime:0.000000s ]
INFO: [ app_init ] --END-- [ RunTime:0.000000s ]
INFO: [ app_begin ] --START--
INFO: Run Behavior\ReadHtmlCacheBehavior [ RunTime:0.001000s ]
INFO: [ app_begin ] --END-- [ RunTime:0.001000s ]
NOTIC: [2] Division by zero F:\www\slackck_0530\Application\Admin\Controller\IndexController.class.php 第 38 行.
INFO: [ view_parse ] --START--
INFO: [ template_filter ] --START--
INFO: Run Behavior\ContentReplaceBehavior [ RunTime:0.000000s ]
INFO: [ template_filter ] --END-- [ RunTime:0.000000s ]
NOTIC: [8] Undefined index: se F:\www\slackck_0530\Application\Runtime\Cache\Admin\b595b808c2ebeeeb0478ffc30bb4e87a.php 第 198 行.
NOTIC: [8] Undefined index: se F:\www\slackck_0530\Application\Runtime\Cache\Admin\b595b808c2ebeeeb0478ffc30bb4e87a.php 第 198 行.
NOTIC: [8] Undefined index: se F:\www\slackck_0530\Application\Runtime\Cache\Admin\b595b808c2ebeeeb0478ffc30bb4e87a.php 第 198 行.
NOTIC: [8] Undefined index: se F:\www\slackck_0530\Application\Runtime\Cache\Admin\b595b808c2ebeeeb0478ffc30bb4e87a.php 第 198 行.
NOTIC: [8] Undefined index: se F:\www\slackck_0530\Application\Runtime\Cache\Admin\b595b808c2ebeeeb0478ffc30bb4e87a.php 第 198 行.
NOTIC: [8] Undefined index: se F:\www\slackck_0530\Application\Runtime\Cache\Admin\b595b808c2ebeeeb0478ffc30bb4e87a.php 第 198 行.
NOTIC: [8] Undefined index: se F:\www\slackck_0530\Application\Runtime\Cache\Admin\b595b808c2ebeeeb0478ffc30bb4e87a.php 第 198 行.
NOTIC: [8] Undefined index: se F:\www\slackck_0530\Application\Runtime\Cache\Admin\b595b808c2ebeeeb0478ffc30bb4e87a.php 第 198 行.
NOTIC: [8] Undefined index: se F:\www\slackck_0530\Application\Runtime\Cache\Admin\b595b808c2ebeeeb0478ffc30bb4e87a.php 第 198 行.
INFO: Run Behavior\ParseTemplateBehavior [ RunTime:0.205012s ]
INFO: [ view_parse ] --END-- [ RunTime:0.205012s ]
INFO: [ view_filter ] --START--
INFO: Run Behavior\WriteHtmlCacheBehavior [ RunTime:0.001000s ]
INFO: Run Behavior\TokenBuildBehavior [ RunTime:0.000000s ]
INFO: [ view_filter ] --END-- [ RunTime:0.001000s ]
INFO: [ app_end ] --START--
INFO: Run Behavior\ShowPageTraceBehavior [ RunTime:0.001000s ]
INFO: [ app_end ] --END-- [ RunTime:0.001000s ]

[ 2016-07-15T15:45:45+08:00 ] ::1 /slackck_0530/index.php/Admin/Login/runlogin.html
INFO: [ app_init ] --START--
INFO: Run Behavior\BuildLiteBehavior [ RunTime:0.000000s ]
INFO: [ app_init ] --END-- [ RunTime:0.001000s ]
INFO: [ app_begin ] --START--
INFO: Run Behavior\ReadHtmlCacheBehavior [ RunTime:0.001000s ]
INFO: [ app_begin ] --END-- [ RunTime:0.001000s ]

[ 2016-07-15T15:45:48+08:00 ] ::1 /slackck_0530/index.php/Admin/News/news_list/se/8.html
INFO: [ app_init ] --START--
INFO: Run Behavior\BuildLiteBehavior [ RunTime:0.000000s ]
INFO: [ app_init ] --END-- [ RunTime:0.001000s ]
INFO: [ app_begin ] --START--
INFO: Run Behavior\ReadHtmlCacheBehavior [ RunTime:0.001000s ]
INFO: [ app_begin ] --END-- [ RunTime:0.001000s ]
NOTIC: [8] Use of undefined constant ad_title - assumed 'ad_title' F:\www\slackck_0530\Application\Admin\Controller\NewsController.class.php 第 13 行.
NOTIC: [8] Undefined offset: 1 F:\www\slackck_0530\Application\Admin\Controller\NewsController.class.php 第 22 行.

[ 2016-07-15T15:46:06+08:00 ] ::1 /slackck_0530/index.php/Admin/News/news_list/se/8.html
INFO: [ app_init ] --START--
INFO: Run Behavior\BuildLiteBehavior [ RunTime:0.000000s ]
INFO: [ app_init ] --END-- [ RunTime:0.000000s ]
INFO: [ app_begin ] --START--
INFO: Run Behavior\ReadHtmlCacheBehavior [ RunTime:0.000000s ]
INFO: [ app_begin ] --END-- [ RunTime:0.000000s ]
NOTIC: [8] Use of undefined constant ad_title - assumed 'ad_title' F:\www\slackck_0530\Application\Admin\Controller\NewsController.class.php 第 13 行.
NOTIC: [8] Undefined offset: 1 F:\www\slackck_0530\Application\Admin\Controller\NewsController.class.php 第 22 行.

[ 2016-07-15T15:47:06+08:00 ] ::1 /slackck_0530/index.php/Admin/News/news_list/se/8.html
INFO: [ app_init ] --START--
INFO: Run Behavior\BuildLiteBehavior [ RunTime:0.000000s ]
INFO: [ app_init ] --END-- [ RunTime:0.000000s ]
INFO: [ app_begin ] --START--
INFO: Run Behavior\ReadHtmlCacheBehavior [ RunTime:0.001000s ]
INFO: [ app_begin ] --END-- [ RunTime:0.001000s ]
NOTIC: [8] Use of undefined constant ad_title - assumed 'ad_title' F:\www\slackck_0530\Application\Admin\Controller\NewsController.class.php 第 13 行.
NOTIC: [8] Undefined offset: 1 F:\www\slackck_0530\Application\Admin\Controller\NewsController.class.php 第 22 行.

[ 2016-07-15T15:48:54+08:00 ] ::1 /slackck_0530/index.php/Admin/News/news_list/se/8.html
INFO: [ app_init ] --START--
INFO: Run Behavior\BuildLiteBehavior [ RunTime:0.000000s ]
INFO: [ app_init ] --END-- [ RunTime:0.001000s ]
INFO: [ app_begin ] --START--
INFO: Run Behavior\ReadHtmlCacheBehavior [ RunTime:0.001000s ]
INFO: [ app_begin ] --END-- [ RunTime:0.001000s ]
NOTIC: [8] Use of undefined constant ad_title - assumed 'ad_title' F:\www\slackck_0530\Application\Admin\Controller\NewsController.class.php 第 13 行.
NOTIC: [8] Undefined offset: 1 F:\www\slackck_0530\Application\Admin\Controller\NewsController.class.php 第 22 行.

[ 2016-07-15T15:48:57+08:00 ] ::1 /slackck_0530/index.php/Admin/News/news_list/se/8.html
INFO: [ app_init ] --START--
INFO: Run Behavior\BuildLiteBehavior [ RunTime:0.000000s ]
INFO: [ app_init ] --END-- [ RunTime:0.001000s ]
INFO: [ app_begin ] --START--
INFO: Run Behavior\ReadHtmlCacheBehavior [ RunTime:0.000000s ]
INFO: [ app_begin ] --END-- [ RunTime:0.000000s ]
NOTIC: [8] Use of undefined constant ad_title - assumed 'ad_title' F:\www\slackck_0530\Application\Admin\Controller\NewsController.class.php 第 13 行.
NOTIC: [8] Undefined offset: 1 F:\www\slackck_0530\Application\Admin\Controller\NewsController.class.php 第 22 行.

[ 2016-07-15T15:56:05+08:00 ] ::1 /slackck_0530/index.php/Admin/News/news_list/se/8.html
INFO: [ app_init ] --START--
INFO: Run Behavior\BuildLiteBehavior [ RunTime:0.000000s ]
INFO: [ app_init ] --END-- [ RunTime:0.000000s ]
INFO: [ app_begin ] --START--
INFO: Run Behavior\ReadHtmlCacheBehavior [ RunTime:0.000000s ]
INFO: [ app_begin ] --END-- [ RunTime:0.000000s ]
NOTIC: [8] Use of undefined constant ad_title - assumed 'ad_title' F:\www\slackck_0530\Application\Admin\Controller\NewsController.class.php 第 13 行.
NOTIC: [8] Undefined offset: 1 F:\www\slackck_0530\Application\Admin\Controller\NewsController.class.php 第 22 行.

[ 2016-07-15T15:56:18+08:00 ] ::1 /slackck_0530/index.php/Admin/News/news_list/se/8.html
INFO: [ app_init ] --START--
INFO: Run Behavior\BuildLiteBehavior [ RunTime:0.000000s ]
INFO: [ app_init ] --END-- [ RunTime:0.001000s ]
INFO: [ app_begin ] --START--
INFO: Run Behavior\ReadHtmlCacheBehavior [ RunTime:0.001001s ]
INFO: [ app_begin ] --END-- [ RunTime:0.001001s ]
NOTIC: [8] Use of undefined constant ad_title - assumed 'ad_title' F:\www\slackck_0530\Application\Admin\Controller\NewsController.class.php 第 13 行.
NOTIC: [8] Undefined offset: 1 F:\www\slackck_0530\Application\Admin\Controller\NewsController.class.php 第 22 行.

[ 2016-07-15T15:57:42+08:00 ] ::1 /slackck_0530/index.php/Admin/News/news_list/se/8.html
INFO: [ app_init ] --START--
INFO: Run Behavior\BuildLiteBehavior [ RunTime:0.000000s ]
INFO: [ app_init ] --END-- [ RunTime:0.001001s ]
INFO: [ app_begin ] --START--
INFO: Run Behavior\ReadHtmlCacheBehavior [ RunTime:0.000000s ]
INFO: [ app_begin ] --END-- [ RunTime:0.000000s ]
NOTIC: [8] Use of undefined constant ad_title - assumed 'ad_title' F:\www\slackck_0530\Application\Admin\Controller\NewsController.class.php 第 12 行.
NOTIC: [8] Undefined offset: 1 F:\www\slackck_0530\Application\Admin\Controller\NewsController.class.php 第 21 行.

[ 2016-07-15T15:57:45+08:00 ] ::1 /slackck_0530/index.php/Admin/News/news_list/se/8.html
INFO: [ app_init ] --START--
INFO: Run Behavior\BuildLiteBehavior [ RunTime:0.000000s ]
INFO: [ app_init ] --END-- [ RunTime:0.000000s ]
INFO: [ app_begin ] --START--
INFO: Run Behavior\ReadHtmlCacheBehavior [ RunTime:0.001000s ]
INFO: [ app_begin ] --END-- [ RunTime:0.001000s ]
NOTIC: [8] Use of undefined constant ad_title - assumed 'ad_title' F:\www\slackck_0530\Application\Admin\Controller\NewsController.class.php 第 12 行.
NOTIC: [8] Undefined offset: 1 F:\www\slackck_0530\Application\Admin\Controller\NewsController.class.php 第 21 行.

[ 2016-07-15T16:00:18+08:00 ] ::1 /slackck_0530/index.php/Admin/News/news_list/se/8.html
INFO: [ app_init ] --START--
INFO: Run Behavior\BuildLiteBehavior [ RunTime:0.000000s ]
INFO: [ app_init ] --END-- [ RunTime:0.001000s ]
INFO: [ app_begin ] --START--
INFO: Run Behavior\ReadHtmlCacheBehavior [ RunTime:0.001000s ]
INFO: [ app_begin ] --END-- [ RunTime:0.001000s ]
NOTIC: [8] Use of undefined constant ad_title - assumed 'ad_title' F:\www\slackck_0530\Application\Admin\Controller\NewsController.class.php 第 12 行.
NOTIC: [8] Undefined offset: 1 F:\www\slackck_0530\Application\Admin\Controller\NewsController.class.php 第 21 行.

[ 2016-07-15T16:01:33+08:00 ] ::1 /slackck_0530/index.php/Admin/News/news_list/se/8.html
INFO: [ app_init ] --START--
INFO: Run Behavior\BuildLiteBehavior [ RunTime:0.000000s ]
INFO: [ app_init ] --END-- [ RunTime:0.000000s ]
INFO: [ app_begin ] --START--
INFO: Run Behavior\ReadHtmlCacheBehavior [ RunTime:0.001000s ]
INFO: [ app_begin ] --END-- [ RunTime:0.001000s ]
NOTIC: [8] Use of undefined constant ad_title - assumed 'ad_title' F:\www\slackck_0530\Application\Admin\Controller\NewsController.class.php 第 12 行.
NOTIC: [8] Undefined offset: 1 F:\www\slackck_0530\Application\Admin\Controller\NewsController.class.php 第 21 行.

[ 2016-07-15T16:08:12+08:00 ] ::1 /slackck_0530/index.php/Admin/News/news_list/se/8.html
INFO: [ app_init ] --START--
INFO: Run Behavior\BuildLiteBehavior [ RunTime:0.000000s ]
INFO: [ app_init ] --END-- [ RunTime:0.000000s ]
INFO: [ app_begin ] --START--
INFO: Run Behavior\ReadHtmlCacheBehavior [ RunTime:0.001000s ]
INFO: [ app_begin ] --END-- [ RunTime:0.001000s ]
NOTIC: [8] Use of undefined constant ad_title - assumed 'ad_title' F:\www\slackck_0530\Application\Admin\Controller\NewsController.class.php 第 12 行.
NOTIC: [8] Undefined offset: 1 F:\www\slackck_0530\Application\Admin\Controller\NewsController.class.php 第 21 行.

[ 2016-07-15T16:09:21+08:00 ] ::1 /slackck_0530/index.php/Admin/News/news_list/se/8.html
INFO: [ app_init ] --START--
INFO: Run Behavior\BuildLiteBehavior [ RunTime:0.000000s ]
INFO: [ app_init ] --END-- [ RunTime:0.000000s ]
INFO: [ app_begin ] --START--
INFO: Run Behavior\ReadHtmlCacheBehavior [ RunTime:0.001000s ]
INFO: [ app_begin ] --END-- [ RunTime:0.001000s ]
NOTIC: [8] Use of undefined constant ad_title - assumed 'ad_title' F:\www\slackck_0530\Application\Admin\Controller\NewsController.class.php 第 12 行.
NOTIC: [8] Undefined offset: 1 F:\www\slackck_0530\Application\Admin\Controller\NewsController.class.php 第 21 行.

[ 2016-07-15T16:09:45+08:00 ] ::1 /slackck_0530/index.php/Admin/News/news_list/se/8.html
INFO: [ app_init ] --START--
INFO: Run Behavior\BuildLiteBehavior [ RunTime:0.000000s ]
INFO: [ app_init ] --END-- [ RunTime:0.001000s ]
INFO: [ app_begin ] --START--
INFO: Run Behavior\ReadHtmlCacheBehavior [ RunTime:0.001000s ]
INFO: [ app_begin ] --END-- [ RunTime:0.001000s ]
NOTIC: [8] Use of undefined constant ad_title - assumed 'ad_title' F:\www\slackck_0530\Application\Admin\Controller\NewsController.class.php 第 12 行.
NOTIC: [8] Undefined offset: 1 F:\www\slackck_0530\Application\Admin\Controller\NewsController.class.php 第 21 行.

[ 2016-07-15T16:19:48+08:00 ] ::1 /slackck_0530/index.php/Admin/News/news_list/se/8.html
INFO: [ app_init ] --START--
INFO: Run Behavior\BuildLiteBehavior [ RunTime:0.000000s ]
INFO: [ app_init ] --END-- [ RunTime:0.001000s ]
INFO: [ app_begin ] --START--
INFO: Run Behavior\ReadHtmlCacheBehavior [ RunTime:0.001000s ]
INFO: [ app_begin ] --END-- [ RunTime:0.001000s ]
NOTIC: [8] Use of undefined constant ad_title - assumed 'ad_title' F:\www\slackck_0530\Application\Admin\Controller\NewsController.class.php 第 12 行.
NOTIC: [8] Undefined offset: 1 F:\www\slackck_0530\Application\Admin\Controller\NewsController.class.php 第 21 行.
NOTIC: [8] Uninitialized string offset: 1 F:\www\slackck_0530\ThinkPHP\Library\Org\Util\Pinyin.class.php 第 49 行.
NOTIC: [8] Undefined variable: str F:\www\slackck_0530\ThinkPHP\Library\Org\Util\Pinyin.class.php 第 116 行.

[ 2016-07-15T16:20:07+08:00 ] ::1 /slackck_0530/index.php/Admin/News/news_list/se/8.html
INFO: [ app_init ] --START--
INFO: Run Behavior\BuildLiteBehavior [ RunTime:0.000000s ]
INFO: [ app_init ] --END-- [ RunTime:0.001000s ]
INFO: [ app_begin ] --START--
INFO: Run Behavior\ReadHtmlCacheBehavior [ RunTime:0.001000s ]
INFO: [ app_begin ] --END-- [ RunTime:0.001000s ]
NOTIC: [8] Use of undefined constant ad_title - assumed 'ad_title' F:\www\slackck_0530\Application\Admin\Controller\NewsController.class.php 第 12 行.
NOTIC: [8] Undefined offset: 1 F:\www\slackck_0530\Application\Admin\Controller\NewsController.class.php 第 21 行.
NOTIC: [8] Uninitialized string offset: 1 F:\www\slackck_0530\ThinkPHP\Library\Org\Util\Pinyin.class.php 第 49 行.
NOTIC: [8] Undefined variable: str F:\www\slackck_0530\ThinkPHP\Library\Org\Util\Pinyin.class.php 第 117 行.

[ 2016-07-15T16:22:19+08:00 ] ::1 /slackck_0530/index.php/Admin/News/news_list/se/8.html
INFO: [ app_init ] --START--
INFO: Run Behavior\BuildLiteBehavior [ RunTime:0.000000s ]
INFO: [ app_init ] --END-- [ RunTime:0.001000s ]
INFO: [ app_begin ] --START--
INFO: Run Behavior\ReadHtmlCacheBehavior [ RunTime:0.001000s ]
INFO: [ app_begin ] --END-- [ RunTime:0.001000s ]
NOTIC: [8] Use of undefined constant ad_title - assumed 'ad_title' F:\www\slackck_0530\Application\Admin\Controller\NewsController.class.php 第 12 行.
NOTIC: [8] Undefined offset: 1 F:\www\slackck_0530\Application\Admin\Controller\NewsController.class.php 第 21 行.
NOTIC: [8] Undefined variable: str F:\www\slackck_0530\ThinkPHP\Library\Org\Util\Pinyin.class.php 第 117 行.

[ 2016-07-15T16:27:31+08:00 ] ::1 /slackck_0530/index.php/Admin/News/news_list/se/8.html
INFO: [ app_init ] --START--
INFO: Run Behavior\BuildLiteBehavior [ RunTime:0.000000s ]
INFO: [ app_init ] --END-- [ RunTime:0.000000s ]
INFO: [ app_begin ] --START--
INFO: Run Behavior\ReadHtmlCacheBehavior [ RunTime:0.001001s ]
INFO: [ app_begin ] --END-- [ RunTime:0.001001s ]
NOTIC: [8] Use of undefined constant ad_title - assumed 'ad_title' F:\www\slackck_0530\Application\Admin\Controller\NewsController.class.php 第 12 行.
NOTIC: [8] Undefined offset: 1 F:\www\slackck_0530\Application\Admin\Controller\NewsController.class.php 第 21 行.
NOTIC: [8] Undefined variable: str F:\www\slackck_0530\ThinkPHP\Library\Org\Util\Pinyin.class.php 第 116 行.
NOTIC: [8] Undefined variable: str F:\www\slackck_0530\ThinkPHP\Library\Org\Util\Pinyin.class.php 第 116 行.
NOTIC: [8] Undefined variable: str F:\www\slackck_0530\ThinkPHP\Library\Org\Util\Pinyin.class.php 第 116 行.
NOTIC: [8] Undefined variable: str F:\www\slackck_0530\ThinkPHP\Library\Org\Util\Pinyin.class.php 第 116 行.
NOTIC: [8] Undefined variable: str F:\www\slackck_0530\ThinkPHP\Library\Org\Util\Pinyin.class.php 第 116 行.

[ 2016-07-15T16:36:49+08:00 ] ::1 /slackck_0530/index.php/Admin/News/news_list/se/8.html
INFO: [ app_init ] --START--
INFO: Run Behavior\BuildLiteBehavior [ RunTime:0.000000s ]
INFO: [ app_init ] --END-- [ RunTime:0.000000s ]
INFO: [ app_begin ] --START--
INFO: Run Behavior\ReadHtmlCacheBehavior [ RunTime:0.000000s ]
INFO: [ app_begin ] --END-- [ RunTime:0.000000s ]
NOTIC: [8] Use of undefined constant ad_title - assumed 'ad_title' F:\www\slackck_0530\Application\Admin\Controller\NewsController.class.php 第 12 行.
NOTIC: [8] Undefined offset: 1 F:\www\slackck_0530\Application\Admin\Controller\NewsController.class.php 第 21 行.
NOTIC: [8] Undefined variable: str F:\www\slackck_0530\ThinkPHP\Library\Org\Util\Pinyin.class.php 第 116 行.
NOTIC: [8] Undefined variable: str F:\www\slackck_0530\ThinkPHP\Library\Org\Util\Pinyin.class.php 第 116 行.
NOTIC: [8] Undefined variable: str F:\www\slackck_0530\ThinkPHP\Library\Org\Util\Pinyin.class.php 第 116 行.
NOTIC: [8] Undefined variable: str F:\www\slackck_0530\ThinkPHP\Library\Org\Util\Pinyin.class.php 第 116 行.
NOTIC: [8] Undefined variable: str F:\www\slackck_0530\ThinkPHP\Library\Org\Util\Pinyin.class.php 第 116 行.

