[ 2016-08-10T11:10:29+08:00 ] ::1 /yoga/index.php/Admin/Login/login
INFO: [ app_init ] --START--
INFO: Run Behavior\BuildLiteBehavior [ RunTime:0.000000s ]
INFO: [ app_init ] --END-- [ RunTime:0.001000s ]
INFO: [ app_begin ] --START--
INFO: Run Behavior\ReadHtmlCacheBehavior [ RunTime:0.000000s ]
INFO: [ app_begin ] --END-- [ RunTime:0.000000s ]
INFO: [ view_parse ] --START--
INFO: [ template_filter ] --START--
INFO: Run Behavior\ContentReplaceBehavior [ RunTime:0.000000s ]
INFO: [ template_filter ] --END-- [ RunTime:0.000000s ]
INFO: Run Behavior\ParseTemplateBehavior [ RunTime:0.008000s ]
INFO: [ view_parse ] --END-- [ RunTime:0.008000s ]
INFO: [ view_filter ] --START--
INFO: Run Behavior\WriteHtmlCacheBehavior [ RunTime:0.000000s ]
INFO: Run Behavior\TokenBuildBehavior [ RunTime:0.001000s ]
INFO: [ view_filter ] --END-- [ RunTime:0.001000s ]
INFO: [ app_end ] --START--
INFO: Run Behavior\ShowPageTraceBehavior [ RunTime:0.001000s ]
INFO: [ app_end ] --END-- [ RunTime:0.001000s ]

[ 2016-08-10T11:10:37+08:00 ] ::1 /yoga/index.php/Admin/Login/runlogin.html
INFO: [ app_init ] --START--
INFO: Run Behavior\BuildLiteBehavior [ RunTime:0.000000s ]
INFO: [ app_init ] --END-- [ RunTime:0.001000s ]
INFO: [ app_begin ] --START--
INFO: Run Behavior\ReadHtmlCacheBehavior [ RunTime:0.001000s ]
INFO: [ app_begin ] --END-- [ RunTime:0.001000s ]

[ 2016-08-10T11:10:39+08:00 ] ::1 /yoga/index.php/Admin/Index/index.html
INFO: [ app_init ] --START--
INFO: Run Behavior\BuildLiteBehavior [ RunTime:0.000000s ]
INFO: [ app_init ] --END-- [ RunTime:0.000000s ]
INFO: [ app_begin ] --START--
INFO: Run Behavior\ReadHtmlCacheBehavior [ RunTime:0.001000s ]
INFO: [ app_begin ] --END-- [ RunTime:0.001000s ]
NOTIC: [2] Division by zero E:\www\yoga\Application\Admin\Controller\IndexController.class.php 第 38 行.
INFO: [ view_parse ] --START--
INFO: [ template_filter ] --START--
INFO: Run Behavior\ContentReplaceBehavior [ RunTime:0.001000s ]
INFO: [ template_filter ] --END-- [ RunTime:0.001000s ]
INFO: Run Behavior\ParseTemplateBehavior [ RunTime:0.068004s ]
INFO: [ view_parse ] --END-- [ RunTime:0.068004s ]
INFO: [ view_filter ] --START--
INFO: Run Behavior\WriteHtmlCacheBehavior [ RunTime:0.000000s ]
INFO: Run Behavior\TokenBuildBehavior [ RunTime:0.001000s ]
INFO: [ view_filter ] --END-- [ RunTime:0.001000s ]
INFO: [ app_end ] --START--
INFO: Run Behavior\ShowPageTraceBehavior [ RunTime:0.001000s ]
INFO: [ app_end ] --END-- [ RunTime:0.001000s ]

[ 2016-08-10T11:10:45+08:00 ] ::1 /yoga/index.php/Admin/News/news_list/se/8.html
INFO: [ app_init ] --START--
INFO: Run Behavior\BuildLiteBehavior [ RunTime:0.000000s ]
INFO: [ app_init ] --END-- [ RunTime:0.000000s ]
INFO: [ app_begin ] --START--
INFO: Run Behavior\ReadHtmlCacheBehavior [ RunTime:0.001000s ]
INFO: [ app_begin ] --END-- [ RunTime:0.001000s ]
NOTIC: [8] Undefined offset: 1 E:\www\yoga\Application\Admin\Controller\NewsController.class.php 第 25 行.
NOTIC: [8] Undefined variable: map E:\www\yoga\Application\Admin\Controller\NewsController.class.php 第 56 行.
NOTIC: [2] Invalid argument supplied for foreach() E:\www\yoga\Application\Admin\Controller\NewsController.class.php 第 56 行.
INFO: [ view_parse ] --START--
INFO: [ template_filter ] --START--
INFO: Run Behavior\ContentReplaceBehavior [ RunTime:0.001000s ]
INFO: [ template_filter ] --END-- [ RunTime:0.001000s ]
NOTIC: [8] Use of undefined constant ad_open - assumed 'ad_open' E:\www\yoga\Application\Runtime\Cache\Admin\5dc7cb56e7e8cd7601e6f40f87c141e0.php 第 442 行.
NOTIC: [8] Use of undefined constant ad_open - assumed 'ad_open' E:\www\yoga\Application\Runtime\Cache\Admin\5dc7cb56e7e8cd7601e6f40f87c141e0.php 第 442 行.
NOTIC: [8] Use of undefined constant ad_open - assumed 'ad_open' E:\www\yoga\Application\Runtime\Cache\Admin\5dc7cb56e7e8cd7601e6f40f87c141e0.php 第 442 行.
NOTIC: [8] Use of undefined constant ad_open - assumed 'ad_open' E:\www\yoga\Application\Runtime\Cache\Admin\5dc7cb56e7e8cd7601e6f40f87c141e0.php 第 442 行.
NOTIC: [8] Use of undefined constant ad_open - assumed 'ad_open' E:\www\yoga\Application\Runtime\Cache\Admin\5dc7cb56e7e8cd7601e6f40f87c141e0.php 第 442 行.
NOTIC: [8] Use of undefined constant ad_open - assumed 'ad_open' E:\www\yoga\Application\Runtime\Cache\Admin\5dc7cb56e7e8cd7601e6f40f87c141e0.php 第 442 行.
INFO: Run Behavior\ParseTemplateBehavior [ RunTime:0.027002s ]
INFO: [ view_parse ] --END-- [ RunTime:0.027002s ]
INFO: [ view_filter ] --START--
INFO: Run Behavior\WriteHtmlCacheBehavior [ RunTime:0.000000s ]
INFO: Run Behavior\TokenBuildBehavior [ RunTime:0.001000s ]
INFO: [ view_filter ] --END-- [ RunTime:0.001000s ]
INFO: [ app_end ] --START--
INFO: Run Behavior\ShowPageTraceBehavior [ RunTime:0.001000s ]
INFO: [ app_end ] --END-- [ RunTime:0.001000s ]

[ 2016-08-10T11:10:51+08:00 ] ::1 /yoga/index.php/Admin/News/news_list.html
INFO: [ app_init ] --START--
INFO: Run Behavior\BuildLiteBehavior [ RunTime:0.000000s ]
INFO: [ app_init ] --END-- [ RunTime:0.001000s ]
INFO: [ app_begin ] --START--
INFO: Run Behavior\ReadHtmlCacheBehavior [ RunTime:0.001000s ]
INFO: [ app_begin ] --END-- [ RunTime:0.001000s ]
NOTIC: [8] Undefined offset: 1 E:\www\yoga\Application\Admin\Controller\NewsController.class.php 第 25 行.
NOTIC: [8] Undefined variable: map E:\www\yoga\Application\Admin\Controller\NewsController.class.php 第 56 行.
NOTIC: [2] Invalid argument supplied for foreach() E:\www\yoga\Application\Admin\Controller\NewsController.class.php 第 56 行.
INFO: [ view_parse ] --START--
INFO: [ template_filter ] --START--
INFO: Run Behavior\ContentReplaceBehavior [ RunTime:0.000000s ]
INFO: [ template_filter ] --END-- [ RunTime:0.000000s ]
NOTIC: [8] Use of undefined constant ad_open - assumed 'ad_open' E:\www\yoga\Application\Runtime\Cache\Admin\5dc7cb56e7e8cd7601e6f40f87c141e0.php 第 442 行.
NOTIC: [8] Use of undefined constant ad_open - assumed 'ad_open' E:\www\yoga\Application\Runtime\Cache\Admin\5dc7cb56e7e8cd7601e6f40f87c141e0.php 第 442 行.
NOTIC: [8] Use of undefined constant ad_open - assumed 'ad_open' E:\www\yoga\Application\Runtime\Cache\Admin\5dc7cb56e7e8cd7601e6f40f87c141e0.php 第 442 行.
NOTIC: [8] Use of undefined constant ad_open - assumed 'ad_open' E:\www\yoga\Application\Runtime\Cache\Admin\5dc7cb56e7e8cd7601e6f40f87c141e0.php 第 442 行.
NOTIC: [8] Use of undefined constant ad_open - assumed 'ad_open' E:\www\yoga\Application\Runtime\Cache\Admin\5dc7cb56e7e8cd7601e6f40f87c141e0.php 第 442 行.
NOTIC: [8] Use of undefined constant ad_open - assumed 'ad_open' E:\www\yoga\Application\Runtime\Cache\Admin\5dc7cb56e7e8cd7601e6f40f87c141e0.php 第 442 行.
INFO: Run Behavior\ParseTemplateBehavior [ RunTime:0.025001s ]
INFO: [ view_parse ] --END-- [ RunTime:0.027002s ]
INFO: [ view_filter ] --START--
INFO: Run Behavior\WriteHtmlCacheBehavior [ RunTime:0.000000s ]
INFO: Run Behavior\TokenBuildBehavior [ RunTime:0.001000s ]
INFO: [ view_filter ] --END-- [ RunTime:0.001000s ]
INFO: [ app_end ] --START--
INFO: Run Behavior\ShowPageTraceBehavior [ RunTime:0.001000s ]
INFO: [ app_end ] --END-- [ RunTime:0.001000s ]

[ 2016-08-10T11:10:54+08:00 ] ::1 /yoga/index.php/Admin/News/news_listadd.html
INFO: [ app_init ] --START--
INFO: Run Behavior\BuildLiteBehavior [ RunTime:0.000000s ]
INFO: [ app_init ] --END-- [ RunTime:0.001001s ]
INFO: [ app_begin ] --START--
INFO: Run Behavior\ReadHtmlCacheBehavior [ RunTime:0.000000s ]
INFO: [ app_begin ] --END-- [ RunTime:0.000000s ]
INFO: [ view_parse ] --START--
INFO: [ template_filter ] --START--
INFO: Run Behavior\ContentReplaceBehavior [ RunTime:0.000000s ]
INFO: [ template_filter ] --END-- [ RunTime:0.000000s ]
NOTIC: [8] Use of undefined constant c - assumed 'c' E:\www\yoga\Application\Runtime\Cache\Admin\e426850b924cec834bfb580607d50e47.php 第 266 行.
NOTIC: [8] Use of undefined constant c - assumed 'c' E:\www\yoga\Application\Runtime\Cache\Admin\e426850b924cec834bfb580607d50e47.php 第 266 行.
NOTIC: [8] Use of undefined constant c - assumed 'c' E:\www\yoga\Application\Runtime\Cache\Admin\e426850b924cec834bfb580607d50e47.php 第 266 行.
INFO: Run Behavior\ParseTemplateBehavior [ RunTime:0.022001s ]
INFO: [ view_parse ] --END-- [ RunTime:0.022001s ]
INFO: [ view_filter ] --START--
INFO: Run Behavior\WriteHtmlCacheBehavior [ RunTime:0.001000s ]
INFO: Run Behavior\TokenBuildBehavior [ RunTime:0.000000s ]
INFO: [ view_filter ] --END-- [ RunTime:0.001000s ]
INFO: [ app_end ] --START--
INFO: Run Behavior\ShowPageTraceBehavior [ RunTime:0.001000s ]
INFO: [ app_end ] --END-- [ RunTime:0.001000s ]

[ 2016-08-10T11:13:01+08:00 ] ::1 /yoga/index.php/Admin/Login/login
INFO: [ app_init ] --START--
INFO: Run Behavior\BuildLiteBehavior [ RunTime:0.000000s ]
INFO: [ app_init ] --END-- [ RunTime:0.001000s ]
INFO: [ app_begin ] --START--
INFO: Run Behavior\ReadHtmlCacheBehavior [ RunTime:0.000000s ]
INFO: [ app_begin ] --END-- [ RunTime:0.001000s ]
INFO: [ view_parse ] --START--
INFO: [ template_filter ] --START--
INFO: Run Behavior\ContentReplaceBehavior [ RunTime:0.000000s ]
INFO: [ template_filter ] --END-- [ RunTime:0.000000s ]
INFO: Run Behavior\ParseTemplateBehavior [ RunTime:0.006001s ]
INFO: [ view_parse ] --END-- [ RunTime:0.006001s ]
INFO: [ view_filter ] --START--
INFO: Run Behavior\WriteHtmlCacheBehavior [ RunTime:0.001000s ]
INFO: Run Behavior\TokenBuildBehavior [ RunTime:0.000000s ]
INFO: [ view_filter ] --END-- [ RunTime:0.001000s ]
INFO: [ app_end ] --START--
INFO: Run Behavior\ShowPageTraceBehavior [ RunTime:0.000000s ]
INFO: [ app_end ] --END-- [ RunTime:0.000000s ]

[ 2016-08-10T11:13:09+08:00 ] ::1 /yoga/index.php/Admin/Login/runlogin.html
INFO: [ app_init ] --START--
INFO: Run Behavior\BuildLiteBehavior [ RunTime:0.000000s ]
INFO: [ app_init ] --END-- [ RunTime:0.000000s ]
INFO: [ app_begin ] --START--
INFO: Run Behavior\ReadHtmlCacheBehavior [ RunTime:0.000000s ]
INFO: [ app_begin ] --END-- [ RunTime:0.000000s ]

[ 2016-08-10T11:13:10+08:00 ] ::1 /yoga/index.php/Admin/Index/index.html
INFO: [ app_init ] --START--
INFO: Run Behavior\BuildLiteBehavior [ RunTime:0.000000s ]
INFO: [ app_init ] --END-- [ RunTime:0.000000s ]
INFO: [ app_begin ] --START--
INFO: Run Behavior\ReadHtmlCacheBehavior [ RunTime:0.001000s ]
INFO: [ app_begin ] --END-- [ RunTime:0.001000s ]
NOTIC: [2] Division by zero E:\www\yoga\Application\Admin\Controller\IndexController.class.php 第 38 行.
INFO: [ view_parse ] --START--
INFO: [ template_filter ] --START--
INFO: Run Behavior\ContentReplaceBehavior [ RunTime:0.001000s ]
INFO: [ template_filter ] --END-- [ RunTime:0.001000s ]
INFO: Run Behavior\ParseTemplateBehavior [ RunTime:0.027002s ]
INFO: [ view_parse ] --END-- [ RunTime:0.027002s ]
INFO: [ view_filter ] --START--
INFO: Run Behavior\WriteHtmlCacheBehavior [ RunTime:0.000000s ]
INFO: Run Behavior\TokenBuildBehavior [ RunTime:0.001000s ]
INFO: [ view_filter ] --END-- [ RunTime:0.001000s ]
INFO: [ app_end ] --START--
INFO: Run Behavior\ShowPageTraceBehavior [ RunTime:0.001000s ]
INFO: [ app_end ] --END-- [ RunTime:0.001000s ]

[ 2016-08-10T11:13:14+08:00 ] ::1 /yoga/index.php/Admin/News/news_list/se/8.html
INFO: [ app_init ] --START--
INFO: Run Behavior\BuildLiteBehavior [ RunTime:0.000000s ]
INFO: [ app_init ] --END-- [ RunTime:0.000000s ]
INFO: [ app_begin ] --START--
INFO: Run Behavior\ReadHtmlCacheBehavior [ RunTime:0.001000s ]
INFO: [ app_begin ] --END-- [ RunTime:0.001000s ]
NOTIC: [8] Undefined offset: 1 E:\www\yoga\Application\Admin\Controller\NewsController.class.php 第 25 行.
NOTIC: [8] Undefined variable: map E:\www\yoga\Application\Admin\Controller\NewsController.class.php 第 56 行.
NOTIC: [2] Invalid argument supplied for foreach() E:\www\yoga\Application\Admin\Controller\NewsController.class.php 第 56 行.
INFO: [ view_parse ] --START--
INFO: [ template_filter ] --START--
INFO: Run Behavior\ContentReplaceBehavior [ RunTime:0.000000s ]
INFO: [ template_filter ] --END-- [ RunTime:0.000000s ]
NOTIC: [8] Use of undefined constant ad_open - assumed 'ad_open' E:\www\yoga\Application\Runtime\Cache\Admin\5dc7cb56e7e8cd7601e6f40f87c141e0.php 第 442 行.
NOTIC: [8] Use of undefined constant ad_open - assumed 'ad_open' E:\www\yoga\Application\Runtime\Cache\Admin\5dc7cb56e7e8cd7601e6f40f87c141e0.php 第 442 行.
NOTIC: [8] Use of undefined constant ad_open - assumed 'ad_open' E:\www\yoga\Application\Runtime\Cache\Admin\5dc7cb56e7e8cd7601e6f40f87c141e0.php 第 442 行.
NOTIC: [8] Use of undefined constant ad_open - assumed 'ad_open' E:\www\yoga\Application\Runtime\Cache\Admin\5dc7cb56e7e8cd7601e6f40f87c141e0.php 第 442 行.
NOTIC: [8] Use of undefined constant ad_open - assumed 'ad_open' E:\www\yoga\Application\Runtime\Cache\Admin\5dc7cb56e7e8cd7601e6f40f87c141e0.php 第 442 行.
NOTIC: [8] Use of undefined constant ad_open - assumed 'ad_open' E:\www\yoga\Application\Runtime\Cache\Admin\5dc7cb56e7e8cd7601e6f40f87c141e0.php 第 442 行.
INFO: Run Behavior\ParseTemplateBehavior [ RunTime:0.026002s ]
INFO: [ view_parse ] --END-- [ RunTime:0.027002s ]
INFO: [ view_filter ] --START--
INFO: Run Behavior\WriteHtmlCacheBehavior [ RunTime:0.001000s ]
INFO: Run Behavior\TokenBuildBehavior [ RunTime:0.000000s ]
INFO: [ view_filter ] --END-- [ RunTime:0.001000s ]
INFO: [ app_end ] --START--
INFO: Run Behavior\ShowPageTraceBehavior [ RunTime:0.000000s ]
INFO: [ app_end ] --END-- [ RunTime:0.000000s ]

[ 2016-08-10T11:13:16+08:00 ] ::1 /yoga/index.php/Admin/News/news_listadd.html
INFO: [ app_init ] --START--
INFO: Run Behavior\BuildLiteBehavior [ RunTime:0.000000s ]
INFO: [ app_init ] --END-- [ RunTime:0.000000s ]
INFO: [ app_begin ] --START--
INFO: Run Behavior\ReadHtmlCacheBehavior [ RunTime:0.001000s ]
INFO: [ app_begin ] --END-- [ RunTime:0.001000s ]
INFO: [ view_parse ] --START--
INFO: [ template_filter ] --START--
INFO: Run Behavior\ContentReplaceBehavior [ RunTime:0.000000s ]
INFO: [ template_filter ] --END-- [ RunTime:0.000000s ]
NOTIC: [8] Use of undefined constant c - assumed 'c' E:\www\yoga\Application\Runtime\Cache\Admin\e426850b924cec834bfb580607d50e47.php 第 266 行.
NOTIC: [8] Use of undefined constant c - assumed 'c' E:\www\yoga\Application\Runtime\Cache\Admin\e426850b924cec834bfb580607d50e47.php 第 266 行.
NOTIC: [8] Use of undefined constant c - assumed 'c' E:\www\yoga\Application\Runtime\Cache\Admin\e426850b924cec834bfb580607d50e47.php 第 266 行.
INFO: Run Behavior\ParseTemplateBehavior [ RunTime:0.023001s ]
INFO: [ view_parse ] --END-- [ RunTime:0.024001s ]
INFO: [ view_filter ] --START--
INFO: Run Behavior\WriteHtmlCacheBehavior [ RunTime:0.000000s ]
INFO: Run Behavior\TokenBuildBehavior [ RunTime:0.001000s ]
INFO: [ view_filter ] --END-- [ RunTime:0.001000s ]
INFO: [ app_end ] --START--
INFO: Run Behavior\ShowPageTraceBehavior [ RunTime:0.001000s ]
INFO: [ app_end ] --END-- [ RunTime:0.001000s ]

[ 2016-08-10T11:23:06+08:00 ] ::1 /yoga/index.php/Admin/News/news_list.html
INFO: [ app_init ] --START--
INFO: Run Behavior\BuildLiteBehavior [ RunTime:0.000000s ]
INFO: [ app_init ] --END-- [ RunTime:0.001000s ]
INFO: [ app_begin ] --START--
INFO: Run Behavior\ReadHtmlCacheBehavior [ RunTime:0.001000s ]
INFO: [ app_begin ] --END-- [ RunTime:0.001000s ]
NOTIC: [8] Undefined offset: 1 E:\www\yoga\Application\Admin\Controller\NewsController.class.php 第 25 行.
NOTIC: [8] Undefined variable: map E:\www\yoga\Application\Admin\Controller\NewsController.class.php 第 56 行.
NOTIC: [2] Invalid argument supplied for foreach() E:\www\yoga\Application\Admin\Controller\NewsController.class.php 第 56 行.
INFO: [ view_parse ] --START--
INFO: [ template_filter ] --START--
INFO: Run Behavior\ContentReplaceBehavior [ RunTime:0.000000s ]
INFO: [ template_filter ] --END-- [ RunTime:0.000000s ]
NOTIC: [8] Use of undefined constant ad_open - assumed 'ad_open' E:\www\yoga\Application\Runtime\Cache\Admin\5dc7cb56e7e8cd7601e6f40f87c141e0.php 第 442 行.
NOTIC: [8] Use of undefined constant ad_open - assumed 'ad_open' E:\www\yoga\Application\Runtime\Cache\Admin\5dc7cb56e7e8cd7601e6f40f87c141e0.php 第 442 行.
NOTIC: [8] Use of undefined constant ad_open - assumed 'ad_open' E:\www\yoga\Application\Runtime\Cache\Admin\5dc7cb56e7e8cd7601e6f40f87c141e0.php 第 442 行.
NOTIC: [8] Use of undefined constant ad_open - assumed 'ad_open' E:\www\yoga\Application\Runtime\Cache\Admin\5dc7cb56e7e8cd7601e6f40f87c141e0.php 第 442 行.
NOTIC: [8] Use of undefined constant ad_open - assumed 'ad_open' E:\www\yoga\Application\Runtime\Cache\Admin\5dc7cb56e7e8cd7601e6f40f87c141e0.php 第 442 行.
NOTIC: [8] Use of undefined constant ad_open - assumed 'ad_open' E:\www\yoga\Application\Runtime\Cache\Admin\5dc7cb56e7e8cd7601e6f40f87c141e0.php 第 442 行.
INFO: Run Behavior\ParseTemplateBehavior [ RunTime:0.027002s ]
INFO: [ view_parse ] --END-- [ RunTime:0.027002s ]
INFO: [ view_filter ] --START--
INFO: Run Behavior\WriteHtmlCacheBehavior [ RunTime:0.000000s ]
INFO: Run Behavior\TokenBuildBehavior [ RunTime:0.000000s ]
INFO: [ view_filter ] --END-- [ RunTime:0.001000s ]
INFO: [ app_end ] --START--
INFO: Run Behavior\ShowPageTraceBehavior [ RunTime:0.001000s ]
INFO: [ app_end ] --END-- [ RunTime:0.001000s ]

[ 2016-08-10T11:23:09+08:00 ] ::1 /yoga/index.php/Admin/News/news_listadd.html
INFO: [ app_init ] --START--
INFO: Run Behavior\BuildLiteBehavior [ RunTime:0.000000s ]
INFO: [ app_init ] --END-- [ RunTime:0.000000s ]
INFO: [ app_begin ] --START--
INFO: Run Behavior\ReadHtmlCacheBehavior [ RunTime:0.000000s ]
INFO: [ app_begin ] --END-- [ RunTime:0.000000s ]
INFO: [ view_parse ] --START--
INFO: [ template_filter ] --START--
INFO: Run Behavior\ContentReplaceBehavior [ RunTime:0.000000s ]
INFO: [ template_filter ] --END-- [ RunTime:0.000000s ]
NOTIC: [8] Use of undefined constant c - assumed 'c' E:\www\yoga\Application\Runtime\Cache\Admin\e426850b924cec834bfb580607d50e47.php 第 266 行.
NOTIC: [8] Use of undefined constant c - assumed 'c' E:\www\yoga\Application\Runtime\Cache\Admin\e426850b924cec834bfb580607d50e47.php 第 266 行.
NOTIC: [8] Use of undefined constant c - assumed 'c' E:\www\yoga\Application\Runtime\Cache\Admin\e426850b924cec834bfb580607d50e47.php 第 266 行.
INFO: Run Behavior\ParseTemplateBehavior [ RunTime:0.022001s ]
INFO: [ view_parse ] --END-- [ RunTime:0.022001s ]
INFO: [ view_filter ] --START--
INFO: Run Behavior\WriteHtmlCacheBehavior [ RunTime:0.000000s ]
INFO: Run Behavior\TokenBuildBehavior [ RunTime:0.000000s ]
INFO: [ view_filter ] --END-- [ RunTime:0.001000s ]
INFO: [ app_end ] --START--
INFO: Run Behavior\ShowPageTraceBehavior [ RunTime:0.000000s ]
INFO: [ app_end ] --END-- [ RunTime:0.000000s ]

[ 2016-08-10T12:29:03+08:00 ] ::1 /yoga/index.php/Admin/News/news_listadd.html
INFO: [ app_init ] --START--
INFO: Run Behavior\BuildLiteBehavior [ RunTime:0.000000s ]
INFO: [ app_init ] --END-- [ RunTime:0.000000s ]
INFO: [ app_begin ] --START--
INFO: Run Behavior\ReadHtmlCacheBehavior [ RunTime:0.001000s ]
INFO: [ app_begin ] --END-- [ RunTime:0.001000s ]
INFO: [ view_parse ] --START--
INFO: [ template_filter ] --START--
INFO: Run Behavior\ContentReplaceBehavior [ RunTime:0.001000s ]
INFO: [ template_filter ] --END-- [ RunTime:0.001000s ]
NOTIC: [8] Use of undefined constant c - assumed 'c' E:\www\yoga\Application\Runtime\Cache\Admin\e426850b924cec834bfb580607d50e47.php 第 266 行.
NOTIC: [8] Use of undefined constant c - assumed 'c' E:\www\yoga\Application\Runtime\Cache\Admin\e426850b924cec834bfb580607d50e47.php 第 266 行.
NOTIC: [8] Use of undefined constant c - assumed 'c' E:\www\yoga\Application\Runtime\Cache\Admin\e426850b924cec834bfb580607d50e47.php 第 266 行.
INFO: Run Behavior\ParseTemplateBehavior [ RunTime:0.024002s ]
INFO: [ view_parse ] --END-- [ RunTime:0.024002s ]
INFO: [ view_filter ] --START--
INFO: Run Behavior\WriteHtmlCacheBehavior [ RunTime:0.000000s ]
INFO: Run Behavior\TokenBuildBehavior [ RunTime:0.001000s ]
INFO: [ view_filter ] --END-- [ RunTime:0.001000s ]
INFO: [ app_end ] --START--
INFO: Run Behavior\ShowPageTraceBehavior [ RunTime:0.001000s ]
INFO: [ app_end ] --END-- [ RunTime:0.001000s ]

[ 2016-08-10T12:31:29+08:00 ] ::1 /yoga/index.php/Admin/News/news_runadd.html
INFO: [ app_init ] --START--
INFO: Run Behavior\BuildLiteBehavior [ RunTime:0.000000s ]
INFO: [ app_init ] --END-- [ RunTime:0.000000s ]
INFO: [ app_begin ] --START--
INFO: Run Behavior\ReadHtmlCacheBehavior [ RunTime:0.000000s ]
INFO: [ app_begin ] --END-- [ RunTime:0.001000s ]
NOTIC: [2] call_user_func() expects parameter 1 to be a valid callback, no array or string given E:\www\yoga\ThinkPHP\Library\Think\Upload.class.php 第 170 行.
NOTIC: [8] Use of undefined constant savepath - assumed 'savepath' E:\www\yoga\Application\Admin\Controller\NewsController.class.php 第 180 行.
NOTIC: [8] Use of undefined constant savename - assumed 'savename' E:\www\yoga\Application\Admin\Controller\NewsController.class.php 第 180 行.
NOTIC: [8] Undefined variable: payname E:\www\yoga\Application\Admin\Controller\NewsController.class.php 第 217 行.
NOTIC: [8] Undefined variable: toptime E:\www\yoga\Application\Admin\Controller\NewsController.class.php 第 229 行.
ERR: SQLSTATE[23000]: Integrity constraint violation: 1048 Column 'ad_toptime' cannot be null

[ 2016-08-10T12:31:31+08:00 ] ::1 /yoga/index.php/Admin/News/news_runadd.html
INFO: [ app_init ] --START--
INFO: Run Behavior\BuildLiteBehavior [ RunTime:0.000000s ]
INFO: [ app_init ] --END-- [ RunTime:0.000000s ]
INFO: [ app_begin ] --START--
INFO: Run Behavior\ReadHtmlCacheBehavior [ RunTime:0.000000s ]
INFO: [ app_begin ] --END-- [ RunTime:0.000000s ]
NOTIC: [2] call_user_func() expects parameter 1 to be a valid callback, no array or string given E:\www\yoga\ThinkPHP\Library\Think\Upload.class.php 第 170 行.
NOTIC: [8] Use of undefined constant savepath - assumed 'savepath' E:\www\yoga\Application\Admin\Controller\NewsController.class.php 第 180 行.
NOTIC: [8] Use of undefined constant savename - assumed 'savename' E:\www\yoga\Application\Admin\Controller\NewsController.class.php 第 180 行.
NOTIC: [8] Undefined variable: payname E:\www\yoga\Application\Admin\Controller\NewsController.class.php 第 217 行.
NOTIC: [8] Undefined variable: toptime E:\www\yoga\Application\Admin\Controller\NewsController.class.php 第 229 行.
ERR: SQLSTATE[23000]: Integrity constraint violation: 1048 Column 'ad_toptime' cannot be null

[ 2016-08-10T12:31:40+08:00 ] ::1 /yoga/index.php/Admin/News/news_runadd.html
INFO: [ app_init ] --START--
INFO: Run Behavior\BuildLiteBehavior [ RunTime:0.000000s ]
INFO: [ app_init ] --END-- [ RunTime:0.000000s ]
INFO: [ app_begin ] --START--
INFO: Run Behavior\ReadHtmlCacheBehavior [ RunTime:0.000000s ]
INFO: [ app_begin ] --END-- [ RunTime:0.000000s ]
NOTIC: [2] call_user_func() expects parameter 1 to be a valid callback, no array or string given E:\www\yoga\ThinkPHP\Library\Think\Upload.class.php 第 170 行.
NOTIC: [8] Use of undefined constant savepath - assumed 'savepath' E:\www\yoga\Application\Admin\Controller\NewsController.class.php 第 180 行.
NOTIC: [8] Use of undefined constant savename - assumed 'savename' E:\www\yoga\Application\Admin\Controller\NewsController.class.php 第 180 行.
NOTIC: [8] Undefined variable: payname E:\www\yoga\Application\Admin\Controller\NewsController.class.php 第 217 行.
NOTIC: [8] Undefined variable: toptime E:\www\yoga\Application\Admin\Controller\NewsController.class.php 第 229 行.
ERR: SQLSTATE[23000]: Integrity constraint violation: 1048 Column 'ad_toptime' cannot be null

[ 2016-08-10T12:31:41+08:00 ] ::1 /yoga/index.php/Admin/News/news_runadd.html
INFO: [ app_init ] --START--
INFO: Run Behavior\BuildLiteBehavior [ RunTime:0.000000s ]
INFO: [ app_init ] --END-- [ RunTime:0.001000s ]
INFO: [ app_begin ] --START--
INFO: Run Behavior\ReadHtmlCacheBehavior [ RunTime:0.000000s ]
INFO: [ app_begin ] --END-- [ RunTime:0.000000s ]
NOTIC: [2] call_user_func() expects parameter 1 to be a valid callback, no array or string given E:\www\yoga\ThinkPHP\Library\Think\Upload.class.php 第 170 行.
NOTIC: [8] Use of undefined constant savepath - assumed 'savepath' E:\www\yoga\Application\Admin\Controller\NewsController.class.php 第 180 行.
NOTIC: [8] Use of undefined constant savename - assumed 'savename' E:\www\yoga\Application\Admin\Controller\NewsController.class.php 第 180 行.
NOTIC: [8] Undefined variable: payname E:\www\yoga\Application\Admin\Controller\NewsController.class.php 第 217 行.
NOTIC: [8] Undefined variable: toptime E:\www\yoga\Application\Admin\Controller\NewsController.class.php 第 229 行.
ERR: SQLSTATE[23000]: Integrity constraint violation: 1048 Column 'ad_toptime' cannot be null

[ 2016-08-10T12:31:42+08:00 ] ::1 /yoga/index.php/Admin/News/news_runadd.html
INFO: [ app_init ] --START--
INFO: Run Behavior\BuildLiteBehavior [ RunTime:0.000000s ]
INFO: [ app_init ] --END-- [ RunTime:0.000000s ]
INFO: [ app_begin ] --START--
INFO: Run Behavior\ReadHtmlCacheBehavior [ RunTime:0.001000s ]
INFO: [ app_begin ] --END-- [ RunTime:0.001000s ]
NOTIC: [2] call_user_func() expects parameter 1 to be a valid callback, no array or string given E:\www\yoga\ThinkPHP\Library\Think\Upload.class.php 第 170 行.
NOTIC: [8] Use of undefined constant savepath - assumed 'savepath' E:\www\yoga\Application\Admin\Controller\NewsController.class.php 第 180 行.
NOTIC: [8] Use of undefined constant savename - assumed 'savename' E:\www\yoga\Application\Admin\Controller\NewsController.class.php 第 180 行.
NOTIC: [8] Undefined variable: payname E:\www\yoga\Application\Admin\Controller\NewsController.class.php 第 217 行.
NOTIC: [8] Undefined variable: toptime E:\www\yoga\Application\Admin\Controller\NewsController.class.php 第 229 行.
ERR: SQLSTATE[23000]: Integrity constraint violation: 1048 Column 'ad_toptime' cannot be null

[ 2016-08-10T12:31:43+08:00 ] ::1 /yoga/index.php/Admin/News/news_runadd.html
INFO: [ app_init ] --START--
INFO: Run Behavior\BuildLiteBehavior [ RunTime:0.000000s ]
INFO: [ app_init ] --END-- [ RunTime:0.001000s ]
INFO: [ app_begin ] --START--
INFO: Run Behavior\ReadHtmlCacheBehavior [ RunTime:0.000000s ]
INFO: [ app_begin ] --END-- [ RunTime:0.000000s ]
NOTIC: [2] call_user_func() expects parameter 1 to be a valid callback, no array or string given E:\www\yoga\ThinkPHP\Library\Think\Upload.class.php 第 170 行.
NOTIC: [8] Use of undefined constant savepath - assumed 'savepath' E:\www\yoga\Application\Admin\Controller\NewsController.class.php 第 180 行.
NOTIC: [8] Use of undefined constant savename - assumed 'savename' E:\www\yoga\Application\Admin\Controller\NewsController.class.php 第 180 行.
NOTIC: [8] Undefined variable: payname E:\www\yoga\Application\Admin\Controller\NewsController.class.php 第 217 行.
NOTIC: [8] Undefined variable: toptime E:\www\yoga\Application\Admin\Controller\NewsController.class.php 第 229 行.
ERR: SQLSTATE[23000]: Integrity constraint violation: 1048 Column 'ad_toptime' cannot be null

[ 2016-08-10T12:31:44+08:00 ] ::1 /yoga/index.php/Admin/News/news_runadd.html
INFO: [ app_init ] --START--
INFO: Run Behavior\BuildLiteBehavior [ RunTime:0.000000s ]
INFO: [ app_init ] --END-- [ RunTime:0.000000s ]
INFO: [ app_begin ] --START--
INFO: Run Behavior\ReadHtmlCacheBehavior [ RunTime:0.000000s ]
INFO: [ app_begin ] --END-- [ RunTime:0.000000s ]
NOTIC: [2] call_user_func() expects parameter 1 to be a valid callback, no array or string given E:\www\yoga\ThinkPHP\Library\Think\Upload.class.php 第 170 行.
NOTIC: [8] Use of undefined constant savepath - assumed 'savepath' E:\www\yoga\Application\Admin\Controller\NewsController.class.php 第 180 行.
NOTIC: [8] Use of undefined constant savename - assumed 'savename' E:\www\yoga\Application\Admin\Controller\NewsController.class.php 第 180 行.
NOTIC: [8] Undefined variable: payname E:\www\yoga\Application\Admin\Controller\NewsController.class.php 第 217 行.
NOTIC: [8] Undefined variable: toptime E:\www\yoga\Application\Admin\Controller\NewsController.class.php 第 229 行.
ERR: SQLSTATE[23000]: Integrity constraint violation: 1048 Column 'ad_toptime' cannot be null

[ 2016-08-10T12:31:45+08:00 ] ::1 /yoga/index.php/Admin/News/news_runadd.html
INFO: [ app_init ] --START--
INFO: Run Behavior\BuildLiteBehavior [ RunTime:0.000000s ]
INFO: [ app_init ] --END-- [ RunTime:0.001000s ]
INFO: [ app_begin ] --START--
INFO: Run Behavior\ReadHtmlCacheBehavior [ RunTime:0.001000s ]
INFO: [ app_begin ] --END-- [ RunTime:0.001000s ]
NOTIC: [2] call_user_func() expects parameter 1 to be a valid callback, no array or string given E:\www\yoga\ThinkPHP\Library\Think\Upload.class.php 第 170 行.
NOTIC: [8] Use of undefined constant savepath - assumed 'savepath' E:\www\yoga\Application\Admin\Controller\NewsController.class.php 第 180 行.
NOTIC: [8] Use of undefined constant savename - assumed 'savename' E:\www\yoga\Application\Admin\Controller\NewsController.class.php 第 180 行.
NOTIC: [8] Undefined variable: payname E:\www\yoga\Application\Admin\Controller\NewsController.class.php 第 217 行.
NOTIC: [8] Undefined variable: toptime E:\www\yoga\Application\Admin\Controller\NewsController.class.php 第 229 行.
ERR: SQLSTATE[23000]: Integrity constraint violation: 1048 Column 'ad_toptime' cannot be null

[ 2016-08-10T12:32:02+08:00 ] ::1 /yoga/index.php/Admin/News/news_runadd.html
INFO: [ app_init ] --START--
INFO: Run Behavior\BuildLiteBehavior [ RunTime:0.000000s ]
INFO: [ app_init ] --END-- [ RunTime:0.000000s ]
INFO: [ app_begin ] --START--
INFO: Run Behavior\ReadHtmlCacheBehavior [ RunTime:0.001000s ]
INFO: [ app_begin ] --END-- [ RunTime:0.001000s ]
INFO: [ view_parse ] --START--
INFO: [ template_filter ] --START--
INFO: Run Behavior\ContentReplaceBehavior [ RunTime:0.000000s ]
INFO: [ template_filter ] --END-- [ RunTime:0.000000s ]
INFO: Run Behavior\ParseTemplateBehavior [ RunTime:0.037002s ]
INFO: [ view_parse ] --END-- [ RunTime:0.037002s ]
INFO: [ view_filter ] --START--
INFO: Run Behavior\WriteHtmlCacheBehavior [ RunTime:0.001000s ]
INFO: Run Behavior\TokenBuildBehavior [ RunTime:0.000000s ]
INFO: [ view_filter ] --END-- [ RunTime:0.001000s ]

[ 2016-08-10T12:32:07+08:00 ] ::1 /yoga/index.php/Admin/News/news_list.html
INFO: [ app_init ] --START--
INFO: Run Behavior\BuildLiteBehavior [ RunTime:0.000000s ]
INFO: [ app_init ] --END-- [ RunTime:0.000000s ]
INFO: [ app_begin ] --START--
INFO: Run Behavior\ReadHtmlCacheBehavior [ RunTime:0.001001s ]
INFO: [ app_begin ] --END-- [ RunTime:0.001001s ]
NOTIC: [8] Undefined offset: 1 E:\www\yoga\Application\Admin\Controller\NewsController.class.php 第 25 行.
NOTIC: [8] Undefined variable: map E:\www\yoga\Application\Admin\Controller\NewsController.class.php 第 56 行.
NOTIC: [2] Invalid argument supplied for foreach() E:\www\yoga\Application\Admin\Controller\NewsController.class.php 第 56 行.
INFO: [ view_parse ] --START--
INFO: [ template_filter ] --START--
INFO: Run Behavior\ContentReplaceBehavior [ RunTime:0.000000s ]
INFO: [ template_filter ] --END-- [ RunTime:0.001000s ]
NOTIC: [8] Use of undefined constant ad_open - assumed 'ad_open' E:\www\yoga\Application\Runtime\Cache\Admin\5dc7cb56e7e8cd7601e6f40f87c141e0.php 第 442 行.
NOTIC: [8] Use of undefined constant ad_open - assumed 'ad_open' E:\www\yoga\Application\Runtime\Cache\Admin\5dc7cb56e7e8cd7601e6f40f87c141e0.php 第 442 行.
NOTIC: [8] Use of undefined constant ad_open - assumed 'ad_open' E:\www\yoga\Application\Runtime\Cache\Admin\5dc7cb56e7e8cd7601e6f40f87c141e0.php 第 442 行.
NOTIC: [8] Use of undefined constant ad_open - assumed 'ad_open' E:\www\yoga\Application\Runtime\Cache\Admin\5dc7cb56e7e8cd7601e6f40f87c141e0.php 第 442 行.
NOTIC: [8] Use of undefined constant ad_open - assumed 'ad_open' E:\www\yoga\Application\Runtime\Cache\Admin\5dc7cb56e7e8cd7601e6f40f87c141e0.php 第 442 行.
NOTIC: [8] Use of undefined constant ad_open - assumed 'ad_open' E:\www\yoga\Application\Runtime\Cache\Admin\5dc7cb56e7e8cd7601e6f40f87c141e0.php 第 442 行.
INFO: Run Behavior\ParseTemplateBehavior [ RunTime:0.061004s ]
INFO: [ view_parse ] --END-- [ RunTime:0.061004s ]
INFO: [ view_filter ] --START--
INFO: Run Behavior\WriteHtmlCacheBehavior [ RunTime:0.001000s ]
INFO: Run Behavior\TokenBuildBehavior [ RunTime:0.000000s ]
INFO: [ view_filter ] --END-- [ RunTime:0.001000s ]
INFO: [ app_end ] --START--
INFO: Run Behavior\ShowPageTraceBehavior [ RunTime:0.000000s ]
INFO: [ app_end ] --END-- [ RunTime:0.000000s ]

[ 2016-08-10T12:33:57+08:00 ] ::1 /yoga/index.php/Admin/News/news_listadd.html
INFO: [ app_init ] --START--
INFO: Run Behavior\BuildLiteBehavior [ RunTime:0.000000s ]
INFO: [ app_init ] --END-- [ RunTime:0.001000s ]
INFO: [ app_begin ] --START--
INFO: Run Behavior\ReadHtmlCacheBehavior [ RunTime:0.001000s ]
INFO: [ app_begin ] --END-- [ RunTime:0.001000s ]
INFO: [ view_parse ] --START--
INFO: [ template_filter ] --START--
INFO: Run Behavior\ContentReplaceBehavior [ RunTime:0.000000s ]
INFO: [ template_filter ] --END-- [ RunTime:0.000000s ]
NOTIC: [8] Use of undefined constant c - assumed 'c' E:\www\yoga\Application\Runtime\Cache\Admin\e426850b924cec834bfb580607d50e47.php 第 266 行.
NOTIC: [8] Use of undefined constant c - assumed 'c' E:\www\yoga\Application\Runtime\Cache\Admin\e426850b924cec834bfb580607d50e47.php 第 266 行.
NOTIC: [8] Use of undefined constant c - assumed 'c' E:\www\yoga\Application\Runtime\Cache\Admin\e426850b924cec834bfb580607d50e47.php 第 266 行.
INFO: Run Behavior\ParseTemplateBehavior [ RunTime:0.024002s ]
INFO: [ view_parse ] --END-- [ RunTime:0.024002s ]
INFO: [ view_filter ] --START--
INFO: Run Behavior\WriteHtmlCacheBehavior [ RunTime:0.001000s ]
INFO: Run Behavior\TokenBuildBehavior [ RunTime:0.000000s ]
INFO: [ view_filter ] --END-- [ RunTime:0.001000s ]
INFO: [ app_end ] --START--
INFO: Run Behavior\ShowPageTraceBehavior [ RunTime:0.001000s ]
INFO: [ app_end ] --END-- [ RunTime:0.001000s ]

[ 2016-08-10T12:34:43+08:00 ] ::1 /yoga/index.php/Admin/News/news_runadd.html
INFO: [ app_init ] --START--
INFO: Run Behavior\BuildLiteBehavior [ RunTime:0.000000s ]
INFO: [ app_init ] --END-- [ RunTime:0.001000s ]
INFO: [ app_begin ] --START--
INFO: Run Behavior\ReadHtmlCacheBehavior [ RunTime:0.001000s ]
INFO: [ app_begin ] --END-- [ RunTime:0.001000s ]
NOTIC: [2] call_user_func() expects parameter 1 to be a valid callback, no array or string given E:\www\yoga\ThinkPHP\Library\Think\Upload.class.php 第 170 行.
NOTIC: [8] Use of undefined constant savepath - assumed 'savepath' E:\www\yoga\Application\Admin\Controller\NewsController.class.php 第 180 行.
NOTIC: [8] Use of undefined constant savename - assumed 'savename' E:\www\yoga\Application\Admin\Controller\NewsController.class.php 第 180 行.
NOTIC: [8] Undefined variable: payname E:\www\yoga\Application\Admin\Controller\NewsController.class.php 第 217 行.
NOTIC: [8] Undefined variable: toptime E:\www\yoga\Application\Admin\Controller\NewsController.class.php 第 229 行.
ERR: SQLSTATE[23000]: Integrity constraint violation: 1048 Column 'ad_toptime' cannot be null

[ 2016-08-10T12:34:46+08:00 ] ::1 /yoga/index.php/Admin/News/news_runadd.html
INFO: [ app_init ] --START--
INFO: Run Behavior\BuildLiteBehavior [ RunTime:0.000000s ]
INFO: [ app_init ] --END-- [ RunTime:0.001000s ]
INFO: [ app_begin ] --START--
INFO: Run Behavior\ReadHtmlCacheBehavior [ RunTime:0.000000s ]
INFO: [ app_begin ] --END-- [ RunTime:0.001000s ]
NOTIC: [2] call_user_func() expects parameter 1 to be a valid callback, no array or string given E:\www\yoga\ThinkPHP\Library\Think\Upload.class.php 第 170 行.
NOTIC: [8] Use of undefined constant savepath - assumed 'savepath' E:\www\yoga\Application\Admin\Controller\NewsController.class.php 第 180 行.
NOTIC: [8] Use of undefined constant savename - assumed 'savename' E:\www\yoga\Application\Admin\Controller\NewsController.class.php 第 180 行.
NOTIC: [8] Undefined variable: payname E:\www\yoga\Application\Admin\Controller\NewsController.class.php 第 217 行.
NOTIC: [8] Undefined variable: toptime E:\www\yoga\Application\Admin\Controller\NewsController.class.php 第 229 行.
ERR: SQLSTATE[23000]: Integrity constraint violation: 1048 Column 'ad_toptime' cannot be null

[ 2016-08-10T12:34:47+08:00 ] ::1 /yoga/index.php/Admin/News/news_runadd.html
INFO: [ app_init ] --START--
INFO: Run Behavior\BuildLiteBehavior [ RunTime:0.000000s ]
INFO: [ app_init ] --END-- [ RunTime:0.000000s ]
INFO: [ app_begin ] --START--
INFO: Run Behavior\ReadHtmlCacheBehavior [ RunTime:0.000000s ]
INFO: [ app_begin ] --END-- [ RunTime:0.000000s ]
NOTIC: [2] call_user_func() expects parameter 1 to be a valid callback, no array or string given E:\www\yoga\ThinkPHP\Library\Think\Upload.class.php 第 170 行.
NOTIC: [8] Use of undefined constant savepath - assumed 'savepath' E:\www\yoga\Application\Admin\Controller\NewsController.class.php 第 180 行.
NOTIC: [8] Use of undefined constant savename - assumed 'savename' E:\www\yoga\Application\Admin\Controller\NewsController.class.php 第 180 行.
NOTIC: [8] Undefined variable: payname E:\www\yoga\Application\Admin\Controller\NewsController.class.php 第 217 行.
NOTIC: [8] Undefined variable: toptime E:\www\yoga\Application\Admin\Controller\NewsController.class.php 第 229 行.
ERR: SQLSTATE[23000]: Integrity constraint violation: 1048 Column 'ad_toptime' cannot be null

[ 2016-08-10T12:34:48+08:00 ] ::1 /yoga/index.php/Admin/News/news_runadd.html
INFO: [ app_init ] --START--
INFO: Run Behavior\BuildLiteBehavior [ RunTime:0.000000s ]
INFO: [ app_init ] --END-- [ RunTime:0.001000s ]
INFO: [ app_begin ] --START--
INFO: Run Behavior\ReadHtmlCacheBehavior [ RunTime:0.001000s ]
INFO: [ app_begin ] --END-- [ RunTime:0.001000s ]
NOTIC: [2] call_user_func() expects parameter 1 to be a valid callback, no array or string given E:\www\yoga\ThinkPHP\Library\Think\Upload.class.php 第 170 行.
NOTIC: [8] Use of undefined constant savepath - assumed 'savepath' E:\www\yoga\Application\Admin\Controller\NewsController.class.php 第 180 行.
NOTIC: [8] Use of undefined constant savename - assumed 'savename' E:\www\yoga\Application\Admin\Controller\NewsController.class.php 第 180 行.
NOTIC: [8] Undefined variable: payname E:\www\yoga\Application\Admin\Controller\NewsController.class.php 第 217 行.
NOTIC: [8] Undefined variable: toptime E:\www\yoga\Application\Admin\Controller\NewsController.class.php 第 229 行.
ERR: SQLSTATE[23000]: Integrity constraint violation: 1048 Column 'ad_toptime' cannot be null

[ 2016-08-10T12:34:49+08:00 ] ::1 /yoga/index.php/Admin/News/news_runadd.html
INFO: [ app_init ] --START--
INFO: Run Behavior\BuildLiteBehavior [ RunTime:0.000000s ]
INFO: [ app_init ] --END-- [ RunTime:0.000000s ]
INFO: [ app_begin ] --START--
INFO: Run Behavior\ReadHtmlCacheBehavior [ RunTime:0.000000s ]
INFO: [ app_begin ] --END-- [ RunTime:0.000000s ]
NOTIC: [2] call_user_func() expects parameter 1 to be a valid callback, no array or string given E:\www\yoga\ThinkPHP\Library\Think\Upload.class.php 第 170 行.
NOTIC: [8] Use of undefined constant savepath - assumed 'savepath' E:\www\yoga\Application\Admin\Controller\NewsController.class.php 第 180 行.
NOTIC: [8] Use of undefined constant savename - assumed 'savename' E:\www\yoga\Application\Admin\Controller\NewsController.class.php 第 180 行.
NOTIC: [8] Undefined variable: payname E:\www\yoga\Application\Admin\Controller\NewsController.class.php 第 217 行.
NOTIC: [8] Undefined variable: toptime E:\www\yoga\Application\Admin\Controller\NewsController.class.php 第 229 行.
ERR: SQLSTATE[23000]: Integrity constraint violation: 1048 Column 'ad_toptime' cannot be null

[ 2016-08-10T12:35:03+08:00 ] ::1 /yoga/index.php/Admin/News/news_runadd.html
INFO: [ app_init ] --START--
INFO: Run Behavior\BuildLiteBehavior [ RunTime:0.000000s ]
INFO: [ app_init ] --END-- [ RunTime:0.001000s ]
INFO: [ app_begin ] --START--
INFO: Run Behavior\ReadHtmlCacheBehavior [ RunTime:0.000000s ]
INFO: [ app_begin ] --END-- [ RunTime:0.000000s ]
NOTIC: [2] call_user_func() expects parameter 1 to be a valid callback, no array or string given E:\www\yoga\ThinkPHP\Library\Think\Upload.class.php 第 170 行.
NOTIC: [8] Use of undefined constant savepath - assumed 'savepath' E:\www\yoga\Application\Admin\Controller\NewsController.class.php 第 180 行.
NOTIC: [8] Use of undefined constant savename - assumed 'savename' E:\www\yoga\Application\Admin\Controller\NewsController.class.php 第 180 行.
NOTIC: [8] Undefined variable: payname E:\www\yoga\Application\Admin\Controller\NewsController.class.php 第 217 行.
NOTIC: [8] Undefined variable: toptime E:\www\yoga\Application\Admin\Controller\NewsController.class.php 第 229 行.
ERR: SQLSTATE[23000]: Integrity constraint violation: 1048 Column 'ad_toptime' cannot be null

[ 2016-08-10T12:35:08+08:00 ] ::1 /yoga/index.php/Admin/News/news_listadd.html
INFO: [ app_init ] --START--
INFO: Run Behavior\BuildLiteBehavior [ RunTime:0.000000s ]
INFO: [ app_init ] --END-- [ RunTime:0.001000s ]
INFO: [ app_begin ] --START--
INFO: Run Behavior\ReadHtmlCacheBehavior [ RunTime:0.001000s ]
INFO: [ app_begin ] --END-- [ RunTime:0.001000s ]
INFO: [ view_parse ] --START--
INFO: [ template_filter ] --START--
INFO: Run Behavior\ContentReplaceBehavior [ RunTime:0.000000s ]
INFO: [ template_filter ] --END-- [ RunTime:0.000000s ]
NOTIC: [8] Use of undefined constant c - assumed 'c' E:\www\yoga\Application\Runtime\Cache\Admin\e426850b924cec834bfb580607d50e47.php 第 266 行.
NOTIC: [8] Use of undefined constant c - assumed 'c' E:\www\yoga\Application\Runtime\Cache\Admin\e426850b924cec834bfb580607d50e47.php 第 266 行.
NOTIC: [8] Use of undefined constant c - assumed 'c' E:\www\yoga\Application\Runtime\Cache\Admin\e426850b924cec834bfb580607d50e47.php 第 266 行.
INFO: Run Behavior\ParseTemplateBehavior [ RunTime:0.023001s ]
INFO: [ view_parse ] --END-- [ RunTime:0.023001s ]
INFO: [ view_filter ] --START--
INFO: Run Behavior\WriteHtmlCacheBehavior [ RunTime:0.000000s ]
INFO: Run Behavior\TokenBuildBehavior [ RunTime:0.001000s ]
INFO: [ view_filter ] --END-- [ RunTime:0.001000s ]
INFO: [ app_end ] --START--
INFO: Run Behavior\ShowPageTraceBehavior [ RunTime:0.001000s ]
INFO: [ app_end ] --END-- [ RunTime:0.001000s ]

[ 2016-08-10T12:35:23+08:00 ] ::1 /yoga/index.php/Admin/News/news_runadd.html
INFO: [ app_init ] --START--
INFO: Run Behavior\BuildLiteBehavior [ RunTime:0.000000s ]
INFO: [ app_init ] --END-- [ RunTime:0.001000s ]
INFO: [ app_begin ] --START--
INFO: Run Behavior\ReadHtmlCacheBehavior [ RunTime:0.001000s ]
INFO: [ app_begin ] --END-- [ RunTime:0.001000s ]
INFO: [ view_parse ] --START--
INFO: [ template_filter ] --START--
INFO: Run Behavior\ContentReplaceBehavior [ RunTime:0.000000s ]
INFO: [ template_filter ] --END-- [ RunTime:0.000000s ]
INFO: Run Behavior\ParseTemplateBehavior [ RunTime:0.005001s ]
INFO: [ view_parse ] --END-- [ RunTime:0.005001s ]
INFO: [ view_filter ] --START--
INFO: Run Behavior\WriteHtmlCacheBehavior [ RunTime:0.000000s ]
INFO: Run Behavior\TokenBuildBehavior [ RunTime:0.000000s ]
INFO: [ view_filter ] --END-- [ RunTime:0.000000s ]

[ 2016-08-10T12:35:27+08:00 ] ::1 /yoga/index.php/Admin/News/news_list.html
INFO: [ app_init ] --START--
INFO: Run Behavior\BuildLiteBehavior [ RunTime:0.000000s ]
INFO: [ app_init ] --END-- [ RunTime:0.000000s ]
INFO: [ app_begin ] --START--
INFO: Run Behavior\ReadHtmlCacheBehavior [ RunTime:0.001000s ]
INFO: [ app_begin ] --END-- [ RunTime:0.001000s ]
NOTIC: [8] Undefined offset: 1 E:\www\yoga\Application\Admin\Controller\NewsController.class.php 第 25 行.
NOTIC: [8] Undefined variable: map E:\www\yoga\Application\Admin\Controller\NewsController.class.php 第 56 行.
NOTIC: [2] Invalid argument supplied for foreach() E:\www\yoga\Application\Admin\Controller\NewsController.class.php 第 56 行.
INFO: [ view_parse ] --START--
INFO: [ template_filter ] --START--
INFO: Run Behavior\ContentReplaceBehavior [ RunTime:0.000000s ]
INFO: [ template_filter ] --END-- [ RunTime:0.000000s ]
NOTIC: [8] Use of undefined constant ad_open - assumed 'ad_open' E:\www\yoga\Application\Runtime\Cache\Admin\5dc7cb56e7e8cd7601e6f40f87c141e0.php 第 442 行.
NOTIC: [8] Use of undefined constant ad_open - assumed 'ad_open' E:\www\yoga\Application\Runtime\Cache\Admin\5dc7cb56e7e8cd7601e6f40f87c141e0.php 第 442 行.
NOTIC: [8] Use of undefined constant ad_open - assumed 'ad_open' E:\www\yoga\Application\Runtime\Cache\Admin\5dc7cb56e7e8cd7601e6f40f87c141e0.php 第 442 行.
NOTIC: [8] Use of undefined constant ad_open - assumed 'ad_open' E:\www\yoga\Application\Runtime\Cache\Admin\5dc7cb56e7e8cd7601e6f40f87c141e0.php 第 442 行.
NOTIC: [8] Use of undefined constant ad_open - assumed 'ad_open' E:\www\yoga\Application\Runtime\Cache\Admin\5dc7cb56e7e8cd7601e6f40f87c141e0.php 第 442 行.
NOTIC: [8] Use of undefined constant ad_open - assumed 'ad_open' E:\www\yoga\Application\Runtime\Cache\Admin\5dc7cb56e7e8cd7601e6f40f87c141e0.php 第 442 行.
INFO: Run Behavior\ParseTemplateBehavior [ RunTime:0.026002s ]
INFO: [ view_parse ] --END-- [ RunTime:0.026002s ]
INFO: [ view_filter ] --START--
INFO: Run Behavior\WriteHtmlCacheBehavior [ RunTime:0.000000s ]
INFO: Run Behavior\TokenBuildBehavior [ RunTime:0.001000s ]
INFO: [ view_filter ] --END-- [ RunTime:0.001000s ]
INFO: [ app_end ] --START--
INFO: Run Behavior\ShowPageTraceBehavior [ RunTime:0.001000s ]
INFO: [ app_end ] --END-- [ RunTime:0.001000s ]

[ 2016-08-10T12:35:38+08:00 ] ::1 /yoga/index.php/Admin/News/news_listadd.html
INFO: [ app_init ] --START--
INFO: Run Behavior\BuildLiteBehavior [ RunTime:0.001000s ]
INFO: [ app_init ] --END-- [ RunTime:0.001000s ]
INFO: [ app_begin ] --START--
INFO: Run Behavior\ReadHtmlCacheBehavior [ RunTime:0.000000s ]
INFO: [ app_begin ] --END-- [ RunTime:0.000000s ]
INFO: [ view_parse ] --START--
INFO: [ template_filter ] --START--
INFO: Run Behavior\ContentReplaceBehavior [ RunTime:0.000000s ]
INFO: [ template_filter ] --END-- [ RunTime:0.000000s ]
NOTIC: [8] Use of undefined constant c - assumed 'c' E:\www\yoga\Application\Runtime\Cache\Admin\e426850b924cec834bfb580607d50e47.php 第 266 行.
NOTIC: [8] Use of undefined constant c - assumed 'c' E:\www\yoga\Application\Runtime\Cache\Admin\e426850b924cec834bfb580607d50e47.php 第 266 行.
NOTIC: [8] Use of undefined constant c - assumed 'c' E:\www\yoga\Application\Runtime\Cache\Admin\e426850b924cec834bfb580607d50e47.php 第 266 行.
INFO: Run Behavior\ParseTemplateBehavior [ RunTime:0.024001s ]
INFO: [ view_parse ] --END-- [ RunTime:0.024001s ]
INFO: [ view_filter ] --START--
INFO: Run Behavior\WriteHtmlCacheBehavior [ RunTime:0.000000s ]
INFO: Run Behavior\TokenBuildBehavior [ RunTime:0.000000s ]
INFO: [ view_filter ] --END-- [ RunTime:0.000000s ]
INFO: [ app_end ] --START--
INFO: Run Behavior\ShowPageTraceBehavior [ RunTime:0.000000s ]
INFO: [ app_end ] --END-- [ RunTime:0.000000s ]

[ 2016-08-10T12:35:53+08:00 ] ::1 /yoga/index.php/Admin/News/news_runadd.html
INFO: [ app_init ] --START--
INFO: Run Behavior\BuildLiteBehavior [ RunTime:0.000000s ]
INFO: [ app_init ] --END-- [ RunTime:0.000000s ]
INFO: [ app_begin ] --START--
INFO: Run Behavior\ReadHtmlCacheBehavior [ RunTime:0.001000s ]
INFO: [ app_begin ] --END-- [ RunTime:0.001000s ]
NOTIC: [8] Undefined index: pic_all E:\www\yoga\Application\Admin\Controller\NewsController.class.php 第 167 行.
NOTIC: [8] Undefined variable: img_url E:\www\yoga\Application\Admin\Controller\NewsController.class.php 第 215 行.
NOTIC: [8] Undefined variable: toptime E:\www\yoga\Application\Admin\Controller\NewsController.class.php 第 229 行.
ERR: SQLSTATE[23000]: Integrity constraint violation: 1048 Column 'ad_toptime' cannot be null

[ 2016-08-10T13:36:18+08:00 ] ::1 /yoga/index.php/Admin/News/news_runadd.html
INFO: [ app_init ] --START--
INFO: Run Behavior\BuildLiteBehavior [ RunTime:0.000000s ]
INFO: [ app_init ] --END-- [ RunTime:0.000000s ]
INFO: [ app_begin ] --START--
INFO: Run Behavior\ReadHtmlCacheBehavior [ RunTime:0.001000s ]
INFO: [ app_begin ] --END-- [ RunTime:0.001000s ]
NOTIC: [8] Undefined index: pic_all E:\www\yoga\Application\Admin\Controller\NewsController.class.php 第 167 行.
NOTIC: [8] Undefined variable: img_url E:\www\yoga\Application\Admin\Controller\NewsController.class.php 第 215 行.
INFO: [ view_parse ] --START--
INFO: [ template_filter ] --START--
INFO: Run Behavior\ContentReplaceBehavior [ RunTime:0.000000s ]
INFO: [ template_filter ] --END-- [ RunTime:0.000000s ]
INFO: Run Behavior\ParseTemplateBehavior [ RunTime:0.030002s ]
INFO: [ view_parse ] --END-- [ RunTime:0.030002s ]
INFO: [ view_filter ] --START--
INFO: Run Behavior\WriteHtmlCacheBehavior [ RunTime:0.000000s ]
INFO: Run Behavior\TokenBuildBehavior [ RunTime:0.001000s ]
INFO: [ view_filter ] --END-- [ RunTime:0.001000s ]
INFO: [ app_end ] --START--
INFO: Run Behavior\ShowPageTraceBehavior [ RunTime:0.000000s ]
INFO: [ app_end ] --END-- [ RunTime:0.001000s ]

[ 2016-08-10T13:36:20+08:00 ] ::1 /yoga/index.php/Admin/News/news_list.html
INFO: [ app_init ] --START--
INFO: Run Behavior\BuildLiteBehavior [ RunTime:0.000000s ]
INFO: [ app_init ] --END-- [ RunTime:0.000000s ]
INFO: [ app_begin ] --START--
INFO: Run Behavior\ReadHtmlCacheBehavior [ RunTime:0.001000s ]
INFO: [ app_begin ] --END-- [ RunTime:0.001000s ]
NOTIC: [8] Undefined offset: 1 E:\www\yoga\Application\Admin\Controller\NewsController.class.php 第 25 行.
NOTIC: [8] Undefined variable: map E:\www\yoga\Application\Admin\Controller\NewsController.class.php 第 56 行.
NOTIC: [2] Invalid argument supplied for foreach() E:\www\yoga\Application\Admin\Controller\NewsController.class.php 第 56 行.
INFO: [ view_parse ] --START--
INFO: [ template_filter ] --START--
INFO: Run Behavior\ContentReplaceBehavior [ RunTime:0.001000s ]
INFO: [ template_filter ] --END-- [ RunTime:0.001000s ]
NOTIC: [8] Use of undefined constant ad_open - assumed 'ad_open' E:\www\yoga\Application\Runtime\Cache\Admin\5dc7cb56e7e8cd7601e6f40f87c141e0.php 第 442 行.
NOTIC: [8] Use of undefined constant ad_open - assumed 'ad_open' E:\www\yoga\Application\Runtime\Cache\Admin\5dc7cb56e7e8cd7601e6f40f87c141e0.php 第 442 行.
NOTIC: [8] Use of undefined constant ad_open - assumed 'ad_open' E:\www\yoga\Application\Runtime\Cache\Admin\5dc7cb56e7e8cd7601e6f40f87c141e0.php 第 442 行.
NOTIC: [8] Use of undefined constant ad_open - assumed 'ad_open' E:\www\yoga\Application\Runtime\Cache\Admin\5dc7cb56e7e8cd7601e6f40f87c141e0.php 第 442 行.
NOTIC: [8] Use of undefined constant ad_open - assumed 'ad_open' E:\www\yoga\Application\Runtime\Cache\Admin\5dc7cb56e7e8cd7601e6f40f87c141e0.php 第 442 行.
NOTIC: [8] Use of undefined constant ad_open - assumed 'ad_open' E:\www\yoga\Application\Runtime\Cache\Admin\5dc7cb56e7e8cd7601e6f40f87c141e0.php 第 442 行.
NOTIC: [8] Use of undefined constant ad_open - assumed 'ad_open' E:\www\yoga\Application\Runtime\Cache\Admin\5dc7cb56e7e8cd7601e6f40f87c141e0.php 第 442 行.
INFO: Run Behavior\ParseTemplateBehavior [ RunTime:0.054004s ]
INFO: [ view_parse ] --END-- [ RunTime:0.055004s ]
INFO: [ view_filter ] --START--
INFO: Run Behavior\WriteHtmlCacheBehavior [ RunTime:0.000000s ]
INFO: Run Behavior\TokenBuildBehavior [ RunTime:0.000000s ]
INFO: [ view_filter ] --END-- [ RunTime:0.001000s ]
INFO: [ app_end ] --START--
INFO: Run Behavior\ShowPageTraceBehavior [ RunTime:0.000000s ]
INFO: [ app_end ] --END-- [ RunTime:0.000000s ]

[ 2016-08-10T13:36:40+08:00 ] ::1 /yoga/index.php/Admin/News/news_list_del/ad_id/22/p/1
INFO: [ app_init ] --START--
INFO: Run Behavior\BuildLiteBehavior [ RunTime:0.000000s ]
INFO: [ app_init ] --END-- [ RunTime:0.000000s ]
INFO: [ app_begin ] --START--
INFO: Run Behavior\ReadHtmlCacheBehavior [ RunTime:0.000000s ]
INFO: [ app_begin ] --END-- [ RunTime:0.000000s ]

[ 2016-08-10T13:36:42+08:00 ] ::1 /yoga/index.php/Admin/News/news_list/p/1.html
INFO: [ app_init ] --START--
INFO: Run Behavior\BuildLiteBehavior [ RunTime:0.000000s ]
INFO: [ app_init ] --END-- [ RunTime:0.000000s ]
INFO: [ app_begin ] --START--
INFO: Run Behavior\ReadHtmlCacheBehavior [ RunTime:0.001000s ]
INFO: [ app_begin ] --END-- [ RunTime:0.001000s ]
NOTIC: [8] Undefined offset: 1 E:\www\yoga\Application\Admin\Controller\NewsController.class.php 第 25 行.
NOTIC: [8] Undefined variable: map E:\www\yoga\Application\Admin\Controller\NewsController.class.php 第 56 行.
NOTIC: [2] Invalid argument supplied for foreach() E:\www\yoga\Application\Admin\Controller\NewsController.class.php 第 56 行.
INFO: [ view_parse ] --START--
INFO: [ template_filter ] --START--
INFO: Run Behavior\ContentReplaceBehavior [ RunTime:0.001000s ]
INFO: [ template_filter ] --END-- [ RunTime:0.001000s ]
NOTIC: [8] Use of undefined constant ad_open - assumed 'ad_open' E:\www\yoga\Application\Runtime\Cache\Admin\5dc7cb56e7e8cd7601e6f40f87c141e0.php 第 442 行.
NOTIC: [8] Use of undefined constant ad_open - assumed 'ad_open' E:\www\yoga\Application\Runtime\Cache\Admin\5dc7cb56e7e8cd7601e6f40f87c141e0.php 第 442 行.
NOTIC: [8] Use of undefined constant ad_open - assumed 'ad_open' E:\www\yoga\Application\Runtime\Cache\Admin\5dc7cb56e7e8cd7601e6f40f87c141e0.php 第 442 行.
NOTIC: [8] Use of undefined constant ad_open - assumed 'ad_open' E:\www\yoga\Application\Runtime\Cache\Admin\5dc7cb56e7e8cd7601e6f40f87c141e0.php 第 442 行.
NOTIC: [8] Use of undefined constant ad_open - assumed 'ad_open' E:\www\yoga\Application\Runtime\Cache\Admin\5dc7cb56e7e8cd7601e6f40f87c141e0.php 第 442 行.
NOTIC: [8] Use of undefined constant ad_open - assumed 'ad_open' E:\www\yoga\Application\Runtime\Cache\Admin\5dc7cb56e7e8cd7601e6f40f87c141e0.php 第 442 行.
INFO: Run Behavior\ParseTemplateBehavior [ RunTime:0.027002s ]
INFO: [ view_parse ] --END-- [ RunTime:0.027002s ]
INFO: [ view_filter ] --START--
INFO: Run Behavior\WriteHtmlCacheBehavior [ RunTime:0.000000s ]
INFO: Run Behavior\TokenBuildBehavior [ RunTime:0.001000s ]
INFO: [ view_filter ] --END-- [ RunTime:0.001000s ]
INFO: [ app_end ] --START--
INFO: Run Behavior\ShowPageTraceBehavior [ RunTime:0.000000s ]
INFO: [ app_end ] --END-- [ RunTime:0.000000s ]

[ 2016-08-10T13:36:44+08:00 ] ::1 /yoga/index.php/Admin/News/news_back.html
INFO: [ app_init ] --START--
INFO: Run Behavior\BuildLiteBehavior [ RunTime:0.000000s ]
INFO: [ app_init ] --END-- [ RunTime:0.000000s ]
INFO: [ app_begin ] --START--
INFO: Run Behavior\ReadHtmlCacheBehavior [ RunTime:0.001000s ]
INFO: [ app_begin ] --END-- [ RunTime:0.001000s ]
NOTIC: [8] Undefined offset: 1 E:\www\yoga\Application\Admin\Controller\NewsController.class.php 第 408 行.
NOTIC: [8] Undefined variable: map E:\www\yoga\Application\Admin\Controller\NewsController.class.php 第 439 行.
NOTIC: [2] Invalid argument supplied for foreach() E:\www\yoga\Application\Admin\Controller\NewsController.class.php 第 439 行.
INFO: [ view_parse ] --START--
INFO: [ template_filter ] --START--
INFO: Run Behavior\ContentReplaceBehavior [ RunTime:0.000000s ]
INFO: [ template_filter ] --END-- [ RunTime:0.000000s ]
NOTIC: [8] Use of undefined constant ad_open - assumed 'ad_open' E:\www\yoga\Application\Runtime\Cache\Admin\63a14476e9b8e15b87628f93e42f8a66.php 第 442 行.
NOTIC: [8] Use of undefined constant ad_open - assumed 'ad_open' E:\www\yoga\Application\Runtime\Cache\Admin\63a14476e9b8e15b87628f93e42f8a66.php 第 442 行.
NOTIC: [8] Use of undefined constant ad_open - assumed 'ad_open' E:\www\yoga\Application\Runtime\Cache\Admin\63a14476e9b8e15b87628f93e42f8a66.php 第 442 行.
NOTIC: [8] Use of undefined constant ad_open - assumed 'ad_open' E:\www\yoga\Application\Runtime\Cache\Admin\63a14476e9b8e15b87628f93e42f8a66.php 第 442 行.
NOTIC: [8] Use of undefined constant ad_open - assumed 'ad_open' E:\www\yoga\Application\Runtime\Cache\Admin\63a14476e9b8e15b87628f93e42f8a66.php 第 442 行.
NOTIC: [8] Use of undefined constant ad_open - assumed 'ad_open' E:\www\yoga\Application\Runtime\Cache\Admin\63a14476e9b8e15b87628f93e42f8a66.php 第 442 行.
NOTIC: [8] Use of undefined constant ad_open - assumed 'ad_open' E:\www\yoga\Application\Runtime\Cache\Admin\63a14476e9b8e15b87628f93e42f8a66.php 第 442 行.
INFO: Run Behavior\ParseTemplateBehavior [ RunTime:0.073004s ]
INFO: [ view_parse ] --END-- [ RunTime:0.073004s ]
INFO: [ view_filter ] --START--
INFO: Run Behavior\WriteHtmlCacheBehavior [ RunTime:0.000000s ]
INFO: Run Behavior\TokenBuildBehavior [ RunTime:0.001000s ]
INFO: [ view_filter ] --END-- [ RunTime:0.001000s ]
INFO: [ app_end ] --START--
INFO: Run Behavior\ShowPageTraceBehavior [ RunTime:0.001000s ]
INFO: [ app_end ] --END-- [ RunTime:0.001000s ]

[ 2016-08-10T13:36:48+08:00 ] ::1 /yoga/index.php/Admin/News/news_back_del/n_id/22/p/1
INFO: [ app_init ] --START--
INFO: Run Behavior\BuildLiteBehavior [ RunTime:0.000000s ]
INFO: [ app_init ] --END-- [ RunTime:0.000000s ]
INFO: [ app_begin ] --START--
INFO: Run Behavior\ReadHtmlCacheBehavior [ RunTime:0.001000s ]
INFO: [ app_begin ] --END-- [ RunTime:0.001000s ]

[ 2016-08-10T13:36:49+08:00 ] ::1 /yoga/index.php/Admin/News/news_back/p/1.html
INFO: [ app_init ] --START--
INFO: Run Behavior\BuildLiteBehavior [ RunTime:0.000000s ]
INFO: [ app_init ] --END-- [ RunTime:0.001000s ]
INFO: [ app_begin ] --START--
INFO: Run Behavior\ReadHtmlCacheBehavior [ RunTime:0.001000s ]
INFO: [ app_begin ] --END-- [ RunTime:0.001000s ]
NOTIC: [8] Undefined offset: 1 E:\www\yoga\Application\Admin\Controller\NewsController.class.php 第 408 行.
NOTIC: [8] Undefined variable: map E:\www\yoga\Application\Admin\Controller\NewsController.class.php 第 439 行.
NOTIC: [2] Invalid argument supplied for foreach() E:\www\yoga\Application\Admin\Controller\NewsController.class.php 第 439 行.
INFO: [ view_parse ] --START--
INFO: [ template_filter ] --START--
INFO: Run Behavior\ContentReplaceBehavior [ RunTime:0.000000s ]
INFO: [ template_filter ] --END-- [ RunTime:0.000000s ]
NOTIC: [8] Use of undefined constant ad_open - assumed 'ad_open' E:\www\yoga\Application\Runtime\Cache\Admin\63a14476e9b8e15b87628f93e42f8a66.php 第 442 行.
NOTIC: [8] Use of undefined constant ad_open - assumed 'ad_open' E:\www\yoga\Application\Runtime\Cache\Admin\63a14476e9b8e15b87628f93e42f8a66.php 第 442 行.
NOTIC: [8] Use of undefined constant ad_open - assumed 'ad_open' E:\www\yoga\Application\Runtime\Cache\Admin\63a14476e9b8e15b87628f93e42f8a66.php 第 442 行.
NOTIC: [8] Use of undefined constant ad_open - assumed 'ad_open' E:\www\yoga\Application\Runtime\Cache\Admin\63a14476e9b8e15b87628f93e42f8a66.php 第 442 行.
NOTIC: [8] Use of undefined constant ad_open - assumed 'ad_open' E:\www\yoga\Application\Runtime\Cache\Admin\63a14476e9b8e15b87628f93e42f8a66.php 第 442 行.
NOTIC: [8] Use of undefined constant ad_open - assumed 'ad_open' E:\www\yoga\Application\Runtime\Cache\Admin\63a14476e9b8e15b87628f93e42f8a66.php 第 442 行.
INFO: Run Behavior\ParseTemplateBehavior [ RunTime:0.027002s ]
INFO: [ view_parse ] --END-- [ RunTime:0.027002s ]
INFO: [ view_filter ] --START--
INFO: Run Behavior\WriteHtmlCacheBehavior [ RunTime:0.000000s ]
INFO: Run Behavior\TokenBuildBehavior [ RunTime:0.001000s ]
INFO: [ view_filter ] --END-- [ RunTime:0.001000s ]
INFO: [ app_end ] --START--
INFO: Run Behavior\ShowPageTraceBehavior [ RunTime:0.001000s ]
INFO: [ app_end ] --END-- [ RunTime:0.001000s ]

