[ 2016-09-22T11:21:55+08:00 ] ::1 /yoga/index.php/Admin
INFO: [ app_init ] --START--
INFO: Run Behavior\BuildLiteBehavior [ RunTime:0.000000s ]
INFO: [ app_init ] --END-- [ RunTime:0.001000s ]
INFO: [ app_begin ] --START--
INFO: Run Behavior\ReadHtmlCacheBehavior [ RunTime:0.001000s ]
INFO: [ app_begin ] --END-- [ RunTime:0.001000s ]
NOTIC: [2] Division by zero E:\www\yoga\Application\Admin\Controller\IndexController.class.php 第 38 行.
INFO: [ view_parse ] --START--
INFO: [ template_filter ] --START--
INFO: Run Behavior\ContentReplaceBehavior [ RunTime:0.000000s ]
INFO: [ template_filter ] --END-- [ RunTime:0.000000s ]
INFO: Run Behavior\ParseTemplateBehavior [ RunTime:0.158009s ]
INFO: [ view_parse ] --END-- [ RunTime:0.158009s ]
INFO: [ view_filter ] --START--
INFO: Run Behavior\WriteHtmlCacheBehavior [ RunTime:0.000000s ]
INFO: Run Behavior\TokenBuildBehavior [ RunTime:0.000000s ]
INFO: [ view_filter ] --END-- [ RunTime:0.001000s ]
INFO: [ app_end ] --START--
INFO: Run Behavior\ShowPageTraceBehavior [ RunTime:0.001001s ]
INFO: [ app_end ] --END-- [ RunTime:0.001001s ]

[ 2016-09-22T11:22:00+08:00 ] ::1 /yoga/Admin/Plug/plug_ad_list/se/44.html
INFO: [ app_init ] --START--
INFO: Run Behavior\BuildLiteBehavior [ RunTime:0.000000s ]
INFO: [ app_init ] --END-- [ RunTime:0.000000s ]
INFO: [ app_begin ] --START--
INFO: Run Behavior\ReadHtmlCacheBehavior [ RunTime:0.001000s ]
INFO: [ app_begin ] --END-- [ RunTime:0.001000s ]
INFO: [ view_parse ] --START--
INFO: [ template_filter ] --START--
INFO: Run Behavior\ContentReplaceBehavior [ RunTime:0.000000s ]
INFO: [ template_filter ] --END-- [ RunTime:0.000000s ]
NOTIC: [8] Use of undefined constant plug_ad_open - assumed 'plug_ad_open' E:\www\yoga\Application\Runtime\Cache\Admin\4ea9c3e4905af5d38e083456abc4d29d.php 第 289 行.
NOTIC: [8] Use of undefined constant plug_ad_open - assumed 'plug_ad_open' E:\www\yoga\Application\Runtime\Cache\Admin\4ea9c3e4905af5d38e083456abc4d29d.php 第 289 行.
INFO: Run Behavior\ParseTemplateBehavior [ RunTime:0.047003s ]
INFO: [ view_parse ] --END-- [ RunTime:0.047003s ]
INFO: [ view_filter ] --START--
INFO: Run Behavior\WriteHtmlCacheBehavior [ RunTime:0.001000s ]
INFO: Run Behavior\TokenBuildBehavior [ RunTime:0.000000s ]
INFO: [ view_filter ] --END-- [ RunTime:0.001000s ]
INFO: [ app_end ] --START--
INFO: Run Behavior\ShowPageTraceBehavior [ RunTime:0.000000s ]
INFO: [ app_end ] --END-- [ RunTime:0.000000s ]

[ 2016-09-22T11:22:04+08:00 ] ::1 /yoga/Admin/Plug/plug_adtype_list.html
INFO: [ app_init ] --START--
INFO: Run Behavior\BuildLiteBehavior [ RunTime:0.000000s ]
INFO: [ app_init ] --END-- [ RunTime:0.000000s ]
INFO: [ app_begin ] --START--
INFO: Run Behavior\ReadHtmlCacheBehavior [ RunTime:0.000000s ]
INFO: [ app_begin ] --END-- [ RunTime:0.000000s ]
INFO: [ view_parse ] --START--
INFO: [ template_filter ] --START--
INFO: Run Behavior\ContentReplaceBehavior [ RunTime:0.000000s ]
INFO: [ template_filter ] --END-- [ RunTime:0.000000s ]
INFO: Run Behavior\ParseTemplateBehavior [ RunTime:0.039002s ]
INFO: [ view_parse ] --END-- [ RunTime:0.039002s ]
INFO: [ view_filter ] --START--
INFO: Run Behavior\WriteHtmlCacheBehavior [ RunTime:0.001000s ]
INFO: Run Behavior\TokenBuildBehavior [ RunTime:0.000000s ]
INFO: [ view_filter ] --END-- [ RunTime:0.001000s ]
INFO: [ app_end ] --START--
INFO: Run Behavior\ShowPageTraceBehavior [ RunTime:0.001000s ]
INFO: [ app_end ] --END-- [ RunTime:0.001000s ]

[ 2016-09-22T12:06:59+08:00 ] ::1 /yoga/index.php/Admin
INFO: [ app_init ] --START--
INFO: Run Behavior\BuildLiteBehavior [ RunTime:0.000000s ]
INFO: [ app_init ] --END-- [ RunTime:0.000000s ]
INFO: [ app_begin ] --START--
INFO: Run Behavior\ReadHtmlCacheBehavior [ RunTime:0.000000s ]
INFO: [ app_begin ] --END-- [ RunTime:0.000000s ]
NOTIC: [2] Division by zero E:\www\yoga\Application\Admin\Controller\IndexController.class.php 第 38 行.
INFO: [ view_parse ] --START--
INFO: [ template_filter ] --START--
INFO: Run Behavior\ContentReplaceBehavior [ RunTime:0.000000s ]
INFO: [ template_filter ] --END-- [ RunTime:0.000000s ]
INFO: Run Behavior\ParseTemplateBehavior [ RunTime:0.042002s ]
INFO: [ view_parse ] --END-- [ RunTime:0.042002s ]
INFO: [ view_filter ] --START--
INFO: Run Behavior\WriteHtmlCacheBehavior [ RunTime:0.000000s ]
INFO: Run Behavior\TokenBuildBehavior [ RunTime:0.001000s ]
INFO: [ view_filter ] --END-- [ RunTime:0.001000s ]
INFO: [ app_end ] --START--
INFO: Run Behavior\ShowPageTraceBehavior [ RunTime:0.001000s ]
INFO: [ app_end ] --END-- [ RunTime:0.001000s ]

[ 2016-09-22T12:07:04+08:00 ] ::1 /yoga/Admin/News/class_list/se/184.html
INFO: [ app_init ] --START--
INFO: Run Behavior\BuildLiteBehavior [ RunTime:0.001000s ]
INFO: [ app_init ] --END-- [ RunTime:0.001000s ]
INFO: [ app_begin ] --START--
INFO: Run Behavior\ReadHtmlCacheBehavior [ RunTime:0.001001s ]
INFO: [ app_begin ] --END-- [ RunTime:0.001001s ]
NOTIC: [8] Undefined offset: 1 E:\www\yoga\Application\Admin\Controller\NewsController.class.php 第 622 行.
NOTIC: [8] Undefined variable: map E:\www\yoga\Application\Admin\Controller\NewsController.class.php 第 649 行.
NOTIC: [2] Invalid argument supplied for foreach() E:\www\yoga\Application\Admin\Controller\NewsController.class.php 第 649 行.
INFO: [ view_parse ] --START--
INFO: [ template_filter ] --START--
INFO: Run Behavior\ContentReplaceBehavior [ RunTime:0.001000s ]
INFO: [ template_filter ] --END-- [ RunTime:0.001000s ]
NOTIC: [8] Use of undefined constant mc_open - assumed 'mc_open' E:\www\yoga\Application\Runtime\Cache\Admin\3308fa03f617690ca40b4fd14facce27.php 第 445 行.
INFO: Run Behavior\ParseTemplateBehavior [ RunTime:0.048003s ]
INFO: [ view_parse ] --END-- [ RunTime:0.048003s ]
INFO: [ view_filter ] --START--
INFO: Run Behavior\WriteHtmlCacheBehavior [ RunTime:0.001000s ]
INFO: Run Behavior\TokenBuildBehavior [ RunTime:0.000000s ]
INFO: [ view_filter ] --END-- [ RunTime:0.001000s ]
INFO: [ app_end ] --START--
INFO: Run Behavior\ShowPageTraceBehavior [ RunTime:0.001000s ]
INFO: [ app_end ] --END-- [ RunTime:0.001000s ]

[ 2016-09-22T12:07:08+08:00 ] ::1 /yoga/Admin/News/class_list_edit/mc_id/1.html
INFO: [ app_init ] --START--
INFO: Run Behavior\BuildLiteBehavior [ RunTime:0.000000s ]
INFO: [ app_init ] --END-- [ RunTime:0.001000s ]
INFO: [ app_begin ] --START--
INFO: Run Behavior\ReadHtmlCacheBehavior [ RunTime:0.001000s ]
INFO: [ app_begin ] --END-- [ RunTime:0.001000s ]
NOTIC: [8] Use of undefined constant htmlspecialchars - assumed 'htmlspecialchars' E:\www\yoga\Application\Admin\Controller\NewsController.class.php 第 860 行.
INFO: [ view_parse ] --START--
INFO: [ template_filter ] --START--
INFO: Run Behavior\ContentReplaceBehavior [ RunTime:0.001000s ]
INFO: [ template_filter ] --END-- [ RunTime:0.001000s ]
NOTIC: [8] Use of undefined constant ct_type - assumed 'ct_type' E:\www\yoga\Application\Runtime\Cache\Admin\b29b30345d9bb84d5492c6e8167f894e.php 第 265 行.
NOTIC: [8] Array to string conversion E:\www\yoga\Application\Runtime\Cache\Admin\b29b30345d9bb84d5492c6e8167f894e.php 第 265 行.
NOTIC: [8] Use of undefined constant ct_type - assumed 'ct_type' E:\www\yoga\Application\Runtime\Cache\Admin\b29b30345d9bb84d5492c6e8167f894e.php 第 265 行.
NOTIC: [8] Array to string conversion E:\www\yoga\Application\Runtime\Cache\Admin\b29b30345d9bb84d5492c6e8167f894e.php 第 265 行.
NOTIC: [8] Use of undefined constant ct_type - assumed 'ct_type' E:\www\yoga\Application\Runtime\Cache\Admin\b29b30345d9bb84d5492c6e8167f894e.php 第 265 行.
NOTIC: [8] Array to string conversion E:\www\yoga\Application\Runtime\Cache\Admin\b29b30345d9bb84d5492c6e8167f894e.php 第 265 行.
NOTIC: [8] Use of undefined constant mc_photo - assumed 'mc_photo' E:\www\yoga\Application\Runtime\Cache\Admin\b29b30345d9bb84d5492c6e8167f894e.php 第 427 行.
NOTIC: [8] Array to string conversion E:\www\yoga\Application\Runtime\Cache\Admin\b29b30345d9bb84d5492c6e8167f894e.php 第 427 行.
NOTIC: [8] Undefined variable: pic_list E:\www\yoga\Application\Runtime\Cache\Admin\b29b30345d9bb84d5492c6e8167f894e.php 第 795 行.
INFO: Run Behavior\ParseTemplateBehavior [ RunTime:0.047002s ]
INFO: [ view_parse ] --END-- [ RunTime:0.048002s ]
INFO: [ view_filter ] --START--
INFO: Run Behavior\WriteHtmlCacheBehavior [ RunTime:0.000000s ]
INFO: Run Behavior\TokenBuildBehavior [ RunTime:0.000000s ]
INFO: [ view_filter ] --END-- [ RunTime:0.000000s ]
INFO: [ app_end ] --START--
INFO: Run Behavior\ShowPageTraceBehavior [ RunTime:0.000000s ]
INFO: [ app_end ] --END-- [ RunTime:0.000000s ]

[ 2016-09-22T12:07:17+08:00 ] ::1 /yoga/Admin/News/class_list_edit/mc_id/1.html
INFO: [ app_init ] --START--
INFO: Run Behavior\BuildLiteBehavior [ RunTime:0.000000s ]
INFO: [ app_init ] --END-- [ RunTime:0.001000s ]
INFO: [ app_begin ] --START--
INFO: Run Behavior\ReadHtmlCacheBehavior [ RunTime:0.001000s ]
INFO: [ app_begin ] --END-- [ RunTime:0.001000s ]
NOTIC: [8] Use of undefined constant htmlspecialchars - assumed 'htmlspecialchars' E:\www\yoga\Application\Admin\Controller\NewsController.class.php 第 860 行.
INFO: [ view_parse ] --START--
INFO: [ template_filter ] --START--
INFO: Run Behavior\ContentReplaceBehavior [ RunTime:0.001000s ]
INFO: [ template_filter ] --END-- [ RunTime:0.001000s ]
NOTIC: [8] Use of undefined constant ct_type - assumed 'ct_type' E:\www\yoga\Application\Runtime\Cache\Admin\b29b30345d9bb84d5492c6e8167f894e.php 第 265 行.
NOTIC: [8] Array to string conversion E:\www\yoga\Application\Runtime\Cache\Admin\b29b30345d9bb84d5492c6e8167f894e.php 第 265 行.
NOTIC: [8] Use of undefined constant ct_type - assumed 'ct_type' E:\www\yoga\Application\Runtime\Cache\Admin\b29b30345d9bb84d5492c6e8167f894e.php 第 265 行.
NOTIC: [8] Array to string conversion E:\www\yoga\Application\Runtime\Cache\Admin\b29b30345d9bb84d5492c6e8167f894e.php 第 265 行.
NOTIC: [8] Use of undefined constant ct_type - assumed 'ct_type' E:\www\yoga\Application\Runtime\Cache\Admin\b29b30345d9bb84d5492c6e8167f894e.php 第 265 行.
NOTIC: [8] Array to string conversion E:\www\yoga\Application\Runtime\Cache\Admin\b29b30345d9bb84d5492c6e8167f894e.php 第 265 行.
NOTIC: [8] Use of undefined constant mc_photo - assumed 'mc_photo' E:\www\yoga\Application\Runtime\Cache\Admin\b29b30345d9bb84d5492c6e8167f894e.php 第 427 行.
NOTIC: [8] Array to string conversion E:\www\yoga\Application\Runtime\Cache\Admin\b29b30345d9bb84d5492c6e8167f894e.php 第 427 行.
NOTIC: [8] Undefined variable: pic_list E:\www\yoga\Application\Runtime\Cache\Admin\b29b30345d9bb84d5492c6e8167f894e.php 第 795 行.
INFO: Run Behavior\ParseTemplateBehavior [ RunTime:0.024001s ]
INFO: [ view_parse ] --END-- [ RunTime:0.024001s ]
INFO: [ view_filter ] --START--
INFO: Run Behavior\WriteHtmlCacheBehavior [ RunTime:0.000000s ]
INFO: Run Behavior\TokenBuildBehavior [ RunTime:0.000000s ]
INFO: [ view_filter ] --END-- [ RunTime:0.000000s ]
INFO: [ app_end ] --START--
INFO: Run Behavior\ShowPageTraceBehavior [ RunTime:0.001000s ]
INFO: [ app_end ] --END-- [ RunTime:0.001000s ]

[ 2016-09-22T12:07:21+08:00 ] ::1 /yoga/Admin/Ajax/getClass.html?pid=c
INFO: [ app_init ] --START--
INFO: Run Behavior\BuildLiteBehavior [ RunTime:0.000000s ]
INFO: [ app_init ] --END-- [ RunTime:0.000000s ]
INFO: [ app_begin ] --START--
INFO: Run Behavior\ReadHtmlCacheBehavior [ RunTime:0.001000s ]
INFO: [ app_begin ] --END-- [ RunTime:0.001000s ]
INFO: [ app_end ] --START--
INFO: Run Behavior\ShowPageTraceBehavior [ RunTime:0.001000s ]
INFO: [ app_end ] --END-- [ RunTime:0.001000s ]

[ 2016-09-22T12:07:28+08:00 ] ::1 /yoga/Admin/News/class_runedit.html
INFO: [ app_init ] --START--
INFO: Run Behavior\BuildLiteBehavior [ RunTime:0.000000s ]
INFO: [ app_init ] --END-- [ RunTime:0.001000s ]
INFO: [ app_begin ] --START--
INFO: Run Behavior\ReadHtmlCacheBehavior [ RunTime:0.001000s ]
INFO: [ app_begin ] --END-- [ RunTime:0.001000s ]
NOTIC: [8] Use of undefined constant htmlspecialchars - assumed 'htmlspecialchars' E:\www\yoga\Application\Admin\Controller\NewsController.class.php 第 939 行.
NOTIC: [8] Use of undefined constant htmlspecialchars - assumed 'htmlspecialchars' E:\www\yoga\Application\Admin\Controller\NewsController.class.php 第 940 行.
NOTIC: [8] Undefined index: pic_one E:\www\yoga\Application\Admin\Controller\NewsController.class.php 第 949 行.
NOTIC: [8] Undefined index: pic_all E:\www\yoga\Application\Admin\Controller\NewsController.class.php 第 949 行.
NOTIC: [8] Undefined variable: str E:\www\yoga\ThinkPHP\Library\Org\Util\Pinyin.class.php 第 116 行.
NOTIC: [8] Undefined variable: str E:\www\yoga\Application\Admin\Controller\NewsController.class.php 第 1021 行.
NOTIC: [8] Undefined variable: img_url E:\www\yoga\Application\Admin\Controller\NewsController.class.php 第 1061 行.

[ 2016-09-22T12:07:30+08:00 ] ::1 /yoga/Admin/News/class_list.html
INFO: [ app_init ] --START--
INFO: Run Behavior\BuildLiteBehavior [ RunTime:0.000000s ]
INFO: [ app_init ] --END-- [ RunTime:0.000000s ]
INFO: [ app_begin ] --START--
INFO: Run Behavior\ReadHtmlCacheBehavior [ RunTime:0.001000s ]
INFO: [ app_begin ] --END-- [ RunTime:0.001000s ]
NOTIC: [8] Undefined offset: 1 E:\www\yoga\Application\Admin\Controller\NewsController.class.php 第 622 行.
NOTIC: [8] Undefined variable: map E:\www\yoga\Application\Admin\Controller\NewsController.class.php 第 649 行.
NOTIC: [2] Invalid argument supplied for foreach() E:\www\yoga\Application\Admin\Controller\NewsController.class.php 第 649 行.
INFO: [ view_parse ] --START--
INFO: [ template_filter ] --START--
INFO: Run Behavior\ContentReplaceBehavior [ RunTime:0.000000s ]
INFO: [ template_filter ] --END-- [ RunTime:0.000000s ]
NOTIC: [8] Use of undefined constant mc_open - assumed 'mc_open' E:\www\yoga\Application\Runtime\Cache\Admin\3308fa03f617690ca40b4fd14facce27.php 第 445 行.
INFO: Run Behavior\ParseTemplateBehavior [ RunTime:0.047002s ]
INFO: [ view_parse ] --END-- [ RunTime:0.047002s ]
INFO: [ view_filter ] --START--
INFO: Run Behavior\WriteHtmlCacheBehavior [ RunTime:0.001000s ]
INFO: Run Behavior\TokenBuildBehavior [ RunTime:0.000000s ]
INFO: [ view_filter ] --END-- [ RunTime:0.001000s ]
INFO: [ app_end ] --START--
INFO: Run Behavior\ShowPageTraceBehavior [ RunTime:0.000000s ]
INFO: [ app_end ] --END-- [ RunTime:0.001000s ]

[ 2016-09-22T12:07:33+08:00 ] ::1 /yoga/Admin/News/class_list_edit/mc_id/1.html
INFO: [ app_init ] --START--
INFO: Run Behavior\BuildLiteBehavior [ RunTime:0.000000s ]
INFO: [ app_init ] --END-- [ RunTime:0.001000s ]
INFO: [ app_begin ] --START--
INFO: Run Behavior\ReadHtmlCacheBehavior [ RunTime:0.001000s ]
INFO: [ app_begin ] --END-- [ RunTime:0.001000s ]
NOTIC: [8] Use of undefined constant htmlspecialchars - assumed 'htmlspecialchars' E:\www\yoga\Application\Admin\Controller\NewsController.class.php 第 860 行.
INFO: [ view_parse ] --START--
INFO: [ template_filter ] --START--
INFO: Run Behavior\ContentReplaceBehavior [ RunTime:0.000000s ]
INFO: [ template_filter ] --END-- [ RunTime:0.000000s ]
NOTIC: [8] Use of undefined constant ct_type - assumed 'ct_type' E:\www\yoga\Application\Runtime\Cache\Admin\b29b30345d9bb84d5492c6e8167f894e.php 第 265 行.
NOTIC: [8] Array to string conversion E:\www\yoga\Application\Runtime\Cache\Admin\b29b30345d9bb84d5492c6e8167f894e.php 第 265 行.
NOTIC: [8] Use of undefined constant ct_type - assumed 'ct_type' E:\www\yoga\Application\Runtime\Cache\Admin\b29b30345d9bb84d5492c6e8167f894e.php 第 265 行.
NOTIC: [8] Array to string conversion E:\www\yoga\Application\Runtime\Cache\Admin\b29b30345d9bb84d5492c6e8167f894e.php 第 265 行.
NOTIC: [8] Use of undefined constant ct_type - assumed 'ct_type' E:\www\yoga\Application\Runtime\Cache\Admin\b29b30345d9bb84d5492c6e8167f894e.php 第 265 行.
NOTIC: [8] Array to string conversion E:\www\yoga\Application\Runtime\Cache\Admin\b29b30345d9bb84d5492c6e8167f894e.php 第 265 行.
NOTIC: [8] Use of undefined constant mc_photo - assumed 'mc_photo' E:\www\yoga\Application\Runtime\Cache\Admin\b29b30345d9bb84d5492c6e8167f894e.php 第 427 行.
NOTIC: [8] Array to string conversion E:\www\yoga\Application\Runtime\Cache\Admin\b29b30345d9bb84d5492c6e8167f894e.php 第 427 行.
NOTIC: [8] Undefined variable: pic_list E:\www\yoga\Application\Runtime\Cache\Admin\b29b30345d9bb84d5492c6e8167f894e.php 第 795 行.
INFO: Run Behavior\ParseTemplateBehavior [ RunTime:0.025001s ]
INFO: [ view_parse ] --END-- [ RunTime:0.026002s ]
INFO: [ view_filter ] --START--
INFO: Run Behavior\WriteHtmlCacheBehavior [ RunTime:0.001000s ]
INFO: Run Behavior\TokenBuildBehavior [ RunTime:0.000000s ]
INFO: [ view_filter ] --END-- [ RunTime:0.001000s ]
INFO: [ app_end ] --START--
INFO: Run Behavior\ShowPageTraceBehavior [ RunTime:0.001000s ]
INFO: [ app_end ] --END-- [ RunTime:0.001000s ]

[ 2016-09-22T12:09:01+08:00 ] ::1 /yoga/Admin/News/class_list_edit/mc_id/1.html
INFO: [ app_init ] --START--
INFO: Run Behavior\BuildLiteBehavior [ RunTime:0.000000s ]
INFO: [ app_init ] --END-- [ RunTime:0.001000s ]
INFO: [ app_begin ] --START--
INFO: Run Behavior\ReadHtmlCacheBehavior [ RunTime:0.000000s ]
INFO: [ app_begin ] --END-- [ RunTime:0.001000s ]
NOTIC: [8] Use of undefined constant htmlspecialchars - assumed 'htmlspecialchars' E:\www\yoga\Application\Admin\Controller\NewsController.class.php 第 860 行.
INFO: [ view_parse ] --START--
INFO: [ template_filter ] --START--
INFO: Run Behavior\ContentReplaceBehavior [ RunTime:0.000000s ]
INFO: [ template_filter ] --END-- [ RunTime:0.000000s ]
NOTIC: [8] Use of undefined constant mc_photo - assumed 'mc_photo' E:\www\yoga\Application\Runtime\Cache\Admin\b29b30345d9bb84d5492c6e8167f894e.php 第 427 行.
NOTIC: [8] Array to string conversion E:\www\yoga\Application\Runtime\Cache\Admin\b29b30345d9bb84d5492c6e8167f894e.php 第 427 行.
NOTIC: [8] Undefined variable: pic_list E:\www\yoga\Application\Runtime\Cache\Admin\b29b30345d9bb84d5492c6e8167f894e.php 第 795 行.
INFO: Run Behavior\ParseTemplateBehavior [ RunTime:0.025002s ]
INFO: [ view_parse ] --END-- [ RunTime:0.025002s ]
INFO: [ view_filter ] --START--
INFO: Run Behavior\WriteHtmlCacheBehavior [ RunTime:0.001000s ]
INFO: Run Behavior\TokenBuildBehavior [ RunTime:0.000000s ]
INFO: [ view_filter ] --END-- [ RunTime:0.001000s ]
INFO: [ app_end ] --START--
INFO: Run Behavior\ShowPageTraceBehavior [ RunTime:0.000000s ]
INFO: [ app_end ] --END-- [ RunTime:0.000000s ]

[ 2016-09-22T12:09:34+08:00 ] ::1 /yoga/Admin/News/class_list_edit/mc_id/1.html
INFO: [ app_init ] --START--
INFO: Run Behavior\BuildLiteBehavior [ RunTime:0.000000s ]
INFO: [ app_init ] --END-- [ RunTime:0.000000s ]
INFO: [ app_begin ] --START--
INFO: Run Behavior\ReadHtmlCacheBehavior [ RunTime:0.001000s ]
INFO: [ app_begin ] --END-- [ RunTime:0.001000s ]
NOTIC: [8] Use of undefined constant htmlspecialchars - assumed 'htmlspecialchars' E:\www\yoga\Application\Admin\Controller\NewsController.class.php 第 860 行.
INFO: [ view_parse ] --START--
INFO: [ template_filter ] --START--
INFO: Run Behavior\ContentReplaceBehavior [ RunTime:0.000000s ]
INFO: [ template_filter ] --END-- [ RunTime:0.000000s ]
NOTIC: [8] Use of undefined constant mc_photo - assumed 'mc_photo' E:\www\yoga\Application\Runtime\Cache\Admin\b29b30345d9bb84d5492c6e8167f894e.php 第 427 行.
NOTIC: [8] Array to string conversion E:\www\yoga\Application\Runtime\Cache\Admin\b29b30345d9bb84d5492c6e8167f894e.php 第 427 行.
NOTIC: [8] Undefined variable: pic_list E:\www\yoga\Application\Runtime\Cache\Admin\b29b30345d9bb84d5492c6e8167f894e.php 第 795 行.
INFO: Run Behavior\ParseTemplateBehavior [ RunTime:0.023002s ]
INFO: [ view_parse ] --END-- [ RunTime:0.023002s ]
INFO: [ view_filter ] --START--
INFO: Run Behavior\WriteHtmlCacheBehavior [ RunTime:0.001000s ]
INFO: Run Behavior\TokenBuildBehavior [ RunTime:0.000000s ]
INFO: [ view_filter ] --END-- [ RunTime:0.001000s ]
INFO: [ app_end ] --START--
INFO: Run Behavior\ShowPageTraceBehavior [ RunTime:0.001000s ]
INFO: [ app_end ] --END-- [ RunTime:0.001000s ]

[ 2016-09-22T12:10:21+08:00 ] ::1 /yoga/Admin/News/class_list_edit/mc_id/1.html
INFO: [ app_init ] --START--
INFO: Run Behavior\BuildLiteBehavior [ RunTime:0.000000s ]
INFO: [ app_init ] --END-- [ RunTime:0.005001s ]
INFO: [ app_begin ] --START--
INFO: Run Behavior\ReadHtmlCacheBehavior [ RunTime:0.007000s ]
INFO: [ app_begin ] --END-- [ RunTime:0.007000s ]
NOTIC: [8] Use of undefined constant htmlspecialchars - assumed 'htmlspecialchars' E:\www\yoga\Application\Admin\Controller\NewsController.class.php 第 860 行.
INFO: [ view_parse ] --START--
INFO: [ template_filter ] --START--
INFO: Run Behavior\ContentReplaceBehavior [ RunTime:0.000000s ]
INFO: [ template_filter ] --END-- [ RunTime:0.000000s ]
NOTIC: [8] Use of undefined constant mc_photo - assumed 'mc_photo' E:\www\yoga\Application\Runtime\Cache\Admin\b29b30345d9bb84d5492c6e8167f894e.php 第 427 行.
NOTIC: [8] Array to string conversion E:\www\yoga\Application\Runtime\Cache\Admin\b29b30345d9bb84d5492c6e8167f894e.php 第 427 行.
NOTIC: [8] Undefined variable: pic_list E:\www\yoga\Application\Runtime\Cache\Admin\b29b30345d9bb84d5492c6e8167f894e.php 第 795 行.
INFO: Run Behavior\ParseTemplateBehavior [ RunTime:0.032002s ]
INFO: [ view_parse ] --END-- [ RunTime:0.032002s ]
INFO: [ view_filter ] --START--
INFO: Run Behavior\WriteHtmlCacheBehavior [ RunTime:0.001000s ]
INFO: Run Behavior\TokenBuildBehavior [ RunTime:0.000000s ]
INFO: [ view_filter ] --END-- [ RunTime:0.001000s ]
INFO: [ app_end ] --START--
INFO: Run Behavior\ShowPageTraceBehavior [ RunTime:0.001000s ]
INFO: [ app_end ] --END-- [ RunTime:0.001000s ]

[ 2016-09-22T12:12:16+08:00 ] ::1 /yoga/Admin/News/class_list_edit/mc_id/1.html
INFO: [ app_init ] --START--
INFO: Run Behavior\BuildLiteBehavior [ RunTime:0.000000s ]
INFO: [ app_init ] --END-- [ RunTime:0.000000s ]
INFO: [ app_begin ] --START--
INFO: Run Behavior\ReadHtmlCacheBehavior [ RunTime:0.000000s ]
INFO: [ app_begin ] --END-- [ RunTime:0.000000s ]
NOTIC: [8] Use of undefined constant htmlspecialchars - assumed 'htmlspecialchars' E:\www\yoga\Application\Admin\Controller\NewsController.class.php 第 860 行.
INFO: [ view_parse ] --START--
NOTIC: [8] Undefined index: item E:\www\yoga\ThinkPHP\Library\Think\Template\TagLib\Cx.class.php 第 113 行.
INFO: [ template_filter ] --START--
INFO: Run Behavior\ContentReplaceBehavior [ RunTime:0.000000s ]
INFO: [ template_filter ] --END-- [ RunTime:0.000000s ]

[ 2016-09-22T12:12:26+08:00 ] ::1 /yoga/Admin/News/class_list_edit/mc_id/1.html
INFO: [ app_init ] --START--
INFO: Run Behavior\BuildLiteBehavior [ RunTime:0.000000s ]
INFO: [ app_init ] --END-- [ RunTime:0.001000s ]
INFO: [ app_begin ] --START--
INFO: Run Behavior\ReadHtmlCacheBehavior [ RunTime:0.001000s ]
INFO: [ app_begin ] --END-- [ RunTime:0.001000s ]
NOTIC: [8] Use of undefined constant htmlspecialchars - assumed 'htmlspecialchars' E:\www\yoga\Application\Admin\Controller\NewsController.class.php 第 860 行.
INFO: [ view_parse ] --START--
NOTIC: [8] Undefined index: item E:\www\yoga\ThinkPHP\Library\Think\Template\TagLib\Cx.class.php 第 113 行.
INFO: [ template_filter ] --START--
INFO: Run Behavior\ContentReplaceBehavior [ RunTime:0.000000s ]
INFO: [ template_filter ] --END-- [ RunTime:0.000000s ]

[ 2016-09-22T12:13:56+08:00 ] ::1 /yoga/Admin/News/class_list_edit/mc_id/1.html
INFO: [ app_init ] --START--
INFO: Run Behavior\BuildLiteBehavior [ RunTime:0.000000s ]
INFO: [ app_init ] --END-- [ RunTime:0.000000s ]
INFO: [ app_begin ] --START--
INFO: Run Behavior\ReadHtmlCacheBehavior [ RunTime:0.001000s ]
INFO: [ app_begin ] --END-- [ RunTime:0.001000s ]
NOTIC: [8] Use of undefined constant htmlspecialchars - assumed 'htmlspecialchars' E:\www\yoga\Application\Admin\Controller\NewsController.class.php 第 860 行.
INFO: [ view_parse ] --START--
NOTIC: [8] Undefined index: item E:\www\yoga\ThinkPHP\Library\Think\Template\TagLib\Cx.class.php 第 113 行.
INFO: [ template_filter ] --START--
INFO: Run Behavior\ContentReplaceBehavior [ RunTime:0.000000s ]
INFO: [ template_filter ] --END-- [ RunTime:0.000000s ]

[ 2016-09-22T12:15:03+08:00 ] ::1 /yoga/Admin/News/class_list_edit/mc_id/1.html
INFO: [ app_init ] --START--
INFO: Run Behavior\BuildLiteBehavior [ RunTime:0.000000s ]
INFO: [ app_init ] --END-- [ RunTime:0.000000s ]
INFO: [ app_begin ] --START--
INFO: Run Behavior\ReadHtmlCacheBehavior [ RunTime:0.002000s ]
INFO: [ app_begin ] --END-- [ RunTime:0.002000s ]
NOTIC: [8] Use of undefined constant htmlspecialchars - assumed 'htmlspecialchars' E:\www\yoga\Application\Admin\Controller\NewsController.class.php 第 860 行.
INFO: [ view_parse ] --START--
INFO: [ template_filter ] --START--
INFO: Run Behavior\ContentReplaceBehavior [ RunTime:0.000000s ]
INFO: [ template_filter ] --END-- [ RunTime:0.000000s ]
NOTIC: [8] Use of undefined constant mc_photo - assumed 'mc_photo' E:\www\yoga\Application\Runtime\Cache\Admin\b29b30345d9bb84d5492c6e8167f894e.php 第 428 行.
NOTIC: [8] Array to string conversion E:\www\yoga\Application\Runtime\Cache\Admin\b29b30345d9bb84d5492c6e8167f894e.php 第 428 行.
NOTIC: [8] Undefined variable: pic_list E:\www\yoga\Application\Runtime\Cache\Admin\b29b30345d9bb84d5492c6e8167f894e.php 第 796 行.
INFO: Run Behavior\ParseTemplateBehavior [ RunTime:0.070004s ]
INFO: [ view_parse ] --END-- [ RunTime:0.070004s ]
INFO: [ view_filter ] --START--
INFO: Run Behavior\WriteHtmlCacheBehavior [ RunTime:0.001000s ]
INFO: Run Behavior\TokenBuildBehavior [ RunTime:0.000000s ]
INFO: [ view_filter ] --END-- [ RunTime:0.001000s ]
INFO: [ app_end ] --START--
INFO: Run Behavior\ShowPageTraceBehavior [ RunTime:0.001000s ]
INFO: [ app_end ] --END-- [ RunTime:0.001000s ]

[ 2016-09-22T12:20:33+08:00 ] ::1 /yoga/Admin/News/class_list.html
INFO: [ app_init ] --START--
INFO: Run Behavior\BuildLiteBehavior [ RunTime:0.000000s ]
INFO: [ app_init ] --END-- [ RunTime:0.006001s ]
INFO: [ app_begin ] --START--
INFO: Run Behavior\ReadHtmlCacheBehavior [ RunTime:0.001000s ]
INFO: [ app_begin ] --END-- [ RunTime:0.002000s ]
NOTIC: [8] Undefined offset: 1 E:\www\yoga\Application\Admin\Controller\NewsController.class.php 第 622 行.
NOTIC: [8] Undefined variable: map E:\www\yoga\Application\Admin\Controller\NewsController.class.php 第 649 行.
NOTIC: [2] Invalid argument supplied for foreach() E:\www\yoga\Application\Admin\Controller\NewsController.class.php 第 649 行.
INFO: [ view_parse ] --START--
INFO: [ template_filter ] --START--
INFO: Run Behavior\ContentReplaceBehavior [ RunTime:0.000000s ]
INFO: [ template_filter ] --END-- [ RunTime:0.000000s ]
NOTIC: [8] Use of undefined constant mc_open - assumed 'mc_open' E:\www\yoga\Application\Runtime\Cache\Admin\3308fa03f617690ca40b4fd14facce27.php 第 445 行.
INFO: Run Behavior\ParseTemplateBehavior [ RunTime:0.055003s ]
INFO: [ view_parse ] --END-- [ RunTime:0.055003s ]
INFO: [ view_filter ] --START--
INFO: Run Behavior\WriteHtmlCacheBehavior [ RunTime:0.001000s ]
INFO: Run Behavior\TokenBuildBehavior [ RunTime:0.000000s ]
INFO: [ view_filter ] --END-- [ RunTime:0.001000s ]
INFO: [ app_end ] --START--
INFO: Run Behavior\ShowPageTraceBehavior [ RunTime:0.001000s ]
INFO: [ app_end ] --END-- [ RunTime:0.001000s ]

[ 2016-09-22T12:20:35+08:00 ] ::1 /yoga/Admin/News/class_list.html
INFO: [ app_init ] --START--
INFO: Run Behavior\BuildLiteBehavior [ RunTime:0.000000s ]
INFO: [ app_init ] --END-- [ RunTime:0.001000s ]
INFO: [ app_begin ] --START--
INFO: Run Behavior\ReadHtmlCacheBehavior [ RunTime:0.001000s ]
INFO: [ app_begin ] --END-- [ RunTime:0.001000s ]
NOTIC: [8] Undefined offset: 1 E:\www\yoga\Application\Admin\Controller\NewsController.class.php 第 622 行.
NOTIC: [8] Undefined variable: map E:\www\yoga\Application\Admin\Controller\NewsController.class.php 第 649 行.
NOTIC: [2] Invalid argument supplied for foreach() E:\www\yoga\Application\Admin\Controller\NewsController.class.php 第 649 行.
INFO: [ view_parse ] --START--
INFO: [ template_filter ] --START--
INFO: Run Behavior\ContentReplaceBehavior [ RunTime:0.000000s ]
INFO: [ template_filter ] --END-- [ RunTime:0.000000s ]
NOTIC: [8] Use of undefined constant mc_open - assumed 'mc_open' E:\www\yoga\Application\Runtime\Cache\Admin\3308fa03f617690ca40b4fd14facce27.php 第 445 行.
INFO: Run Behavior\ParseTemplateBehavior [ RunTime:0.025001s ]
INFO: [ view_parse ] --END-- [ RunTime:0.025001s ]
INFO: [ view_filter ] --START--
INFO: Run Behavior\WriteHtmlCacheBehavior [ RunTime:0.000000s ]
INFO: Run Behavior\TokenBuildBehavior [ RunTime:0.001000s ]
INFO: [ view_filter ] --END-- [ RunTime:0.001000s ]
INFO: [ app_end ] --START--
INFO: Run Behavior\ShowPageTraceBehavior [ RunTime:0.001000s ]
INFO: [ app_end ] --END-- [ RunTime:0.001000s ]

[ 2016-09-22T12:20:37+08:00 ] ::1 /yoga/Admin/News/class_list_edit/mc_id/1.html
INFO: [ app_init ] --START--
INFO: Run Behavior\BuildLiteBehavior [ RunTime:0.000000s ]
INFO: [ app_init ] --END-- [ RunTime:0.000000s ]
INFO: [ app_begin ] --START--
INFO: Run Behavior\ReadHtmlCacheBehavior [ RunTime:0.000000s ]
INFO: [ app_begin ] --END-- [ RunTime:0.000000s ]
NOTIC: [8] Use of undefined constant htmlspecialchars - assumed 'htmlspecialchars' E:\www\yoga\Application\Admin\Controller\NewsController.class.php 第 860 行.
INFO: [ view_parse ] --START--
INFO: [ template_filter ] --START--
INFO: Run Behavior\ContentReplaceBehavior [ RunTime:0.001000s ]
INFO: [ template_filter ] --END-- [ RunTime:0.001000s ]
NOTIC: [8] Use of undefined constant mc_photo - assumed 'mc_photo' E:\www\yoga\Application\Runtime\Cache\Admin\b29b30345d9bb84d5492c6e8167f894e.php 第 428 行.
NOTIC: [8] Array to string conversion E:\www\yoga\Application\Runtime\Cache\Admin\b29b30345d9bb84d5492c6e8167f894e.php 第 428 行.
NOTIC: [8] Undefined variable: pic_list E:\www\yoga\Application\Runtime\Cache\Admin\b29b30345d9bb84d5492c6e8167f894e.php 第 796 行.
INFO: Run Behavior\ParseTemplateBehavior [ RunTime:0.026001s ]
INFO: [ view_parse ] --END-- [ RunTime:0.026001s ]
INFO: [ view_filter ] --START--
INFO: Run Behavior\WriteHtmlCacheBehavior [ RunTime:0.000000s ]
INFO: Run Behavior\TokenBuildBehavior [ RunTime:0.001000s ]
INFO: [ view_filter ] --END-- [ RunTime:0.001000s ]
INFO: [ app_end ] --START--
INFO: Run Behavior\ShowPageTraceBehavior [ RunTime:0.001000s ]
INFO: [ app_end ] --END-- [ RunTime:0.001000s ]

[ 2016-09-22T12:20:39+08:00 ] ::1 /yoga/Admin/Ajax/getClass.html?pid=g
INFO: [ app_init ] --START--
INFO: Run Behavior\BuildLiteBehavior [ RunTime:0.000000s ]
INFO: [ app_init ] --END-- [ RunTime:0.000000s ]
INFO: [ app_begin ] --START--
INFO: Run Behavior\ReadHtmlCacheBehavior [ RunTime:0.001000s ]
INFO: [ app_begin ] --END-- [ RunTime:0.001000s ]
INFO: [ app_end ] --START--
INFO: Run Behavior\ShowPageTraceBehavior [ RunTime:0.001000s ]
INFO: [ app_end ] --END-- [ RunTime:0.001000s ]

[ 2016-09-22T12:20:58+08:00 ] ::1 /yoga/Admin/Ajax/getClass.html?pid=c
INFO: [ app_init ] --START--
INFO: Run Behavior\BuildLiteBehavior [ RunTime:0.000000s ]
INFO: [ app_init ] --END-- [ RunTime:0.001000s ]
INFO: [ app_begin ] --START--
INFO: Run Behavior\ReadHtmlCacheBehavior [ RunTime:0.002001s ]
INFO: [ app_begin ] --END-- [ RunTime:0.002001s ]
INFO: [ app_end ] --START--
INFO: Run Behavior\ShowPageTraceBehavior [ RunTime:0.001000s ]
INFO: [ app_end ] --END-- [ RunTime:0.001000s ]

[ 2016-09-22T12:21:02+08:00 ] ::1 /yoga/Admin/News/class_runedit.html
INFO: [ app_init ] --START--
INFO: Run Behavior\BuildLiteBehavior [ RunTime:0.000000s ]
INFO: [ app_init ] --END-- [ RunTime:0.001000s ]
INFO: [ app_begin ] --START--
INFO: Run Behavior\ReadHtmlCacheBehavior [ RunTime:0.001000s ]
INFO: [ app_begin ] --END-- [ RunTime:0.001000s ]
NOTIC: [8] Use of undefined constant htmlspecialchars - assumed 'htmlspecialchars' E:\www\yoga\Application\Admin\Controller\NewsController.class.php 第 939 行.
NOTIC: [8] Use of undefined constant htmlspecialchars - assumed 'htmlspecialchars' E:\www\yoga\Application\Admin\Controller\NewsController.class.php 第 940 行.
NOTIC: [8] Undefined index: pic_one E:\www\yoga\Application\Admin\Controller\NewsController.class.php 第 949 行.
NOTIC: [8] Undefined index: pic_all E:\www\yoga\Application\Admin\Controller\NewsController.class.php 第 949 行.
NOTIC: [8] Undefined variable: str E:\www\yoga\ThinkPHP\Library\Org\Util\Pinyin.class.php 第 116 行.
NOTIC: [8] Undefined variable: str E:\www\yoga\Application\Admin\Controller\NewsController.class.php 第 1021 行.
NOTIC: [8] Undefined variable: img_url E:\www\yoga\Application\Admin\Controller\NewsController.class.php 第 1061 行.

[ 2016-09-22T12:21:04+08:00 ] ::1 /yoga/Admin/News/class_list.html
INFO: [ app_init ] --START--
INFO: Run Behavior\BuildLiteBehavior [ RunTime:0.000000s ]
INFO: [ app_init ] --END-- [ RunTime:0.001000s ]
INFO: [ app_begin ] --START--
INFO: Run Behavior\ReadHtmlCacheBehavior [ RunTime:0.000000s ]
INFO: [ app_begin ] --END-- [ RunTime:0.000000s ]
NOTIC: [8] Undefined offset: 1 E:\www\yoga\Application\Admin\Controller\NewsController.class.php 第 622 行.
NOTIC: [8] Undefined variable: map E:\www\yoga\Application\Admin\Controller\NewsController.class.php 第 649 行.
NOTIC: [2] Invalid argument supplied for foreach() E:\www\yoga\Application\Admin\Controller\NewsController.class.php 第 649 行.
INFO: [ view_parse ] --START--
INFO: [ template_filter ] --START--
INFO: Run Behavior\ContentReplaceBehavior [ RunTime:0.000000s ]
INFO: [ template_filter ] --END-- [ RunTime:0.000000s ]
NOTIC: [8] Use of undefined constant mc_open - assumed 'mc_open' E:\www\yoga\Application\Runtime\Cache\Admin\3308fa03f617690ca40b4fd14facce27.php 第 445 行.
INFO: Run Behavior\ParseTemplateBehavior [ RunTime:0.025002s ]
INFO: [ view_parse ] --END-- [ RunTime:0.025002s ]
INFO: [ view_filter ] --START--
INFO: Run Behavior\WriteHtmlCacheBehavior [ RunTime:0.001000s ]
INFO: Run Behavior\TokenBuildBehavior [ RunTime:0.000000s ]
INFO: [ view_filter ] --END-- [ RunTime:0.001000s ]
INFO: [ app_end ] --START--
INFO: Run Behavior\ShowPageTraceBehavior [ RunTime:0.000000s ]
INFO: [ app_end ] --END-- [ RunTime:0.000000s ]

[ 2016-09-22T12:21:08+08:00 ] ::1 /yoga/Admin/News/class_list_edit/mc_id/1.html
INFO: [ app_init ] --START--
INFO: Run Behavior\BuildLiteBehavior [ RunTime:0.000000s ]
INFO: [ app_init ] --END-- [ RunTime:0.000000s ]
INFO: [ app_begin ] --START--
INFO: Run Behavior\ReadHtmlCacheBehavior [ RunTime:0.001000s ]
INFO: [ app_begin ] --END-- [ RunTime:0.001000s ]
NOTIC: [8] Use of undefined constant htmlspecialchars - assumed 'htmlspecialchars' E:\www\yoga\Application\Admin\Controller\NewsController.class.php 第 860 行.
INFO: [ view_parse ] --START--
INFO: [ template_filter ] --START--
INFO: Run Behavior\ContentReplaceBehavior [ RunTime:0.000000s ]
INFO: [ template_filter ] --END-- [ RunTime:0.000000s ]
NOTIC: [8] Use of undefined constant mc_photo - assumed 'mc_photo' E:\www\yoga\Application\Runtime\Cache\Admin\b29b30345d9bb84d5492c6e8167f894e.php 第 428 行.
NOTIC: [8] Array to string conversion E:\www\yoga\Application\Runtime\Cache\Admin\b29b30345d9bb84d5492c6e8167f894e.php 第 428 行.
NOTIC: [8] Undefined variable: pic_list E:\www\yoga\Application\Runtime\Cache\Admin\b29b30345d9bb84d5492c6e8167f894e.php 第 796 行.
INFO: Run Behavior\ParseTemplateBehavior [ RunTime:0.026002s ]
INFO: [ view_parse ] --END-- [ RunTime:0.026002s ]
INFO: [ view_filter ] --START--
INFO: Run Behavior\WriteHtmlCacheBehavior [ RunTime:0.001000s ]
INFO: Run Behavior\TokenBuildBehavior [ RunTime:0.000000s ]
INFO: [ view_filter ] --END-- [ RunTime:0.001000s ]
INFO: [ app_end ] --START--
INFO: Run Behavior\ShowPageTraceBehavior [ RunTime:0.000000s ]
INFO: [ app_end ] --END-- [ RunTime:0.000000s ]

[ 2016-09-22T12:21:09+08:00 ] ::1 /yoga/Admin/Ajax/getClass.html?pid=g
INFO: [ app_init ] --START--
INFO: Run Behavior\BuildLiteBehavior [ RunTime:0.000000s ]
INFO: [ app_init ] --END-- [ RunTime:0.000000s ]
INFO: [ app_begin ] --START--
INFO: Run Behavior\ReadHtmlCacheBehavior [ RunTime:0.000000s ]
INFO: [ app_begin ] --END-- [ RunTime:0.000000s ]
INFO: [ app_end ] --START--
INFO: Run Behavior\ShowPageTraceBehavior [ RunTime:0.001000s ]
INFO: [ app_end ] --END-- [ RunTime:0.001000s ]

[ 2016-09-22T12:21:40+08:00 ] ::1 /yoga/Admin/News/class_list_edit/mc_id/1.html
INFO: [ app_init ] --START--
INFO: Run Behavior\BuildLiteBehavior [ RunTime:0.000000s ]
INFO: [ app_init ] --END-- [ RunTime:0.000000s ]
INFO: [ app_begin ] --START--
INFO: Run Behavior\ReadHtmlCacheBehavior [ RunTime:0.001000s ]
INFO: [ app_begin ] --END-- [ RunTime:0.001000s ]
NOTIC: [8] Use of undefined constant htmlspecialchars - assumed 'htmlspecialchars' E:\www\yoga\Application\Admin\Controller\NewsController.class.php 第 860 行.
INFO: [ view_parse ] --START--
INFO: [ template_filter ] --START--
INFO: Run Behavior\ContentReplaceBehavior [ RunTime:0.001000s ]
INFO: [ template_filter ] --END-- [ RunTime:0.001000s ]
NOTIC: [8] Use of undefined constant mc_photo - assumed 'mc_photo' E:\www\yoga\Application\Runtime\Cache\Admin\b29b30345d9bb84d5492c6e8167f894e.php 第 425 行.
NOTIC: [8] Array to string conversion E:\www\yoga\Application\Runtime\Cache\Admin\b29b30345d9bb84d5492c6e8167f894e.php 第 425 行.
NOTIC: [8] Undefined variable: pic_list E:\www\yoga\Application\Runtime\Cache\Admin\b29b30345d9bb84d5492c6e8167f894e.php 第 793 行.
INFO: Run Behavior\ParseTemplateBehavior [ RunTime:0.026002s ]
INFO: [ view_parse ] --END-- [ RunTime:0.026002s ]
INFO: [ view_filter ] --START--
INFO: Run Behavior\WriteHtmlCacheBehavior [ RunTime:0.000000s ]
INFO: Run Behavior\TokenBuildBehavior [ RunTime:0.001000s ]
INFO: [ view_filter ] --END-- [ RunTime:0.001000s ]
INFO: [ app_end ] --START--
INFO: Run Behavior\ShowPageTraceBehavior [ RunTime:0.001000s ]
INFO: [ app_end ] --END-- [ RunTime:0.001000s ]

[ 2016-09-22T12:23:08+08:00 ] ::1 /yoga/Admin/News/class_list_edit/mc_id/1.html
INFO: [ app_init ] --START--
INFO: Run Behavior\BuildLiteBehavior [ RunTime:0.000000s ]
INFO: [ app_init ] --END-- [ RunTime:0.001000s ]
INFO: [ app_begin ] --START--
INFO: Run Behavior\ReadHtmlCacheBehavior [ RunTime:0.000000s ]
INFO: [ app_begin ] --END-- [ RunTime:0.000000s ]
NOTIC: [8] Use of undefined constant htmlspecialchars - assumed 'htmlspecialchars' E:\www\yoga\Application\Admin\Controller\NewsController.class.php 第 860 行.
INFO: [ view_parse ] --START--
INFO: [ template_filter ] --START--
INFO: Run Behavior\ContentReplaceBehavior [ RunTime:0.001000s ]
INFO: [ template_filter ] --END-- [ RunTime:0.001000s ]

[ 2016-09-22T12:23:23+08:00 ] ::1 /yoga/Admin/News/class_list_edit/mc_id/1.html
INFO: [ app_init ] --START--
INFO: Run Behavior\BuildLiteBehavior [ RunTime:0.000000s ]
INFO: [ app_init ] --END-- [ RunTime:0.000000s ]
INFO: [ app_begin ] --START--
INFO: Run Behavior\ReadHtmlCacheBehavior [ RunTime:0.001000s ]
INFO: [ app_begin ] --END-- [ RunTime:0.001000s ]
NOTIC: [8] Use of undefined constant htmlspecialchars - assumed 'htmlspecialchars' E:\www\yoga\Application\Admin\Controller\NewsController.class.php 第 860 行.
INFO: [ view_parse ] --START--
NOTIC: [2] simplexml_load_string(): Entity: line 1: parser error : attributes construct error E:\www\yoga\ThinkPHP\Library\Think\Template\TagLib.class.php 第 80 行.
NOTIC: [2] simplexml_load_string(): &lt;tpl&gt;&lt;tag condition=&quot;$dt['dt_value'] eq \&quot;$classdata['ct_type']\&quot;&quot; /&gt;&lt;/tpl&gt; E:\www\yoga\ThinkPHP\Library\Think\Template\TagLib.class.php 第 80 行.
NOTIC: [2] simplexml_load_string():                                           ^ E:\www\yoga\ThinkPHP\Library\Think\Template\TagLib.class.php 第 80 行.
NOTIC: [2] simplexml_load_string(): Entity: line 1: parser error : Couldn't find end of Start Tag tag line 1 E:\www\yoga\ThinkPHP\Library\Think\Template\TagLib.class.php 第 80 行.
NOTIC: [2] simplexml_load_string(): &lt;tpl&gt;&lt;tag condition=&quot;$dt['dt_value'] eq \&quot;$classdata['ct_type']\&quot;&quot; /&gt;&lt;/tpl&gt; E:\www\yoga\ThinkPHP\Library\Think\Template\TagLib.class.php 第 80 行.
NOTIC: [2] simplexml_load_string():                                           ^ E:\www\yoga\ThinkPHP\Library\Think\Template\TagLib.class.php 第 80 行.
ERR: XML标签语法错误 : condition="$dt['dt_value'] eq \"$classdata['ct_type']\""

[ 2016-09-22T12:24:30+08:00 ] ::1 /yoga/Admin/News/class_list_edit/mc_id/1.html
INFO: [ app_init ] --START--
INFO: Run Behavior\BuildLiteBehavior [ RunTime:0.000000s ]
INFO: [ app_init ] --END-- [ RunTime:0.000000s ]
INFO: [ app_begin ] --START--
INFO: Run Behavior\ReadHtmlCacheBehavior [ RunTime:0.001000s ]
INFO: [ app_begin ] --END-- [ RunTime:0.001000s ]
NOTIC: [8] Use of undefined constant htmlspecialchars - assumed 'htmlspecialchars' E:\www\yoga\Application\Admin\Controller\NewsController.class.php 第 860 行.
INFO: [ view_parse ] --START--
INFO: [ template_filter ] --START--
INFO: Run Behavior\ContentReplaceBehavior [ RunTime:0.000000s ]
INFO: [ template_filter ] --END-- [ RunTime:0.000000s ]
NOTIC: [8] Use of undefined constant mc_photo - assumed 'mc_photo' E:\www\yoga\Application\Runtime\Cache\Admin\b29b30345d9bb84d5492c6e8167f894e.php 第 426 行.
NOTIC: [8] Array to string conversion E:\www\yoga\Application\Runtime\Cache\Admin\b29b30345d9bb84d5492c6e8167f894e.php 第 426 行.
NOTIC: [8] Undefined variable: pic_list E:\www\yoga\Application\Runtime\Cache\Admin\b29b30345d9bb84d5492c6e8167f894e.php 第 794 行.
INFO: Run Behavior\ParseTemplateBehavior [ RunTime:0.025001s ]
INFO: [ view_parse ] --END-- [ RunTime:0.025001s ]
INFO: [ view_filter ] --START--
INFO: Run Behavior\WriteHtmlCacheBehavior [ RunTime:0.001000s ]
INFO: Run Behavior\TokenBuildBehavior [ RunTime:0.000000s ]
INFO: [ view_filter ] --END-- [ RunTime:0.001000s ]
INFO: [ app_end ] --START--
INFO: Run Behavior\ShowPageTraceBehavior [ RunTime:0.000000s ]
INFO: [ app_end ] --END-- [ RunTime:0.000000s ]

[ 2016-09-22T12:28:38+08:00 ] ::1 /yoga/Admin/News/class_list_edit/mc_id/1.html
INFO: [ app_init ] --START--
INFO: Run Behavior\BuildLiteBehavior [ RunTime:0.000000s ]
INFO: [ app_init ] --END-- [ RunTime:0.001000s ]
INFO: [ app_begin ] --START--
INFO: Run Behavior\ReadHtmlCacheBehavior [ RunTime:0.001000s ]
INFO: [ app_begin ] --END-- [ RunTime:0.001000s ]
NOTIC: [8] Use of undefined constant htmlspecialchars - assumed 'htmlspecialchars' E:\www\yoga\Application\Admin\Controller\NewsController.class.php 第 860 行.
INFO: [ view_parse ] --START--
INFO: [ template_filter ] --START--
INFO: Run Behavior\ContentReplaceBehavior [ RunTime:0.000000s ]
INFO: [ template_filter ] --END-- [ RunTime:0.000000s ]
NOTIC: [8] Use of undefined constant g - assumed 'g' E:\www\yoga\Application\Runtime\Cache\Admin\b29b30345d9bb84d5492c6e8167f894e.php 第 267 行.
NOTIC: [8] Use of undefined constant g - assumed 'g' E:\www\yoga\Application\Runtime\Cache\Admin\b29b30345d9bb84d5492c6e8167f894e.php 第 267 行.
NOTIC: [8] Use of undefined constant g - assumed 'g' E:\www\yoga\Application\Runtime\Cache\Admin\b29b30345d9bb84d5492c6e8167f894e.php 第 267 行.
NOTIC: [8] Use of undefined constant mc_photo - assumed 'mc_photo' E:\www\yoga\Application\Runtime\Cache\Admin\b29b30345d9bb84d5492c6e8167f894e.php 第 426 行.
NOTIC: [8] Array to string conversion E:\www\yoga\Application\Runtime\Cache\Admin\b29b30345d9bb84d5492c6e8167f894e.php 第 426 行.
NOTIC: [8] Undefined variable: pic_list E:\www\yoga\Application\Runtime\Cache\Admin\b29b30345d9bb84d5492c6e8167f894e.php 第 794 行.
INFO: Run Behavior\ParseTemplateBehavior [ RunTime:0.025001s ]
INFO: [ view_parse ] --END-- [ RunTime:0.025001s ]
INFO: [ view_filter ] --START--
INFO: Run Behavior\WriteHtmlCacheBehavior [ RunTime:0.001000s ]
INFO: Run Behavior\TokenBuildBehavior [ RunTime:0.000000s ]
INFO: [ view_filter ] --END-- [ RunTime:0.001000s ]
INFO: [ app_end ] --START--
INFO: Run Behavior\ShowPageTraceBehavior [ RunTime:0.001000s ]
INFO: [ app_end ] --END-- [ RunTime:0.001000s ]

[ 2016-09-22T12:28:43+08:00 ] ::1 /yoga/Admin/News/class_list_edit/mc_id/1.html
INFO: [ app_init ] --START--
INFO: Run Behavior\BuildLiteBehavior [ RunTime:0.000000s ]
INFO: [ app_init ] --END-- [ RunTime:0.000000s ]
INFO: [ app_begin ] --START--
INFO: Run Behavior\ReadHtmlCacheBehavior [ RunTime:0.000000s ]
INFO: [ app_begin ] --END-- [ RunTime:0.000000s ]
NOTIC: [8] Use of undefined constant htmlspecialchars - assumed 'htmlspecialchars' E:\www\yoga\Application\Admin\Controller\NewsController.class.php 第 860 行.
INFO: [ view_parse ] --START--
INFO: [ template_filter ] --START--
INFO: Run Behavior\ContentReplaceBehavior [ RunTime:0.000000s ]
INFO: [ template_filter ] --END-- [ RunTime:0.000000s ]
NOTIC: [8] Use of undefined constant g - assumed 'g' E:\www\yoga\Application\Runtime\Cache\Admin\b29b30345d9bb84d5492c6e8167f894e.php 第 267 行.
NOTIC: [8] Use of undefined constant g - assumed 'g' E:\www\yoga\Application\Runtime\Cache\Admin\b29b30345d9bb84d5492c6e8167f894e.php 第 267 行.
NOTIC: [8] Use of undefined constant g - assumed 'g' E:\www\yoga\Application\Runtime\Cache\Admin\b29b30345d9bb84d5492c6e8167f894e.php 第 267 行.
NOTIC: [8] Use of undefined constant mc_photo - assumed 'mc_photo' E:\www\yoga\Application\Runtime\Cache\Admin\b29b30345d9bb84d5492c6e8167f894e.php 第 426 行.
NOTIC: [8] Array to string conversion E:\www\yoga\Application\Runtime\Cache\Admin\b29b30345d9bb84d5492c6e8167f894e.php 第 426 行.
NOTIC: [8] Undefined variable: pic_list E:\www\yoga\Application\Runtime\Cache\Admin\b29b30345d9bb84d5492c6e8167f894e.php 第 794 行.
INFO: Run Behavior\ParseTemplateBehavior [ RunTime:0.025002s ]
INFO: [ view_parse ] --END-- [ RunTime:0.025002s ]
INFO: [ view_filter ] --START--
INFO: Run Behavior\WriteHtmlCacheBehavior [ RunTime:0.001000s ]
INFO: Run Behavior\TokenBuildBehavior [ RunTime:0.000000s ]
INFO: [ view_filter ] --END-- [ RunTime:0.001000s ]
INFO: [ app_end ] --START--
INFO: Run Behavior\ShowPageTraceBehavior [ RunTime:0.001000s ]
INFO: [ app_end ] --END-- [ RunTime:0.001000s ]

[ 2016-09-22T12:33:23+08:00 ] ::1 /yoga/Admin/News/class_list_edit/mc_id/1.html
INFO: [ app_init ] --START--
INFO: Run Behavior\BuildLiteBehavior [ RunTime:0.000000s ]
INFO: [ app_init ] --END-- [ RunTime:0.000000s ]
INFO: [ app_begin ] --START--
INFO: Run Behavior\ReadHtmlCacheBehavior [ RunTime:0.001000s ]
INFO: [ app_begin ] --END-- [ RunTime:0.001000s ]
NOTIC: [8] Use of undefined constant htmlspecialchars - assumed 'htmlspecialchars' E:\www\yoga\Application\Admin\Controller\NewsController.class.php 第 860 行.
INFO: [ view_parse ] --START--
INFO: [ template_filter ] --START--
INFO: Run Behavior\ContentReplaceBehavior [ RunTime:0.000000s ]
INFO: [ template_filter ] --END-- [ RunTime:0.000000s ]
NOTIC: [8] Use of undefined constant mc_photo - assumed 'mc_photo' E:\www\yoga\Application\Runtime\Cache\Admin\b29b30345d9bb84d5492c6e8167f894e.php 第 426 行.
NOTIC: [8] Array to string conversion E:\www\yoga\Application\Runtime\Cache\Admin\b29b30345d9bb84d5492c6e8167f894e.php 第 426 行.
NOTIC: [8] Undefined variable: pic_list E:\www\yoga\Application\Runtime\Cache\Admin\b29b30345d9bb84d5492c6e8167f894e.php 第 794 行.
INFO: Run Behavior\ParseTemplateBehavior [ RunTime:0.026001s ]
INFO: [ view_parse ] --END-- [ RunTime:0.026001s ]
INFO: [ view_filter ] --START--
INFO: Run Behavior\WriteHtmlCacheBehavior [ RunTime:0.000000s ]
INFO: Run Behavior\TokenBuildBehavior [ RunTime:0.001000s ]
INFO: [ view_filter ] --END-- [ RunTime:0.001000s ]
INFO: [ app_end ] --START--
INFO: Run Behavior\ShowPageTraceBehavior [ RunTime:0.001000s ]
INFO: [ app_end ] --END-- [ RunTime:0.001000s ]

[ 2016-09-22T12:33:42+08:00 ] ::1 /yoga/Admin/News/class_list_edit/mc_id/1.html
INFO: [ app_init ] --START--
INFO: Run Behavior\BuildLiteBehavior [ RunTime:0.000000s ]
INFO: [ app_init ] --END-- [ RunTime:0.000000s ]
INFO: [ app_begin ] --START--
INFO: Run Behavior\ReadHtmlCacheBehavior [ RunTime:0.001000s ]
INFO: [ app_begin ] --END-- [ RunTime:0.001000s ]
NOTIC: [8] Use of undefined constant htmlspecialchars - assumed 'htmlspecialchars' E:\www\yoga\Application\Admin\Controller\NewsController.class.php 第 860 行.
INFO: [ view_parse ] --START--
INFO: [ template_filter ] --START--
INFO: Run Behavior\ContentReplaceBehavior [ RunTime:0.000000s ]
INFO: [ template_filter ] --END-- [ RunTime:0.000000s ]
NOTIC: [8] Use of undefined constant c - assumed 'c' E:\www\yoga\Application\Runtime\Cache\Admin\b29b30345d9bb84d5492c6e8167f894e.php 第 267 行.
NOTIC: [8] Use of undefined constant c - assumed 'c' E:\www\yoga\Application\Runtime\Cache\Admin\b29b30345d9bb84d5492c6e8167f894e.php 第 267 行.
NOTIC: [8] Use of undefined constant c - assumed 'c' E:\www\yoga\Application\Runtime\Cache\Admin\b29b30345d9bb84d5492c6e8167f894e.php 第 267 行.
NOTIC: [8] Use of undefined constant mc_photo - assumed 'mc_photo' E:\www\yoga\Application\Runtime\Cache\Admin\b29b30345d9bb84d5492c6e8167f894e.php 第 426 行.
NOTIC: [8] Array to string conversion E:\www\yoga\Application\Runtime\Cache\Admin\b29b30345d9bb84d5492c6e8167f894e.php 第 426 行.
NOTIC: [8] Undefined variable: pic_list E:\www\yoga\Application\Runtime\Cache\Admin\b29b30345d9bb84d5492c6e8167f894e.php 第 794 行.
INFO: Run Behavior\ParseTemplateBehavior [ RunTime:0.025002s ]
INFO: [ view_parse ] --END-- [ RunTime:0.025002s ]
INFO: [ view_filter ] --START--
INFO: Run Behavior\WriteHtmlCacheBehavior [ RunTime:0.001000s ]
INFO: Run Behavior\TokenBuildBehavior [ RunTime:0.000000s ]
INFO: [ view_filter ] --END-- [ RunTime:0.001000s ]
INFO: [ app_end ] --START--
INFO: Run Behavior\ShowPageTraceBehavior [ RunTime:0.000000s ]
INFO: [ app_end ] --END-- [ RunTime:0.000000s ]

[ 2016-09-22T12:33:52+08:00 ] ::1 /yoga/Admin/News/class_list_edit/mc_id/1.html
INFO: [ app_init ] --START--
INFO: Run Behavior\BuildLiteBehavior [ RunTime:0.000000s ]
INFO: [ app_init ] --END-- [ RunTime:0.001000s ]
INFO: [ app_begin ] --START--
INFO: Run Behavior\ReadHtmlCacheBehavior [ RunTime:0.001000s ]
INFO: [ app_begin ] --END-- [ RunTime:0.001000s ]
NOTIC: [8] Use of undefined constant htmlspecialchars - assumed 'htmlspecialchars' E:\www\yoga\Application\Admin\Controller\NewsController.class.php 第 860 行.
INFO: [ view_parse ] --START--
INFO: [ template_filter ] --START--
INFO: Run Behavior\ContentReplaceBehavior [ RunTime:0.000000s ]
INFO: [ template_filter ] --END-- [ RunTime:0.000000s ]
NOTIC: [8] Use of undefined constant mc_photo - assumed 'mc_photo' E:\www\yoga\Application\Runtime\Cache\Admin\b29b30345d9bb84d5492c6e8167f894e.php 第 426 行.
NOTIC: [8] Array to string conversion E:\www\yoga\Application\Runtime\Cache\Admin\b29b30345d9bb84d5492c6e8167f894e.php 第 426 行.
NOTIC: [8] Undefined variable: pic_list E:\www\yoga\Application\Runtime\Cache\Admin\b29b30345d9bb84d5492c6e8167f894e.php 第 794 行.
INFO: Run Behavior\ParseTemplateBehavior [ RunTime:0.051003s ]
INFO: [ view_parse ] --END-- [ RunTime:0.051003s ]
INFO: [ view_filter ] --START--
INFO: Run Behavior\WriteHtmlCacheBehavior [ RunTime:0.001000s ]
INFO: Run Behavior\TokenBuildBehavior [ RunTime:0.000000s ]
INFO: [ view_filter ] --END-- [ RunTime:0.001000s ]
INFO: [ app_end ] --START--
INFO: Run Behavior\ShowPageTraceBehavior [ RunTime:0.001000s ]
INFO: [ app_end ] --END-- [ RunTime:0.001000s ]

[ 2016-09-22T12:33:54+08:00 ] ::1 /yoga/Admin/News/class_list.html
INFO: [ app_init ] --START--
INFO: Run Behavior\BuildLiteBehavior [ RunTime:0.000000s ]
INFO: [ app_init ] --END-- [ RunTime:0.000000s ]
INFO: [ app_begin ] --START--
INFO: Run Behavior\ReadHtmlCacheBehavior [ RunTime:0.000000s ]
INFO: [ app_begin ] --END-- [ RunTime:0.000000s ]
NOTIC: [8] Undefined offset: 1 E:\www\yoga\Application\Admin\Controller\NewsController.class.php 第 622 行.
NOTIC: [8] Undefined variable: map E:\www\yoga\Application\Admin\Controller\NewsController.class.php 第 649 行.
NOTIC: [2] Invalid argument supplied for foreach() E:\www\yoga\Application\Admin\Controller\NewsController.class.php 第 649 行.
INFO: [ view_parse ] --START--
INFO: [ template_filter ] --START--
INFO: Run Behavior\ContentReplaceBehavior [ RunTime:0.000000s ]
INFO: [ template_filter ] --END-- [ RunTime:0.000000s ]
NOTIC: [8] Use of undefined constant mc_open - assumed 'mc_open' E:\www\yoga\Application\Runtime\Cache\Admin\3308fa03f617690ca40b4fd14facce27.php 第 445 行.
INFO: Run Behavior\ParseTemplateBehavior [ RunTime:0.027001s ]
INFO: [ view_parse ] --END-- [ RunTime:0.027001s ]
INFO: [ view_filter ] --START--
INFO: Run Behavior\WriteHtmlCacheBehavior [ RunTime:0.001000s ]
INFO: Run Behavior\TokenBuildBehavior [ RunTime:0.000000s ]
INFO: [ view_filter ] --END-- [ RunTime:0.001000s ]
INFO: [ app_end ] --START--
INFO: Run Behavior\ShowPageTraceBehavior [ RunTime:0.000000s ]
INFO: [ app_end ] --END-- [ RunTime:0.000000s ]

[ 2016-09-22T12:34:02+08:00 ] ::1 /yoga/Admin/News/classById.html?id=1
INFO: [ app_init ] --START--
INFO: Run Behavior\BuildLiteBehavior [ RunTime:0.000000s ]
INFO: [ app_init ] --END-- [ RunTime:0.001000s ]
INFO: [ app_begin ] --START--
INFO: Run Behavior\ReadHtmlCacheBehavior [ RunTime:0.000000s ]
INFO: [ app_begin ] --END-- [ RunTime:0.000000s ]
INFO: [ app_end ] --START--
INFO: Run Behavior\ShowPageTraceBehavior [ RunTime:0.001000s ]
INFO: [ app_end ] --END-- [ RunTime:0.001000s ]

[ 2016-09-22T12:34:12+08:00 ] ::1 /yoga/Admin/News/class_list_edit/mc_id/1.html
INFO: [ app_init ] --START--
INFO: Run Behavior\BuildLiteBehavior [ RunTime:0.000000s ]
INFO: [ app_init ] --END-- [ RunTime:0.000000s ]
INFO: [ app_begin ] --START--
INFO: Run Behavior\ReadHtmlCacheBehavior [ RunTime:0.001000s ]
INFO: [ app_begin ] --END-- [ RunTime:0.001000s ]
NOTIC: [8] Use of undefined constant htmlspecialchars - assumed 'htmlspecialchars' E:\www\yoga\Application\Admin\Controller\NewsController.class.php 第 860 行.
INFO: [ view_parse ] --START--
INFO: [ template_filter ] --START--
INFO: Run Behavior\ContentReplaceBehavior [ RunTime:0.001000s ]
INFO: [ template_filter ] --END-- [ RunTime:0.001000s ]
NOTIC: [8] Use of undefined constant mc_photo - assumed 'mc_photo' E:\www\yoga\Application\Runtime\Cache\Admin\b29b30345d9bb84d5492c6e8167f894e.php 第 426 行.
NOTIC: [8] Array to string conversion E:\www\yoga\Application\Runtime\Cache\Admin\b29b30345d9bb84d5492c6e8167f894e.php 第 426 行.
NOTIC: [8] Undefined variable: pic_list E:\www\yoga\Application\Runtime\Cache\Admin\b29b30345d9bb84d5492c6e8167f894e.php 第 794 行.
INFO: Run Behavior\ParseTemplateBehavior [ RunTime:0.026001s ]
INFO: [ view_parse ] --END-- [ RunTime:0.026001s ]
INFO: [ view_filter ] --START--
INFO: Run Behavior\WriteHtmlCacheBehavior [ RunTime:0.000000s ]
INFO: Run Behavior\TokenBuildBehavior [ RunTime:0.001000s ]
INFO: [ view_filter ] --END-- [ RunTime:0.001000s ]
INFO: [ app_end ] --START--
INFO: Run Behavior\ShowPageTraceBehavior [ RunTime:0.001000s ]
INFO: [ app_end ] --END-- [ RunTime:0.001000s ]

[ 2016-09-22T12:34:17+08:00 ] ::1 /yoga/Admin/Ajax/getClass.html?pid=c
INFO: [ app_init ] --START--
INFO: Run Behavior\BuildLiteBehavior [ RunTime:0.000000s ]
INFO: [ app_init ] --END-- [ RunTime:0.001000s ]
INFO: [ app_begin ] --START--
INFO: Run Behavior\ReadHtmlCacheBehavior [ RunTime:0.000000s ]
INFO: [ app_begin ] --END-- [ RunTime:0.001000s ]
INFO: [ app_end ] --START--
INFO: Run Behavior\ShowPageTraceBehavior [ RunTime:0.000000s ]
INFO: [ app_end ] --END-- [ RunTime:0.000000s ]

[ 2016-09-22T12:34:22+08:00 ] ::1 /yoga/Admin/News/class_runedit.html
INFO: [ app_init ] --START--
INFO: Run Behavior\BuildLiteBehavior [ RunTime:0.000000s ]
INFO: [ app_init ] --END-- [ RunTime:0.001000s ]
INFO: [ app_begin ] --START--
INFO: Run Behavior\ReadHtmlCacheBehavior [ RunTime:0.001000s ]
INFO: [ app_begin ] --END-- [ RunTime:0.001000s ]
NOTIC: [8] Use of undefined constant htmlspecialchars - assumed 'htmlspecialchars' E:\www\yoga\Application\Admin\Controller\NewsController.class.php 第 939 行.
NOTIC: [8] Use of undefined constant htmlspecialchars - assumed 'htmlspecialchars' E:\www\yoga\Application\Admin\Controller\NewsController.class.php 第 940 行.
NOTIC: [8] Undefined index: pic_one E:\www\yoga\Application\Admin\Controller\NewsController.class.php 第 949 行.
NOTIC: [8] Undefined index: pic_all E:\www\yoga\Application\Admin\Controller\NewsController.class.php 第 949 行.
NOTIC: [8] Undefined variable: str E:\www\yoga\ThinkPHP\Library\Org\Util\Pinyin.class.php 第 116 行.
NOTIC: [8] Undefined variable: str E:\www\yoga\Application\Admin\Controller\NewsController.class.php 第 1021 行.
NOTIC: [8] Undefined variable: img_url E:\www\yoga\Application\Admin\Controller\NewsController.class.php 第 1061 行.

[ 2016-09-22T12:34:24+08:00 ] ::1 /yoga/Admin/News/class_list.html
INFO: [ app_init ] --START--
INFO: Run Behavior\BuildLiteBehavior [ RunTime:0.000000s ]
INFO: [ app_init ] --END-- [ RunTime:0.001000s ]
INFO: [ app_begin ] --START--
INFO: Run Behavior\ReadHtmlCacheBehavior [ RunTime:0.001000s ]
INFO: [ app_begin ] --END-- [ RunTime:0.001000s ]
NOTIC: [8] Undefined offset: 1 E:\www\yoga\Application\Admin\Controller\NewsController.class.php 第 622 行.
NOTIC: [8] Undefined variable: map E:\www\yoga\Application\Admin\Controller\NewsController.class.php 第 649 行.
NOTIC: [2] Invalid argument supplied for foreach() E:\www\yoga\Application\Admin\Controller\NewsController.class.php 第 649 行.
INFO: [ view_parse ] --START--
INFO: [ template_filter ] --START--
INFO: Run Behavior\ContentReplaceBehavior [ RunTime:0.000000s ]
INFO: [ template_filter ] --END-- [ RunTime:0.000000s ]
NOTIC: [8] Use of undefined constant mc_open - assumed 'mc_open' E:\www\yoga\Application\Runtime\Cache\Admin\3308fa03f617690ca40b4fd14facce27.php 第 445 行.
INFO: Run Behavior\ParseTemplateBehavior [ RunTime:0.025001s ]
INFO: [ view_parse ] --END-- [ RunTime:0.026001s ]
INFO: [ view_filter ] --START--
INFO: Run Behavior\WriteHtmlCacheBehavior [ RunTime:0.000000s ]
INFO: Run Behavior\TokenBuildBehavior [ RunTime:0.001000s ]
INFO: [ view_filter ] --END-- [ RunTime:0.001000s ]
INFO: [ app_end ] --START--
INFO: Run Behavior\ShowPageTraceBehavior [ RunTime:0.001000s ]
INFO: [ app_end ] --END-- [ RunTime:0.001000s ]

[ 2016-09-22T12:34:28+08:00 ] ::1 /yoga/Admin/News/class_list_edit/mc_id/1.html
INFO: [ app_init ] --START--
INFO: Run Behavior\BuildLiteBehavior [ RunTime:0.000000s ]
INFO: [ app_init ] --END-- [ RunTime:0.001000s ]
INFO: [ app_begin ] --START--
INFO: Run Behavior\ReadHtmlCacheBehavior [ RunTime:0.001000s ]
INFO: [ app_begin ] --END-- [ RunTime:0.001000s ]
NOTIC: [8] Use of undefined constant htmlspecialchars - assumed 'htmlspecialchars' E:\www\yoga\Application\Admin\Controller\NewsController.class.php 第 860 行.
INFO: [ view_parse ] --START--
INFO: [ template_filter ] --START--
INFO: Run Behavior\ContentReplaceBehavior [ RunTime:0.000000s ]
INFO: [ template_filter ] --END-- [ RunTime:0.000000s ]
NOTIC: [8] Use of undefined constant mc_photo - assumed 'mc_photo' E:\www\yoga\Application\Runtime\Cache\Admin\b29b30345d9bb84d5492c6e8167f894e.php 第 426 行.
NOTIC: [8] Array to string conversion E:\www\yoga\Application\Runtime\Cache\Admin\b29b30345d9bb84d5492c6e8167f894e.php 第 426 行.
NOTIC: [8] Undefined variable: pic_list E:\www\yoga\Application\Runtime\Cache\Admin\b29b30345d9bb84d5492c6e8167f894e.php 第 794 行.
INFO: Run Behavior\ParseTemplateBehavior [ RunTime:0.027002s ]
INFO: [ view_parse ] --END-- [ RunTime:0.027002s ]
INFO: [ view_filter ] --START--
INFO: Run Behavior\WriteHtmlCacheBehavior [ RunTime:0.001000s ]
INFO: Run Behavior\TokenBuildBehavior [ RunTime:0.001000s ]
INFO: [ view_filter ] --END-- [ RunTime:0.002000s ]
INFO: [ app_end ] --START--
INFO: Run Behavior\ShowPageTraceBehavior [ RunTime:0.000000s ]
INFO: [ app_end ] --END-- [ RunTime:0.000000s ]

[ 2016-09-22T12:47:37+08:00 ] ::1 /yoga/Admin/News/class_list_edit/mc_id/1.html
INFO: [ app_init ] --START--
INFO: Run Behavior\BuildLiteBehavior [ RunTime:0.000000s ]
INFO: [ app_init ] --END-- [ RunTime:0.000000s ]
INFO: [ app_begin ] --START--
INFO: Run Behavior\ReadHtmlCacheBehavior [ RunTime:0.000000s ]
INFO: [ app_begin ] --END-- [ RunTime:0.000000s ]
NOTIC: [8] Use of undefined constant htmlspecialchars - assumed 'htmlspecialchars' E:\www\yoga\Application\Admin\Controller\NewsController.class.php 第 860 行.
INFO: [ view_parse ] --START--
INFO: [ template_filter ] --START--
INFO: Run Behavior\ContentReplaceBehavior [ RunTime:0.001000s ]
INFO: [ template_filter ] --END-- [ RunTime:0.001000s ]
NOTIC: [8] Use of undefined constant mc_photo - assumed 'mc_photo' E:\www\yoga\Application\Runtime\Cache\Admin\b29b30345d9bb84d5492c6e8167f894e.php 第 428 行.
NOTIC: [8] Array to string conversion E:\www\yoga\Application\Runtime\Cache\Admin\b29b30345d9bb84d5492c6e8167f894e.php 第 428 行.
NOTIC: [8] Undefined variable: pic_list E:\www\yoga\Application\Runtime\Cache\Admin\b29b30345d9bb84d5492c6e8167f894e.php 第 796 行.
INFO: Run Behavior\ParseTemplateBehavior [ RunTime:0.025002s ]
INFO: [ view_parse ] --END-- [ RunTime:0.025002s ]
INFO: [ view_filter ] --START--
INFO: Run Behavior\WriteHtmlCacheBehavior [ RunTime:0.001000s ]
INFO: Run Behavior\TokenBuildBehavior [ RunTime:0.000000s ]
INFO: [ view_filter ] --END-- [ RunTime:0.001000s ]
INFO: [ app_end ] --START--
INFO: Run Behavior\ShowPageTraceBehavior [ RunTime:0.000000s ]
INFO: [ app_end ] --END-- [ RunTime:0.000000s ]

[ 2016-09-22T12:47:38+08:00 ] ::1 /yoga/Admin/Ajax/getClass.html?pid=c
INFO: [ app_init ] --START--
INFO: Run Behavior\BuildLiteBehavior [ RunTime:0.000000s ]
INFO: [ app_init ] --END-- [ RunTime:0.000000s ]
INFO: [ app_begin ] --START--
INFO: Run Behavior\ReadHtmlCacheBehavior [ RunTime:0.001000s ]
INFO: [ app_begin ] --END-- [ RunTime:0.001000s ]
INFO: [ app_end ] --START--
INFO: Run Behavior\ShowPageTraceBehavior [ RunTime:0.001000s ]
INFO: [ app_end ] --END-- [ RunTime:0.001000s ]

