[ 2016-08-28T23:15:33+08:00 ] ::1 /yoga/index.php/Admin/News/news_list/se/8.html
INFO: [ app_init ] --START--
INFO: Run Behavior\BuildLiteBehavior [ RunTime:0.000000s ]
INFO: [ app_init ] --END-- [ RunTime:0.000000s ]
INFO: [ app_begin ] --START--
INFO: Run Behavior\ReadHtmlCacheBehavior [ RunTime:0.002000s ]
INFO: [ app_begin ] --END-- [ RunTime:0.002000s ]
NOTIC: [8] Undefined offset: 1 F:\www\yoga\Application\Admin\Controller\NewsController.class.php 第 24 行.
NOTIC: [8] Undefined variable: map F:\www\yoga\Application\Admin\Controller\NewsController.class.php 第 50 行.
NOTIC: [2] Invalid argument supplied for foreach() F:\www\yoga\Application\Admin\Controller\NewsController.class.php 第 50 行.
INFO: [ view_parse ] --START--
INFO: [ template_filter ] --START--
INFO: Run Behavior\ContentReplaceBehavior [ RunTime:0.001000s ]
INFO: [ template_filter ] --END-- [ RunTime:0.001000s ]
NOTIC: [8] Use of undefined constant ad_open - assumed 'ad_open' F:\www\yoga\Application\Runtime\Cache\Admin\5dc7cb56e7e8cd7601e6f40f87c141e0.php 第 438 行.
NOTIC: [8] Use of undefined constant ad_open - assumed 'ad_open' F:\www\yoga\Application\Runtime\Cache\Admin\5dc7cb56e7e8cd7601e6f40f87c141e0.php 第 438 行.
NOTIC: [8] Use of undefined constant ad_open - assumed 'ad_open' F:\www\yoga\Application\Runtime\Cache\Admin\5dc7cb56e7e8cd7601e6f40f87c141e0.php 第 438 行.
NOTIC: [8] Use of undefined constant ad_open - assumed 'ad_open' F:\www\yoga\Application\Runtime\Cache\Admin\5dc7cb56e7e8cd7601e6f40f87c141e0.php 第 438 行.
NOTIC: [8] Use of undefined constant ad_open - assumed 'ad_open' F:\www\yoga\Application\Runtime\Cache\Admin\5dc7cb56e7e8cd7601e6f40f87c141e0.php 第 438 行.
NOTIC: [8] Use of undefined constant ad_open - assumed 'ad_open' F:\www\yoga\Application\Runtime\Cache\Admin\5dc7cb56e7e8cd7601e6f40f87c141e0.php 第 438 行.
NOTIC: [8] Use of undefined constant ad_open - assumed 'ad_open' F:\www\yoga\Application\Runtime\Cache\Admin\5dc7cb56e7e8cd7601e6f40f87c141e0.php 第 438 行.
NOTIC: [8] Use of undefined constant ad_open - assumed 'ad_open' F:\www\yoga\Application\Runtime\Cache\Admin\5dc7cb56e7e8cd7601e6f40f87c141e0.php 第 438 行.
NOTIC: [8] Use of undefined constant ad_open - assumed 'ad_open' F:\www\yoga\Application\Runtime\Cache\Admin\5dc7cb56e7e8cd7601e6f40f87c141e0.php 第 438 行.
INFO: Run Behavior\ParseTemplateBehavior [ RunTime:0.245014s ]
INFO: [ view_parse ] --END-- [ RunTime:0.245014s ]
INFO: [ view_filter ] --START--
INFO: Run Behavior\WriteHtmlCacheBehavior [ RunTime:0.000000s ]
INFO: Run Behavior\TokenBuildBehavior [ RunTime:0.001000s ]
INFO: [ view_filter ] --END-- [ RunTime:0.002000s ]
INFO: [ app_end ] --START--
INFO: Run Behavior\ShowPageTraceBehavior [ RunTime:0.001000s ]
INFO: [ app_end ] --END-- [ RunTime:0.001000s ]

[ 2016-08-28T23:15:38+08:00 ] ::1 /yoga/index.php/Admin/Member/member_list/se/29.html
INFO: [ app_init ] --START--
INFO: Run Behavior\BuildLiteBehavior [ RunTime:0.000000s ]
INFO: [ app_init ] --END-- [ RunTime:0.001000s ]
INFO: [ app_begin ] --START--
INFO: Run Behavior\ReadHtmlCacheBehavior [ RunTime:0.000000s ]
INFO: [ app_begin ] --END-- [ RunTime:0.000000s ]
INFO: [ view_parse ] --START--
INFO: [ template_filter ] --START--
INFO: Run Behavior\ContentReplaceBehavior [ RunTime:0.000000s ]
INFO: [ template_filter ] --END-- [ RunTime:0.001000s ]
NOTIC: [8] Use of undefined constant member_list_open - assumed 'member_list_open' F:\www\yoga\Application\Runtime\Cache\Admin\52a0e83745da64968300eec9e9de24d9.php 第 289 行.
INFO: Run Behavior\ParseTemplateBehavior [ RunTime:0.062004s ]
INFO: [ view_parse ] --END-- [ RunTime:0.062004s ]
INFO: [ view_filter ] --START--
INFO: Run Behavior\WriteHtmlCacheBehavior [ RunTime:0.001000s ]
INFO: Run Behavior\TokenBuildBehavior [ RunTime:0.001000s ]
INFO: [ view_filter ] --END-- [ RunTime:0.002000s ]
INFO: [ app_end ] --START--
INFO: Run Behavior\ShowPageTraceBehavior [ RunTime:0.001000s ]
INFO: [ app_end ] --END-- [ RunTime:0.001000s ]

[ 2016-08-28T23:15:39+08:00 ] ::1 /yoga/index.php/Admin/Member/member_list/se/shearphoto_common/images/default.gif
INFO: [ app_init ] --START--
INFO: Run Behavior\BuildLiteBehavior [ RunTime:0.000000s ]
INFO: [ app_init ] --END-- [ RunTime:0.000000s ]

[ 2016-08-28T23:15:39+08:00 ] ::1 /yoga/index.php/Admin/Member/member_list/se/shearphoto_common/file/photo/5.jpg
INFO: [ app_init ] --START--
INFO: Run Behavior\BuildLiteBehavior [ RunTime:0.000000s ]
INFO: [ app_init ] --END-- [ RunTime:0.001000s ]

[ 2016-08-28T23:15:39+08:00 ] ::1 /yoga/index.php/Admin/Member/member_list/se/shearphoto_common/file/photo/3.jpg
INFO: [ app_init ] --START--
INFO: Run Behavior\BuildLiteBehavior [ RunTime:0.001000s ]
INFO: [ app_init ] --END-- [ RunTime:0.001000s ]

[ 2016-08-28T23:15:39+08:00 ] ::1 /yoga/index.php/Admin/Member/member_list/se/shearphoto_common/file/photo/6.jpg
INFO: [ app_init ] --START--
INFO: Run Behavior\BuildLiteBehavior [ RunTime:0.000000s ]
INFO: [ app_init ] --END-- [ RunTime:0.001000s ]

[ 2016-08-28T23:15:39+08:00 ] ::1 /yoga/index.php/Admin/Member/member_list/se/shearphoto_common/file/photo/7.jpg
INFO: [ app_init ] --START--
INFO: Run Behavior\BuildLiteBehavior [ RunTime:0.000000s ]
INFO: [ app_init ] --END-- [ RunTime:0.000000s ]

[ 2016-08-28T23:15:39+08:00 ] ::1 /yoga/index.php/Admin/Member/member_list/se/shearphoto_common/file/photo/8.jpg
INFO: [ app_init ] --START--
INFO: Run Behavior\BuildLiteBehavior [ RunTime:0.000000s ]
INFO: [ app_init ] --END-- [ RunTime:0.001000s ]

[ 2016-08-28T23:15:39+08:00 ] ::1 /yoga/index.php/Admin/Member/member_list/se/shearphoto_common/file/photo/4.jpg
INFO: [ app_init ] --START--
INFO: Run Behavior\BuildLiteBehavior [ RunTime:0.000000s ]
INFO: [ app_init ] --END-- [ RunTime:0.001000s ]

[ 2016-08-28T23:15:39+08:00 ] ::1 /yoga/index.php/Admin/Member/member_list/se/shearphoto_common/file/photo/2.jpg
INFO: [ app_init ] --START--
INFO: Run Behavior\BuildLiteBehavior [ RunTime:0.000000s ]
INFO: [ app_init ] --END-- [ RunTime:0.001000s ]

[ 2016-08-28T23:15:39+08:00 ] ::1 /yoga/index.php/Admin/Member/member_list/se/shearphoto_common/file/photo/1.jpg
INFO: [ app_init ] --START--
INFO: Run Behavior\BuildLiteBehavior [ RunTime:0.000000s ]
INFO: [ app_init ] --END-- [ RunTime:0.001000s ]

[ 2016-08-28T23:15:42+08:00 ] ::1 /yoga/index.php/Admin/Member/member_list_add.html
INFO: [ app_init ] --START--
INFO: Run Behavior\BuildLiteBehavior [ RunTime:0.000000s ]
INFO: [ app_init ] --END-- [ RunTime:0.001000s ]
INFO: [ app_begin ] --START--
INFO: Run Behavior\ReadHtmlCacheBehavior [ RunTime:0.001000s ]
INFO: [ app_begin ] --END-- [ RunTime:0.001000s ]
ERR: SQLSTATE[42S02]: Base table or view not found: 1146 Table 'yogadatas.mr_region' doesn't exist

[ 2016-08-28T23:25:19+08:00 ] ::1 /yoga/index.php/Admin/Member/member_list/se/29.html
INFO: [ app_init ] --START--
INFO: Run Behavior\BuildLiteBehavior [ RunTime:0.000000s ]
INFO: [ app_init ] --END-- [ RunTime:0.001000s ]
INFO: [ app_begin ] --START--
INFO: Run Behavior\ReadHtmlCacheBehavior [ RunTime:0.001000s ]
INFO: [ app_begin ] --END-- [ RunTime:0.001000s ]
INFO: [ view_parse ] --START--
INFO: [ template_filter ] --START--
INFO: Run Behavior\ContentReplaceBehavior [ RunTime:0.000000s ]
INFO: [ template_filter ] --END-- [ RunTime:0.000000s ]
NOTIC: [8] Use of undefined constant member_list_open - assumed 'member_list_open' F:\www\yoga\Application\Runtime\Cache\Admin\52a0e83745da64968300eec9e9de24d9.php 第 289 行.
INFO: Run Behavior\ParseTemplateBehavior [ RunTime:0.040002s ]
INFO: [ view_parse ] --END-- [ RunTime:0.040002s ]
INFO: [ view_filter ] --START--
INFO: Run Behavior\WriteHtmlCacheBehavior [ RunTime:0.001000s ]
INFO: Run Behavior\TokenBuildBehavior [ RunTime:0.000000s ]
INFO: [ view_filter ] --END-- [ RunTime:0.001000s ]
INFO: [ app_end ] --START--
INFO: Run Behavior\ShowPageTraceBehavior [ RunTime:0.000000s ]
INFO: [ app_end ] --END-- [ RunTime:0.001000s ]

[ 2016-08-28T23:25:19+08:00 ] ::1 /yoga/index.php/Admin/Member/member_list/se/shearphoto_common/file/photo/1.jpg
INFO: [ app_init ] --START--
INFO: Run Behavior\BuildLiteBehavior [ RunTime:0.000000s ]
INFO: [ app_init ] --END-- [ RunTime:0.001000s ]

[ 2016-08-28T23:25:19+08:00 ] ::1 /yoga/index.php/Admin/Member/member_list/se/shearphoto_common/file/photo/3.jpg
INFO: [ app_init ] --START--
INFO: Run Behavior\BuildLiteBehavior [ RunTime:0.000000s ]
INFO: [ app_init ] --END-- [ RunTime:0.001000s ]

[ 2016-08-28T23:25:19+08:00 ] ::1 /yoga/index.php/Admin/Member/member_list/se/shearphoto_common/file/photo/5.jpg
INFO: [ app_init ] --START--
INFO: Run Behavior\BuildLiteBehavior [ RunTime:0.000000s ]
INFO: [ app_init ] --END-- [ RunTime:0.001000s ]

[ 2016-08-28T23:25:19+08:00 ] ::1 /yoga/index.php/Admin/Member/member_list/se/shearphoto_common/images/default.gif
INFO: [ app_init ] --START--
INFO: Run Behavior\BuildLiteBehavior [ RunTime:0.000000s ]
INFO: [ app_init ] --END-- [ RunTime:0.000000s ]

[ 2016-08-28T23:25:19+08:00 ] ::1 /yoga/index.php/Admin/Member/member_list/se/shearphoto_common/file/photo/4.jpg
INFO: [ app_init ] --START--
INFO: Run Behavior\BuildLiteBehavior [ RunTime:0.000000s ]
INFO: [ app_init ] --END-- [ RunTime:0.000000s ]

[ 2016-08-28T23:25:19+08:00 ] ::1 /yoga/index.php/Admin/Member/member_list/se/shearphoto_common/file/photo/6.jpg
INFO: [ app_init ] --START--
INFO: Run Behavior\BuildLiteBehavior [ RunTime:0.000000s ]
INFO: [ app_init ] --END-- [ RunTime:0.000000s ]

[ 2016-08-28T23:25:19+08:00 ] ::1 /yoga/index.php/Admin/Member/member_list/se/shearphoto_common/file/photo/8.jpg
INFO: [ app_init ] --START--
INFO: Run Behavior\BuildLiteBehavior [ RunTime:0.000000s ]
INFO: [ app_init ] --END-- [ RunTime:0.000000s ]

[ 2016-08-28T23:25:20+08:00 ] ::1 /yoga/index.php/Admin/Member/member_list/se/shearphoto_common/file/photo/7.jpg
INFO: [ app_init ] --START--
INFO: Run Behavior\BuildLiteBehavior [ RunTime:0.000000s ]
INFO: [ app_init ] --END-- [ RunTime:0.001000s ]

[ 2016-08-28T23:25:20+08:00 ] ::1 /yoga/index.php/Admin/Member/member_list/se/shearphoto_common/file/photo/2.jpg
INFO: [ app_init ] --START--
INFO: Run Behavior\BuildLiteBehavior [ RunTime:0.000000s ]
INFO: [ app_init ] --END-- [ RunTime:0.000000s ]

[ 2016-08-28T23:25:21+08:00 ] ::1 /yoga/index.php/Admin/Member/member_list_add.html
INFO: [ app_init ] --START--
INFO: Run Behavior\BuildLiteBehavior [ RunTime:0.000000s ]
INFO: [ app_init ] --END-- [ RunTime:0.000000s ]
INFO: [ app_begin ] --START--
INFO: Run Behavior\ReadHtmlCacheBehavior [ RunTime:0.001000s ]
INFO: [ app_begin ] --END-- [ RunTime:0.001000s ]
ERR: SQLSTATE[42S02]: Base table or view not found: 1146 Table 'yogadatas.mr_region' doesn't exist

[ 2016-08-28T23:26:30+08:00 ] ::1 /yoga/index.php/Admin/Member/member_list/se/29.html
INFO: [ app_init ] --START--
INFO: Run Behavior\BuildLiteBehavior [ RunTime:0.000000s ]
INFO: [ app_init ] --END-- [ RunTime:0.001000s ]
INFO: [ app_begin ] --START--
INFO: Run Behavior\ReadHtmlCacheBehavior [ RunTime:0.001000s ]
INFO: [ app_begin ] --END-- [ RunTime:0.001000s ]
INFO: [ view_parse ] --START--
INFO: [ template_filter ] --START--
INFO: Run Behavior\ContentReplaceBehavior [ RunTime:0.001000s ]
INFO: [ template_filter ] --END-- [ RunTime:0.001000s ]
NOTIC: [8] Use of undefined constant member_list_open - assumed 'member_list_open' F:\www\yoga\Application\Runtime\Cache\Admin\52a0e83745da64968300eec9e9de24d9.php 第 289 行.
INFO: Run Behavior\ParseTemplateBehavior [ RunTime:0.039002s ]
INFO: [ view_parse ] --END-- [ RunTime:0.039002s ]
INFO: [ view_filter ] --START--
INFO: Run Behavior\WriteHtmlCacheBehavior [ RunTime:0.000000s ]
INFO: Run Behavior\TokenBuildBehavior [ RunTime:0.001000s ]
INFO: [ view_filter ] --END-- [ RunTime:0.001000s ]
INFO: [ app_end ] --START--
INFO: Run Behavior\ShowPageTraceBehavior [ RunTime:0.001000s ]
INFO: [ app_end ] --END-- [ RunTime:0.001000s ]

[ 2016-08-28T23:26:30+08:00 ] ::1 /yoga/index.php/Admin/Member/member_list/se/shearphoto_common/images/default.gif
INFO: [ app_init ] --START--
INFO: Run Behavior\BuildLiteBehavior [ RunTime:0.000000s ]
INFO: [ app_init ] --END-- [ RunTime:0.002000s ]

[ 2016-08-28T23:26:30+08:00 ] ::1 /yoga/index.php/Admin/Member/member_list/se/shearphoto_common/file/photo/1.jpg
INFO: [ app_init ] --START--
INFO: Run Behavior\BuildLiteBehavior [ RunTime:0.000000s ]
INFO: [ app_init ] --END-- [ RunTime:0.000000s ]

[ 2016-08-28T23:26:30+08:00 ] ::1 /yoga/index.php/Admin/Member/member_list/se/shearphoto_common/file/photo/3.jpg
INFO: [ app_init ] --START--
INFO: Run Behavior\BuildLiteBehavior [ RunTime:0.000000s ]
INFO: [ app_init ] --END-- [ RunTime:0.000000s ]

[ 2016-08-28T23:26:30+08:00 ] ::1 /yoga/index.php/Admin/Member/member_list/se/shearphoto_common/file/photo/4.jpg
INFO: [ app_init ] --START--
INFO: Run Behavior\BuildLiteBehavior [ RunTime:0.000000s ]
INFO: [ app_init ] --END-- [ RunTime:0.001000s ]

[ 2016-08-28T23:26:31+08:00 ] ::1 /yoga/index.php/Admin/Member/member_list/se/shearphoto_common/file/photo/5.jpg
INFO: [ app_init ] --START--
INFO: Run Behavior\BuildLiteBehavior [ RunTime:0.000000s ]
INFO: [ app_init ] --END-- [ RunTime:0.001000s ]

[ 2016-08-28T23:26:31+08:00 ] ::1 /yoga/index.php/Admin/Member/member_list/se/shearphoto_common/file/photo/2.jpg
INFO: [ app_init ] --START--
INFO: Run Behavior\BuildLiteBehavior [ RunTime:0.000000s ]
INFO: [ app_init ] --END-- [ RunTime:0.000000s ]

[ 2016-08-28T23:26:31+08:00 ] ::1 /yoga/index.php/Admin/Member/member_list/se/shearphoto_common/file/photo/6.jpg
INFO: [ app_init ] --START--
INFO: Run Behavior\BuildLiteBehavior [ RunTime:0.000000s ]
INFO: [ app_init ] --END-- [ RunTime:0.000000s ]

[ 2016-08-28T23:26:31+08:00 ] ::1 /yoga/index.php/Admin/Member/member_list/se/shearphoto_common/file/photo/7.jpg
INFO: [ app_init ] --START--
INFO: Run Behavior\BuildLiteBehavior [ RunTime:0.001000s ]
INFO: [ app_init ] --END-- [ RunTime:0.001000s ]

[ 2016-08-28T23:26:31+08:00 ] ::1 /yoga/index.php/Admin/Member/member_list/se/shearphoto_common/images/default.gif
INFO: [ app_init ] --START--
INFO: Run Behavior\BuildLiteBehavior [ RunTime:0.000000s ]
INFO: [ app_init ] --END-- [ RunTime:0.001001s ]

[ 2016-08-28T23:26:31+08:00 ] ::1 /yoga/index.php/Admin/Member/member_list/se/shearphoto_common/file/photo/8.jpg
INFO: [ app_init ] --START--
INFO: Run Behavior\BuildLiteBehavior [ RunTime:0.001000s ]
INFO: [ app_init ] --END-- [ RunTime:0.004001s ]

[ 2016-08-28T23:26:32+08:00 ] ::1 /yoga/index.php/Admin/Member/member_list_add.html
INFO: [ app_init ] --START--
INFO: Run Behavior\BuildLiteBehavior [ RunTime:0.000000s ]
INFO: [ app_init ] --END-- [ RunTime:0.001000s ]
INFO: [ app_begin ] --START--
INFO: Run Behavior\ReadHtmlCacheBehavior [ RunTime:0.001000s ]
INFO: [ app_begin ] --END-- [ RunTime:0.001000s ]
INFO: [ view_parse ] --START--
INFO: [ template_filter ] --START--
INFO: Run Behavior\ContentReplaceBehavior [ RunTime:0.000000s ]
INFO: [ template_filter ] --END-- [ RunTime:0.000000s ]
NOTIC: [8] Undefined index: id F:\www\yoga\Application\Runtime\Cache\Admin\598a8bec6d61487a002dec60ab21040d.php 第 282 行.
NOTIC: [8] Undefined index: name F:\www\yoga\Application\Runtime\Cache\Admin\598a8bec6d61487a002dec60ab21040d.php 第 282 行.
NOTIC: [8] Undefined index: id F:\www\yoga\Application\Runtime\Cache\Admin\598a8bec6d61487a002dec60ab21040d.php 第 282 行.
NOTIC: [8] Undefined index: name F:\www\yoga\Application\Runtime\Cache\Admin\598a8bec6d61487a002dec60ab21040d.php 第 282 行.
NOTIC: [8] Undefined index: id F:\www\yoga\Application\Runtime\Cache\Admin\598a8bec6d61487a002dec60ab21040d.php 第 282 行.
NOTIC: [8] Undefined index: name F:\www\yoga\Application\Runtime\Cache\Admin\598a8bec6d61487a002dec60ab21040d.php 第 282 行.
NOTIC: [8] Undefined index: id F:\www\yoga\Application\Runtime\Cache\Admin\598a8bec6d61487a002dec60ab21040d.php 第 282 行.
NOTIC: [8] Undefined index: name F:\www\yoga\Application\Runtime\Cache\Admin\598a8bec6d61487a002dec60ab21040d.php 第 282 行.
NOTIC: [8] Undefined index: id F:\www\yoga\Application\Runtime\Cache\Admin\598a8bec6d61487a002dec60ab21040d.php 第 282 行.
NOTIC: [8] Undefined index: name F:\www\yoga\Application\Runtime\Cache\Admin\598a8bec6d61487a002dec60ab21040d.php 第 282 行.
NOTIC: [8] Undefined index: id F:\www\yoga\Application\Runtime\Cache\Admin\598a8bec6d61487a002dec60ab21040d.php 第 282 行.
NOTIC: [8] Undefined index: name F:\www\yoga\Application\Runtime\Cache\Admin\598a8bec6d61487a002dec60ab21040d.php 第 282 行.
NOTIC: [8] Undefined index: id F:\www\yoga\Application\Runtime\Cache\Admin\598a8bec6d61487a002dec60ab21040d.php 第 282 行.
NOTIC: [8] Undefined index: name F:\www\yoga\Application\Runtime\Cache\Admin\598a8bec6d61487a002dec60ab21040d.php 第 282 行.
NOTIC: [8] Undefined index: id F:\www\yoga\Application\Runtime\Cache\Admin\598a8bec6d61487a002dec60ab21040d.php 第 282 行.
NOTIC: [8] Undefined index: name F:\www\yoga\Application\Runtime\Cache\Admin\598a8bec6d61487a002dec60ab21040d.php 第 282 行.
NOTIC: [8] Undefined index: id F:\www\yoga\Application\Runtime\Cache\Admin\598a8bec6d61487a002dec60ab21040d.php 第 282 行.
NOTIC: [8] Undefined index: name F:\www\yoga\Application\Runtime\Cache\Admin\598a8bec6d61487a002dec60ab21040d.php 第 282 行.
NOTIC: [8] Undefined index: id F:\www\yoga\Application\Runtime\Cache\Admin\598a8bec6d61487a002dec60ab21040d.php 第 282 行.
NOTIC: [8] Undefined index: name F:\www\yoga\Application\Runtime\Cache\Admin\598a8bec6d61487a002dec60ab21040d.php 第 282 行.
NOTIC: [8] Undefined index: id F:\www\yoga\Application\Runtime\Cache\Admin\598a8bec6d61487a002dec60ab21040d.php 第 282 行.
NOTIC: [8] Undefined index: name F:\www\yoga\Application\Runtime\Cache\Admin\598a8bec6d61487a002dec60ab21040d.php 第 282 行.
NOTIC: [8] Undefined index: id F:\www\yoga\Application\Runtime\Cache\Admin\598a8bec6d61487a002dec60ab21040d.php 第 282 行.
NOTIC: [8] Undefined index: name F:\www\yoga\Application\Runtime\Cache\Admin\598a8bec6d61487a002dec60ab21040d.php 第 282 行.
NOTIC: [8] Undefined index: id F:\www\yoga\Application\Runtime\Cache\Admin\598a8bec6d61487a002dec60ab21040d.php 第 282 行.
NOTIC: [8] Undefined index: name F:\www\yoga\Application\Runtime\Cache\Admin\598a8bec6d61487a002dec60ab21040d.php 第 282 行.
NOTIC: [8] Undefined index: id F:\www\yoga\Application\Runtime\Cache\Admin\598a8bec6d61487a002dec60ab21040d.php 第 282 行.
NOTIC: [8] Undefined index: name F:\www\yoga\Application\Runtime\Cache\Admin\598a8bec6d61487a002dec60ab21040d.php 第 282 行.
NOTIC: [8] Undefined index: id F:\www\yoga\Application\Runtime\Cache\Admin\598a8bec6d61487a002dec60ab21040d.php 第 282 行.
NOTIC: [8] Undefined index: name F:\www\yoga\Application\Runtime\Cache\Admin\598a8bec6d61487a002dec60ab21040d.php 第 282 行.
NOTIC: [8] Undefined index: id F:\www\yoga\Application\Runtime\Cache\Admin\598a8bec6d61487a002dec60ab21040d.php 第 282 行.
NOTIC: [8] Undefined index: name F:\www\yoga\Application\Runtime\Cache\Admin\598a8bec6d61487a002dec60ab21040d.php 第 282 行.
NOTIC: [8] Undefined index: id F:\www\yoga\Application\Runtime\Cache\Admin\598a8bec6d61487a002dec60ab21040d.php 第 282 行.
NOTIC: [8] Undefined index: name F:\www\yoga\Application\Runtime\Cache\Admin\598a8bec6d61487a002dec60ab21040d.php 第 282 行.
NOTIC: [8] Undefined index: id F:\www\yoga\Application\Runtime\Cache\Admin\598a8bec6d61487a002dec60ab21040d.php 第 282 行.
NOTIC: [8] Undefined index: name F:\www\yoga\Application\Runtime\Cache\Admin\598a8bec6d61487a002dec60ab21040d.php 第 282 行.
NOTIC: [8] Undefined index: id F:\www\yoga\Application\Runtime\Cache\Admin\598a8bec6d61487a002dec60ab21040d.php 第 282 行.
NOTIC: [8] Undefined index: name F:\www\yoga\Application\Runtime\Cache\Admin\598a8bec6d61487a002dec60ab21040d.php 第 282 行.
NOTIC: [8] Undefined index: id F:\www\yoga\Application\Runtime\Cache\Admin\598a8bec6d61487a002dec60ab21040d.php 第 282 行.
NOTIC: [8] Undefined index: name F:\www\yoga\Application\Runtime\Cache\Admin\598a8bec6d61487a002dec60ab21040d.php 第 282 行.
NOTIC: [8] Undefined index: id F:\www\yoga\Application\Runtime\Cache\Admin\598a8bec6d61487a002dec60ab21040d.php 第 282 行.
NOTIC: [8] Undefined index: name F:\www\yoga\Application\Runtime\Cache\Admin\598a8bec6d61487a002dec60ab21040d.php 第 282 行.
NOTIC: [8] Undefined index: id F:\www\yoga\Application\Runtime\Cache\Admin\598a8bec6d61487a002dec60ab21040d.php 第 282 行.
NOTIC: [8] Undefined index: name F:\www\yoga\Application\Runtime\Cache\Admin\598a8bec6d61487a002dec60ab21040d.php 第 282 行.
NOTIC: [8] Undefined index: id F:\www\yoga\Application\Runtime\Cache\Admin\598a8bec6d61487a002dec60ab21040d.php 第 282 行.
NOTIC: [8] Undefined index: name F:\www\yoga\Application\Runtime\Cache\Admin\598a8bec6d61487a002dec60ab21040d.php 第 282 行.
NOTIC: [8] Undefined index: id F:\www\yoga\Application\Runtime\Cache\Admin\598a8bec6d61487a002dec60ab21040d.php 第 282 行.
NOTIC: [8] Undefined index: name F:\www\yoga\Application\Runtime\Cache\Admin\598a8bec6d61487a002dec60ab21040d.php 第 282 行.
NOTIC: [8] Undefined index: id F:\www\yoga\Application\Runtime\Cache\Admin\598a8bec6d61487a002dec60ab21040d.php 第 282 行.
NOTIC: [8] Undefined index: name F:\www\yoga\Application\Runtime\Cache\Admin\598a8bec6d61487a002dec60ab21040d.php 第 282 行.
NOTIC: [8] Undefined index: id F:\www\yoga\Application\Runtime\Cache\Admin\598a8bec6d61487a002dec60ab21040d.php 第 282 行.
NOTIC: [8] Undefined index: name F:\www\yoga\Application\Runtime\Cache\Admin\598a8bec6d61487a002dec60ab21040d.php 第 282 行.
NOTIC: [8] Undefined index: id F:\www\yoga\Application\Runtime\Cache\Admin\598a8bec6d61487a002dec60ab21040d.php 第 282 行.
NOTIC: [8] Undefined index: name F:\www\yoga\Application\Runtime\Cache\Admin\598a8bec6d61487a002dec60ab21040d.php 第 282 行.
NOTIC: [8] Undefined index: id F:\www\yoga\Application\Runtime\Cache\Admin\598a8bec6d61487a002dec60ab21040d.php 第 282 行.
NOTIC: [8] Undefined index: name F:\www\yoga\Application\Runtime\Cache\Admin\598a8bec6d61487a002dec60ab21040d.php 第 282 行.
NOTIC: [8] Undefined index: id F:\www\yoga\Application\Runtime\Cache\Admin\598a8bec6d61487a002dec60ab21040d.php 第 282 行.
NOTIC: [8] Undefined index: name F:\www\yoga\Application\Runtime\Cache\Admin\598a8bec6d61487a002dec60ab21040d.php 第 282 行.
NOTIC: [8] Undefined index: id F:\www\yoga\Application\Runtime\Cache\Admin\598a8bec6d61487a002dec60ab21040d.php 第 282 行.
NOTIC: [8] Undefined index: name F:\www\yoga\Application\Runtime\Cache\Admin\598a8bec6d61487a002dec60ab21040d.php 第 282 行.
NOTIC: [8] Undefined index: id F:\www\yoga\Application\Runtime\Cache\Admin\598a8bec6d61487a002dec60ab21040d.php 第 282 行.
NOTIC: [8] Undefined index: name F:\www\yoga\Application\Runtime\Cache\Admin\598a8bec6d61487a002dec60ab21040d.php 第 282 行.
NOTIC: [8] Undefined index: id F:\www\yoga\Application\Runtime\Cache\Admin\598a8bec6d61487a002dec60ab21040d.php 第 282 行.
NOTIC: [8] Undefined index: name F:\www\yoga\Application\Runtime\Cache\Admin\598a8bec6d61487a002dec60ab21040d.php 第 282 行.
NOTIC: [8] Undefined index: id F:\www\yoga\Application\Runtime\Cache\Admin\598a8bec6d61487a002dec60ab21040d.php 第 282 行.
NOTIC: [8] Undefined index: name F:\www\yoga\Application\Runtime\Cache\Admin\598a8bec6d61487a002dec60ab21040d.php 第 282 行.
NOTIC: [8] Undefined index: id F:\www\yoga\Application\Runtime\Cache\Admin\598a8bec6d61487a002dec60ab21040d.php 第 282 行.
NOTIC: [8] Undefined index: name F:\www\yoga\Application\Runtime\Cache\Admin\598a8bec6d61487a002dec60ab21040d.php 第 282 行.
INFO: Run Behavior\ParseTemplateBehavior [ RunTime:0.041003s ]
INFO: [ view_parse ] --END-- [ RunTime:0.041003s ]
INFO: [ view_filter ] --START--
INFO: Run Behavior\WriteHtmlCacheBehavior [ RunTime:0.001000s ]
INFO: Run Behavior\TokenBuildBehavior [ RunTime:0.001000s ]
INFO: [ view_filter ] --END-- [ RunTime:0.002000s ]
INFO: [ app_end ] --START--
INFO: Run Behavior\ShowPageTraceBehavior [ RunTime:0.002000s ]
INFO: [ app_end ] --END-- [ RunTime:0.002000s ]

[ 2016-08-28T23:26:53+08:00 ] ::1 /yoga/index.php/Admin/Member/member_list_add.html
INFO: [ app_init ] --START--
INFO: Run Behavior\BuildLiteBehavior [ RunTime:0.000000s ]
INFO: [ app_init ] --END-- [ RunTime:0.001000s ]
INFO: [ app_begin ] --START--
INFO: Run Behavior\ReadHtmlCacheBehavior [ RunTime:0.000000s ]
INFO: [ app_begin ] --END-- [ RunTime:0.000000s ]
INFO: [ view_parse ] --START--
INFO: [ template_filter ] --START--
INFO: Run Behavior\ContentReplaceBehavior [ RunTime:0.000000s ]
INFO: [ template_filter ] --END-- [ RunTime:0.000000s ]
NOTIC: [8] Undefined index: id F:\www\yoga\Application\Runtime\Cache\Admin\598a8bec6d61487a002dec60ab21040d.php 第 282 行.
NOTIC: [8] Undefined index: id F:\www\yoga\Application\Runtime\Cache\Admin\598a8bec6d61487a002dec60ab21040d.php 第 282 行.
NOTIC: [8] Undefined index: id F:\www\yoga\Application\Runtime\Cache\Admin\598a8bec6d61487a002dec60ab21040d.php 第 282 行.
NOTIC: [8] Undefined index: id F:\www\yoga\Application\Runtime\Cache\Admin\598a8bec6d61487a002dec60ab21040d.php 第 282 行.
NOTIC: [8] Undefined index: id F:\www\yoga\Application\Runtime\Cache\Admin\598a8bec6d61487a002dec60ab21040d.php 第 282 行.
NOTIC: [8] Undefined index: id F:\www\yoga\Application\Runtime\Cache\Admin\598a8bec6d61487a002dec60ab21040d.php 第 282 行.
NOTIC: [8] Undefined index: id F:\www\yoga\Application\Runtime\Cache\Admin\598a8bec6d61487a002dec60ab21040d.php 第 282 行.
NOTIC: [8] Undefined index: id F:\www\yoga\Application\Runtime\Cache\Admin\598a8bec6d61487a002dec60ab21040d.php 第 282 行.
NOTIC: [8] Undefined index: id F:\www\yoga\Application\Runtime\Cache\Admin\598a8bec6d61487a002dec60ab21040d.php 第 282 行.
NOTIC: [8] Undefined index: id F:\www\yoga\Application\Runtime\Cache\Admin\598a8bec6d61487a002dec60ab21040d.php 第 282 行.
NOTIC: [8] Undefined index: id F:\www\yoga\Application\Runtime\Cache\Admin\598a8bec6d61487a002dec60ab21040d.php 第 282 行.
NOTIC: [8] Undefined index: id F:\www\yoga\Application\Runtime\Cache\Admin\598a8bec6d61487a002dec60ab21040d.php 第 282 行.
NOTIC: [8] Undefined index: id F:\www\yoga\Application\Runtime\Cache\Admin\598a8bec6d61487a002dec60ab21040d.php 第 282 行.
NOTIC: [8] Undefined index: id F:\www\yoga\Application\Runtime\Cache\Admin\598a8bec6d61487a002dec60ab21040d.php 第 282 行.
NOTIC: [8] Undefined index: id F:\www\yoga\Application\Runtime\Cache\Admin\598a8bec6d61487a002dec60ab21040d.php 第 282 行.
NOTIC: [8] Undefined index: id F:\www\yoga\Application\Runtime\Cache\Admin\598a8bec6d61487a002dec60ab21040d.php 第 282 行.
NOTIC: [8] Undefined index: id F:\www\yoga\Application\Runtime\Cache\Admin\598a8bec6d61487a002dec60ab21040d.php 第 282 行.
NOTIC: [8] Undefined index: id F:\www\yoga\Application\Runtime\Cache\Admin\598a8bec6d61487a002dec60ab21040d.php 第 282 行.
NOTIC: [8] Undefined index: id F:\www\yoga\Application\Runtime\Cache\Admin\598a8bec6d61487a002dec60ab21040d.php 第 282 行.
NOTIC: [8] Undefined index: id F:\www\yoga\Application\Runtime\Cache\Admin\598a8bec6d61487a002dec60ab21040d.php 第 282 行.
NOTIC: [8] Undefined index: id F:\www\yoga\Application\Runtime\Cache\Admin\598a8bec6d61487a002dec60ab21040d.php 第 282 行.
NOTIC: [8] Undefined index: id F:\www\yoga\Application\Runtime\Cache\Admin\598a8bec6d61487a002dec60ab21040d.php 第 282 行.
NOTIC: [8] Undefined index: id F:\www\yoga\Application\Runtime\Cache\Admin\598a8bec6d61487a002dec60ab21040d.php 第 282 行.
NOTIC: [8] Undefined index: id F:\www\yoga\Application\Runtime\Cache\Admin\598a8bec6d61487a002dec60ab21040d.php 第 282 行.
NOTIC: [8] Undefined index: id F:\www\yoga\Application\Runtime\Cache\Admin\598a8bec6d61487a002dec60ab21040d.php 第 282 行.
NOTIC: [8] Undefined index: id F:\www\yoga\Application\Runtime\Cache\Admin\598a8bec6d61487a002dec60ab21040d.php 第 282 行.
NOTIC: [8] Undefined index: id F:\www\yoga\Application\Runtime\Cache\Admin\598a8bec6d61487a002dec60ab21040d.php 第 282 行.
NOTIC: [8] Undefined index: id F:\www\yoga\Application\Runtime\Cache\Admin\598a8bec6d61487a002dec60ab21040d.php 第 282 行.
NOTIC: [8] Undefined index: id F:\www\yoga\Application\Runtime\Cache\Admin\598a8bec6d61487a002dec60ab21040d.php 第 282 行.
NOTIC: [8] Undefined index: id F:\www\yoga\Application\Runtime\Cache\Admin\598a8bec6d61487a002dec60ab21040d.php 第 282 行.
NOTIC: [8] Undefined index: id F:\www\yoga\Application\Runtime\Cache\Admin\598a8bec6d61487a002dec60ab21040d.php 第 282 行.
NOTIC: [8] Undefined index: id F:\www\yoga\Application\Runtime\Cache\Admin\598a8bec6d61487a002dec60ab21040d.php 第 282 行.
NOTIC: [8] Undefined index: id F:\www\yoga\Application\Runtime\Cache\Admin\598a8bec6d61487a002dec60ab21040d.php 第 282 行.
NOTIC: [8] Undefined index: id F:\www\yoga\Application\Runtime\Cache\Admin\598a8bec6d61487a002dec60ab21040d.php 第 282 行.
INFO: Run Behavior\ParseTemplateBehavior [ RunTime:0.038002s ]
INFO: [ view_parse ] --END-- [ RunTime:0.038002s ]
INFO: [ view_filter ] --START--
INFO: Run Behavior\WriteHtmlCacheBehavior [ RunTime:0.000000s ]
INFO: Run Behavior\TokenBuildBehavior [ RunTime:0.001000s ]
INFO: [ view_filter ] --END-- [ RunTime:0.001000s ]
INFO: [ app_end ] --START--
INFO: Run Behavior\ShowPageTraceBehavior [ RunTime:0.001000s ]
INFO: [ app_end ] --END-- [ RunTime:0.001000s ]

[ 2016-08-28T23:29:20+08:00 ] ::1 /yoga/index.php/Admin/Member/member_list_add.html
INFO: [ app_init ] --START--
INFO: Run Behavior\BuildLiteBehavior [ RunTime:0.000000s ]
INFO: [ app_init ] --END-- [ RunTime:0.001000s ]
INFO: [ app_begin ] --START--
INFO: Run Behavior\ReadHtmlCacheBehavior [ RunTime:0.001000s ]
INFO: [ app_begin ] --END-- [ RunTime:0.001000s ]
INFO: [ view_parse ] --START--
INFO: [ template_filter ] --START--
INFO: Run Behavior\ContentReplaceBehavior [ RunTime:0.001000s ]
INFO: [ template_filter ] --END-- [ RunTime:0.001000s ]
NOTIC: [8] Undefined index: id F:\www\yoga\Application\Runtime\Cache\Admin\598a8bec6d61487a002dec60ab21040d.php 第 282 行.
NOTIC: [8] Undefined index: id F:\www\yoga\Application\Runtime\Cache\Admin\598a8bec6d61487a002dec60ab21040d.php 第 282 行.
NOTIC: [8] Undefined index: id F:\www\yoga\Application\Runtime\Cache\Admin\598a8bec6d61487a002dec60ab21040d.php 第 282 行.
NOTIC: [8] Undefined index: id F:\www\yoga\Application\Runtime\Cache\Admin\598a8bec6d61487a002dec60ab21040d.php 第 282 行.
NOTIC: [8] Undefined index: id F:\www\yoga\Application\Runtime\Cache\Admin\598a8bec6d61487a002dec60ab21040d.php 第 282 行.
NOTIC: [8] Undefined index: id F:\www\yoga\Application\Runtime\Cache\Admin\598a8bec6d61487a002dec60ab21040d.php 第 282 行.
NOTIC: [8] Undefined index: id F:\www\yoga\Application\Runtime\Cache\Admin\598a8bec6d61487a002dec60ab21040d.php 第 282 行.
NOTIC: [8] Undefined index: id F:\www\yoga\Application\Runtime\Cache\Admin\598a8bec6d61487a002dec60ab21040d.php 第 282 行.
NOTIC: [8] Undefined index: id F:\www\yoga\Application\Runtime\Cache\Admin\598a8bec6d61487a002dec60ab21040d.php 第 282 行.
NOTIC: [8] Undefined index: id F:\www\yoga\Application\Runtime\Cache\Admin\598a8bec6d61487a002dec60ab21040d.php 第 282 行.
NOTIC: [8] Undefined index: id F:\www\yoga\Application\Runtime\Cache\Admin\598a8bec6d61487a002dec60ab21040d.php 第 282 行.
NOTIC: [8] Undefined index: id F:\www\yoga\Application\Runtime\Cache\Admin\598a8bec6d61487a002dec60ab21040d.php 第 282 行.
NOTIC: [8] Undefined index: id F:\www\yoga\Application\Runtime\Cache\Admin\598a8bec6d61487a002dec60ab21040d.php 第 282 行.
NOTIC: [8] Undefined index: id F:\www\yoga\Application\Runtime\Cache\Admin\598a8bec6d61487a002dec60ab21040d.php 第 282 行.
NOTIC: [8] Undefined index: id F:\www\yoga\Application\Runtime\Cache\Admin\598a8bec6d61487a002dec60ab21040d.php 第 282 行.
NOTIC: [8] Undefined index: id F:\www\yoga\Application\Runtime\Cache\Admin\598a8bec6d61487a002dec60ab21040d.php 第 282 行.
NOTIC: [8] Undefined index: id F:\www\yoga\Application\Runtime\Cache\Admin\598a8bec6d61487a002dec60ab21040d.php 第 282 行.
NOTIC: [8] Undefined index: id F:\www\yoga\Application\Runtime\Cache\Admin\598a8bec6d61487a002dec60ab21040d.php 第 282 行.
NOTIC: [8] Undefined index: id F:\www\yoga\Application\Runtime\Cache\Admin\598a8bec6d61487a002dec60ab21040d.php 第 282 行.
NOTIC: [8] Undefined index: id F:\www\yoga\Application\Runtime\Cache\Admin\598a8bec6d61487a002dec60ab21040d.php 第 282 行.
NOTIC: [8] Undefined index: id F:\www\yoga\Application\Runtime\Cache\Admin\598a8bec6d61487a002dec60ab21040d.php 第 282 行.
NOTIC: [8] Undefined index: id F:\www\yoga\Application\Runtime\Cache\Admin\598a8bec6d61487a002dec60ab21040d.php 第 282 行.
NOTIC: [8] Undefined index: id F:\www\yoga\Application\Runtime\Cache\Admin\598a8bec6d61487a002dec60ab21040d.php 第 282 行.
NOTIC: [8] Undefined index: id F:\www\yoga\Application\Runtime\Cache\Admin\598a8bec6d61487a002dec60ab21040d.php 第 282 行.
NOTIC: [8] Undefined index: id F:\www\yoga\Application\Runtime\Cache\Admin\598a8bec6d61487a002dec60ab21040d.php 第 282 行.
NOTIC: [8] Undefined index: id F:\www\yoga\Application\Runtime\Cache\Admin\598a8bec6d61487a002dec60ab21040d.php 第 282 行.
NOTIC: [8] Undefined index: id F:\www\yoga\Application\Runtime\Cache\Admin\598a8bec6d61487a002dec60ab21040d.php 第 282 行.
NOTIC: [8] Undefined index: id F:\www\yoga\Application\Runtime\Cache\Admin\598a8bec6d61487a002dec60ab21040d.php 第 282 行.
NOTIC: [8] Undefined index: id F:\www\yoga\Application\Runtime\Cache\Admin\598a8bec6d61487a002dec60ab21040d.php 第 282 行.
NOTIC: [8] Undefined index: id F:\www\yoga\Application\Runtime\Cache\Admin\598a8bec6d61487a002dec60ab21040d.php 第 282 行.
NOTIC: [8] Undefined index: id F:\www\yoga\Application\Runtime\Cache\Admin\598a8bec6d61487a002dec60ab21040d.php 第 282 行.
NOTIC: [8] Undefined index: id F:\www\yoga\Application\Runtime\Cache\Admin\598a8bec6d61487a002dec60ab21040d.php 第 282 行.
NOTIC: [8] Undefined index: id F:\www\yoga\Application\Runtime\Cache\Admin\598a8bec6d61487a002dec60ab21040d.php 第 282 行.
NOTIC: [8] Undefined index: id F:\www\yoga\Application\Runtime\Cache\Admin\598a8bec6d61487a002dec60ab21040d.php 第 282 行.
INFO: Run Behavior\ParseTemplateBehavior [ RunTime:0.042003s ]
INFO: [ view_parse ] --END-- [ RunTime:0.042003s ]
INFO: [ view_filter ] --START--
INFO: Run Behavior\WriteHtmlCacheBehavior [ RunTime:0.001000s ]
INFO: Run Behavior\TokenBuildBehavior [ RunTime:0.000000s ]
INFO: [ view_filter ] --END-- [ RunTime:0.001000s ]
INFO: [ app_end ] --START--
INFO: Run Behavior\ShowPageTraceBehavior [ RunTime:0.001000s ]
INFO: [ app_end ] --END-- [ RunTime:0.001000s ]

[ 2016-08-28T23:29:56+08:00 ] ::1 /yoga/index.php/Admin/Member/member_list_add.html
INFO: [ app_init ] --START--
INFO: Run Behavior\BuildLiteBehavior [ RunTime:0.000000s ]
INFO: [ app_init ] --END-- [ RunTime:0.001000s ]
INFO: [ app_begin ] --START--
INFO: Run Behavior\ReadHtmlCacheBehavior [ RunTime:0.000000s ]
INFO: [ app_begin ] --END-- [ RunTime:0.000000s ]
INFO: [ view_parse ] --START--
INFO: [ template_filter ] --START--
INFO: Run Behavior\ContentReplaceBehavior [ RunTime:0.000000s ]
INFO: [ template_filter ] --END-- [ RunTime:0.000000s ]
NOTIC: [8] Undefined index: id F:\www\yoga\Application\Runtime\Cache\Admin\598a8bec6d61487a002dec60ab21040d.php 第 282 行.
NOTIC: [8] Undefined index: id F:\www\yoga\Application\Runtime\Cache\Admin\598a8bec6d61487a002dec60ab21040d.php 第 282 行.
NOTIC: [8] Undefined index: id F:\www\yoga\Application\Runtime\Cache\Admin\598a8bec6d61487a002dec60ab21040d.php 第 282 行.
NOTIC: [8] Undefined index: id F:\www\yoga\Application\Runtime\Cache\Admin\598a8bec6d61487a002dec60ab21040d.php 第 282 行.
NOTIC: [8] Undefined index: id F:\www\yoga\Application\Runtime\Cache\Admin\598a8bec6d61487a002dec60ab21040d.php 第 282 行.
NOTIC: [8] Undefined index: id F:\www\yoga\Application\Runtime\Cache\Admin\598a8bec6d61487a002dec60ab21040d.php 第 282 行.
NOTIC: [8] Undefined index: id F:\www\yoga\Application\Runtime\Cache\Admin\598a8bec6d61487a002dec60ab21040d.php 第 282 行.
NOTIC: [8] Undefined index: id F:\www\yoga\Application\Runtime\Cache\Admin\598a8bec6d61487a002dec60ab21040d.php 第 282 行.
NOTIC: [8] Undefined index: id F:\www\yoga\Application\Runtime\Cache\Admin\598a8bec6d61487a002dec60ab21040d.php 第 282 行.
NOTIC: [8] Undefined index: id F:\www\yoga\Application\Runtime\Cache\Admin\598a8bec6d61487a002dec60ab21040d.php 第 282 行.
NOTIC: [8] Undefined index: id F:\www\yoga\Application\Runtime\Cache\Admin\598a8bec6d61487a002dec60ab21040d.php 第 282 行.
NOTIC: [8] Undefined index: id F:\www\yoga\Application\Runtime\Cache\Admin\598a8bec6d61487a002dec60ab21040d.php 第 282 行.
NOTIC: [8] Undefined index: id F:\www\yoga\Application\Runtime\Cache\Admin\598a8bec6d61487a002dec60ab21040d.php 第 282 行.
NOTIC: [8] Undefined index: id F:\www\yoga\Application\Runtime\Cache\Admin\598a8bec6d61487a002dec60ab21040d.php 第 282 行.
NOTIC: [8] Undefined index: id F:\www\yoga\Application\Runtime\Cache\Admin\598a8bec6d61487a002dec60ab21040d.php 第 282 行.
NOTIC: [8] Undefined index: id F:\www\yoga\Application\Runtime\Cache\Admin\598a8bec6d61487a002dec60ab21040d.php 第 282 行.
NOTIC: [8] Undefined index: id F:\www\yoga\Application\Runtime\Cache\Admin\598a8bec6d61487a002dec60ab21040d.php 第 282 行.
NOTIC: [8] Undefined index: id F:\www\yoga\Application\Runtime\Cache\Admin\598a8bec6d61487a002dec60ab21040d.php 第 282 行.
NOTIC: [8] Undefined index: id F:\www\yoga\Application\Runtime\Cache\Admin\598a8bec6d61487a002dec60ab21040d.php 第 282 行.
NOTIC: [8] Undefined index: id F:\www\yoga\Application\Runtime\Cache\Admin\598a8bec6d61487a002dec60ab21040d.php 第 282 行.
NOTIC: [8] Undefined index: id F:\www\yoga\Application\Runtime\Cache\Admin\598a8bec6d61487a002dec60ab21040d.php 第 282 行.
NOTIC: [8] Undefined index: id F:\www\yoga\Application\Runtime\Cache\Admin\598a8bec6d61487a002dec60ab21040d.php 第 282 行.
NOTIC: [8] Undefined index: id F:\www\yoga\Application\Runtime\Cache\Admin\598a8bec6d61487a002dec60ab21040d.php 第 282 行.
NOTIC: [8] Undefined index: id F:\www\yoga\Application\Runtime\Cache\Admin\598a8bec6d61487a002dec60ab21040d.php 第 282 行.
NOTIC: [8] Undefined index: id F:\www\yoga\Application\Runtime\Cache\Admin\598a8bec6d61487a002dec60ab21040d.php 第 282 行.
NOTIC: [8] Undefined index: id F:\www\yoga\Application\Runtime\Cache\Admin\598a8bec6d61487a002dec60ab21040d.php 第 282 行.
NOTIC: [8] Undefined index: id F:\www\yoga\Application\Runtime\Cache\Admin\598a8bec6d61487a002dec60ab21040d.php 第 282 行.
NOTIC: [8] Undefined index: id F:\www\yoga\Application\Runtime\Cache\Admin\598a8bec6d61487a002dec60ab21040d.php 第 282 行.
NOTIC: [8] Undefined index: id F:\www\yoga\Application\Runtime\Cache\Admin\598a8bec6d61487a002dec60ab21040d.php 第 282 行.
NOTIC: [8] Undefined index: id F:\www\yoga\Application\Runtime\Cache\Admin\598a8bec6d61487a002dec60ab21040d.php 第 282 行.
NOTIC: [8] Undefined index: id F:\www\yoga\Application\Runtime\Cache\Admin\598a8bec6d61487a002dec60ab21040d.php 第 282 行.
NOTIC: [8] Undefined index: id F:\www\yoga\Application\Runtime\Cache\Admin\598a8bec6d61487a002dec60ab21040d.php 第 282 行.
NOTIC: [8] Undefined index: id F:\www\yoga\Application\Runtime\Cache\Admin\598a8bec6d61487a002dec60ab21040d.php 第 282 行.
NOTIC: [8] Undefined index: id F:\www\yoga\Application\Runtime\Cache\Admin\598a8bec6d61487a002dec60ab21040d.php 第 282 行.
INFO: Run Behavior\ParseTemplateBehavior [ RunTime:0.036002s ]
INFO: [ view_parse ] --END-- [ RunTime:0.036002s ]
INFO: [ view_filter ] --START--
INFO: Run Behavior\WriteHtmlCacheBehavior [ RunTime:0.001000s ]
INFO: Run Behavior\TokenBuildBehavior [ RunTime:0.000000s ]
INFO: [ view_filter ] --END-- [ RunTime:0.001000s ]
INFO: [ app_end ] --START--
INFO: Run Behavior\ShowPageTraceBehavior [ RunTime:0.001001s ]
INFO: [ app_end ] --END-- [ RunTime:0.001001s ]

[ 2016-08-28T23:30:49+08:00 ] ::1 /yoga/index.php/Admin/Member/member_list_add.html
INFO: [ app_init ] --START--
INFO: Run Behavior\BuildLiteBehavior [ RunTime:0.000000s ]
INFO: [ app_init ] --END-- [ RunTime:0.000000s ]
INFO: [ app_begin ] --START--
INFO: Run Behavior\ReadHtmlCacheBehavior [ RunTime:0.000000s ]
INFO: [ app_begin ] --END-- [ RunTime:0.001000s ]
INFO: [ view_parse ] --START--
INFO: [ template_filter ] --START--
INFO: Run Behavior\ContentReplaceBehavior [ RunTime:0.000000s ]
INFO: [ template_filter ] --END-- [ RunTime:0.000000s ]
INFO: Run Behavior\ParseTemplateBehavior [ RunTime:0.039002s ]
INFO: [ view_parse ] --END-- [ RunTime:0.039002s ]
INFO: [ view_filter ] --START--
INFO: Run Behavior\WriteHtmlCacheBehavior [ RunTime:0.000000s ]
INFO: Run Behavior\TokenBuildBehavior [ RunTime:0.001000s ]
INFO: [ view_filter ] --END-- [ RunTime:0.001000s ]
INFO: [ app_end ] --START--
INFO: Run Behavior\ShowPageTraceBehavior [ RunTime:0.001000s ]
INFO: [ app_end ] --END-- [ RunTime:0.001000s ]

[ 2016-08-28T23:30:52+08:00 ] ::1 /yoga/index.php/Admin/Ajax/getcity.html?pid=2
INFO: [ app_init ] --START--
INFO: Run Behavior\BuildLiteBehavior [ RunTime:0.001000s ]
INFO: [ app_init ] --END-- [ RunTime:0.001000s ]
INFO: [ app_begin ] --START--
INFO: Run Behavior\ReadHtmlCacheBehavior [ RunTime:0.001000s ]
INFO: [ app_begin ] --END-- [ RunTime:0.002000s ]
INFO: [ app_end ] --START--
INFO: Run Behavior\ShowPageTraceBehavior [ RunTime:0.003000s ]
INFO: [ app_end ] --END-- [ RunTime:0.003000s ]

[ 2016-08-28T23:30:56+08:00 ] ::1 /yoga/index.php/Admin/Ajax/getcity.html?pid=4
INFO: [ app_init ] --START--
INFO: Run Behavior\BuildLiteBehavior [ RunTime:0.000000s ]
INFO: [ app_init ] --END-- [ RunTime:0.001000s ]
INFO: [ app_begin ] --START--
INFO: Run Behavior\ReadHtmlCacheBehavior [ RunTime:0.001000s ]
INFO: [ app_begin ] --END-- [ RunTime:0.001000s ]
INFO: [ app_end ] --START--
INFO: Run Behavior\ShowPageTraceBehavior [ RunTime:0.001000s ]
INFO: [ app_end ] --END-- [ RunTime:0.001000s ]

[ 2016-08-28T23:30:59+08:00 ] ::1 /yoga/index.php/Admin/Ajax/gettown.html?pid=17
INFO: [ app_init ] --START--
INFO: Run Behavior\BuildLiteBehavior [ RunTime:0.000000s ]
INFO: [ app_init ] --END-- [ RunTime:0.000000s ]
INFO: [ app_begin ] --START--
INFO: Run Behavior\ReadHtmlCacheBehavior [ RunTime:0.002000s ]
INFO: [ app_begin ] --END-- [ RunTime:0.002000s ]
INFO: [ app_end ] --START--
INFO: Run Behavior\ShowPageTraceBehavior [ RunTime:0.002000s ]
INFO: [ app_end ] --END-- [ RunTime:0.003000s ]

[ 2016-08-28T23:38:25+08:00 ] ::1 /yoga/index.php/Admin/Member/member_list_edit/member_list_id/1.html
INFO: [ app_init ] --START--
INFO: Run Behavior\BuildLiteBehavior [ RunTime:0.000000s ]
INFO: [ app_init ] --END-- [ RunTime:0.002000s ]
INFO: [ app_begin ] --START--
INFO: Run Behavior\ReadHtmlCacheBehavior [ RunTime:0.002000s ]
INFO: [ app_begin ] --END-- [ RunTime:0.002000s ]
INFO: [ view_parse ] --START--
INFO: [ template_filter ] --START--
INFO: Run Behavior\ContentReplaceBehavior [ RunTime:0.000000s ]
INFO: [ template_filter ] --END-- [ RunTime:0.000000s ]
NOTIC: [8] Use of undefined constant member_list_open - assumed 'member_list_open' F:\www\yoga\Application\Runtime\Cache\Admin\1ab0f5d1ecab6b5f11bf062dfb79a6a6.php 第 338 行.
INFO: Run Behavior\ParseTemplateBehavior [ RunTime:0.054003s ]
INFO: [ view_parse ] --END-- [ RunTime:0.054003s ]
INFO: [ view_filter ] --START--
INFO: Run Behavior\WriteHtmlCacheBehavior [ RunTime:0.001000s ]
INFO: Run Behavior\TokenBuildBehavior [ RunTime:0.001000s ]
INFO: [ view_filter ] --END-- [ RunTime:0.002000s ]
INFO: [ app_end ] --START--
INFO: Run Behavior\ShowPageTraceBehavior [ RunTime:0.001000s ]
INFO: [ app_end ] --END-- [ RunTime:0.001000s ]

