[ 2016-12-05T14:24:42+08:00 ] ::1 /yoga/admin
INFO: [ app_init ] --START--
INFO: Run Behavior\BuildLiteBehavior [ RunTime:0.000000s ]
INFO: [ app_init ] --END-- [ RunTime:0.000000s ]
INFO: [ app_begin ] --START--
INFO: Run Behavior\ReadHtmlCacheBehavior [ RunTime:0.001000s ]
INFO: [ app_begin ] --END-- [ RunTime:0.001000s ]

[ 2016-12-05T14:24:42+08:00 ] ::1 /yoga/Admin/Login/login.html
INFO: [ app_init ] --START--
INFO: Run Behavior\BuildLiteBehavior [ RunTime:0.000000s ]
INFO: [ app_init ] --END-- [ RunTime:0.001000s ]
INFO: [ app_begin ] --START--
INFO: Run Behavior\ReadHtmlCacheBehavior [ RunTime:0.000000s ]
INFO: [ app_begin ] --END-- [ RunTime:0.000000s ]
INFO: [ view_parse ] --START--
INFO: [ template_filter ] --START--
INFO: Run Behavior\ContentReplaceBehavior [ RunTime:0.000000s ]
INFO: [ template_filter ] --END-- [ RunTime:0.000000s ]
NOTIC: [8] Use of undefined constant session - assumed 'session' E:\www\yoga\Application\Runtime\Cache\Admin\0dfec61edd66f450033aa87c28a760f4.php 第 90 行.
NOTIC: [8] Undefined variable: Think E:\www\yoga\Application\Runtime\Cache\Admin\0dfec61edd66f450033aa87c28a760f4.php 第 90 行.
NOTIC: [8] Use of undefined constant remember_user - assumed 'remember_user' E:\www\yoga\Application\Runtime\Cache\Admin\0dfec61edd66f450033aa87c28a760f4.php 第 90 行.
INFO: Run Behavior\ParseTemplateBehavior [ RunTime:0.027002s ]
INFO: [ view_parse ] --END-- [ RunTime:0.027002s ]
INFO: [ view_filter ] --START--
INFO: Run Behavior\WriteHtmlCacheBehavior [ RunTime:0.000000s ]
INFO: Run Behavior\TokenBuildBehavior [ RunTime:0.000000s ]
INFO: [ view_filter ] --END-- [ RunTime:0.000000s ]
INFO: [ app_end ] --START--
INFO: Run Behavior\ShowPageTraceBehavior [ RunTime:0.000000s ]
INFO: [ app_end ] --END-- [ RunTime:0.000000s ]

[ 2016-12-05T14:44:02+08:00 ] ::1 /yoga/Admin/Login/runlogin.html
INFO: [ app_init ] --START--
INFO: Run Behavior\BuildLiteBehavior [ RunTime:0.000000s ]
INFO: [ app_init ] --END-- [ RunTime:0.001000s ]
INFO: [ app_begin ] --START--
INFO: Run Behavior\ReadHtmlCacheBehavior [ RunTime:0.001000s ]
INFO: [ app_begin ] --END-- [ RunTime:0.001000s ]

[ 2016-12-05T14:44:07+08:00 ] ::1 /yoga/Admin/Login/runlogin.html
INFO: [ app_init ] --START--
INFO: Run Behavior\BuildLiteBehavior [ RunTime:0.000000s ]
INFO: [ app_init ] --END-- [ RunTime:0.001000s ]
INFO: [ app_begin ] --START--
INFO: Run Behavior\ReadHtmlCacheBehavior [ RunTime:0.000000s ]
INFO: [ app_begin ] --END-- [ RunTime:0.000000s ]
NOTIC: [8] Use of undefined constant remember - assumed 'remember' E:\www\yoga\Application\Admin\Controller\LoginController.class.php 第 44 行.

[ 2016-12-05T14:44:08+08:00 ] ::1 /yoga/Admin/Login/runlogin.html
INFO: [ app_init ] --START--
INFO: Run Behavior\BuildLiteBehavior [ RunTime:0.000000s ]
INFO: [ app_init ] --END-- [ RunTime:0.000000s ]
INFO: [ app_begin ] --START--
INFO: Run Behavior\ReadHtmlCacheBehavior [ RunTime:0.001000s ]
INFO: [ app_begin ] --END-- [ RunTime:0.001000s ]
NOTIC: [8] Use of undefined constant remember - assumed 'remember' E:\www\yoga\Application\Admin\Controller\LoginController.class.php 第 44 行.

[ 2016-12-05T14:44:10+08:00 ] ::1 /yoga/Admin/Index/index.html
INFO: [ app_init ] --START--
INFO: Run Behavior\BuildLiteBehavior [ RunTime:0.000000s ]
INFO: [ app_init ] --END-- [ RunTime:0.001000s ]
INFO: [ app_begin ] --START--
INFO: Run Behavior\ReadHtmlCacheBehavior [ RunTime:0.001000s ]
INFO: [ app_begin ] --END-- [ RunTime:0.001000s ]
NOTIC: [2] Division by zero E:\www\yoga\Application\Admin\Controller\IndexController.class.php 第 38 行.
INFO: [ view_parse ] --START--
INFO: [ template_filter ] --START--
INFO: Run Behavior\ContentReplaceBehavior [ RunTime:0.000000s ]
INFO: [ template_filter ] --END-- [ RunTime:0.000000s ]
NOTIC: [8] Undefined index: se E:\www\yoga\Application\Runtime\Cache\Admin\b595b808c2ebeeeb0478ffc30bb4e87a.php 第 167 行.
NOTIC: [8] Undefined index: se E:\www\yoga\Application\Runtime\Cache\Admin\b595b808c2ebeeeb0478ffc30bb4e87a.php 第 167 行.
NOTIC: [8] Undefined index: se E:\www\yoga\Application\Runtime\Cache\Admin\b595b808c2ebeeeb0478ffc30bb4e87a.php 第 167 行.
NOTIC: [8] Undefined index: se E:\www\yoga\Application\Runtime\Cache\Admin\b595b808c2ebeeeb0478ffc30bb4e87a.php 第 167 行.
NOTIC: [8] Undefined index: se E:\www\yoga\Application\Runtime\Cache\Admin\b595b808c2ebeeeb0478ffc30bb4e87a.php 第 167 行.
NOTIC: [8] Undefined index: se E:\www\yoga\Application\Runtime\Cache\Admin\b595b808c2ebeeeb0478ffc30bb4e87a.php 第 167 行.
INFO: Run Behavior\ParseTemplateBehavior [ RunTime:0.212012s ]
INFO: [ view_parse ] --END-- [ RunTime:0.212012s ]
INFO: [ view_filter ] --START--
INFO: Run Behavior\WriteHtmlCacheBehavior [ RunTime:0.001000s ]
INFO: Run Behavior\TokenBuildBehavior [ RunTime:0.000000s ]
INFO: [ view_filter ] --END-- [ RunTime:0.001000s ]
INFO: [ app_end ] --START--
INFO: Run Behavior\ShowPageTraceBehavior [ RunTime:0.001000s ]
INFO: [ app_end ] --END-- [ RunTime:0.001000s ]

[ 2016-12-05T14:44:11+08:00 ] ::1 /yoga/Admin/Index/index.html
INFO: [ app_init ] --START--
INFO: Run Behavior\BuildLiteBehavior [ RunTime:0.000000s ]
INFO: [ app_init ] --END-- [ RunTime:0.001000s ]
INFO: [ app_begin ] --START--
INFO: Run Behavior\ReadHtmlCacheBehavior [ RunTime:0.000000s ]
INFO: [ app_begin ] --END-- [ RunTime:0.000000s ]
NOTIC: [2] Division by zero E:\www\yoga\Application\Admin\Controller\IndexController.class.php 第 38 行.
INFO: [ view_parse ] --START--
INFO: [ template_filter ] --START--
INFO: Run Behavior\ContentReplaceBehavior [ RunTime:0.000000s ]
INFO: [ template_filter ] --END-- [ RunTime:0.000000s ]
NOTIC: [8] Undefined index: se E:\www\yoga\Application\Runtime\Cache\Admin\b595b808c2ebeeeb0478ffc30bb4e87a.php 第 167 行.
NOTIC: [8] Undefined index: se E:\www\yoga\Application\Runtime\Cache\Admin\b595b808c2ebeeeb0478ffc30bb4e87a.php 第 167 行.
NOTIC: [8] Undefined index: se E:\www\yoga\Application\Runtime\Cache\Admin\b595b808c2ebeeeb0478ffc30bb4e87a.php 第 167 行.
NOTIC: [8] Undefined index: se E:\www\yoga\Application\Runtime\Cache\Admin\b595b808c2ebeeeb0478ffc30bb4e87a.php 第 167 行.
NOTIC: [8] Undefined index: se E:\www\yoga\Application\Runtime\Cache\Admin\b595b808c2ebeeeb0478ffc30bb4e87a.php 第 167 行.
NOTIC: [8] Undefined index: se E:\www\yoga\Application\Runtime\Cache\Admin\b595b808c2ebeeeb0478ffc30bb4e87a.php 第 167 行.
INFO: Run Behavior\ParseTemplateBehavior [ RunTime:0.039002s ]
INFO: [ view_parse ] --END-- [ RunTime:0.040002s ]
INFO: [ view_filter ] --START--
INFO: Run Behavior\WriteHtmlCacheBehavior [ RunTime:0.000000s ]
INFO: Run Behavior\TokenBuildBehavior [ RunTime:0.001000s ]
INFO: [ view_filter ] --END-- [ RunTime:0.001000s ]
INFO: [ app_end ] --START--
INFO: Run Behavior\ShowPageTraceBehavior [ RunTime:0.000000s ]
INFO: [ app_end ] --END-- [ RunTime:0.000000s ]

[ 2016-12-05T14:44:14+08:00 ] ::1 /yoga/Admin/News/news_list/se/8.html
INFO: [ app_init ] --START--
INFO: Run Behavior\BuildLiteBehavior [ RunTime:0.000000s ]
INFO: [ app_init ] --END-- [ RunTime:0.000000s ]
INFO: [ app_begin ] --START--
INFO: Run Behavior\ReadHtmlCacheBehavior [ RunTime:0.000000s ]
INFO: [ app_begin ] --END-- [ RunTime:0.000000s ]

[ 2016-12-05T14:44:56+08:00 ] ::1 /yoga/Admin/News/news_list/se/8.html
INFO: [ app_init ] --START--
INFO: Run Behavior\BuildLiteBehavior [ RunTime:0.000000s ]
INFO: [ app_init ] --END-- [ RunTime:0.000000s ]
INFO: [ app_begin ] --START--
INFO: Run Behavior\ReadHtmlCacheBehavior [ RunTime:0.001000s ]
INFO: [ app_begin ] --END-- [ RunTime:0.001000s ]

[ 2016-12-05T14:45:03+08:00 ] ::1 /yoga/Admin/News/news_list/se/8.html
INFO: [ app_init ] --START--
INFO: Run Behavior\BuildLiteBehavior [ RunTime:0.000000s ]
INFO: [ app_init ] --END-- [ RunTime:0.000000s ]
INFO: [ app_begin ] --START--
INFO: Run Behavior\ReadHtmlCacheBehavior [ RunTime:0.000000s ]
INFO: [ app_begin ] --END-- [ RunTime:0.000000s ]

[ 2016-12-05T14:45:04+08:00 ] ::1 /yoga/Admin/News/news_list/se/8.html
INFO: [ app_init ] --START--
INFO: Run Behavior\BuildLiteBehavior [ RunTime:0.000000s ]
INFO: [ app_init ] --END-- [ RunTime:0.000000s ]
INFO: [ app_begin ] --START--
INFO: Run Behavior\ReadHtmlCacheBehavior [ RunTime:0.001000s ]
INFO: [ app_begin ] --END-- [ RunTime:0.001000s ]

[ 2016-12-05T14:45:05+08:00 ] ::1 /yoga/Admin/News/news_list/se/8.html
INFO: [ app_init ] --START--
INFO: Run Behavior\BuildLiteBehavior [ RunTime:0.000000s ]
INFO: [ app_init ] --END-- [ RunTime:0.000000s ]
INFO: [ app_begin ] --START--
INFO: Run Behavior\ReadHtmlCacheBehavior [ RunTime:0.001001s ]
INFO: [ app_begin ] --END-- [ RunTime:0.001001s ]

[ 2016-12-05T14:45:05+08:00 ] ::1 /yoga/Admin/News/news_list/se/8.html
INFO: [ app_init ] --START--
INFO: Run Behavior\BuildLiteBehavior [ RunTime:0.000000s ]
INFO: [ app_init ] --END-- [ RunTime:0.000000s ]
INFO: [ app_begin ] --START--
INFO: Run Behavior\ReadHtmlCacheBehavior [ RunTime:0.001000s ]
INFO: [ app_begin ] --END-- [ RunTime:0.001000s ]

[ 2016-12-05T14:46:48+08:00 ] ::1 /yoga/Admin/News/news_list/se/8.html
INFO: [ app_init ] --START--
INFO: Run Behavior\BuildLiteBehavior [ RunTime:0.000000s ]
INFO: [ app_init ] --END-- [ RunTime:0.000000s ]
INFO: [ app_begin ] --START--
INFO: Run Behavior\ReadHtmlCacheBehavior [ RunTime:0.001000s ]
INFO: [ app_begin ] --END-- [ RunTime:0.001000s ]

[ 2016-12-05T14:46:49+08:00 ] ::1 /yoga/Admin/News/news_list/se/8.html
INFO: [ app_init ] --START--
INFO: Run Behavior\BuildLiteBehavior [ RunTime:0.000000s ]
INFO: [ app_init ] --END-- [ RunTime:0.000000s ]
INFO: [ app_begin ] --START--
INFO: Run Behavior\ReadHtmlCacheBehavior [ RunTime:0.001000s ]
INFO: [ app_begin ] --END-- [ RunTime:0.001000s ]

[ 2016-12-05T14:46:50+08:00 ] ::1 /yoga/Admin/News/news_list/se/8.html
INFO: [ app_init ] --START--
INFO: Run Behavior\BuildLiteBehavior [ RunTime:0.000000s ]
INFO: [ app_init ] --END-- [ RunTime:0.000000s ]
INFO: [ app_begin ] --START--
INFO: Run Behavior\ReadHtmlCacheBehavior [ RunTime:0.001000s ]
INFO: [ app_begin ] --END-- [ RunTime:0.001000s ]

[ 2016-12-05T14:46:50+08:00 ] ::1 /yoga/Admin/News/news_list/se/8.html
INFO: [ app_init ] --START--
INFO: Run Behavior\BuildLiteBehavior [ RunTime:0.000000s ]
INFO: [ app_init ] --END-- [ RunTime:0.001000s ]
INFO: [ app_begin ] --START--
INFO: Run Behavior\ReadHtmlCacheBehavior [ RunTime:0.000000s ]
INFO: [ app_begin ] --END-- [ RunTime:0.000000s ]

[ 2016-12-05T14:46:52+08:00 ] ::1 /yoga/Admin/News/news_list/se/8.html
INFO: [ app_init ] --START--
INFO: Run Behavior\BuildLiteBehavior [ RunTime:0.000000s ]
INFO: [ app_init ] --END-- [ RunTime:0.000000s ]
INFO: [ app_begin ] --START--
INFO: Run Behavior\ReadHtmlCacheBehavior [ RunTime:0.001000s ]
INFO: [ app_begin ] --END-- [ RunTime:0.001000s ]

[ 2016-12-05T14:49:27+08:00 ] ::1 /yoga/Admin/News/news_list/se/8.html
INFO: [ app_init ] --START--
INFO: Run Behavior\BuildLiteBehavior [ RunTime:0.000000s ]
INFO: [ app_init ] --END-- [ RunTime:0.001000s ]
INFO: [ app_begin ] --START--
INFO: Run Behavior\ReadHtmlCacheBehavior [ RunTime:0.000000s ]
INFO: [ app_begin ] --END-- [ RunTime:0.000000s ]

[ 2016-12-05T14:49:28+08:00 ] ::1 /yoga/Admin/News/news_list/se/8.html
INFO: [ app_init ] --START--
INFO: Run Behavior\BuildLiteBehavior [ RunTime:0.000000s ]
INFO: [ app_init ] --END-- [ RunTime:0.000000s ]
INFO: [ app_begin ] --START--
INFO: Run Behavior\ReadHtmlCacheBehavior [ RunTime:0.000000s ]
INFO: [ app_begin ] --END-- [ RunTime:0.000000s ]

[ 2016-12-05T14:49:28+08:00 ] ::1 /yoga/Admin/News/news_list/se/8.html
INFO: [ app_init ] --START--
INFO: Run Behavior\BuildLiteBehavior [ RunTime:0.000000s ]
INFO: [ app_init ] --END-- [ RunTime:0.000000s ]
INFO: [ app_begin ] --START--
INFO: Run Behavior\ReadHtmlCacheBehavior [ RunTime:0.001000s ]
INFO: [ app_begin ] --END-- [ RunTime:0.001000s ]

[ 2016-12-05T14:49:56+08:00 ] ::1 /yoga/Admin/News/news_list/se/8.html
INFO: [ app_init ] --START--
INFO: Run Behavior\BuildLiteBehavior [ RunTime:0.000000s ]
INFO: [ app_init ] --END-- [ RunTime:0.000000s ]
INFO: [ app_begin ] --START--
INFO: Run Behavior\ReadHtmlCacheBehavior [ RunTime:0.001000s ]
INFO: [ app_begin ] --END-- [ RunTime:0.001000s ]

[ 2016-12-05T14:49:57+08:00 ] ::1 /yoga/Admin/News/news_list/se/8.html
INFO: [ app_init ] --START--
INFO: Run Behavior\BuildLiteBehavior [ RunTime:0.000000s ]
INFO: [ app_init ] --END-- [ RunTime:0.001000s ]
INFO: [ app_begin ] --START--
INFO: Run Behavior\ReadHtmlCacheBehavior [ RunTime:0.001000s ]
INFO: [ app_begin ] --END-- [ RunTime:0.001000s ]

[ 2016-12-05T14:49:57+08:00 ] ::1 /yoga/Admin/News/news_list/se/8.html
INFO: [ app_init ] --START--
INFO: Run Behavior\BuildLiteBehavior [ RunTime:0.000000s ]
INFO: [ app_init ] --END-- [ RunTime:0.000000s ]
INFO: [ app_begin ] --START--
INFO: Run Behavior\ReadHtmlCacheBehavior [ RunTime:0.000000s ]
INFO: [ app_begin ] --END-- [ RunTime:0.000000s ]

[ 2016-12-05T14:49:57+08:00 ] ::1 /yoga/Admin/News/news_list/se/8.html
INFO: [ app_init ] --START--
INFO: Run Behavior\BuildLiteBehavior [ RunTime:0.000000s ]
INFO: [ app_init ] --END-- [ RunTime:0.001000s ]
INFO: [ app_begin ] --START--
INFO: Run Behavior\ReadHtmlCacheBehavior [ RunTime:0.000000s ]
INFO: [ app_begin ] --END-- [ RunTime:0.000000s ]

[ 2016-12-05T14:51:40+08:00 ] ::1 /yoga/Admin/News/news_list/se/8.html
INFO: [ app_init ] --START--
INFO: Run Behavior\BuildLiteBehavior [ RunTime:0.000000s ]
INFO: [ app_init ] --END-- [ RunTime:0.000000s ]
INFO: [ app_begin ] --START--
INFO: Run Behavior\ReadHtmlCacheBehavior [ RunTime:0.001001s ]
INFO: [ app_begin ] --END-- [ RunTime:0.001001s ]
NOTIC: [8] Undefined offset: 1 E:\www\yoga\Application\Admin\Controller\NewsController.class.php 第 65 行.
NOTIC: [8] Undefined variable: map E:\www\yoga\Application\Admin\Controller\NewsController.class.php 第 98 行.
NOTIC: [2] Invalid argument supplied for foreach() E:\www\yoga\Application\Admin\Controller\NewsController.class.php 第 98 行.
INFO: [ view_parse ] --START--
INFO: [ template_filter ] --START--
INFO: Run Behavior\ContentReplaceBehavior [ RunTime:0.001000s ]
INFO: [ template_filter ] --END-- [ RunTime:0.001000s ]
NOTIC: [8] Use of undefined constant ad_open - assumed 'ad_open' E:\www\yoga\Application\Runtime\Cache\Admin\5dc7cb56e7e8cd7601e6f40f87c141e0.php 第 405 行.
NOTIC: [8] Use of undefined constant ad_open - assumed 'ad_open' E:\www\yoga\Application\Runtime\Cache\Admin\5dc7cb56e7e8cd7601e6f40f87c141e0.php 第 405 行.
INFO: Run Behavior\ParseTemplateBehavior [ RunTime:0.039002s ]
INFO: [ view_parse ] --END-- [ RunTime:0.039002s ]
INFO: [ view_filter ] --START--
INFO: Run Behavior\WriteHtmlCacheBehavior [ RunTime:0.001000s ]
INFO: Run Behavior\TokenBuildBehavior [ RunTime:0.000000s ]
INFO: [ view_filter ] --END-- [ RunTime:0.001000s ]
INFO: [ app_end ] --START--
INFO: Run Behavior\ShowPageTraceBehavior [ RunTime:0.001000s ]
INFO: [ app_end ] --END-- [ RunTime:0.001000s ]

[ 2016-12-05T14:52:14+08:00 ] ::1 /yoga/Admin/News/news_list/se/8.html
INFO: [ app_init ] --START--
INFO: Run Behavior\BuildLiteBehavior [ RunTime:0.000000s ]
INFO: [ app_init ] --END-- [ RunTime:0.001000s ]
INFO: [ app_begin ] --START--
INFO: Run Behavior\ReadHtmlCacheBehavior [ RunTime:0.000000s ]
INFO: [ app_begin ] --END-- [ RunTime:0.000000s ]
NOTIC: [8] Undefined offset: 1 E:\www\yoga\Application\Admin\Controller\NewsController.class.php 第 65 行.
NOTIC: [8] Undefined variable: map E:\www\yoga\Application\Admin\Controller\NewsController.class.php 第 98 行.
NOTIC: [2] Invalid argument supplied for foreach() E:\www\yoga\Application\Admin\Controller\NewsController.class.php 第 98 行.
INFO: [ view_parse ] --START--
INFO: [ template_filter ] --START--
INFO: Run Behavior\ContentReplaceBehavior [ RunTime:0.000000s ]
INFO: [ template_filter ] --END-- [ RunTime:0.000000s ]
NOTIC: [8] Use of undefined constant ad_open - assumed 'ad_open' E:\www\yoga\Application\Runtime\Cache\Admin\5dc7cb56e7e8cd7601e6f40f87c141e0.php 第 405 行.
NOTIC: [8] Use of undefined constant ad_open - assumed 'ad_open' E:\www\yoga\Application\Runtime\Cache\Admin\5dc7cb56e7e8cd7601e6f40f87c141e0.php 第 405 行.
INFO: Run Behavior\ParseTemplateBehavior [ RunTime:0.023001s ]
INFO: [ view_parse ] --END-- [ RunTime:0.023001s ]
INFO: [ view_filter ] --START--
INFO: Run Behavior\WriteHtmlCacheBehavior [ RunTime:0.000000s ]
INFO: Run Behavior\TokenBuildBehavior [ RunTime:0.001000s ]
INFO: [ view_filter ] --END-- [ RunTime:0.001000s ]
INFO: [ app_end ] --START--
INFO: Run Behavior\ShowPageTraceBehavior [ RunTime:0.000000s ]
INFO: [ app_end ] --END-- [ RunTime:0.000000s ]

[ 2016-12-05T15:22:43+08:00 ] ::1 /yoga/Admin/News/news_list/se/8.html
INFO: [ app_init ] --START--
INFO: Run Behavior\BuildLiteBehavior [ RunTime:0.000000s ]
INFO: [ app_init ] --END-- [ RunTime:0.000000s ]
NOTIC: [2] include(./Conf/config.php): failed to open stream: No such file or directory E:\www\yoga\Application\Admin\Conf\config.php 第 44 行.
NOTIC: [2] include(): Failed opening './Conf/config.php' for inclusion (include_path='.;C:\php\pear') E:\www\yoga\Application\Admin\Conf\config.php 第 44 行.
NOTIC: [8] Undefined variable: config E:\www\yoga\Application\Admin\Conf\config.php 第 44 行.
NOTIC: [2] array_merge(): Argument #1 is not an array E:\www\yoga\Application\Admin\Conf\config.php 第 44 行.
INFO: [ app_begin ] --START--
INFO: Run Behavior\ReadHtmlCacheBehavior [ RunTime:0.001000s ]
INFO: [ app_begin ] --END-- [ RunTime:0.001000s ]
NOTIC: [8] Undefined offset: 1 E:\www\yoga\Application\Admin\Controller\NewsController.class.php 第 65 行.
NOTIC: [8] Undefined variable: map E:\www\yoga\Application\Admin\Controller\NewsController.class.php 第 98 行.
NOTIC: [2] Invalid argument supplied for foreach() E:\www\yoga\Application\Admin\Controller\NewsController.class.php 第 98 行.
INFO: [ view_parse ] --START--
INFO: [ template_filter ] --START--
INFO: Run Behavior\ContentReplaceBehavior [ RunTime:0.000000s ]
INFO: [ template_filter ] --END-- [ RunTime:0.000000s ]
NOTIC: [8] Use of undefined constant ad_open - assumed 'ad_open' E:\www\yoga\Application\Runtime\Cache\Admin\5dc7cb56e7e8cd7601e6f40f87c141e0.php 第 405 行.
NOTIC: [8] Use of undefined constant ad_open - assumed 'ad_open' E:\www\yoga\Application\Runtime\Cache\Admin\5dc7cb56e7e8cd7601e6f40f87c141e0.php 第 405 行.
INFO: Run Behavior\ParseTemplateBehavior [ RunTime:0.024001s ]
INFO: [ view_parse ] --END-- [ RunTime:0.024001s ]
INFO: [ view_filter ] --START--
INFO: Run Behavior\WriteHtmlCacheBehavior [ RunTime:0.000000s ]
INFO: Run Behavior\TokenBuildBehavior [ RunTime:0.001000s ]
INFO: [ view_filter ] --END-- [ RunTime:0.001000s ]
INFO: [ app_end ] --START--
INFO: Run Behavior\ShowPageTraceBehavior [ RunTime:0.001001s ]
INFO: [ app_end ] --END-- [ RunTime:0.001001s ]

[ 2016-12-05T15:23:16+08:00 ] ::1 /yoga/Admin/News/class_list/se/184.html
INFO: [ app_init ] --START--
INFO: Run Behavior\BuildLiteBehavior [ RunTime:0.000000s ]
INFO: [ app_init ] --END-- [ RunTime:0.000000s ]
NOTIC: [2] include(./Conf/config.php): failed to open stream: No such file or directory E:\www\yoga\Application\Admin\Conf\config.php 第 44 行.
NOTIC: [2] include(): Failed opening './Conf/config.php' for inclusion (include_path='.;C:\php\pear') E:\www\yoga\Application\Admin\Conf\config.php 第 44 行.
NOTIC: [8] Undefined variable: config E:\www\yoga\Application\Admin\Conf\config.php 第 44 行.
NOTIC: [2] array_merge(): Argument #1 is not an array E:\www\yoga\Application\Admin\Conf\config.php 第 44 行.
INFO: [ app_begin ] --START--
INFO: Run Behavior\ReadHtmlCacheBehavior [ RunTime:0.001000s ]
INFO: [ app_begin ] --END-- [ RunTime:0.001000s ]
NOTIC: [8] Undefined offset: 1 E:\www\yoga\Application\Admin\Controller\NewsController.class.php 第 731 行.
NOTIC: [8] Undefined variable: map E:\www\yoga\Application\Admin\Controller\NewsController.class.php 第 763 行.
NOTIC: [2] Invalid argument supplied for foreach() E:\www\yoga\Application\Admin\Controller\NewsController.class.php 第 763 行.
INFO: [ view_parse ] --START--
INFO: [ template_filter ] --START--
INFO: Run Behavior\ContentReplaceBehavior [ RunTime:0.000000s ]
INFO: [ template_filter ] --END-- [ RunTime:0.000000s ]
NOTIC: [8] Use of undefined constant mc_open - assumed 'mc_open' E:\www\yoga\Application\Runtime\Cache\Admin\3308fa03f617690ca40b4fd14facce27.php 第 416 行.
NOTIC: [8] Use of undefined constant mc_open - assumed 'mc_open' E:\www\yoga\Application\Runtime\Cache\Admin\3308fa03f617690ca40b4fd14facce27.php 第 416 行.
NOTIC: [8] Use of undefined constant mc_open - assumed 'mc_open' E:\www\yoga\Application\Runtime\Cache\Admin\3308fa03f617690ca40b4fd14facce27.php 第 416 行.
NOTIC: [8] Use of undefined constant mc_open - assumed 'mc_open' E:\www\yoga\Application\Runtime\Cache\Admin\3308fa03f617690ca40b4fd14facce27.php 第 416 行.
INFO: Run Behavior\ParseTemplateBehavior [ RunTime:0.047002s ]
INFO: [ view_parse ] --END-- [ RunTime:0.047002s ]
INFO: [ view_filter ] --START--
INFO: Run Behavior\WriteHtmlCacheBehavior [ RunTime:0.001000s ]
INFO: Run Behavior\TokenBuildBehavior [ RunTime:0.000000s ]
INFO: [ view_filter ] --END-- [ RunTime:0.001000s ]
INFO: [ app_end ] --START--
INFO: Run Behavior\ShowPageTraceBehavior [ RunTime:0.001001s ]
INFO: [ app_end ] --END-- [ RunTime:0.001001s ]

[ 2016-12-05T15:23:20+08:00 ] ::1 /yoga/Admin/News/classById.html?id=3
INFO: [ app_init ] --START--
INFO: Run Behavior\BuildLiteBehavior [ RunTime:0.000000s ]
INFO: [ app_init ] --END-- [ RunTime:0.000000s ]
NOTIC: [2] include(./Conf/config.php): failed to open stream: No such file or directory E:\www\yoga\Application\Admin\Conf\config.php 第 44 行.
NOTIC: [2] include(): Failed opening './Conf/config.php' for inclusion (include_path='.;C:\php\pear') E:\www\yoga\Application\Admin\Conf\config.php 第 44 行.
NOTIC: [8] Undefined variable: config E:\www\yoga\Application\Admin\Conf\config.php 第 44 行.
NOTIC: [2] array_merge(): Argument #1 is not an array E:\www\yoga\Application\Admin\Conf\config.php 第 44 行.
INFO: [ app_begin ] --START--
INFO: Run Behavior\ReadHtmlCacheBehavior [ RunTime:0.001000s ]
INFO: [ app_begin ] --END-- [ RunTime:0.001000s ]
INFO: [ app_end ] --START--
INFO: Run Behavior\ShowPageTraceBehavior [ RunTime:0.001000s ]
INFO: [ app_end ] --END-- [ RunTime:0.001000s ]

[ 2016-12-05T15:23:30+08:00 ] ::1 /yoga/Admin/News/news_list/se/8.html
INFO: [ app_init ] --START--
INFO: Run Behavior\BuildLiteBehavior [ RunTime:0.000000s ]
INFO: [ app_init ] --END-- [ RunTime:0.001000s ]
NOTIC: [2] include(./Conf/config.php): failed to open stream: No such file or directory E:\www\yoga\Application\Admin\Conf\config.php 第 44 行.
NOTIC: [2] include(): Failed opening './Conf/config.php' for inclusion (include_path='.;C:\php\pear') E:\www\yoga\Application\Admin\Conf\config.php 第 44 行.
NOTIC: [8] Undefined variable: config E:\www\yoga\Application\Admin\Conf\config.php 第 44 行.
NOTIC: [2] array_merge(): Argument #1 is not an array E:\www\yoga\Application\Admin\Conf\config.php 第 44 行.
INFO: [ app_begin ] --START--
INFO: Run Behavior\ReadHtmlCacheBehavior [ RunTime:0.000000s ]
INFO: [ app_begin ] --END-- [ RunTime:0.000000s ]
NOTIC: [8] Undefined offset: 1 E:\www\yoga\Application\Admin\Controller\NewsController.class.php 第 65 行.
NOTIC: [8] Undefined variable: map E:\www\yoga\Application\Admin\Controller\NewsController.class.php 第 98 行.
NOTIC: [2] Invalid argument supplied for foreach() E:\www\yoga\Application\Admin\Controller\NewsController.class.php 第 98 行.
INFO: [ view_parse ] --START--
INFO: [ template_filter ] --START--
INFO: Run Behavior\ContentReplaceBehavior [ RunTime:0.000000s ]
INFO: [ template_filter ] --END-- [ RunTime:0.000000s ]
NOTIC: [8] Use of undefined constant ad_open - assumed 'ad_open' E:\www\yoga\Application\Runtime\Cache\Admin\5dc7cb56e7e8cd7601e6f40f87c141e0.php 第 405 行.
NOTIC: [8] Use of undefined constant ad_open - assumed 'ad_open' E:\www\yoga\Application\Runtime\Cache\Admin\5dc7cb56e7e8cd7601e6f40f87c141e0.php 第 405 行.
INFO: Run Behavior\ParseTemplateBehavior [ RunTime:0.023001s ]
INFO: [ view_parse ] --END-- [ RunTime:0.023001s ]
INFO: [ view_filter ] --START--
INFO: Run Behavior\WriteHtmlCacheBehavior [ RunTime:0.000000s ]
INFO: Run Behavior\TokenBuildBehavior [ RunTime:0.001001s ]
INFO: [ view_filter ] --END-- [ RunTime:0.001001s ]
INFO: [ app_end ] --START--
INFO: Run Behavior\ShowPageTraceBehavior [ RunTime:0.000000s ]
INFO: [ app_end ] --END-- [ RunTime:0.000000s ]

[ 2016-12-05T15:23:34+08:00 ] ::1 /yoga/Admin/News/class_list/se/184.html
INFO: [ app_init ] --START--
INFO: Run Behavior\BuildLiteBehavior [ RunTime:0.000000s ]
INFO: [ app_init ] --END-- [ RunTime:0.000000s ]
NOTIC: [2] include(./Conf/config.php): failed to open stream: No such file or directory E:\www\yoga\Application\Admin\Conf\config.php 第 44 行.
NOTIC: [2] include(): Failed opening './Conf/config.php' for inclusion (include_path='.;C:\php\pear') E:\www\yoga\Application\Admin\Conf\config.php 第 44 行.
NOTIC: [8] Undefined variable: config E:\www\yoga\Application\Admin\Conf\config.php 第 44 行.
NOTIC: [2] array_merge(): Argument #1 is not an array E:\www\yoga\Application\Admin\Conf\config.php 第 44 行.
INFO: [ app_begin ] --START--
INFO: Run Behavior\ReadHtmlCacheBehavior [ RunTime:0.000000s ]
INFO: [ app_begin ] --END-- [ RunTime:0.000000s ]
NOTIC: [8] Undefined offset: 1 E:\www\yoga\Application\Admin\Controller\NewsController.class.php 第 731 行.
NOTIC: [8] Undefined variable: map E:\www\yoga\Application\Admin\Controller\NewsController.class.php 第 763 行.
NOTIC: [2] Invalid argument supplied for foreach() E:\www\yoga\Application\Admin\Controller\NewsController.class.php 第 763 行.
INFO: [ view_parse ] --START--
INFO: [ template_filter ] --START--
INFO: Run Behavior\ContentReplaceBehavior [ RunTime:0.000000s ]
INFO: [ template_filter ] --END-- [ RunTime:0.000000s ]
NOTIC: [8] Use of undefined constant mc_open - assumed 'mc_open' E:\www\yoga\Application\Runtime\Cache\Admin\3308fa03f617690ca40b4fd14facce27.php 第 416 行.
NOTIC: [8] Use of undefined constant mc_open - assumed 'mc_open' E:\www\yoga\Application\Runtime\Cache\Admin\3308fa03f617690ca40b4fd14facce27.php 第 416 行.
NOTIC: [8] Use of undefined constant mc_open - assumed 'mc_open' E:\www\yoga\Application\Runtime\Cache\Admin\3308fa03f617690ca40b4fd14facce27.php 第 416 行.
NOTIC: [8] Use of undefined constant mc_open - assumed 'mc_open' E:\www\yoga\Application\Runtime\Cache\Admin\3308fa03f617690ca40b4fd14facce27.php 第 416 行.
INFO: Run Behavior\ParseTemplateBehavior [ RunTime:0.023001s ]
INFO: [ view_parse ] --END-- [ RunTime:0.023001s ]
INFO: [ view_filter ] --START--
INFO: Run Behavior\WriteHtmlCacheBehavior [ RunTime:0.000000s ]
INFO: Run Behavior\TokenBuildBehavior [ RunTime:0.000000s ]
INFO: [ view_filter ] --END-- [ RunTime:0.001000s ]
INFO: [ app_end ] --START--
INFO: Run Behavior\ShowPageTraceBehavior [ RunTime:0.000000s ]
INFO: [ app_end ] --END-- [ RunTime:0.000000s ]

[ 2016-12-05T15:23:36+08:00 ] ::1 /yoga/Admin/News/class_back.html
INFO: [ app_init ] --START--
INFO: Run Behavior\BuildLiteBehavior [ RunTime:0.000000s ]
INFO: [ app_init ] --END-- [ RunTime:0.001000s ]
NOTIC: [2] include(./Conf/config.php): failed to open stream: No such file or directory E:\www\yoga\Application\Admin\Conf\config.php 第 44 行.
NOTIC: [2] include(): Failed opening './Conf/config.php' for inclusion (include_path='.;C:\php\pear') E:\www\yoga\Application\Admin\Conf\config.php 第 44 行.
NOTIC: [8] Undefined variable: config E:\www\yoga\Application\Admin\Conf\config.php 第 44 行.
NOTIC: [2] array_merge(): Argument #1 is not an array E:\www\yoga\Application\Admin\Conf\config.php 第 44 行.
INFO: [ app_begin ] --START--
INFO: Run Behavior\ReadHtmlCacheBehavior [ RunTime:0.001000s ]
INFO: [ app_begin ] --END-- [ RunTime:0.001000s ]
NOTIC: [8] Undefined offset: 1 E:\www\yoga\Application\Admin\Controller\NewsController.class.php 第 1443 行.
INFO: [ view_parse ] --START--
INFO: [ template_filter ] --START--
INFO: Run Behavior\ContentReplaceBehavior [ RunTime:0.000000s ]
INFO: [ template_filter ] --END-- [ RunTime:0.000000s ]
NOTIC: [8] Undefined variable: opentype_check E:\www\yoga\Application\Runtime\Cache\Admin\faf102ea380b8618c2250d900f543dcd.php 第 322 行.
NOTIC: [8] Undefined variable: opentype_check E:\www\yoga\Application\Runtime\Cache\Admin\faf102ea380b8618c2250d900f543dcd.php 第 323 行.
INFO: Run Behavior\ParseTemplateBehavior [ RunTime:0.086005s ]
INFO: [ view_parse ] --END-- [ RunTime:0.086005s ]
INFO: [ view_filter ] --START--
INFO: Run Behavior\WriteHtmlCacheBehavior [ RunTime:0.001000s ]
INFO: Run Behavior\TokenBuildBehavior [ RunTime:0.000000s ]
INFO: [ view_filter ] --END-- [ RunTime:0.001000s ]
INFO: [ app_end ] --START--
INFO: Run Behavior\ShowPageTraceBehavior [ RunTime:0.001000s ]
INFO: [ app_end ] --END-- [ RunTime:0.001000s ]

[ 2016-12-05T15:23:39+08:00 ] ::1 /yoga/Admin/News/class_list.html
INFO: [ app_init ] --START--
INFO: Run Behavior\BuildLiteBehavior [ RunTime:0.000000s ]
INFO: [ app_init ] --END-- [ RunTime:0.001000s ]
NOTIC: [2] include(./Conf/config.php): failed to open stream: No such file or directory E:\www\yoga\Application\Admin\Conf\config.php 第 44 行.
NOTIC: [2] include(): Failed opening './Conf/config.php' for inclusion (include_path='.;C:\php\pear') E:\www\yoga\Application\Admin\Conf\config.php 第 44 行.
NOTIC: [8] Undefined variable: config E:\www\yoga\Application\Admin\Conf\config.php 第 44 行.
NOTIC: [2] array_merge(): Argument #1 is not an array E:\www\yoga\Application\Admin\Conf\config.php 第 44 行.
INFO: [ app_begin ] --START--
INFO: Run Behavior\ReadHtmlCacheBehavior [ RunTime:0.001000s ]
INFO: [ app_begin ] --END-- [ RunTime:0.001000s ]
NOTIC: [8] Undefined offset: 1 E:\www\yoga\Application\Admin\Controller\NewsController.class.php 第 731 行.
NOTIC: [8] Undefined variable: map E:\www\yoga\Application\Admin\Controller\NewsController.class.php 第 763 行.
NOTIC: [2] Invalid argument supplied for foreach() E:\www\yoga\Application\Admin\Controller\NewsController.class.php 第 763 行.
INFO: [ view_parse ] --START--
INFO: [ template_filter ] --START--
INFO: Run Behavior\ContentReplaceBehavior [ RunTime:0.000000s ]
INFO: [ template_filter ] --END-- [ RunTime:0.000000s ]
NOTIC: [8] Use of undefined constant mc_open - assumed 'mc_open' E:\www\yoga\Application\Runtime\Cache\Admin\3308fa03f617690ca40b4fd14facce27.php 第 416 行.
NOTIC: [8] Use of undefined constant mc_open - assumed 'mc_open' E:\www\yoga\Application\Runtime\Cache\Admin\3308fa03f617690ca40b4fd14facce27.php 第 416 行.
NOTIC: [8] Use of undefined constant mc_open - assumed 'mc_open' E:\www\yoga\Application\Runtime\Cache\Admin\3308fa03f617690ca40b4fd14facce27.php 第 416 行.
NOTIC: [8] Use of undefined constant mc_open - assumed 'mc_open' E:\www\yoga\Application\Runtime\Cache\Admin\3308fa03f617690ca40b4fd14facce27.php 第 416 行.
INFO: Run Behavior\ParseTemplateBehavior [ RunTime:0.023001s ]
INFO: [ view_parse ] --END-- [ RunTime:0.023001s ]
INFO: [ view_filter ] --START--
INFO: Run Behavior\WriteHtmlCacheBehavior [ RunTime:0.000000s ]
INFO: Run Behavior\TokenBuildBehavior [ RunTime:0.001000s ]
INFO: [ view_filter ] --END-- [ RunTime:0.001000s ]
INFO: [ app_end ] --START--
INFO: Run Behavior\ShowPageTraceBehavior [ RunTime:0.000000s ]
INFO: [ app_end ] --END-- [ RunTime:0.000000s ]

[ 2016-12-05T15:24:16+08:00 ] ::1 /yoga/Admin/News/knows_list/se/197.html
INFO: [ app_init ] --START--
INFO: Run Behavior\BuildLiteBehavior [ RunTime:0.000000s ]
INFO: [ app_init ] --END-- [ RunTime:0.000000s ]
NOTIC: [2] include(./Conf/config.php): failed to open stream: No such file or directory E:\www\yoga\Application\Admin\Conf\config.php 第 44 行.
NOTIC: [2] include(): Failed opening './Conf/config.php' for inclusion (include_path='.;C:\php\pear') E:\www\yoga\Application\Admin\Conf\config.php 第 44 行.
NOTIC: [8] Undefined variable: config E:\www\yoga\Application\Admin\Conf\config.php 第 44 行.
NOTIC: [2] array_merge(): Argument #1 is not an array E:\www\yoga\Application\Admin\Conf\config.php 第 44 行.
INFO: [ app_begin ] --START--
INFO: Run Behavior\ReadHtmlCacheBehavior [ RunTime:0.001000s ]
INFO: [ app_begin ] --END-- [ RunTime:0.001000s ]
NOTIC: [8] Undefined offset: 1 E:\www\yoga\Application\Admin\Controller\NewsController.class.php 第 1527 行.
NOTIC: [8] Undefined variable: map E:\www\yoga\Application\Admin\Controller\NewsController.class.php 第 1552 行.
NOTIC: [2] Invalid argument supplied for foreach() E:\www\yoga\Application\Admin\Controller\NewsController.class.php 第 1552 行.
INFO: [ view_parse ] --START--
INFO: [ template_filter ] --START--
INFO: Run Behavior\ContentReplaceBehavior [ RunTime:0.001000s ]
INFO: [ template_filter ] --END-- [ RunTime:0.001000s ]
NOTIC: [8] Use of undefined constant ms_open - assumed 'ms_open' E:\www\yoga\Application\Runtime\Cache\Admin\1295a216862e6fa6198bbd1b2da777cd.php 第 382 行.
NOTIC: [8] Use of undefined constant ms_open - assumed 'ms_open' E:\www\yoga\Application\Runtime\Cache\Admin\1295a216862e6fa6198bbd1b2da777cd.php 第 382 行.
NOTIC: [8] Use of undefined constant ms_open - assumed 'ms_open' E:\www\yoga\Application\Runtime\Cache\Admin\1295a216862e6fa6198bbd1b2da777cd.php 第 382 行.
INFO: Run Behavior\ParseTemplateBehavior [ RunTime:0.029001s ]
INFO: [ view_parse ] --END-- [ RunTime:0.029001s ]
INFO: [ view_filter ] --START--
INFO: Run Behavior\WriteHtmlCacheBehavior [ RunTime:0.000000s ]
INFO: Run Behavior\TokenBuildBehavior [ RunTime:0.001000s ]
INFO: [ view_filter ] --END-- [ RunTime:0.001000s ]
INFO: [ app_end ] --START--
INFO: Run Behavior\ShowPageTraceBehavior [ RunTime:0.000000s ]
INFO: [ app_end ] --END-- [ RunTime:0.001000s ]

[ 2016-12-05T15:24:20+08:00 ] ::1 /yoga/Admin/News/class_list/se/184.html
INFO: [ app_init ] --START--
INFO: Run Behavior\BuildLiteBehavior [ RunTime:0.000000s ]
INFO: [ app_init ] --END-- [ RunTime:0.000000s ]
NOTIC: [2] include(./Conf/config.php): failed to open stream: No such file or directory E:\www\yoga\Application\Admin\Conf\config.php 第 44 行.
NOTIC: [2] include(): Failed opening './Conf/config.php' for inclusion (include_path='.;C:\php\pear') E:\www\yoga\Application\Admin\Conf\config.php 第 44 行.
NOTIC: [8] Undefined variable: config E:\www\yoga\Application\Admin\Conf\config.php 第 44 行.
NOTIC: [2] array_merge(): Argument #1 is not an array E:\www\yoga\Application\Admin\Conf\config.php 第 44 行.
INFO: [ app_begin ] --START--
INFO: Run Behavior\ReadHtmlCacheBehavior [ RunTime:0.001000s ]
INFO: [ app_begin ] --END-- [ RunTime:0.001000s ]
NOTIC: [8] Undefined offset: 1 E:\www\yoga\Application\Admin\Controller\NewsController.class.php 第 731 行.
NOTIC: [8] Undefined variable: map E:\www\yoga\Application\Admin\Controller\NewsController.class.php 第 763 行.
NOTIC: [2] Invalid argument supplied for foreach() E:\www\yoga\Application\Admin\Controller\NewsController.class.php 第 763 行.
INFO: [ view_parse ] --START--
INFO: [ template_filter ] --START--
INFO: Run Behavior\ContentReplaceBehavior [ RunTime:0.000000s ]
INFO: [ template_filter ] --END-- [ RunTime:0.000000s ]
NOTIC: [8] Use of undefined constant mc_open - assumed 'mc_open' E:\www\yoga\Application\Runtime\Cache\Admin\3308fa03f617690ca40b4fd14facce27.php 第 416 行.
NOTIC: [8] Use of undefined constant mc_open - assumed 'mc_open' E:\www\yoga\Application\Runtime\Cache\Admin\3308fa03f617690ca40b4fd14facce27.php 第 416 行.
NOTIC: [8] Use of undefined constant mc_open - assumed 'mc_open' E:\www\yoga\Application\Runtime\Cache\Admin\3308fa03f617690ca40b4fd14facce27.php 第 416 行.
NOTIC: [8] Use of undefined constant mc_open - assumed 'mc_open' E:\www\yoga\Application\Runtime\Cache\Admin\3308fa03f617690ca40b4fd14facce27.php 第 416 行.
INFO: Run Behavior\ParseTemplateBehavior [ RunTime:0.023002s ]
INFO: [ view_parse ] --END-- [ RunTime:0.023002s ]
INFO: [ view_filter ] --START--
INFO: Run Behavior\WriteHtmlCacheBehavior [ RunTime:0.000000s ]
INFO: Run Behavior\TokenBuildBehavior [ RunTime:0.001000s ]
INFO: [ view_filter ] --END-- [ RunTime:0.001000s ]
INFO: [ app_end ] --START--
INFO: Run Behavior\ShowPageTraceBehavior [ RunTime:0.000000s ]
INFO: [ app_end ] --END-- [ RunTime:0.000000s ]

[ 2016-12-05T15:24:26+08:00 ] ::1 /yoga/Admin/News/class_list
INFO: [ app_init ] --START--
INFO: Run Behavior\BuildLiteBehavior [ RunTime:0.000000s ]
INFO: [ app_init ] --END-- [ RunTime:0.000000s ]
NOTIC: [2] include(./Conf/config.php): failed to open stream: No such file or directory E:\www\yoga\Application\Admin\Conf\config.php 第 44 行.
NOTIC: [2] include(): Failed opening './Conf/config.php' for inclusion (include_path='.;C:\php\pear') E:\www\yoga\Application\Admin\Conf\config.php 第 44 行.
NOTIC: [8] Undefined variable: config E:\www\yoga\Application\Admin\Conf\config.php 第 44 行.
NOTIC: [2] array_merge(): Argument #1 is not an array E:\www\yoga\Application\Admin\Conf\config.php 第 44 行.
INFO: [ app_begin ] --START--
INFO: Run Behavior\ReadHtmlCacheBehavior [ RunTime:0.000000s ]
INFO: [ app_begin ] --END-- [ RunTime:0.000000s ]
NOTIC: [8] Undefined offset: 1 E:\www\yoga\Application\Admin\Controller\NewsController.class.php 第 731 行.
NOTIC: [8] Undefined variable: map E:\www\yoga\Application\Admin\Controller\NewsController.class.php 第 763 行.
NOTIC: [2] Invalid argument supplied for foreach() E:\www\yoga\Application\Admin\Controller\NewsController.class.php 第 763 行.
INFO: [ view_parse ] --START--
INFO: [ template_filter ] --START--
INFO: Run Behavior\ContentReplaceBehavior [ RunTime:0.000000s ]
INFO: [ template_filter ] --END-- [ RunTime:0.000000s ]
NOTIC: [8] Use of undefined constant mc_open - assumed 'mc_open' E:\www\yoga\Application\Runtime\Cache\Admin\3308fa03f617690ca40b4fd14facce27.php 第 416 行.
NOTIC: [8] Use of undefined constant mc_open - assumed 'mc_open' E:\www\yoga\Application\Runtime\Cache\Admin\3308fa03f617690ca40b4fd14facce27.php 第 416 行.
NOTIC: [8] Use of undefined constant mc_open - assumed 'mc_open' E:\www\yoga\Application\Runtime\Cache\Admin\3308fa03f617690ca40b4fd14facce27.php 第 416 行.
NOTIC: [8] Use of undefined constant mc_open - assumed 'mc_open' E:\www\yoga\Application\Runtime\Cache\Admin\3308fa03f617690ca40b4fd14facce27.php 第 416 行.
INFO: Run Behavior\ParseTemplateBehavior [ RunTime:0.022001s ]
INFO: [ view_parse ] --END-- [ RunTime:0.022001s ]
INFO: [ view_filter ] --START--
INFO: Run Behavior\WriteHtmlCacheBehavior [ RunTime:0.001000s ]
INFO: Run Behavior\TokenBuildBehavior [ RunTime:0.001000s ]
INFO: [ view_filter ] --END-- [ RunTime:0.002000s ]
INFO: [ app_end ] --START--
INFO: Run Behavior\ShowPageTraceBehavior [ RunTime:0.001000s ]
INFO: [ app_end ] --END-- [ RunTime:0.001000s ]

[ 2016-12-05T15:26:39+08:00 ] ::1 /yoga/Admin/News/class_list
INFO: [ app_init ] --START--
INFO: Run Behavior\BuildLiteBehavior [ RunTime:0.000000s ]
INFO: [ app_init ] --END-- [ RunTime:0.000000s ]
NOTIC: [2] include(./Conf/config.php): failed to open stream: No such file or directory E:\www\yoga\Application\Admin\Conf\config.php 第 44 行.
NOTIC: [2] include(): Failed opening './Conf/config.php' for inclusion (include_path='.;C:\php\pear') E:\www\yoga\Application\Admin\Conf\config.php 第 44 行.
NOTIC: [8] Undefined variable: config E:\www\yoga\Application\Admin\Conf\config.php 第 44 行.
NOTIC: [2] array_merge(): Argument #1 is not an array E:\www\yoga\Application\Admin\Conf\config.php 第 44 行.
INFO: [ app_begin ] --START--
INFO: Run Behavior\ReadHtmlCacheBehavior [ RunTime:0.000000s ]
INFO: [ app_begin ] --END-- [ RunTime:0.000000s ]
NOTIC: [8] Undefined offset: 1 E:\www\yoga\Application\Admin\Controller\NewsController.class.php 第 731 行.
NOTIC: [8] Undefined variable: map E:\www\yoga\Application\Admin\Controller\NewsController.class.php 第 763 行.
NOTIC: [2] Invalid argument supplied for foreach() E:\www\yoga\Application\Admin\Controller\NewsController.class.php 第 763 行.

[ 2016-12-05T15:26:43+08:00 ] ::1 /yoga/Admin/News/class_list
INFO: [ app_init ] --START--
INFO: Run Behavior\BuildLiteBehavior [ RunTime:0.000000s ]
INFO: [ app_init ] --END-- [ RunTime:0.001000s ]
NOTIC: [2] include(./Conf/config.php): failed to open stream: No such file or directory E:\www\yoga\Application\Admin\Conf\config.php 第 44 行.
NOTIC: [2] include(): Failed opening './Conf/config.php' for inclusion (include_path='.;C:\php\pear') E:\www\yoga\Application\Admin\Conf\config.php 第 44 行.
NOTIC: [8] Undefined variable: config E:\www\yoga\Application\Admin\Conf\config.php 第 44 行.
NOTIC: [2] array_merge(): Argument #1 is not an array E:\www\yoga\Application\Admin\Conf\config.php 第 44 行.
INFO: [ app_begin ] --START--
INFO: Run Behavior\ReadHtmlCacheBehavior [ RunTime:0.001000s ]
INFO: [ app_begin ] --END-- [ RunTime:0.001000s ]
NOTIC: [8] Undefined offset: 1 E:\www\yoga\Application\Admin\Controller\NewsController.class.php 第 731 行.
NOTIC: [8] Undefined variable: map E:\www\yoga\Application\Admin\Controller\NewsController.class.php 第 763 行.
NOTIC: [2] Invalid argument supplied for foreach() E:\www\yoga\Application\Admin\Controller\NewsController.class.php 第 763 行.

[ 2016-12-05T15:27:57+08:00 ] ::1 /yoga/Admin/News/class_list
INFO: [ app_init ] --START--
INFO: Run Behavior\BuildLiteBehavior [ RunTime:0.000000s ]
INFO: [ app_init ] --END-- [ RunTime:0.000000s ]
NOTIC: [2] include(./Conf/config.php): failed to open stream: No such file or directory E:\www\yoga\Application\Admin\Conf\config.php 第 44 行.
NOTIC: [2] include(): Failed opening './Conf/config.php' for inclusion (include_path='.;C:\php\pear') E:\www\yoga\Application\Admin\Conf\config.php 第 44 行.
NOTIC: [8] Undefined variable: config E:\www\yoga\Application\Admin\Conf\config.php 第 44 行.
NOTIC: [2] array_merge(): Argument #1 is not an array E:\www\yoga\Application\Admin\Conf\config.php 第 44 行.
INFO: [ app_begin ] --START--
INFO: Run Behavior\ReadHtmlCacheBehavior [ RunTime:0.001000s ]
INFO: [ app_begin ] --END-- [ RunTime:0.001000s ]
NOTIC: [8] Undefined offset: 1 E:\www\yoga\Application\Admin\Controller\NewsController.class.php 第 731 行.
NOTIC: [8] Undefined variable: map E:\www\yoga\Application\Admin\Controller\NewsController.class.php 第 763 行.
NOTIC: [2] Invalid argument supplied for foreach() E:\www\yoga\Application\Admin\Controller\NewsController.class.php 第 763 行.

[ 2016-12-05T15:29:57+08:00 ] ::1 /yoga/Admin/News/class_list
INFO: [ app_init ] --START--
INFO: Run Behavior\BuildLiteBehavior [ RunTime:0.000000s ]
INFO: [ app_init ] --END-- [ RunTime:0.001000s ]
INFO: [ app_begin ] --START--
INFO: Run Behavior\ReadHtmlCacheBehavior [ RunTime:0.001000s ]
INFO: [ app_begin ] --END-- [ RunTime:0.001000s ]
NOTIC: [8] Undefined offset: 1 E:\www\yoga\Application\Admin\Controller\NewsController.class.php 第 731 行.
NOTIC: [8] Undefined variable: map E:\www\yoga\Application\Admin\Controller\NewsController.class.php 第 763 行.
NOTIC: [2] Invalid argument supplied for foreach() E:\www\yoga\Application\Admin\Controller\NewsController.class.php 第 763 行.

[ 2016-12-05T15:30:24+08:00 ] ::1 /yoga/Admin/News/class_list
INFO: [ app_init ] --START--
INFO: Run Behavior\BuildLiteBehavior [ RunTime:0.000000s ]
INFO: [ app_init ] --END-- [ RunTime:0.001000s ]
INFO: [ app_begin ] --START--
INFO: Run Behavior\ReadHtmlCacheBehavior [ RunTime:0.000000s ]
INFO: [ app_begin ] --END-- [ RunTime:0.000000s ]
NOTIC: [8] Undefined offset: 1 E:\www\yoga\Application\Admin\Controller\NewsController.class.php 第 731 行.
NOTIC: [8] Undefined variable: map E:\www\yoga\Application\Admin\Controller\NewsController.class.php 第 763 行.
NOTIC: [2] Invalid argument supplied for foreach() E:\www\yoga\Application\Admin\Controller\NewsController.class.php 第 763 行.

[ 2016-12-05T15:30:29+08:00 ] ::1 /yoga/Admin/News/class_list
INFO: [ app_init ] --START--
INFO: Run Behavior\BuildLiteBehavior [ RunTime:0.000000s ]
INFO: [ app_init ] --END-- [ RunTime:0.000000s ]
INFO: [ app_begin ] --START--
INFO: Run Behavior\ReadHtmlCacheBehavior [ RunTime:0.001000s ]
INFO: [ app_begin ] --END-- [ RunTime:0.001000s ]
NOTIC: [8] Undefined offset: 1 E:\www\yoga\Application\Admin\Controller\NewsController.class.php 第 731 行.
NOTIC: [8] Undefined variable: map E:\www\yoga\Application\Admin\Controller\NewsController.class.php 第 763 行.
NOTIC: [2] Invalid argument supplied for foreach() E:\www\yoga\Application\Admin\Controller\NewsController.class.php 第 763 行.

[ 2016-12-05T15:30:39+08:00 ] ::1 /yoga/Admin/News/class_list
INFO: [ app_init ] --START--
INFO: Run Behavior\BuildLiteBehavior [ RunTime:0.000000s ]
INFO: [ app_init ] --END-- [ RunTime:0.000000s ]
INFO: [ app_begin ] --START--
INFO: Run Behavior\ReadHtmlCacheBehavior [ RunTime:0.000000s ]
INFO: [ app_begin ] --END-- [ RunTime:0.000000s ]
NOTIC: [8] Undefined offset: 1 E:\www\yoga\Application\Admin\Controller\NewsController.class.php 第 731 行.
NOTIC: [8] Undefined variable: map E:\www\yoga\Application\Admin\Controller\NewsController.class.php 第 763 行.
NOTIC: [2] Invalid argument supplied for foreach() E:\www\yoga\Application\Admin\Controller\NewsController.class.php 第 763 行.

[ 2016-12-05T15:31:19+08:00 ] ::1 /yoga/Admin/News/class_list
INFO: [ app_init ] --START--
INFO: Run Behavior\BuildLiteBehavior [ RunTime:0.000000s ]
INFO: [ app_init ] --END-- [ RunTime:0.001000s ]
INFO: [ app_begin ] --START--
INFO: Run Behavior\ReadHtmlCacheBehavior [ RunTime:0.000000s ]
INFO: [ app_begin ] --END-- [ RunTime:0.000000s ]
NOTIC: [8] Undefined offset: 1 E:\www\yoga\Application\Admin\Controller\NewsController.class.php 第 731 行.
NOTIC: [8] Undefined variable: map E:\www\yoga\Application\Admin\Controller\NewsController.class.php 第 763 行.
NOTIC: [2] Invalid argument supplied for foreach() E:\www\yoga\Application\Admin\Controller\NewsController.class.php 第 763 行.

[ 2016-12-05T15:31:22+08:00 ] ::1 /yoga/Admin/News/class_list/se/184.html
INFO: [ app_init ] --START--
INFO: Run Behavior\BuildLiteBehavior [ RunTime:0.000000s ]
INFO: [ app_init ] --END-- [ RunTime:0.000000s ]
INFO: [ app_begin ] --START--
INFO: Run Behavior\ReadHtmlCacheBehavior [ RunTime:0.001000s ]
INFO: [ app_begin ] --END-- [ RunTime:0.001000s ]
NOTIC: [8] Undefined offset: 1 E:\www\yoga\Application\Admin\Controller\NewsController.class.php 第 731 行.
NOTIC: [8] Undefined variable: map E:\www\yoga\Application\Admin\Controller\NewsController.class.php 第 763 行.
NOTIC: [2] Invalid argument supplied for foreach() E:\www\yoga\Application\Admin\Controller\NewsController.class.php 第 763 行.

[ 2016-12-05T15:31:40+08:00 ] ::1 /yoga/Admin/News/knows_list/se/197.html
INFO: [ app_init ] --START--
INFO: Run Behavior\BuildLiteBehavior [ RunTime:0.000000s ]
INFO: [ app_init ] --END-- [ RunTime:0.000000s ]
INFO: [ app_begin ] --START--
INFO: Run Behavior\ReadHtmlCacheBehavior [ RunTime:0.001000s ]
INFO: [ app_begin ] --END-- [ RunTime:0.001000s ]
NOTIC: [8] Undefined offset: 1 E:\www\yoga\Application\Admin\Controller\NewsController.class.php 第 1528 行.
NOTIC: [8] Undefined variable: map E:\www\yoga\Application\Admin\Controller\NewsController.class.php 第 1553 行.
NOTIC: [2] Invalid argument supplied for foreach() E:\www\yoga\Application\Admin\Controller\NewsController.class.php 第 1553 行.
INFO: [ view_parse ] --START--
INFO: [ template_filter ] --START--
INFO: Run Behavior\ContentReplaceBehavior [ RunTime:0.000000s ]
INFO: [ template_filter ] --END-- [ RunTime:0.000000s ]
NOTIC: [8] Use of undefined constant ms_open - assumed 'ms_open' E:\www\yoga\Application\Runtime\Cache\Admin\1295a216862e6fa6198bbd1b2da777cd.php 第 382 行.
NOTIC: [8] Use of undefined constant ms_open - assumed 'ms_open' E:\www\yoga\Application\Runtime\Cache\Admin\1295a216862e6fa6198bbd1b2da777cd.php 第 382 行.
NOTIC: [8] Use of undefined constant ms_open - assumed 'ms_open' E:\www\yoga\Application\Runtime\Cache\Admin\1295a216862e6fa6198bbd1b2da777cd.php 第 382 行.
INFO: Run Behavior\ParseTemplateBehavior [ RunTime:0.020002s ]
INFO: [ view_parse ] --END-- [ RunTime:0.020002s ]
INFO: [ view_filter ] --START--
INFO: Run Behavior\WriteHtmlCacheBehavior [ RunTime:0.000000s ]
INFO: Run Behavior\TokenBuildBehavior [ RunTime:0.001000s ]
INFO: [ view_filter ] --END-- [ RunTime:0.001000s ]
INFO: [ app_end ] --START--
INFO: Run Behavior\ShowPageTraceBehavior [ RunTime:0.000000s ]
INFO: [ app_end ] --END-- [ RunTime:0.000000s ]

[ 2016-12-05T16:27:29+08:00 ] ::1 /yoga/Admin/
INFO: [ app_init ] --START--
INFO: Run Behavior\BuildLiteBehavior [ RunTime:0.000000s ]
INFO: [ app_init ] --END-- [ RunTime:0.000000s ]
INFO: [ app_begin ] --START--
INFO: Run Behavior\ReadHtmlCacheBehavior [ RunTime:0.001000s ]
INFO: [ app_begin ] --END-- [ RunTime:0.001000s ]
NOTIC: [2] Division by zero E:\www\yoga\Application\Admin\Controller\IndexController.class.php 第 38 行.
INFO: [ view_parse ] --START--
INFO: [ template_filter ] --START--
INFO: Run Behavior\ContentReplaceBehavior [ RunTime:0.000000s ]
INFO: [ template_filter ] --END-- [ RunTime:0.000000s ]
INFO: Run Behavior\ParseTemplateBehavior [ RunTime:0.042003s ]
INFO: [ view_parse ] --END-- [ RunTime:0.042003s ]
INFO: [ view_filter ] --START--
INFO: Run Behavior\WriteHtmlCacheBehavior [ RunTime:0.001000s ]
INFO: Run Behavior\TokenBuildBehavior [ RunTime:0.000000s ]
INFO: [ view_filter ] --END-- [ RunTime:0.001000s ]
INFO: [ app_end ] --START--
INFO: Run Behavior\ShowPageTraceBehavior [ RunTime:0.001000s ]
INFO: [ app_end ] --END-- [ RunTime:0.001000s ]

